 [2019-08-21 22:49:43] <56965> START NicepayLite PYO (V1.3.0B20171215(OS:Linux3.10.0-862.14.4.el7.x86_64,PHP:7.0.0p1))
 [2019-08-21 22:49:43] <56965> TID: dublechi1m03011908212249431087
 [2019-08-21 22:49:43] <56965> Connect to ssl://web.nicepay.co.kr:443
 [2019-08-21 22:49:43] <56965> ssl://web.nicepay.co.kr:443 Server Connect OK
 [2019-08-21 22:49:43] <56965> MSG_TO_SVR::[/lite/payProcess.jsp]
 [2019-08-21 22:49:43] <56965> TID -> [dublechi1m03011908212249431087]
 [2019-08-21 22:49:43] <56965> 4100[가상계좌 발급 성공]
 [2019-08-21 22:49:43] <56965> END PYO  Laptime:[0.529sec]
 [2019-08-21 22:49:43] <56965> ===============================================================
 [2019-08-21 23:01:11] <14296> START NicepayLite PYO (V1.3.0B20171215(OS:Linux3.10.0-862.14.4.el7.x86_64,PHP:7.0.0p1))
 [2019-08-21 23:01:11] <14296> TID: dublechi1m03011908212301114698
 [2019-08-21 23:01:11] <14296> Connect to ssl://web.nicepay.co.kr:443
 [2019-08-21 23:01:11] <14296> ssl://web.nicepay.co.kr:443 Server Connect OK
 [2019-08-21 23:01:11] <14296> MSG_TO_SVR::[/lite/payProcess.jsp]
 [2019-08-21 23:01:11] <14296> TID -> [dublechi1m03011908212301114698]
 [2019-08-21 23:01:11] <14296> 4100[가상계좌 발급 성공]
 [2019-08-21 23:01:11] <14296> END PYO  Laptime:[0.195sec]
 [2019-08-21 23:01:11] <14296> ===============================================================
 [2019-08-21 23:08:50] <38637> START NicepayLite PYO (V1.3.0B20171215(OS:Linux3.10.0-862.14.4.el7.x86_64,PHP:7.0.0p1))
 [2019-08-21 23:08:50] <38637> TID: dublechi1m03011908212308504946
 [2019-08-21 23:08:50] <38637> Connect to ssl://web.nicepay.co.kr:443
 [2019-08-21 23:08:50] <38637> ssl://web.nicepay.co.kr:443 Server Connect OK
 [2019-08-21 23:08:50] <38637> MSG_TO_SVR::[/lite/payProcess.jsp]
 [2019-08-21 23:08:50] <38637> TID -> [dublechi1m03011908212308504946]
 [2019-08-21 23:08:50] <38637> 4100[가상계좌 발급 성공]
 [2019-08-21 23:08:50] <38637> END PYO  Laptime:[0.24sec]
 [2019-08-21 23:08:50] <38637> ===============================================================
