 [2018-02-28 15:54:01] <4788> START NicepayLite PYO (V1.3.0B20171215(OS:Linux3.10.0-693.11.6.el7.x86_64,PHP:7.0.0p1))
 [2018-02-28 15:54:01] <4788> TID: dublechi1m01011802281554015951
 [2018-02-28 15:54:01] <4788> Connect to ssl://web.nicepay.co.kr:443
 [2018-02-28 15:54:01] <4788> ssl://web.nicepay.co.kr:443 Server Connect OK
 [2018-02-28 15:54:01] <4788> MSG_TO_SVR::[/lite/payProcess.jsp]
 [2018-02-28 15:54:01] <4788> TID -> [dublechi1m01011802281554015951]
 [2018-02-28 15:54:01] <4788> V401[상품명 미설정 오류입니다.]
 [2018-02-28 15:54:01] <4788> END PYO  Laptime:[0.074sec]
 [2018-02-28 15:54:01] <4788> ===============================================================
 [2018-02-28 15:55:39] <6915> START NicepayLite PYO (V1.3.0B20171215(OS:Linux3.10.0-693.11.6.el7.x86_64,PHP:7.0.0p1))
 [2018-02-28 15:55:39] <6915> TID: dublechi1m01011802281555399118
 [2018-02-28 15:55:39] <6915> Connect to ssl://web.nicepay.co.kr:443
 [2018-02-28 15:55:40] <6915> ssl://web.nicepay.co.kr:443 Server Connect OK
 [2018-02-28 15:55:40] <6915> MSG_TO_SVR::[/lite/payProcess.jsp]
 [2018-02-28 15:55:40] <6915> TID -> [dublechi1m01011802281555399118]
 [2018-02-28 15:55:40] <6915> V401[상품명 미설정 오류입니다.]
 [2018-02-28 15:55:40] <6915> END PYO  Laptime:[0.07sec]
 [2018-02-28 15:55:40] <6915> ===============================================================
 [2018-02-28 16:03:38] <16189> START NicepayLite PYO (V1.3.0B20171215(OS:Linux3.10.0-693.11.6.el7.x86_64,PHP:7.0.0p1))
 [2018-02-28 16:03:38] <16189> TID: dublechi1m01011802281603384273
 [2018-02-28 16:03:38] <16189> Connect to ssl://web.nicepay.co.kr:443
 [2018-02-28 16:03:38] <16189> ssl://web.nicepay.co.kr:443 Server Connect OK
 [2018-02-28 16:03:38] <16189> MSG_TO_SVR::[/lite/payProcess.jsp]
 [2018-02-28 16:03:39] <16189> TID -> [dublechi1m01011802281603384273]
 [2018-02-28 16:03:39] <16189> 3001[카드 결제 성공]
 [2018-02-28 16:03:39] <16189> END PYO  Laptime:[1.084sec]
 [2018-02-28 16:03:39] <16189> ===============================================================
