 [2020-02-26 18:30:32] <46145> START NicepayLite PYO (V1.3.0B20171215(OS:Linux3.10.0-862.14.4.el7.x86_64,PHP:7.0.0p1))
 [2020-02-26 18:30:32] <46145> TID: dublechi1m01012002261830322913
 [2020-02-26 18:30:32] <46145> Connect to ssl://web.nicepay.co.kr:443
 [2020-02-26 18:30:32] <46145> ssl://web.nicepay.co.kr:443 Server Connect OK
 [2020-02-26 18:30:32] <46145> MSG_TO_SVR::[/lite/payProcess.jsp]
 [2020-02-26 18:30:33] <46145> TID -> [dublechi1m01012002261830322913]
 [2020-02-26 18:30:33] <46145> 3001[카드 결제 성공]
 [2020-02-26 18:30:33] <46145> END PYO  Laptime:[1.409sec]
 [2020-02-26 18:30:33] <46145> ===============================================================
 [2020-02-26 18:45:16] <44056> START NicepayLite PYO (V1.3.0B20171215(OS:Linux3.10.0-862.14.4.el7.x86_64,PHP:7.0.0p1))
 [2020-02-26 18:45:16] <44056> TID: dublechi1m01012002261845169184
 [2020-02-26 18:45:16] <44056> Connect to ssl://web.nicepay.co.kr:443
 [2020-02-26 18:45:16] <44056> ssl://web.nicepay.co.kr:443 Server Connect OK
 [2020-02-26 18:45:16] <44056> MSG_TO_SVR::[/lite/payProcess.jsp]
 [2020-02-26 18:45:17] <44056> TID -> [dublechi1m01012002261845169184]
 [2020-02-26 18:45:17] <44056> 3001[카드 결제 성공]
 [2020-02-26 18:45:17] <44056> END PYO  Laptime:[0.772sec]
 [2020-02-26 18:45:17] <44056> ===============================================================
 [2020-02-26 19:08:21] <27805> START NicepayLite PYO (V1.3.0B20171215(OS:Linux3.10.0-862.14.4.el7.x86_64,PHP:7.0.0p1))
 [2020-02-26 19:08:21] <27805> TID: dublechi1m01012002261908216413
 [2020-02-26 19:08:21] <27805> Connect to ssl://web.nicepay.co.kr:443
 [2020-02-26 19:08:21] <27805> ssl://web.nicepay.co.kr:443 Server Connect OK
 [2020-02-26 19:08:21] <27805> MSG_TO_SVR::[/lite/payProcess.jsp]
 [2020-02-26 19:08:22] <27805> TID -> [dublechi1m01012002261908216413]
 [2020-02-26 19:08:22] <27805> 3001[카드 결제 성공]
 [2020-02-26 19:08:22] <27805> END PYO  Laptime:[0.525sec]
 [2020-02-26 19:08:22] <27805> ===============================================================
