 [2018-03-13 10:45:52] <18588> START NicepayLite PYO (V1.3.0B20171215(OS:Linux3.10.0-693.11.6.el7.x86_64,PHP:7.0.0p1))
 [2018-03-13 10:45:52] <18588> TID: dublechi1m03011803131045523857
 [2018-03-13 10:45:52] <18588> Connect to ssl://web.nicepay.co.kr:443
 [2018-03-13 10:45:52] <18588> ssl://web.nicepay.co.kr:443 Server Connect OK
 [2018-03-13 10:45:52] <18588> MSG_TO_SVR::[/lite/payProcess.jsp]
 [2018-03-13 10:45:52] <18588> TID -> [dublechi1m03011803131045523857]
 [2018-03-13 10:45:52] <18588> 4100[가상계좌 발급 성공]
 [2018-03-13 10:45:52] <18588> END PYO  Laptime:[0.295sec]
 [2018-03-13 10:45:52] <18588> ===============================================================
 [2018-03-13 11:30:14] <56920> START NicepayLite PYO (V1.3.0B20171215(OS:Linux3.10.0-693.11.6.el7.x86_64,PHP:7.0.0p1))
 [2018-03-13 11:30:14] <56920> TID: dublechi1m01011803131130148683
 [2018-03-13 11:30:14] <56920> Connect to ssl://web.nicepay.co.kr:443
 [2018-03-13 11:30:14] <56920> ssl://web.nicepay.co.kr:443 Server Connect OK
 [2018-03-13 11:30:14] <56920> MSG_TO_SVR::[/lite/payProcess.jsp]
 [2018-03-13 11:30:15] <56920> TID -> [dublechi1m01011803131130148683]
 [2018-03-13 11:30:15] <56920> 3001[카드 결제 성공]
 [2018-03-13 11:30:15] <56920> END PYO  Laptime:[0.951sec]
 [2018-03-13 11:30:15] <56920> ===============================================================
 [2018-03-13 11:38:39] <17614> START NicepayLite PYO (V1.3.0B20171215(OS:Linux3.10.0-693.11.6.el7.x86_64,PHP:7.0.0p1))
 [2018-03-13 11:38:39] <17614> TID: dublechi1m01011803131138390801
 [2018-03-13 11:38:39] <17614> Connect to ssl://web.nicepay.co.kr:443
 [2018-03-13 11:38:39] <17614> ssl://web.nicepay.co.kr:443 Server Connect OK
 [2018-03-13 11:38:39] <17614> MSG_TO_SVR::[/lite/payProcess.jsp]
 [2018-03-13 11:38:40] <17614> TID -> [dublechi1m01011803131138390801]
 [2018-03-13 11:38:40] <17614> 3001[카드 결제 성공]
 [2018-03-13 11:38:40] <17614> END PYO  Laptime:[1.045sec]
 [2018-03-13 11:38:40] <17614> ===============================================================
 [2018-03-13 15:50:49] <54126> START NicepayLite PYO (V1.3.0B20171215(OS:Linux3.10.0-693.11.6.el7.x86_64,PHP:7.0.0p1))
 [2018-03-13 15:50:49] <54126> TID: dublechi1m01011803131550497159
 [2018-03-13 15:50:49] <54126> Connect to ssl://web.nicepay.co.kr:443
 [2018-03-13 15:50:49] <54126> ssl://web.nicepay.co.kr:443 Server Connect OK
 [2018-03-13 15:50:49] <54126> MSG_TO_SVR::[/lite/payProcess.jsp]
 [2018-03-13 15:50:50] <54126> TID -> [dublechi1m01011803131550497159]
 [2018-03-13 15:50:50] <54126> 3001[카드 결제 성공]
 [2018-03-13 15:50:50] <54126> END PYO  Laptime:[1.052sec]
 [2018-03-13 15:50:50] <54126> ===============================================================
 [2018-03-13 16:14:57] <52178> START NicepayLite PYO (V1.3.0B20171215(OS:Linux3.10.0-693.11.6.el7.x86_64,PHP:7.0.0p1))
 [2018-03-13 16:14:57] <52178> TID: dublechi1m01011803131614570852
 [2018-03-13 16:14:57] <52178> Connect to ssl://web.nicepay.co.kr:443
 [2018-03-13 16:14:57] <52178> ssl://web.nicepay.co.kr:443 Server Connect OK
 [2018-03-13 16:14:57] <52178> MSG_TO_SVR::[/lite/payProcess.jsp]
 [2018-03-13 16:14:57] <52178> TID -> [dublechi1m01011803131614570852]
 [2018-03-13 16:14:57] <52178> 3001[카드 결제 성공]
 [2018-03-13 16:14:57] <52178> END PYO  Laptime:[0.85sec]
 [2018-03-13 16:14:57] <52178> ===============================================================
 [2018-03-13 16:16:37] <62076> START NicepayLite PYO (V1.3.0B20171215(OS:Linux3.10.0-693.11.6.el7.x86_64,PHP:7.0.0p1))
 [2018-03-13 16:16:37] <62076> TID: dublechi1m01011803131616378610
 [2018-03-13 16:16:37] <62076> Connect to ssl://web.nicepay.co.kr:443
 [2018-03-13 16:16:37] <62076> ssl://web.nicepay.co.kr:443 Server Connect OK
 [2018-03-13 16:16:37] <62076> MSG_TO_SVR::[/lite/payProcess.jsp]
 [2018-03-13 16:16:38] <62076> TID -> [dublechi1m01011803131616378610]
 [2018-03-13 16:16:38] <62076> 3001[카드 결제 성공]
 [2018-03-13 16:16:38] <62076> END PYO  Laptime:[0.899sec]
 [2018-03-13 16:16:38] <62076> ===============================================================
 [2018-03-13 16:19:24] <62427> START NicepayLite PYO (V1.3.0B20171215(OS:Linux3.10.0-693.11.6.el7.x86_64,PHP:7.0.0p1))
 [2018-03-13 16:19:24] <62427> TID: dublechi1m01011803131619240750
 [2018-03-13 16:19:24] <62427> Connect to ssl://web.nicepay.co.kr:443
 [2018-03-13 16:19:24] <62427> ssl://web.nicepay.co.kr:443 Server Connect OK
 [2018-03-13 16:19:24] <62427> MSG_TO_SVR::[/lite/payProcess.jsp]
 [2018-03-13 16:19:25] <62427> TID -> [dublechi1m01011803131619240750]
 [2018-03-13 16:19:25] <62427> 3001[카드 결제 성공]
 [2018-03-13 16:19:25] <62427> END PYO  Laptime:[0.974sec]
 [2018-03-13 16:19:25] <62427> ===============================================================
 [2018-03-13 16:22:05] <7857> START NicepayLite PYO (V1.3.0B20171215(OS:Linux3.10.0-693.11.6.el7.x86_64,PHP:7.0.0p1))
 [2018-03-13 16:22:05] <7857> TID: dublechi1m01011803131622054579
 [2018-03-13 16:22:05] <7857> Connect to ssl://web.nicepay.co.kr:443
 [2018-03-13 16:22:05] <7857> ssl://web.nicepay.co.kr:443 Server Connect OK
 [2018-03-13 16:22:05] <7857> MSG_TO_SVR::[/lite/payProcess.jsp]
 [2018-03-13 16:22:06] <7857> TID -> [dublechi1m01011803131622054579]
 [2018-03-13 16:22:06] <7857> 3001[카드 결제 성공]
 [2018-03-13 16:22:06] <7857> END PYO  Laptime:[0.901sec]
 [2018-03-13 16:22:06] <7857> ===============================================================
 [2018-03-13 16:36:28] <44464> START NicepayLite PYO (V1.3.0B20171215(OS:Linux3.10.0-693.11.6.el7.x86_64,PHP:7.0.0p1))
 [2018-03-13 16:36:28] <44464> TID: dublechi1m01011803131636285899
 [2018-03-13 16:36:28] <44464> Connect to ssl://web.nicepay.co.kr:443
 [2018-03-13 16:36:28] <44464> ssl://web.nicepay.co.kr:443 Server Connect OK
 [2018-03-13 16:36:28] <44464> MSG_TO_SVR::[/lite/payProcess.jsp]
 [2018-03-13 16:36:29] <44464> TID -> [dublechi1m01011803131636285899]
 [2018-03-13 16:36:29] <44464> 3001[카드 결제 성공]
 [2018-03-13 16:36:29] <44464> END PYO  Laptime:[1.052sec]
 [2018-03-13 16:36:29] <44464> ===============================================================
 [2018-03-13 17:32:42] <61794> START NicepayLite PYO (V1.3.0B20171215(OS:Linux3.10.0-693.11.6.el7.x86_64,PHP:7.0.0p1))
 [2018-03-13 17:32:42] <61794> TID: dublechi1m01011803131732424902
 [2018-03-13 17:32:42] <61794> Connect to ssl://web.nicepay.co.kr:443
 [2018-03-13 17:32:42] <61794> ssl://web.nicepay.co.kr:443 Server Connect OK
 [2018-03-13 17:32:42] <61794> MSG_TO_SVR::[/lite/payProcess.jsp]
 [2018-03-13 17:32:43] <61794> TID -> [dublechi1m01011803131732424902]
 [2018-03-13 17:32:43] <61794> 3001[카드 결제 성공]
 [2018-03-13 17:32:43] <61794> END PYO  Laptime:[0.886sec]
 [2018-03-13 17:32:43] <61794> ===============================================================
 [2018-03-13 17:34:24] <61378> START NicepayLite PYO (V1.3.0B20171215(OS:Linux3.10.0-693.11.6.el7.x86_64,PHP:7.0.0p1))
 [2018-03-13 17:34:24] <61378> TID: dublechi1m01011803131734245028
 [2018-03-13 17:34:24] <61378> Connect to ssl://web.nicepay.co.kr:443
 [2018-03-13 17:34:24] <61378> ssl://web.nicepay.co.kr:443 Server Connect OK
 [2018-03-13 17:34:24] <61378> MSG_TO_SVR::[/lite/payProcess.jsp]
 [2018-03-13 17:34:25] <61378> TID -> [dublechi1m01011803131734245028]
 [2018-03-13 17:34:25] <61378> 8900[CAVV데이터오류]
 [2018-03-13 17:34:25] <61378> END PYO  Laptime:[0.749sec]
 [2018-03-13 17:34:25] <61378> ===============================================================
 [2018-03-13 17:36:32] <7047> START NicepayLite PYO (V1.3.0B20171215(OS:Linux3.10.0-693.11.6.el7.x86_64,PHP:7.0.0p1))
 [2018-03-13 17:36:32] <7047> TID: dublechi1m01011803131736326519
 [2018-03-13 17:36:32] <7047> Connect to ssl://web.nicepay.co.kr:443
 [2018-03-13 17:36:32] <7047> ssl://web.nicepay.co.kr:443 Server Connect OK
 [2018-03-13 17:36:32] <7047> MSG_TO_SVR::[/lite/payProcess.jsp]
 [2018-03-13 17:36:34] <7047> TID -> [dublechi1m01011803131736326519]
 [2018-03-13 17:36:34] <7047> 3001[카드 결제 성공]
 [2018-03-13 17:36:34] <7047> END PYO  Laptime:[1.798sec]
 [2018-03-13 17:36:34] <7047> ===============================================================
 [2018-03-13 17:37:31] <63585> START NicepayLite PYO (V1.3.0B20171215(OS:Linux3.10.0-693.11.6.el7.x86_64,PHP:7.0.0p1))
 [2018-03-13 17:37:31] <63585> TID: dublechi1m01011803131737317047
 [2018-03-13 17:37:31] <63585> Connect to ssl://web.nicepay.co.kr:443
 [2018-03-13 17:37:31] <63585> ssl://web.nicepay.co.kr:443 Server Connect OK
 [2018-03-13 17:37:31] <63585> MSG_TO_SVR::[/lite/payProcess.jsp]
 [2018-03-13 17:37:33] <63585> TID -> [dublechi1m01011803131737317047]
 [2018-03-13 17:37:33] <63585> 3001[카드 결제 성공]
 [2018-03-13 17:37:33] <63585> END PYO  Laptime:[1.466sec]
 [2018-03-13 17:37:33] <63585> ===============================================================
 [2018-03-13 17:45:18] <21354> START NicepayLite PYO (V1.3.0B20171215(OS:Linux3.10.0-693.11.6.el7.x86_64,PHP:7.0.0p1))
 [2018-03-13 17:45:18] <21354> TID: dublechi1m01011803131745183064
 [2018-03-13 17:45:18] <21354> Connect to ssl://web.nicepay.co.kr:443
 [2018-03-13 17:45:18] <21354> ssl://web.nicepay.co.kr:443 Server Connect OK
 [2018-03-13 17:45:18] <21354> MSG_TO_SVR::[/lite/payProcess.jsp]
 [2018-03-13 17:45:19] <21354> TID -> [dublechi1m01011803131745183064]
 [2018-03-13 17:45:19] <21354> 3001[카드 결제 성공]
 [2018-03-13 17:45:19] <21354> END PYO  Laptime:[0.988sec]
 [2018-03-13 17:45:19] <21354> ===============================================================
 [2018-03-13 17:57:02] <42433> START NicepayLite PYO (V1.3.0B20171215(OS:Linux3.10.0-693.11.6.el7.x86_64,PHP:7.0.0p1))
 [2018-03-13 17:57:02] <42433> TID: dublechi1m01011803131757026224
 [2018-03-13 17:57:02] <42433> Connect to ssl://web.nicepay.co.kr:443
 [2018-03-13 17:57:02] <42433> ssl://web.nicepay.co.kr:443 Server Connect OK
 [2018-03-13 17:57:02] <42433> MSG_TO_SVR::[/lite/payProcess.jsp]
 [2018-03-13 17:57:03] <42433> TID -> [dublechi1m01011803131757026224]
 [2018-03-13 17:57:03] <42433> 3001[카드 결제 성공]
 [2018-03-13 17:57:03] <42433> END PYO  Laptime:[0.942sec]
 [2018-03-13 17:57:03] <42433> ===============================================================
 [2018-03-13 18:03:36] <7594> START NicepayLite PYO (V1.3.0B20171215(OS:Linux3.10.0-693.11.6.el7.x86_64,PHP:7.0.0p1))
 [2018-03-13 18:03:36] <7594> TID: dublechi1m01011803131803361456
 [2018-03-13 18:03:36] <7594> Connect to ssl://web.nicepay.co.kr:443
 [2018-03-13 18:03:36] <7594> ssl://web.nicepay.co.kr:443 Server Connect OK
 [2018-03-13 18:03:36] <7594> MSG_TO_SVR::[/lite/payProcess.jsp]
 [2018-03-13 18:03:37] <7594> TID -> [dublechi1m01011803131803361456]
 [2018-03-13 18:03:37] <7594> 3001[카드 결제 성공]
 [2018-03-13 18:03:37] <7594> END PYO  Laptime:[1.035sec]
 [2018-03-13 18:03:37] <7594> ===============================================================
 [2018-03-13 18:08:46] <18549> START NicepayLite PYO (V1.3.0B20171215(OS:Linux3.10.0-693.11.6.el7.x86_64,PHP:7.0.0p1))
 [2018-03-13 18:08:46] <18549> TID: dublechi1m01011803131808461860
 [2018-03-13 18:08:46] <18549> Connect to ssl://web.nicepay.co.kr:443
 [2018-03-13 18:08:46] <18549> ssl://web.nicepay.co.kr:443 Server Connect OK
 [2018-03-13 18:08:46] <18549> MSG_TO_SVR::[/lite/payProcess.jsp]
 [2018-03-13 18:08:47] <18549> TID -> [dublechi1m01011803131808461860]
 [2018-03-13 18:08:47] <18549> 3001[카드 결제 성공]
 [2018-03-13 18:08:47] <18549> END PYO  Laptime:[1.125sec]
 [2018-03-13 18:08:47] <18549> ===============================================================
 [2018-03-13 18:10:40] <18548> START NicepayLite PYO (V1.3.0B20171215(OS:Linux3.10.0-693.11.6.el7.x86_64,PHP:7.0.0p1))
 [2018-03-13 18:10:40] <18548> TID: dublechi1m01011803131810407791
 [2018-03-13 18:10:40] <18548> Connect to ssl://web.nicepay.co.kr:443
 [2018-03-13 18:10:40] <18548> ssl://web.nicepay.co.kr:443 Server Connect OK
 [2018-03-13 18:10:40] <18548> MSG_TO_SVR::[/lite/payProcess.jsp]
 [2018-03-13 18:10:41] <18548> TID -> [dublechi1m01011803131810407791]
 [2018-03-13 18:10:41] <18548> 3001[카드 결제 성공]
 [2018-03-13 18:10:41] <18548> END PYO  Laptime:[0.88sec]
 [2018-03-13 18:10:41] <18548> ===============================================================
 [2018-03-13 18:12:58] <19345> START NicepayLite PYO (V1.3.0B20171215(OS:Linux3.10.0-693.11.6.el7.x86_64,PHP:7.0.0p1))
 [2018-03-13 18:12:58] <19345> TID: dublechi1m01011803131812588590
 [2018-03-13 18:12:58] <19345> Connect to ssl://web.nicepay.co.kr:443
 [2018-03-13 18:12:58] <19345> ssl://web.nicepay.co.kr:443 Server Connect OK
 [2018-03-13 18:12:58] <19345> MSG_TO_SVR::[/lite/payProcess.jsp]
 [2018-03-13 18:12:59] <19345> TID -> [dublechi1m01011803131812588590]
 [2018-03-13 18:12:59] <19345> 3001[카드 결제 성공]
 [2018-03-13 18:12:59] <19345> END PYO  Laptime:[0.895sec]
 [2018-03-13 18:12:59] <19345> ===============================================================
 [2018-03-13 18:19:20] <38293> START NicepayLite PYO (V1.3.0B20171215(OS:Linux3.10.0-693.11.6.el7.x86_64,PHP:7.0.0p1))
 [2018-03-13 18:19:20] <38293> TID: dublechi1m01011803131819207622
 [2018-03-13 18:19:20] <38293> Connect to ssl://web.nicepay.co.kr:443
 [2018-03-13 18:19:20] <38293> ssl://web.nicepay.co.kr:443 Server Connect OK
 [2018-03-13 18:19:20] <38293> MSG_TO_SVR::[/lite/payProcess.jsp]
 [2018-03-13 18:19:21] <38293> TID -> [dublechi1m01011803131819207622]
 [2018-03-13 18:19:21] <38293> 3001[카드 결제 성공]
 [2018-03-13 18:19:21] <38293> END PYO  Laptime:[0.998sec]
 [2018-03-13 18:19:21] <38293> ===============================================================
 [2018-03-13 18:22:27] <47636> START NicepayLite PYO (V1.3.0B20171215(OS:Linux3.10.0-693.11.6.el7.x86_64,PHP:7.0.0p1))
 [2018-03-13 18:22:27] <47636> TID: dublechi1m01011803131822279367
 [2018-03-13 18:22:27] <47636> Connect to ssl://web.nicepay.co.kr:443
 [2018-03-13 18:22:27] <47636> ssl://web.nicepay.co.kr:443 Server Connect OK
 [2018-03-13 18:22:27] <47636> MSG_TO_SVR::[/lite/payProcess.jsp]
 [2018-03-13 18:22:29] <47636> TID -> [dublechi1m01011803131822279367]
 [2018-03-13 18:22:29] <47636> 3001[카드 결제 성공]
 [2018-03-13 18:22:29] <47636> END PYO  Laptime:[1.249sec]
 [2018-03-13 18:22:29] <47636> ===============================================================
