 [2018-02-19 10:59:50] <29485> START NicepayLite PYO (V1.3.0B20171215(OS:Linux3.10.0-693.11.6.el7.x86_64,PHP:7.0.0p1))
 [2018-02-19 10:59:50] <29485> TID: dublechi1m01011802191059506313
 [2018-02-19 10:59:50] <29485> Connect to ssl://web.nicepay.co.kr:443
 [2018-02-19 10:59:50] <29485> ssl://web.nicepay.co.kr:443 Server Connect OK
 [2018-02-19 10:59:50] <29485> MSG_TO_SVR::[/lite/payProcess.jsp]
 [2018-02-19 10:59:51] <29485> TID -> [dublechi1m01011802191059506313]
 [2018-02-19 10:59:51] <29485> 3001[카드 결제 성공]
 [2018-02-19 10:59:51] <29485> END PYO  Laptime:[1.107sec]
 [2018-02-19 10:59:51] <29485> ===============================================================
 [2018-02-19 11:12:06] <64266> START NicepayLite PYO (V1.3.0B20171215(OS:Linux3.10.0-693.11.6.el7.x86_64,PHP:7.0.0p1))
 [2018-02-19 11:12:06] <64266> TID: dublechi1m01011802191112064226
 [2018-02-19 11:12:06] <64266> Connect to ssl://web.nicepay.co.kr:443
 [2018-02-19 11:12:06] <64266> ssl://web.nicepay.co.kr:443 Server Connect OK
 [2018-02-19 11:12:06] <64266> MSG_TO_SVR::[/lite/payProcess.jsp]
 [2018-02-19 11:12:07] <64266> TID -> [dublechi1m01011802191112064226]
 [2018-02-19 11:12:07] <64266> 3001[카드 결제 성공]
 [2018-02-19 11:12:07] <64266> END PYO  Laptime:[1.043sec]
 [2018-02-19 11:12:07] <64266> ===============================================================
 [2018-02-19 14:20:48] <35799> START NicepayLite PYO (V1.3.0B20171215(OS:Linux3.10.0-693.11.6.el7.x86_64,PHP:7.0.0p1))
 [2018-02-19 14:20:48] <35799> TID: dublechi1m01011802191420481302
 [2018-02-19 14:20:48] <35799> Connect to ssl://web.nicepay.co.kr:443
 [2018-02-19 14:20:48] <35799> ssl://web.nicepay.co.kr:443 Server Connect OK
 [2018-02-19 14:20:48] <35799> MSG_TO_SVR::[/lite/payProcess.jsp]
 [2018-02-19 14:20:49] <35799> TID -> [dublechi1m01011802191420481302]
 [2018-02-19 14:20:49] <35799> 3001[카드 결제 성공]
 [2018-02-19 14:20:49] <35799> END PYO  Laptime:[1.07sec]
 [2018-02-19 14:20:49] <35799> ===============================================================
 [2018-02-19 14:28:51] <52244> START NicepayLite PYO (V1.3.0B20171215(OS:Linux3.10.0-693.11.6.el7.x86_64,PHP:7.0.0p1))
 [2018-02-19 14:28:51] <52244> TID: dublechi1m01011802191428514532
 [2018-02-19 14:28:51] <52244> Connect to ssl://web.nicepay.co.kr:443
 [2018-02-19 14:28:51] <52244> ssl://web.nicepay.co.kr:443 Server Connect OK
 [2018-02-19 14:28:51] <52244> MSG_TO_SVR::[/lite/payProcess.jsp]
 [2018-02-19 14:28:52] <52244> TID -> [dublechi1m01011802191428514532]
 [2018-02-19 14:28:52] <52244> 3001[카드 결제 성공]
 [2018-02-19 14:28:52] <52244> END PYO  Laptime:[0.826sec]
 [2018-02-19 14:28:52] <52244> ===============================================================
 [2018-02-19 14:30:42] <52478> START NicepayLite PYO (V1.3.0B20171215(OS:Linux3.10.0-693.11.6.el7.x86_64,PHP:7.0.0p1))
 [2018-02-19 14:30:42] <52478> TID: dublechi1m01011802191430426688
 [2018-02-19 14:30:42] <52478> Connect to ssl://web.nicepay.co.kr:443
 [2018-02-19 14:30:42] <52478> ssl://web.nicepay.co.kr:443 Server Connect OK
 [2018-02-19 14:30:42] <52478> MSG_TO_SVR::[/lite/payProcess.jsp]
 [2018-02-19 14:30:44] <52478> TID -> [dublechi1m01011802191430426688]
 [2018-02-19 14:30:44] <52478> 3001[카드 결제 성공]
 [2018-02-19 14:30:44] <52478> END PYO  Laptime:[1.848sec]
 [2018-02-19 14:30:44] <52478> ===============================================================
 [2018-02-19 14:31:39] <60635> START NicepayLite PYO (V1.3.0B20171215(OS:Linux3.10.0-693.11.6.el7.x86_64,PHP:7.0.0p1))
 [2018-02-19 14:31:39] <60635> TID: dublechi1m01011802191431394318
 [2018-02-19 14:31:39] <60635> Connect to ssl://web.nicepay.co.kr:443
 [2018-02-19 14:31:39] <60635> ssl://web.nicepay.co.kr:443 Server Connect OK
 [2018-02-19 14:31:39] <60635> MSG_TO_SVR::[/lite/payProcess.jsp]
 [2018-02-19 14:31:40] <60635> TID -> [dublechi1m01011802191431394318]
 [2018-02-19 14:31:40] <60635> 8906[PG하위몰 사업자번호 오류]
 [2018-02-19 14:31:40] <60635> END PYO  Laptime:[0.61sec]
 [2018-02-19 14:31:40] <60635> ===============================================================
 [2018-02-19 14:33:03] <53264> START NicepayLite PYO (V1.3.0B20171215(OS:Linux3.10.0-693.11.6.el7.x86_64,PHP:7.0.0p1))
 [2018-02-19 14:33:03] <53264> TID: dublechi1m01011802191433034366
 [2018-02-19 14:33:03] <53264> Connect to ssl://web.nicepay.co.kr:443
 [2018-02-19 14:33:03] <53264> ssl://web.nicepay.co.kr:443 Server Connect OK
 [2018-02-19 14:33:03] <53264> MSG_TO_SVR::[/lite/payProcess.jsp]
 [2018-02-19 14:33:04] <53264> TID -> [dublechi1m01011802191433034366]
 [2018-02-19 14:33:04] <53264> 3001[카드 결제 성공]
 [2018-02-19 14:33:04] <53264> END PYO  Laptime:[0.818sec]
 [2018-02-19 14:33:04] <53264> ===============================================================
 [2018-02-19 14:53:31] <31394> START NicepayLite PYO (V1.3.0B20171215(OS:Linux3.10.0-693.11.6.el7.x86_64,PHP:7.0.0p1))
 [2018-02-19 14:53:31] <31394> TID: dublechi1m01011802191453311863
 [2018-02-19 14:53:31] <31394> Connect to ssl://web.nicepay.co.kr:443
 [2018-02-19 14:53:31] <31394> ssl://web.nicepay.co.kr:443 Server Connect OK
 [2018-02-19 14:53:31] <31394> MSG_TO_SVR::[/lite/payProcess.jsp]
 [2018-02-19 14:53:32] <31394> TID -> [dublechi1m01011802191453311863]
 [2018-02-19 14:53:32] <31394> 3001[카드 결제 성공]
 [2018-02-19 14:53:32] <31394> END PYO  Laptime:[0.944sec]
 [2018-02-19 14:53:32] <31394> ===============================================================
