 [2018-02-08 10:44:31] <48189> START NicepayLite PYO (V1.3.0B20171215(OS:Linux3.10.0-693.11.6.el7.x86_64,PHP:7.0.0p1))
 [2018-02-08 10:44:31] <48189> TID: dublechi1m01011802081044315304
 [2018-02-08 10:44:31] <48189> Connect to ssl://web.nicepay.co.kr:443
 [2018-02-08 10:44:31] <48189> ssl://web.nicepay.co.kr:443 Server Connect OK
 [2018-02-08 10:44:31] <48189> MSG_TO_SVR::[/lite/payProcess.jsp]
 [2018-02-08 10:44:32] <48189> TID -> [dublechi1m01011802081044315304]
 [2018-02-08 10:44:32] <48189> 3001[旃措 瓴办 标车]
 [2018-02-08 10:44:32] <48189> END PYO  Laptime:[0.982sec]
 [2018-02-08 10:44:32] <48189> ===============================================================
 [2018-02-08 10:46:13] <47523> START NicepayLite PYO (V1.3.0B20171215(OS:Linux3.10.0-693.11.6.el7.x86_64,PHP:7.0.0p1))
 [2018-02-08 10:46:13] <47523> TID: dublechi1m01011802081046131439
 [2018-02-08 10:46:13] <47523> Connect to ssl://web.nicepay.co.kr:443
 [2018-02-08 10:46:13] <47523> ssl://web.nicepay.co.kr:443 Server Connect OK
 [2018-02-08 10:46:13] <47523> MSG_TO_SVR::[/lite/payProcess.jsp]
 [2018-02-08 10:46:13] <47523> TID -> [dublechi1m01011802081046131439]
 [2018-02-08 10:46:13] <47523> 3001[旃措 瓴办 标车]
 [2018-02-08 10:46:13] <47523> END PYO  Laptime:[0.812sec]
 [2018-02-08 10:46:13] <47523> ===============================================================
 [2018-02-08 11:50:19] <47261> START NicepayLite PYO (V1.3.0B20171215(OS:Linux3.10.0-693.11.6.el7.x86_64,PHP:7.0.0p1))
 [2018-02-08 11:50:19] <47261> TID: dublechi1m01011802081150199957
 [2018-02-08 11:50:19] <47261> Connect to ssl://web.nicepay.co.kr:443
 [2018-02-08 11:50:19] <47261> ssl://web.nicepay.co.kr:443 Server Connect OK
 [2018-02-08 11:50:19] <47261> MSG_TO_SVR::[/lite/payProcess.jsp]
 [2018-02-08 11:50:20] <47261> TID -> [dublechi1m01011802081150199957]
 [2018-02-08 11:50:20] <47261> 3001[旃措 瓴办 标车]
 [2018-02-08 11:50:20] <47261> END PYO  Laptime:[0.837sec]
 [2018-02-08 11:50:20] <47261> ===============================================================
 [2018-02-08 11:57:04] <50029> START NicepayLite PYO (V1.3.0B20171215(OS:Linux3.10.0-693.11.6.el7.x86_64,PHP:7.0.0p1))
 [2018-02-08 11:57:04] <50029> TID: dublechi1m01011802081157049958
 [2018-02-08 11:57:04] <50029> Connect to ssl://web.nicepay.co.kr:443
 [2018-02-08 11:57:05] <50029> ssl://web.nicepay.co.kr:443 Server Connect OK
 [2018-02-08 11:57:05] <50029> MSG_TO_SVR::[/lite/payProcess.jsp]
 [2018-02-08 11:57:05] <50029> TID -> [dublechi1m01011802081157049958]
 [2018-02-08 11:57:05] <50029> 3001[旃措 瓴办 标车]
 [2018-02-08 11:57:05] <50029> END PYO  Laptime:[0.946sec]
 [2018-02-08 11:57:05] <50029> ===============================================================
 [2018-02-08 11:59:08] <59634> START NicepayLite PYO (V1.3.0B20171215(OS:Linux3.10.0-693.11.6.el7.x86_64,PHP:7.0.0p1))
 [2018-02-08 11:59:08] <59634> TID: dublechi1m01011802081159087364
 [2018-02-08 11:59:08] <59634> Connect to ssl://web.nicepay.co.kr:443
 [2018-02-08 11:59:08] <59634> ssl://web.nicepay.co.kr:443 Server Connect OK
 [2018-02-08 11:59:08] <59634> MSG_TO_SVR::[/lite/payProcess.jsp]
 [2018-02-08 11:59:09] <59634> TID -> [dublechi1m01011802081159087364]
 [2018-02-08 11:59:09] <59634> 3001[旃措 瓴办 标车]
 [2018-02-08 11:59:09] <59634> END PYO  Laptime:[0.826sec]
 [2018-02-08 11:59:09] <59634> ===============================================================
 [2018-02-08 12:04:53] <4514> START NicepayLite PYO (V1.3.0B20171215(OS:Linux3.10.0-693.11.6.el7.x86_64,PHP:7.0.0p1))
 [2018-02-08 12:04:53] <4514> TID: dublechi1m01011802081204534104
 [2018-02-08 12:04:53] <4514> Connect to ssl://web.nicepay.co.kr:443
 [2018-02-08 12:04:53] <4514> ssl://web.nicepay.co.kr:443 Server Connect OK
 [2018-02-08 12:04:53] <4514> MSG_TO_SVR::[/lite/payProcess.jsp]
 [2018-02-08 12:04:54] <4514> TID -> [dublechi1m01011802081204534104]
 [2018-02-08 12:04:54] <4514> 3001[旃措 瓴办 标车]
 [2018-02-08 12:04:54] <4514> END PYO  Laptime:[0.842sec]
 [2018-02-08 12:04:54] <4514> ===============================================================
 [2018-02-08 16:23:04] <29324> START NicepayLite PYO (V1.3.0B20171215(OS:Linux3.10.0-693.11.6.el7.x86_64,PHP:7.0.0p1))
 [2018-02-08 16:23:04] <29324> TID: dublechi1m01011802081623040686
 [2018-02-08 16:23:04] <29324> Connect to ssl://web.nicepay.co.kr:443
 [2018-02-08 16:23:04] <29324> ssl://web.nicepay.co.kr:443 Server Connect OK
 [2018-02-08 16:23:04] <29324> MSG_TO_SVR::[/lite/payProcess.jsp]
 [2018-02-08 16:23:05] <29324> TID -> [dublechi1m01011802081623040686]
 [2018-02-08 16:23:05] <29324> 3001[旃措 瓴办 标车]
 [2018-02-08 16:23:05] <29324> END PYO  Laptime:[0.944sec]
 [2018-02-08 16:23:05] <29324> ===============================================================
 [2018-02-08 16:26:24] <30938> START NicepayLite PYO (V1.3.0B20171215(OS:Linux3.10.0-693.11.6.el7.x86_64,PHP:7.0.0p1))
 [2018-02-08 16:26:24] <30938> TID: dublechi1m01011802081626240914
 [2018-02-08 16:26:24] <30938> Connect to ssl://web.nicepay.co.kr:443
 [2018-02-08 16:26:24] <30938> ssl://web.nicepay.co.kr:443 Server Connect OK
 [2018-02-08 16:26:24] <30938> MSG_TO_SVR::[/lite/payProcess.jsp]
 [2018-02-08 16:26:24] <30938> TID -> [dublechi1m01011802081626240914]
 [2018-02-08 16:26:24] <30938> 8900[CAVV办错办る]
 [2018-02-08 16:26:24] <30938> END PYO  Laptime:[0.764sec]
 [2018-02-08 16:26:24] <30938> ===============================================================
 [2018-02-08 16:28:45] <36800> START NicepayLite PYO (V1.3.0B20171215(OS:Linux3.10.0-693.11.6.el7.x86_64,PHP:7.0.0p1))
 [2018-02-08 16:28:45] <36800> TID: dublechi1m01011802081628458402
 [2018-02-08 16:28:45] <36800> Connect to ssl://web.nicepay.co.kr:443
 [2018-02-08 16:28:45] <36800> ssl://web.nicepay.co.kr:443 Server Connect OK
 [2018-02-08 16:28:45] <36800> MSG_TO_SVR::[/lite/payProcess.jsp]
 [2018-02-08 16:28:46] <36800> TID -> [dublechi1m01011802081628458402]
 [2018-02-08 16:28:46] <36800> 3001[旃措 瓴办 标车]
 [2018-02-08 16:28:46] <36800> END PYO  Laptime:[1.053sec]
 [2018-02-08 16:28:46] <36800> ===============================================================
 [2018-02-08 16:31:26] <38680> START NicepayLite PYO (V1.3.0B20171215(OS:Linux3.10.0-693.11.6.el7.x86_64,PHP:7.0.0p1))
 [2018-02-08 16:31:26] <38680> TID: dublechi1m01011802081631260395
 [2018-02-08 16:31:26] <38680> Connect to ssl://web.nicepay.co.kr:443
 [2018-02-08 16:31:26] <38680> ssl://web.nicepay.co.kr:443 Server Connect OK
 [2018-02-08 16:31:26] <38680> MSG_TO_SVR::[/lite/payProcess.jsp]
 [2018-02-08 16:31:26] <38680> TID -> [dublechi1m01011802081631260395]
 [2018-02-08 16:31:26] <38680> 3001[旃措 瓴办 标车]
 [2018-02-08 16:31:26] <38680> END PYO  Laptime:[0.976sec]
 [2018-02-08 16:31:26] <38680> ===============================================================
 [2018-02-08 16:34:37] <47882> START NicepayLite PYO (V1.3.0B20171215(OS:Linux3.10.0-693.11.6.el7.x86_64,PHP:7.0.0p1))
 [2018-02-08 16:34:37] <47882> TID: dublechi1m01011802081634379918
 [2018-02-08 16:34:37] <47882> Connect to ssl://web.nicepay.co.kr:443
 [2018-02-08 16:34:37] <47882> ssl://web.nicepay.co.kr:443 Server Connect OK
 [2018-02-08 16:34:37] <47882> MSG_TO_SVR::[/lite/payProcess.jsp]
 [2018-02-08 16:34:38] <47882> TID -> [dublechi1m01011802081634379918]
 [2018-02-08 16:34:38] <47882> 3001[旃措 瓴办 标车]
 [2018-02-08 16:34:38] <47882> END PYO  Laptime:[0.718sec]
 [2018-02-08 16:34:38] <47882> ===============================================================
 [2018-02-08 16:36:42] <49062> START NicepayLite PYO (V1.3.0B20171215(OS:Linux3.10.0-693.11.6.el7.x86_64,PHP:7.0.0p1))
 [2018-02-08 16:36:42] <49062> TID: dublechi1m01011802081636428518
 [2018-02-08 16:36:42] <49062> Connect to ssl://web.nicepay.co.kr:443
 [2018-02-08 16:36:42] <49062> ssl://web.nicepay.co.kr:443 Server Connect OK
 [2018-02-08 16:36:42] <49062> MSG_TO_SVR::[/lite/payProcess.jsp]
 [2018-02-08 16:36:43] <49062> TID -> [dublechi1m01011802081636428518]
 [2018-02-08 16:36:43] <49062> 3001[旃措 瓴办 标车]
 [2018-02-08 16:36:43] <49062> END PYO  Laptime:[1.102sec]
 [2018-02-08 16:36:43] <49062> ===============================================================
 [2018-02-08 16:42:56] <64526> START NicepayLite PYO (V1.3.0B20171215(OS:Linux3.10.0-693.11.6.el7.x86_64,PHP:7.0.0p1))
 [2018-02-08 16:42:56] <64526> TID: dublechi1m01011802081642560006
 [2018-02-08 16:42:56] <64526> Connect to ssl://web.nicepay.co.kr:443
 [2018-02-08 16:42:56] <64526> ssl://web.nicepay.co.kr:443 Server Connect OK
 [2018-02-08 16:42:56] <64526> MSG_TO_SVR::[/lite/payProcess.jsp]
 [2018-02-08 16:42:56] <64526> TID -> [dublechi1m01011802081642560006]
 [2018-02-08 16:42:56] <64526> 3001[旃措 瓴办 标车]
 [2018-02-08 16:42:56] <64526> END PYO  Laptime:[0.83sec]
 [2018-02-08 16:42:56] <64526> ===============================================================
 [2018-02-08 16:47:46] <9126> START NicepayLite PYO (V1.3.0B20171215(OS:Linux3.10.0-693.11.6.el7.x86_64,PHP:7.0.0p1))
 [2018-02-08 16:47:46] <9126> TID: dublechi1m01011802081647469120
 [2018-02-08 16:47:46] <9126> Connect to ssl://web.nicepay.co.kr:443
 [2018-02-08 16:47:47] <9126> ssl://web.nicepay.co.kr:443 Server Connect OK
 [2018-02-08 16:47:47] <9126> MSG_TO_SVR::[/lite/payProcess.jsp]
 [2018-02-08 16:47:47] <9126> TID -> [dublechi1m01011802081647469120]
 [2018-02-08 16:47:47] <9126> 3001[旃措 瓴办 标车]
 [2018-02-08 16:47:47] <9126> END PYO  Laptime:[0.839sec]
 [2018-02-08 16:47:47] <9126> ===============================================================
 [2018-02-08 16:53:34] <18512> START NicepayLite PYO (V1.3.0B20171215(OS:Linux3.10.0-693.11.6.el7.x86_64,PHP:7.0.0p1))
 [2018-02-08 16:53:34] <18512> TID: dublechi1m01011802081653348568
 [2018-02-08 16:53:34] <18512> Connect to ssl://web.nicepay.co.kr:443
 [2018-02-08 16:53:34] <18512> ssl://web.nicepay.co.kr:443 Server Connect OK
 [2018-02-08 16:53:34] <18512> MSG_TO_SVR::[/lite/payProcess.jsp]
 [2018-02-08 16:53:35] <18512> TID -> [dublechi1m01011802081653348568]
 [2018-02-08 16:53:35] <18512> 3001[旃措 瓴办 标车]
 [2018-02-08 16:53:35] <18512> END PYO  Laptime:[0.894sec]
 [2018-02-08 16:53:35] <18512> ===============================================================
 [2018-02-08 17:16:35] <62822> START NicepayLite PYO (V1.3.0B20171215(OS:Linux3.10.0-693.11.6.el7.x86_64,PHP:7.0.0p1))
 [2018-02-08 17:16:35] <62822> TID: dublechi1m01011802081716356172
 [2018-02-08 17:16:35] <62822> Connect to ssl://web.nicepay.co.kr:443
 [2018-02-08 17:16:35] <62822> ssl://web.nicepay.co.kr:443 Server Connect OK
 [2018-02-08 17:16:35] <62822> MSG_TO_SVR::[/lite/payProcess.jsp]
 [2018-02-08 17:16:36] <62822> TID -> [dublechi1m01011802081716356172]
 [2018-02-08 17:16:36] <62822> 3001[旃措 瓴办 标车]
 [2018-02-08 17:16:36] <62822> END PYO  Laptime:[1.009sec]
 [2018-02-08 17:16:36] <62822> ===============================================================
 [2018-02-08 17:32:46] <17218> START NicepayLite PYO (V1.3.0B20171215(OS:Linux3.10.0-693.11.6.el7.x86_64,PHP:7.0.0p1))
 [2018-02-08 17:32:46] <17218> TID: dublechi1m01011802081732460495
 [2018-02-08 17:32:46] <17218> Connect to ssl://web.nicepay.co.kr:443
 [2018-02-08 17:32:46] <17218> ssl://web.nicepay.co.kr:443 Server Connect OK
 [2018-02-08 17:32:46] <17218> MSG_TO_SVR::[/lite/payProcess.jsp]
 [2018-02-08 17:32:47] <17218> TID -> [dublechi1m01011802081732460495]
 [2018-02-08 17:32:47] <17218> 3001[旃措 瓴办 标车]
 [2018-02-08 17:32:47] <17218> END PYO  Laptime:[0.991sec]
 [2018-02-08 17:32:47] <17218> ===============================================================
 [2018-02-08 17:34:26] <35329> START NicepayLite PYO (V1.3.0B20171215(OS:Linux3.10.0-693.11.6.el7.x86_64,PHP:7.0.0p1))
 [2018-02-08 17:34:26] <35329> TID: dublechi1m01011802081734269912
 [2018-02-08 17:34:26] <35329> Connect to ssl://web.nicepay.co.kr:443
 [2018-02-08 17:34:26] <35329> ssl://web.nicepay.co.kr:443 Server Connect OK
 [2018-02-08 17:34:26] <35329> MSG_TO_SVR::[/lite/payProcess.jsp]
 [2018-02-08 17:34:27] <35329> TID -> [dublechi1m01011802081734269912]
 [2018-02-08 17:34:27] <35329> 3001[旃措 瓴办 标车]
 [2018-02-08 17:34:27] <35329> END PYO  Laptime:[0.825sec]
 [2018-02-08 17:34:27] <35329> ===============================================================
 [2018-02-08 17:40:33] <42783> START NicepayLite PYO (V1.3.0B20171215(OS:Linux3.10.0-693.11.6.el7.x86_64,PHP:7.0.0p1))
 [2018-02-08 17:40:33] <42783> TID: dublechi1m01011802081740332051
 [2018-02-08 17:40:33] <42783> Connect to ssl://web.nicepay.co.kr:443
 [2018-02-08 17:40:33] <42783> ssl://web.nicepay.co.kr:443 Server Connect OK
 [2018-02-08 17:40:33] <42783> MSG_TO_SVR::[/lite/payProcess.jsp]
 [2018-02-08 17:40:34] <42783> TID -> [dublechi1m01011802081740332051]
 [2018-02-08 17:40:34] <42783> 3001[旃措 瓴办 标车]
 [2018-02-08 17:40:34] <42783> END PYO  Laptime:[0.892sec]
 [2018-02-08 17:40:34] <42783> ===============================================================
 [2018-02-08 17:46:24] <53428> START NicepayLite PYO (V1.3.0B20171215(OS:Linux3.10.0-693.11.6.el7.x86_64,PHP:7.0.0p1))
 [2018-02-08 17:46:24] <53428> TID: dublechi1m01011802081746245777
 [2018-02-08 17:46:24] <53428> Connect to ssl://web.nicepay.co.kr:443
 [2018-02-08 17:46:24] <53428> ssl://web.nicepay.co.kr:443 Server Connect OK
 [2018-02-08 17:46:24] <53428> MSG_TO_SVR::[/lite/payProcess.jsp]
 [2018-02-08 17:46:25] <53428> TID -> [dublechi1m01011802081746245777]
 [2018-02-08 17:46:25] <53428> 3001[旃措 瓴办 标车]
 [2018-02-08 17:46:25] <53428> END PYO  Laptime:[0.818sec]
 [2018-02-08 17:46:25] <53428> ===============================================================
 [2018-02-08 17:48:38] <59859> START NicepayLite PYO (V1.3.0B20171215(OS:Linux3.10.0-693.11.6.el7.x86_64,PHP:7.0.0p1))
 [2018-02-08 17:48:38] <59859> TID: dublechi1m01011802081748382471
 [2018-02-08 17:48:38] <59859> Connect to ssl://web.nicepay.co.kr:443
 [2018-02-08 17:48:38] <59859> ssl://web.nicepay.co.kr:443 Server Connect OK
 [2018-02-08 17:48:38] <59859> MSG_TO_SVR::[/lite/payProcess.jsp]
 [2018-02-08 17:48:39] <59859> TID -> [dublechi1m01011802081748382471]
 [2018-02-08 17:48:39] <59859> 3001[旃措 瓴办 标车]
 [2018-02-08 17:48:39] <59859> END PYO  Laptime:[0.876sec]
 [2018-02-08 17:48:39] <59859> ===============================================================
 [2018-02-08 17:51:06] <61982> START NicepayLite PYO (V1.3.0B20171215(OS:Linux3.10.0-693.11.6.el7.x86_64,PHP:7.0.0p1))
 [2018-02-08 17:51:06] <61982> TID: dublechi1m01011802081751069438
 [2018-02-08 17:51:06] <61982> Connect to ssl://web.nicepay.co.kr:443
 [2018-02-08 17:51:06] <61982> ssl://web.nicepay.co.kr:443 Server Connect OK
 [2018-02-08 17:51:06] <61982> MSG_TO_SVR::[/lite/payProcess.jsp]
 [2018-02-08 17:51:07] <61982> TID -> [dublechi1m01011802081751069438]
 [2018-02-08 17:51:07] <61982> 3001[旃措 瓴办 标车]
 [2018-02-08 17:51:07] <61982> END PYO  Laptime:[0.724sec]
 [2018-02-08 17:51:07] <61982> ===============================================================
 [2018-02-08 17:53:14] <2739> START NicepayLite PYO (V1.3.0B20171215(OS:Linux3.10.0-693.11.6.el7.x86_64,PHP:7.0.0p1))
 [2018-02-08 17:53:14] <2739> TID: dublechi1m01011802081753149607
 [2018-02-08 17:53:14] <2739> Connect to ssl://web.nicepay.co.kr:443
 [2018-02-08 17:53:14] <2739> ssl://web.nicepay.co.kr:443 Server Connect OK
 [2018-02-08 17:53:14] <2739> MSG_TO_SVR::[/lite/payProcess.jsp]
 [2018-02-08 17:53:15] <2739> TID -> [dublechi1m01011802081753149607]
 [2018-02-08 17:53:15] <2739> 3001[旃措 瓴办 标车]
 [2018-02-08 17:53:15] <2739> END PYO  Laptime:[0.886sec]
 [2018-02-08 17:53:15] <2739> ===============================================================
 [2018-02-08 17:54:22] <4653> START NicepayLite PYO (V1.3.0B20171215(OS:Linux3.10.0-693.11.6.el7.x86_64,PHP:7.0.0p1))
 [2018-02-08 17:54:22] <4653> TID: dublechi1m01011802081754228647
 [2018-02-08 17:54:22] <4653> Connect to ssl://web.nicepay.co.kr:443
 [2018-02-08 17:54:22] <4653> ssl://web.nicepay.co.kr:443 Server Connect OK
 [2018-02-08 17:54:22] <4653> MSG_TO_SVR::[/lite/payProcess.jsp]
 [2018-02-08 17:54:23] <4653> TID -> [dublechi1m01011802081754228647]
 [2018-02-08 17:54:23] <4653> 3001[旃措 瓴办 标车]
 [2018-02-08 17:54:23] <4653> END PYO  Laptime:[0.752sec]
 [2018-02-08 17:54:23] <4653> ===============================================================
 [2018-02-08 17:56:49] <5381> START NicepayLite PYO (V1.3.0B20171215(OS:Linux3.10.0-693.11.6.el7.x86_64,PHP:7.0.0p1))
 [2018-02-08 17:56:49] <5381> TID: dublechi1m01011802081756498015
 [2018-02-08 17:56:49] <5381> Connect to ssl://web.nicepay.co.kr:443
 [2018-02-08 17:56:49] <5381> ssl://web.nicepay.co.kr:443 Server Connect OK
 [2018-02-08 17:56:49] <5381> MSG_TO_SVR::[/lite/payProcess.jsp]
 [2018-02-08 17:56:50] <5381> TID -> [dublechi1m01011802081756498015]
 [2018-02-08 17:56:50] <5381> 3001[旃措 瓴办 标车]
 [2018-02-08 17:56:50] <5381> END PYO  Laptime:[0.971sec]
 [2018-02-08 17:56:50] <5381> ===============================================================
 [2018-02-08 18:02:51] <32060> START NicepayLite PYO (V1.3.0B20171215(OS:Linux3.10.0-693.11.6.el7.x86_64,PHP:7.0.0p1))
 [2018-02-08 18:02:51] <32060> TID: dublechi1m01011802081802519299
 [2018-02-08 18:02:51] <32060> Connect to ssl://web.nicepay.co.kr:443
 [2018-02-08 18:02:52] <32060> ssl://web.nicepay.co.kr:443 Server Connect OK
 [2018-02-08 18:02:52] <32060> MSG_TO_SVR::[/lite/payProcess.jsp]
 [2018-02-08 18:02:53] <32060> TID -> [dublechi1m01011802081802519299]
 [2018-02-08 18:02:53] <32060> 3001[旃措 瓴办 标车]
 [2018-02-08 18:02:53] <32060> END PYO  Laptime:[1.237sec]
 [2018-02-08 18:02:53] <32060> ===============================================================
 [2018-02-08 18:05:21] <33632> START NicepayLite PYO (V1.3.0B20171215(OS:Linux3.10.0-693.11.6.el7.x86_64,PHP:7.0.0p1))
 [2018-02-08 18:05:21] <33632> TID: dublechi1m01011802081805218152
 [2018-02-08 18:05:21] <33632> Connect to ssl://web.nicepay.co.kr:443
 [2018-02-08 18:05:21] <33632> ssl://web.nicepay.co.kr:443 Server Connect OK
 [2018-02-08 18:05:21] <33632> MSG_TO_SVR::[/lite/payProcess.jsp]
 [2018-02-08 18:05:22] <33632> TID -> [dublechi1m01011802081805218152]
 [2018-02-08 18:05:22] <33632> 3001[旃措 瓴办 标车]
 [2018-02-08 18:05:22] <33632> END PYO  Laptime:[0.888sec]
 [2018-02-08 18:05:22] <33632> ===============================================================
 [2018-02-08 18:06:39] <40293> START NicepayLite PYO (V1.3.0B20171215(OS:Linux3.10.0-693.11.6.el7.x86_64,PHP:7.0.0p1))
 [2018-02-08 18:06:39] <40293> TID: dublechi1m01011802081806399815
 [2018-02-08 18:06:39] <40293> Connect to ssl://web.nicepay.co.kr:443
 [2018-02-08 18:06:39] <40293> ssl://web.nicepay.co.kr:443 Server Connect OK
 [2018-02-08 18:06:39] <40293> MSG_TO_SVR::[/lite/payProcess.jsp]
 [2018-02-08 18:06:40] <40293> TID -> [dublechi1m01011802081806399815]
 [2018-02-08 18:06:40] <40293> 3001[旃措 瓴办 标车]
 [2018-02-08 18:06:40] <40293> END PYO  Laptime:[0.893sec]
 [2018-02-08 18:06:40] <40293> ===============================================================
 [2018-02-08 18:13:15] <48958> START NicepayLite PYO (V1.3.0B20171215(OS:Linux3.10.0-693.11.6.el7.x86_64,PHP:7.0.0p1))
 [2018-02-08 18:13:15] <48958> TID: dublechi1m01011802081813159507
 [2018-02-08 18:13:15] <48958> Connect to ssl://web.nicepay.co.kr:443
 [2018-02-08 18:13:16] <48958> ssl://web.nicepay.co.kr:443 Server Connect OK
 [2018-02-08 18:13:16] <48958> MSG_TO_SVR::[/lite/payProcess.jsp]
 [2018-02-08 18:13:16] <48958> TID -> [dublechi1m01011802081813159507]
 [2018-02-08 18:13:16] <48958> 3001[墨靛 搬力 己傍]
 [2018-02-08 18:13:16] <48958> END PYO  Laptime:[0.899sec]
 [2018-02-08 18:13:16] <48958> ===============================================================
 [2018-02-08 18:29:32] <10134> START NicepayLite PYO (V1.3.0B20171215(OS:Linux3.10.0-693.11.6.el7.x86_64,PHP:7.0.0p1))
 [2018-02-08 18:29:32] <10134> TID: dublechi1m01011802081829325375
 [2018-02-08 18:29:32] <10134> Connect to ssl://web.nicepay.co.kr:443
 [2018-02-08 18:29:32] <10134> ssl://web.nicepay.co.kr:443 Server Connect OK
 [2018-02-08 18:29:32] <10134> MSG_TO_SVR::[/lite/payProcess.jsp]
 [2018-02-08 18:29:33] <10134> TID -> [dublechi1m01011802081829325375]
 [2018-02-08 18:29:33] <10134> 3001[旃措 瓴办 标车]
 [2018-02-08 18:29:33] <10134> END PYO  Laptime:[0.915sec]
 [2018-02-08 18:29:33] <10134> ===============================================================
