 [2018-02-26 10:10:53] <54424> START NicepayLite PYO (V1.3.0B20171215(OS:Linux3.10.0-693.11.6.el7.x86_64,PHP:7.0.0p1))
 [2018-02-26 10:10:53] <54424> TID: dublechi1m01011802261010530156
 [2018-02-26 10:10:53] <54424> Connect to ssl://web.nicepay.co.kr:443
 [2018-02-26 10:10:53] <54424> ssl://web.nicepay.co.kr:443 Server Connect OK
 [2018-02-26 10:10:53] <54424> MSG_TO_SVR::[/lite/payProcess.jsp]
 [2018-02-26 10:10:54] <54424> TID -> [dublechi1m01011802261010530156]
 [2018-02-26 10:10:54] <54424> 3001[카드 결제 성공]
 [2018-02-26 10:10:54] <54424> END PYO  Laptime:[0.947sec]
 [2018-02-26 10:10:54] <54424> ===============================================================
 [2018-02-26 10:20:22] <11249> START NicepayLite PYO (V1.3.0B20171215(OS:Linux3.10.0-693.11.6.el7.x86_64,PHP:7.0.0p1))
 [2018-02-26 10:20:22] <11249> TID: dublechi1m03011802261020226763
 [2018-02-26 10:20:22] <11249> Connect to ssl://web.nicepay.co.kr:443
 [2018-02-26 10:20:22] <11249> ssl://web.nicepay.co.kr:443 Server Connect OK
 [2018-02-26 10:20:22] <11249> MSG_TO_SVR::[/lite/payProcess.jsp]
 [2018-02-26 10:20:22] <11249> TID -> [dublechi1m03011802261020226763]
 [2018-02-26 10:20:22] <11249> 4100[가상계좌 발급 성공]
 [2018-02-26 10:20:22] <11249> END PYO  Laptime:[0.286sec]
 [2018-02-26 10:20:22] <11249> ===============================================================
 [2018-02-26 10:52:30] <16116> START NicepayLite PYO (V1.3.0B20171215(OS:Linux3.10.0-693.11.6.el7.x86_64,PHP:7.0.0p1))
 [2018-02-26 10:52:30] <16116> TID: dublechi1m01011802261052300332
 [2018-02-26 10:52:30] <16116> Connect to ssl://web.nicepay.co.kr:443
 [2018-02-26 10:52:30] <16116> ssl://web.nicepay.co.kr:443 Server Connect OK
 [2018-02-26 10:52:30] <16116> MSG_TO_SVR::[/lite/payProcess.jsp]
 [2018-02-26 10:52:31] <16116> TID -> [dublechi1m01011802261052300332]
 [2018-02-26 10:52:31] <16116> 3001[카드 결제 성공]
 [2018-02-26 10:52:31] <16116> END PYO  Laptime:[1.012sec]
 [2018-02-26 10:52:31] <16116> ===============================================================
