 [2018-02-09 10:18:38] <57139> START NicepayLite PYO (V1.3.0B20171215(OS:Linux3.10.0-693.11.6.el7.x86_64,PHP:7.0.0p1))
 [2018-02-09 10:18:38] <57139> TID: dublechi1m01011802091018381655
 [2018-02-09 10:18:38] <57139> Connect to ssl://web.nicepay.co.kr:443
 [2018-02-09 10:18:38] <57139> ssl://web.nicepay.co.kr:443 Server Connect OK
 [2018-02-09 10:18:38] <57139> MSG_TO_SVR::[/lite/payProcess.jsp]
 [2018-02-09 10:18:39] <57139> TID -> [dublechi1m01011802091018381655]
 [2018-02-09 10:18:39] <57139> 3001[카드 결제 성공]
 [2018-02-09 10:18:39] <57139> END PYO  Laptime:[1.002sec]
 [2018-02-09 10:18:39] <57139> ===============================================================
 [2018-02-09 10:23:21] <730> START NicepayLite PYO (V1.3.0B20171215(OS:Linux3.10.0-693.11.6.el7.x86_64,PHP:7.0.0p1))
 [2018-02-09 10:23:21] <730> TID: dublechi1m01011802091023213382
 [2018-02-09 10:23:21] <730> Connect to ssl://web.nicepay.co.kr:443
 [2018-02-09 10:23:21] <730> ssl://web.nicepay.co.kr:443 Server Connect OK
 [2018-02-09 10:23:21] <730> MSG_TO_SVR::[/lite/payProcess.jsp]
 [2018-02-09 10:23:22] <730> TID -> [dublechi1m01011802091023213382]
 [2018-02-09 10:23:22] <730> 3001[카드 결제 성공]
 [2018-02-09 10:23:22] <730> END PYO  Laptime:[0.984sec]
 [2018-02-09 10:23:22] <730> ===============================================================
 [2018-02-09 10:24:49] <2453> START NicepayLite PYO (V1.3.0B20171215(OS:Linux3.10.0-693.11.6.el7.x86_64,PHP:7.0.0p1))
 [2018-02-09 10:24:49] <2453> TID: dublechi1m01011802091024491719
 [2018-02-09 10:24:49] <2453> Connect to ssl://web.nicepay.co.kr:443
 [2018-02-09 10:24:49] <2453> ssl://web.nicepay.co.kr:443 Server Connect OK
 [2018-02-09 10:24:49] <2453> MSG_TO_SVR::[/lite/payProcess.jsp]
 [2018-02-09 10:24:49] <2453> TID -> [dublechi1m01011802091024491719]
 [2018-02-09 10:24:49] <2453> 3001[카드 결제 성공]
 [2018-02-09 10:24:49] <2453> END PYO  Laptime:[0.71sec]
 [2018-02-09 10:24:49] <2453> ===============================================================
 [2018-02-09 10:27:25] <3226> START NicepayLite PYO (V1.3.0B20171215(OS:Linux3.10.0-693.11.6.el7.x86_64,PHP:7.0.0p1))
 [2018-02-09 10:27:25] <3226> TID: dublechi1m01011802091027252686
 [2018-02-09 10:27:25] <3226> Connect to ssl://web.nicepay.co.kr:443
 [2018-02-09 10:27:25] <3226> ssl://web.nicepay.co.kr:443 Server Connect OK
 [2018-02-09 10:27:25] <3226> MSG_TO_SVR::[/lite/payProcess.jsp]
 [2018-02-09 10:27:25] <3226> TID -> [dublechi1m01011802091027252686]
 [2018-02-09 10:27:25] <3226> 3001[카드 결제 성공]
 [2018-02-09 10:27:25] <3226> END PYO  Laptime:[0.602sec]
 [2018-02-09 10:27:25] <3226> ===============================================================
 [2018-02-09 11:00:52] <14213> START NicepayLite PYO (V1.3.0B20171215(OS:Linux3.10.0-693.11.6.el7.x86_64,PHP:7.0.0p1))
 [2018-02-09 11:00:52] <14213> TID: dublechi1m01011802091100529128
 [2018-02-09 11:00:52] <14213> Connect to ssl://web.nicepay.co.kr:443
 [2018-02-09 11:00:52] <14213> ssl://web.nicepay.co.kr:443 Server Connect OK
 [2018-02-09 11:00:52] <14213> MSG_TO_SVR::[/lite/payProcess.jsp]
 [2018-02-09 11:00:53] <14213> TID -> [dublechi1m01011802091100529128]
 [2018-02-09 11:00:53] <14213> 3001[카드 결제 성공]
 [2018-02-09 11:00:53] <14213> END PYO  Laptime:[0.936sec]
 [2018-02-09 11:00:53] <14213> ===============================================================
 [2018-02-09 11:05:38] <27634> START NicepayLite PYO (V1.3.0B20171215(OS:Linux3.10.0-693.11.6.el7.x86_64,PHP:7.0.0p1))
 [2018-02-09 11:05:38] <27634> TID: dublechi1m01011802091105389059
 [2018-02-09 11:05:38] <27634> Connect to ssl://web.nicepay.co.kr:443
 [2018-02-09 11:05:38] <27634> ssl://web.nicepay.co.kr:443 Server Connect OK
 [2018-02-09 11:05:38] <27634> MSG_TO_SVR::[/lite/payProcess.jsp]
 [2018-02-09 11:05:39] <27634> TID -> [dublechi1m01011802091105389059]
 [2018-02-09 11:05:39] <27634> 3001[카드 결제 성공]
 [2018-02-09 11:05:39] <27634> END PYO  Laptime:[0.929sec]
 [2018-02-09 11:05:39] <27634> ===============================================================
 [2018-02-09 11:14:57] <44759> START NicepayLite PYO (V1.3.0B20171215(OS:Linux3.10.0-693.11.6.el7.x86_64,PHP:7.0.0p1))
 [2018-02-09 11:14:57] <44759> TID: dublechi1m01011802091114579702
 [2018-02-09 11:14:57] <44759> Connect to ssl://web.nicepay.co.kr:443
 [2018-02-09 11:14:57] <44759> ssl://web.nicepay.co.kr:443 Server Connect OK
 [2018-02-09 11:14:57] <44759> MSG_TO_SVR::[/lite/payProcess.jsp]
 [2018-02-09 11:14:58] <44759> TID -> [dublechi1m01011802091114579702]
 [2018-02-09 11:14:58] <44759> 3001[카드 결제 성공]
 [2018-02-09 11:14:58] <44759> END PYO  Laptime:[0.921sec]
 [2018-02-09 11:14:58] <44759> ===============================================================
 [2018-02-09 11:17:57] <52255> START NicepayLite PYO (V1.3.0B20171215(OS:Linux3.10.0-693.11.6.el7.x86_64,PHP:7.0.0p1))
 [2018-02-09 11:17:57] <52255> TID: dublechi1m01011802091117573212
 [2018-02-09 11:17:57] <52255> Connect to ssl://web.nicepay.co.kr:443
 [2018-02-09 11:17:57] <52255> ssl://web.nicepay.co.kr:443 Server Connect OK
 [2018-02-09 11:17:57] <52255> MSG_TO_SVR::[/lite/payProcess.jsp]
 [2018-02-09 11:17:57] <52255> TID -> [dublechi1m01011802091117573212]
 [2018-02-09 11:17:57] <52255> 8900[CAVV데이터오류]
 [2018-02-09 11:17:57] <52255> END PYO  Laptime:[0.546sec]
 [2018-02-09 11:17:57] <52255> ===============================================================
 [2018-02-09 11:19:03] <53329> START NicepayLite PYO (V1.3.0B20171215(OS:Linux3.10.0-693.11.6.el7.x86_64,PHP:7.0.0p1))
 [2018-02-09 11:19:03] <53329> TID: dublechi1m01011802091119038026
 [2018-02-09 11:19:03] <53329> Connect to ssl://web.nicepay.co.kr:443
 [2018-02-09 11:19:03] <53329> ssl://web.nicepay.co.kr:443 Server Connect OK
 [2018-02-09 11:19:03] <53329> MSG_TO_SVR::[/lite/payProcess.jsp]
 [2018-02-09 11:19:04] <53329> TID -> [dublechi1m01011802091119038026]
 [2018-02-09 11:19:04] <53329> 3001[카드 결제 성공]
 [2018-02-09 11:19:04] <53329> END PYO  Laptime:[0.82sec]
 [2018-02-09 11:19:04] <53329> ===============================================================
 [2018-02-09 11:22:48] <59953> START NicepayLite PYO (V1.3.0B20171215(OS:Linux3.10.0-693.11.6.el7.x86_64,PHP:7.0.0p1))
 [2018-02-09 11:22:48] <59953> TID: dublechi1m01011802091122488887
 [2018-02-09 11:22:48] <59953> Connect to ssl://web.nicepay.co.kr:443
 [2018-02-09 11:22:48] <59953> ssl://web.nicepay.co.kr:443 Server Connect OK
 [2018-02-09 11:22:48] <59953> MSG_TO_SVR::[/lite/payProcess.jsp]
 [2018-02-09 11:22:49] <59953> TID -> [dublechi1m01011802091122488887]
 [2018-02-09 11:22:49] <59953> 3001[카드 결제 성공]
 [2018-02-09 11:22:49] <59953> END PYO  Laptime:[0.762sec]
 [2018-02-09 11:22:49] <59953> ===============================================================
 [2018-02-09 11:29:07] <4544> START NicepayLite PYO (V1.3.0B20171215(OS:Linux3.10.0-693.11.6.el7.x86_64,PHP:7.0.0p1))
 [2018-02-09 11:29:07] <4544> TID: dublechi1m01011802091129076286
 [2018-02-09 11:29:07] <4544> Connect to ssl://web.nicepay.co.kr:443
 [2018-02-09 11:29:07] <4544> ssl://web.nicepay.co.kr:443 Server Connect OK
 [2018-02-09 11:29:07] <4544> MSG_TO_SVR::[/lite/payProcess.jsp]
 [2018-02-09 11:29:08] <4544> TID -> [dublechi1m01011802091129076286]
 [2018-02-09 11:29:08] <4544> 3001[카드 결제 성공]
 [2018-02-09 11:29:08] <4544> END PYO  Laptime:[0.932sec]
 [2018-02-09 11:29:08] <4544> ===============================================================
 [2018-02-09 11:31:25] <3924> START NicepayLite PYO (V1.3.0B20171215(OS:Linux3.10.0-693.11.6.el7.x86_64,PHP:7.0.0p1))
 [2018-02-09 11:31:25] <3924> TID: dublechi1m01011802091131253144
 [2018-02-09 11:31:25] <3924> Connect to ssl://web.nicepay.co.kr:443
 [2018-02-09 11:31:25] <3924> ssl://web.nicepay.co.kr:443 Server Connect OK
 [2018-02-09 11:31:25] <3924> MSG_TO_SVR::[/lite/payProcess.jsp]
 [2018-02-09 11:31:26] <3924> TID -> [dublechi1m01011802091131253144]
 [2018-02-09 11:31:26] <3924> 3001[카드 결제 성공]
 [2018-02-09 11:31:26] <3924> END PYO  Laptime:[0.644sec]
 [2018-02-09 11:31:26] <3924> ===============================================================
 [2018-02-09 11:33:36] <17711> START NicepayLite PYO (V1.3.0B20171215(OS:Linux3.10.0-693.11.6.el7.x86_64,PHP:7.0.0p1))
 [2018-02-09 11:33:36] <17711> TID: dublechi1m01011802091133366389
 [2018-02-09 11:33:36] <17711> Connect to ssl://web.nicepay.co.kr:443
 [2018-02-09 11:33:36] <17711> ssl://web.nicepay.co.kr:443 Server Connect OK
 [2018-02-09 11:33:36] <17711> MSG_TO_SVR::[/lite/payProcess.jsp]
 [2018-02-09 11:33:37] <17711> TID -> [dublechi1m01011802091133366389]
 [2018-02-09 11:33:37] <17711> 8900[CAVV데이터오류]
 [2018-02-09 11:33:37] <17711> END PYO  Laptime:[0.564sec]
 [2018-02-09 11:33:37] <17711> ===============================================================
 [2018-02-09 11:34:19] <23896> START NicepayLite PYO (V1.3.0B20171215(OS:Linux3.10.0-693.11.6.el7.x86_64,PHP:7.0.0p1))
 [2018-02-09 11:34:19] <23896> TID: dublechi1m01011802091134190680
 [2018-02-09 11:34:19] <23896> Connect to ssl://web.nicepay.co.kr:443
 [2018-02-09 11:34:19] <23896> ssl://web.nicepay.co.kr:443 Server Connect OK
 [2018-02-09 11:34:19] <23896> MSG_TO_SVR::[/lite/payProcess.jsp]
 [2018-02-09 11:34:19] <23896> TID -> [dublechi1m01011802091134190680]
 [2018-02-09 11:34:19] <23896> 3001[카드 결제 성공]
 [2018-02-09 11:34:19] <23896> END PYO  Laptime:[0.873sec]
 [2018-02-09 11:34:19] <23896> ===============================================================
 [2018-02-09 11:41:34] <33083> START NicepayLite PYO (V1.3.0B20171215(OS:Linux3.10.0-693.11.6.el7.x86_64,PHP:7.0.0p1))
 [2018-02-09 11:41:34] <33083> TID: dublechi1m01011802091141340868
 [2018-02-09 11:41:34] <33083> Connect to ssl://web.nicepay.co.kr:443
 [2018-02-09 11:41:34] <33083> ssl://web.nicepay.co.kr:443 Server Connect OK
 [2018-02-09 11:41:34] <33083> MSG_TO_SVR::[/lite/payProcess.jsp]
 [2018-02-09 11:41:57] <32484> START NicepayLite PYO (V1.3.0B20171215(OS:Linux3.10.0-693.11.6.el7.x86_64,PHP:7.0.0p1))
 [2018-02-09 11:41:57] <32484> TID: dublechi1m01011802091141571581
 [2018-02-09 11:41:57] <32484> Connect to ssl://web.nicepay.co.kr:443
 [2018-02-09 11:41:57] <32484> ssl://web.nicepay.co.kr:443 Server Connect OK
 [2018-02-09 11:41:57] <32484> MSG_TO_SVR::[/lite/payProcess.jsp]
 [2018-02-09 11:43:12] <39695> START NicepayLite PYO (V1.3.0B20171215(OS:Linux3.10.0-693.11.6.el7.x86_64,PHP:7.0.0p1))
 [2018-02-09 11:43:12] <39695> TID: dublechi1m01011802091143121920
 [2018-02-09 11:43:12] <39695> Connect to ssl://web.nicepay.co.kr:443
 [2018-02-09 11:43:12] <39695> ssl://web.nicepay.co.kr:443 Server Connect OK
 [2018-02-09 11:43:12] <39695> MSG_TO_SVR::[/lite/payProcess.jsp]
 [2018-02-09 11:48:15] <41805> START NicepayLite PYO (V1.3.0B20171215(OS:Linux3.10.0-693.11.6.el7.x86_64,PHP:7.0.0p1))
 [2018-02-09 11:48:15] <41805> TID: dublechi1m01011802091148155644
 [2018-02-09 11:48:15] <41805> Connect to ssl://web.nicepay.co.kr:443
 [2018-02-09 11:48:15] <41805> ssl://web.nicepay.co.kr:443 Server Connect OK
 [2018-02-09 11:48:15] <41805> MSG_TO_SVR::[/lite/payProcess.jsp]
 [2018-02-09 11:52:25] <56219> START NicepayLite PYO (V1.3.0B20171215(OS:Linux3.10.0-693.11.6.el7.x86_64,PHP:7.0.0p1))
 [2018-02-09 11:52:25] <56219> TID: dublechi1m01011802091152254939
 [2018-02-09 11:52:25] <56219> Connect to ssl://web.nicepay.co.kr:443
 [2018-02-09 11:52:25] <56219> ssl://web.nicepay.co.kr:443 Server Connect OK
 [2018-02-09 11:52:25] <56219> MSG_TO_SVR::[/lite/payProcess.jsp]
 [2018-02-09 11:55:06] <57340> START NicepayLite PYO (V1.3.0B20171215(OS:Linux3.10.0-693.11.6.el7.x86_64,PHP:7.0.0p1))
 [2018-02-09 11:55:06] <57340> TID: dublechi1m01011802091155061625
 [2018-02-09 11:55:06] <57340> Connect to ssl://web.nicepay.co.kr:443
 [2018-02-09 11:55:06] <57340> ssl://web.nicepay.co.kr:443 Server Connect OK
 [2018-02-09 11:55:06] <57340> MSG_TO_SVR::[/lite/payProcess.jsp]
 [2018-02-09 11:55:06] <57340> TID -> [dublechi1m01011802091155061625]
 [2018-02-09 11:55:06] <57340> 3001[카드 결제 성공]
 [2018-02-09 11:55:06] <57340> END PYO  Laptime:[0.672sec]
 [2018-02-09 11:55:06] <57340> ===============================================================
 [2018-02-09 11:58:34] <65259> START NicepayLite PYO (V1.3.0B20171215(OS:Linux3.10.0-693.11.6.el7.x86_64,PHP:7.0.0p1))
 [2018-02-09 11:58:34] <65259> TID: dublechi1m01011802091158345788
 [2018-02-09 11:58:34] <65259> Connect to ssl://web.nicepay.co.kr:443
 [2018-02-09 11:58:34] <65259> ssl://web.nicepay.co.kr:443 Server Connect OK
 [2018-02-09 11:58:34] <65259> MSG_TO_SVR::[/lite/payProcess.jsp]
 [2018-02-09 11:58:35] <65259> TID -> [dublechi1m01011802091158345788]
 [2018-02-09 11:58:35] <65259> 3001[카드 결제 성공]
 [2018-02-09 11:58:35] <65259> END PYO  Laptime:[0.843sec]
 [2018-02-09 11:58:35] <65259> ===============================================================
 [2018-02-09 12:06:45] <19344> START NicepayLite PYO (V1.3.0B20171215(OS:Linux3.10.0-693.11.6.el7.x86_64,PHP:7.0.0p1))
 [2018-02-09 12:06:45] <19344> TID: dublechi1m01011802091206451667
 [2018-02-09 12:06:45] <19344> Connect to ssl://web.nicepay.co.kr:443
 [2018-02-09 12:06:45] <19344> ssl://web.nicepay.co.kr:443 Server Connect OK
 [2018-02-09 12:06:45] <19344> MSG_TO_SVR::[/lite/payProcess.jsp]
 [2018-02-09 12:06:46] <19344> TID -> [dublechi1m01011802091206451667]
 [2018-02-09 12:06:46] <19344> 8326[카드사 한도문의]
 [2018-02-09 12:06:46] <19344> END PYO  Laptime:[0.89sec]
 [2018-02-09 12:06:46] <19344> ===============================================================
 [2018-02-09 12:07:20] <27271> START NicepayLite PYO (V1.3.0B20171215(OS:Linux3.10.0-693.11.6.el7.x86_64,PHP:7.0.0p1))
 [2018-02-09 12:07:20] <27271> TID: dublechi1m01011802091207209954
 [2018-02-09 12:07:20] <27271> Connect to ssl://web.nicepay.co.kr:443
 [2018-02-09 12:07:21] <27271> ssl://web.nicepay.co.kr:443 Server Connect OK
 [2018-02-09 12:07:21] <27271> MSG_TO_SVR::[/lite/payProcess.jsp]
 [2018-02-09 12:07:21] <27271> TID -> [dublechi1m01011802091207209954]
 [2018-02-09 12:07:21] <27271> 8326[카드사 한도문의]
 [2018-02-09 12:07:21] <27271> END PYO  Laptime:[0.794sec]
 [2018-02-09 12:07:21] <27271> ===============================================================
 [2018-02-09 12:10:24] <30139> START NicepayLite PYO (V1.3.0B20171215(OS:Linux3.10.0-693.11.6.el7.x86_64,PHP:7.0.0p1))
 [2018-02-09 12:10:24] <30139> TID: dublechi1m01011802091210241663
 [2018-02-09 12:10:24] <30139> Connect to ssl://web.nicepay.co.kr:443
 [2018-02-09 12:10:24] <30139> ssl://web.nicepay.co.kr:443 Server Connect OK
 [2018-02-09 12:10:24] <30139> MSG_TO_SVR::[/lite/payProcess.jsp]
 [2018-02-09 12:10:24] <30139> TID -> [dublechi1m01011802091210241663]
 [2018-02-09 12:10:24] <30139> 3001[카드 결제 성공]
 [2018-02-09 12:10:24] <30139> END PYO  Laptime:[0.865sec]
 [2018-02-09 12:10:24] <30139> ===============================================================
 [2018-02-09 12:12:55] <37273> START NicepayLite PYO (V1.3.0B20171215(OS:Linux3.10.0-693.11.6.el7.x86_64,PHP:7.0.0p1))
 [2018-02-09 12:12:55] <37273> TID: dublechi1m01011802091212555010
 [2018-02-09 12:12:55] <37273> Connect to ssl://web.nicepay.co.kr:443
 [2018-02-09 12:12:55] <37273> ssl://web.nicepay.co.kr:443 Server Connect OK
 [2018-02-09 12:12:55] <37273> MSG_TO_SVR::[/lite/payProcess.jsp]
 [2018-02-09 12:12:56] <37273> TID -> [dublechi1m01011802091212555010]
 [2018-02-09 12:12:56] <37273> 3001[카드 결제 성공]
 [2018-02-09 12:12:56] <37273> END PYO  Laptime:[0.768sec]
 [2018-02-09 12:12:56] <37273> ===============================================================
 [2018-02-09 12:17:45] <38330> START NicepayLite PYO (V1.3.0B20171215(OS:Linux3.10.0-693.11.6.el7.x86_64,PHP:7.0.0p1))
 [2018-02-09 12:17:45] <38330> TID: dublechi1m01011802091217457911
 [2018-02-09 12:17:45] <38330> Connect to ssl://web.nicepay.co.kr:443
 [2018-02-09 12:17:45] <38330> ssl://web.nicepay.co.kr:443 Server Connect OK
 [2018-02-09 12:17:45] <38330> MSG_TO_SVR::[/lite/payProcess.jsp]
 [2018-02-09 12:17:46] <38330> TID -> [dublechi1m01011802091217457911]
 [2018-02-09 12:17:46] <38330> 8900[CAVV데이터오류]
 [2018-02-09 12:17:46] <38330> END PYO  Laptime:[0.631sec]
 [2018-02-09 12:17:46] <38330> ===============================================================
 [2018-02-09 12:18:27] <37602> START NicepayLite PYO (V1.3.0B20171215(OS:Linux3.10.0-693.11.6.el7.x86_64,PHP:7.0.0p1))
 [2018-02-09 12:18:27] <37602> TID: dublechi1m01011802091218271658
 [2018-02-09 12:18:27] <37602> Connect to ssl://web.nicepay.co.kr:443
 [2018-02-09 12:18:27] <37602> ssl://web.nicepay.co.kr:443 Server Connect OK
 [2018-02-09 12:18:27] <37602> MSG_TO_SVR::[/lite/payProcess.jsp]
 [2018-02-09 12:18:27] <37602> TID -> [dublechi1m01011802091218271658]
 [2018-02-09 12:18:27] <37602> 3001[카드 결제 성공]
 [2018-02-09 12:18:27] <37602> END PYO  Laptime:[0.751sec]
 [2018-02-09 12:18:27] <37602> ===============================================================
 [2018-02-09 12:36:08] <16534> START NicepayLite PYO (V1.3.0B20171215(OS:Linux3.10.0-693.11.6.el7.x86_64,PHP:7.0.0p1))
 [2018-02-09 12:36:08] <16534> TID: dublechi1m01011802091236088079
 [2018-02-09 12:36:08] <16534> Connect to ssl://web.nicepay.co.kr:443
 [2018-02-09 12:36:08] <16534> ssl://web.nicepay.co.kr:443 Server Connect OK
 [2018-02-09 12:36:08] <16534> MSG_TO_SVR::[/lite/payProcess.jsp]
 [2018-02-09 12:36:09] <16534> TID -> [dublechi1m01011802091236088079]
 [2018-02-09 12:36:09] <16534> 3001[카드 결제 성공]
 [2018-02-09 12:36:09] <16534> END PYO  Laptime:[1.02sec]
 [2018-02-09 12:36:09] <16534> ===============================================================
 [2018-02-09 13:11:56] <30038> START NicepayLite PYO (V1.3.0B20171215(OS:Linux3.10.0-693.11.6.el7.x86_64,PHP:7.0.0p1))
 [2018-02-09 13:11:56] <30038> TID: dublechi1m01011802091311560739
 [2018-02-09 13:11:56] <30038> Connect to ssl://web.nicepay.co.kr:443
 [2018-02-09 13:11:56] <30038> ssl://web.nicepay.co.kr:443 Server Connect OK
 [2018-02-09 13:11:56] <30038> MSG_TO_SVR::[/lite/payProcess.jsp]
 [2018-02-09 13:11:57] <30038> TID -> [dublechi1m01011802091311560739]
 [2018-02-09 13:11:57] <30038> 3001[카드 결제 성공]
 [2018-02-09 13:11:57] <30038> END PYO  Laptime:[1.032sec]
 [2018-02-09 13:11:57] <30038> ===============================================================
 [2018-02-09 13:16:13] <32220> START NicepayLite PYO (V1.3.0B20171215(OS:Linux3.10.0-693.11.6.el7.x86_64,PHP:7.0.0p1))
 [2018-02-09 13:16:13] <32220> TID: dublechi1m01011802091316139417
 [2018-02-09 13:16:13] <32220> Connect to ssl://web.nicepay.co.kr:443
 [2018-02-09 13:16:13] <32220> ssl://web.nicepay.co.kr:443 Server Connect OK
 [2018-02-09 13:16:13] <32220> MSG_TO_SVR::[/lite/payProcess.jsp]
 [2018-02-09 13:16:14] <32220> TID -> [dublechi1m01011802091316139417]
 [2018-02-09 13:16:14] <32220> 8900[CAVV데이터오류]
 [2018-02-09 13:16:14] <32220> END PYO  Laptime:[0.758sec]
 [2018-02-09 13:16:14] <32220> ===============================================================
 [2018-02-09 13:51:21] <35016> START NicepayLite PYO (V1.3.0B20171215(OS:Linux3.10.0-693.11.6.el7.x86_64,PHP:7.0.0p1))
 [2018-02-09 13:51:21] <35016> TID: dublechi1m01011802091351210286
 [2018-02-09 13:51:21] <35016> Connect to ssl://web.nicepay.co.kr:443
 [2018-02-09 13:51:21] <35016> ssl://web.nicepay.co.kr:443 Server Connect OK
 [2018-02-09 13:51:21] <35016> MSG_TO_SVR::[/lite/payProcess.jsp]
 [2018-02-09 13:51:21] <35016> TID -> [dublechi1m01011802091351210286]
 [2018-02-09 13:51:21] <35016> 3001[카드 결제 성공]
 [2018-02-09 13:51:21] <35016> END PYO  Laptime:[0.927sec]
 [2018-02-09 13:51:21] <35016> ===============================================================
 [2018-02-09 13:53:27] <36751> START NicepayLite PYO (V1.3.0B20171215(OS:Linux3.10.0-693.11.6.el7.x86_64,PHP:7.0.0p1))
 [2018-02-09 13:53:27] <36751> TID: dublechi1m01011802091353278435
 [2018-02-09 13:53:27] <36751> Connect to ssl://web.nicepay.co.kr:443
 [2018-02-09 13:53:27] <36751> ssl://web.nicepay.co.kr:443 Server Connect OK
 [2018-02-09 13:53:27] <36751> MSG_TO_SVR::[/lite/payProcess.jsp]
 [2018-02-09 13:53:28] <36751> TID -> [dublechi1m01011802091353278435]
 [2018-02-09 13:53:28] <36751> 3001[카드 결제 성공]
 [2018-02-09 13:53:28] <36751> END PYO  Laptime:[0.915sec]
 [2018-02-09 13:53:28] <36751> ===============================================================
 [2018-02-09 13:56:12] <44407> START NicepayLite PYO (V1.3.0B20171215(OS:Linux3.10.0-693.11.6.el7.x86_64,PHP:7.0.0p1))
 [2018-02-09 13:56:12] <44407> TID: dublechi1m01011802091356128906
 [2018-02-09 13:56:12] <44407> Connect to ssl://web.nicepay.co.kr:443
 [2018-02-09 13:56:12] <44407> ssl://web.nicepay.co.kr:443 Server Connect OK
 [2018-02-09 13:56:12] <44407> MSG_TO_SVR::[/lite/payProcess.jsp]
 [2018-02-09 13:56:13] <44407> TID -> [dublechi1m01011802091356128906]
 [2018-02-09 13:56:13] <44407> 3001[카드 결제 성공]
 [2018-02-09 13:56:13] <44407> END PYO  Laptime:[0.781sec]
 [2018-02-09 13:56:13] <44407> ===============================================================
 [2018-02-09 13:58:52] <53701> START NicepayLite PYO (V1.3.0B20171215(OS:Linux3.10.0-693.11.6.el7.x86_64,PHP:7.0.0p1))
 [2018-02-09 13:58:52] <53701> TID: dublechi1m01011802091358527963
 [2018-02-09 13:58:52] <53701> Connect to ssl://web.nicepay.co.kr:443
 [2018-02-09 13:58:52] <53701> ssl://web.nicepay.co.kr:443 Server Connect OK
 [2018-02-09 13:58:52] <53701> MSG_TO_SVR::[/lite/payProcess.jsp]
 [2018-02-09 13:58:53] <53701> TID -> [dublechi1m01011802091358527963]
 [2018-02-09 13:58:53] <53701> 3001[카드 결제 성공]
 [2018-02-09 13:58:53] <53701> END PYO  Laptime:[0.92sec]
 [2018-02-09 13:58:53] <53701> ===============================================================
 [2018-02-09 14:06:32] <14193> START NicepayLite PYO (V1.3.0B20171215(OS:Linux3.10.0-693.11.6.el7.x86_64,PHP:7.0.0p1))
 [2018-02-09 14:06:32] <14193> TID: dublechi1m01011802091406327800
 [2018-02-09 14:06:32] <14193> Connect to ssl://web.nicepay.co.kr:443
 [2018-02-09 14:06:32] <14193> ssl://web.nicepay.co.kr:443 Server Connect OK
 [2018-02-09 14:06:32] <14193> MSG_TO_SVR::[/lite/payProcess.jsp]
 [2018-02-09 14:06:33] <14193> TID -> [dublechi1m01011802091406327800]
 [2018-02-09 14:06:33] <14193> 3001[카드 결제 성공]
 [2018-02-09 14:06:33] <14193> END PYO  Laptime:[0.743sec]
 [2018-02-09 14:06:33] <14193> ===============================================================
 [2018-02-09 15:08:15] <10311> START NicepayLite PYO (V1.3.0B20171215(OS:Linux3.10.0-693.11.6.el7.x86_64,PHP:7.0.0p1))
 [2018-02-09 15:08:15] <10311> TID: dublechi1m01011802091508158147
 [2018-02-09 15:08:15] <10311> Connect to ssl://web.nicepay.co.kr:443
 [2018-02-09 15:08:15] <10311> ssl://web.nicepay.co.kr:443 Server Connect OK
 [2018-02-09 15:08:15] <10311> MSG_TO_SVR::[/lite/payProcess.jsp]
 [2018-02-09 15:08:16] <10311> TID -> [dublechi1m01011802091508158147]
 [2018-02-09 15:08:16] <10311> 3001[카드 결제 성공]
 [2018-02-09 15:08:16] <10311> END PYO  Laptime:[0.973sec]
 [2018-02-09 15:08:16] <10311> ===============================================================
 [2018-02-09 15:42:22] <16706> START NicepayLite PYO (V1.3.0B20171215(OS:Linux3.10.0-693.11.6.el7.x86_64,PHP:7.0.0p1))
 [2018-02-09 15:42:22] <16706> TID: dublechi1m01011802091542228793
 [2018-02-09 15:42:22] <16706> Connect to ssl://web.nicepay.co.kr:443
 [2018-02-09 15:42:22] <16706> ssl://web.nicepay.co.kr:443 Server Connect OK
 [2018-02-09 15:42:22] <16706> MSG_TO_SVR::[/lite/payProcess.jsp]
 [2018-02-09 15:42:23] <16706> TID -> [dublechi1m01011802091542228793]
 [2018-02-09 15:42:23] <16706> 3001[카드 결제 성공]
 [2018-02-09 15:42:23] <16706> END PYO  Laptime:[0.71sec]
 [2018-02-09 15:42:23] <16706> ===============================================================
 [2018-02-09 15:53:48] <33618> START NicepayLite PYO (V1.3.0B20171215(OS:Linux3.10.0-693.11.6.el7.x86_64,PHP:7.0.0p1))
 [2018-02-09 15:53:48] <33618> TID: dublechi1m01011802091553485680
 [2018-02-09 15:53:48] <33618> Connect to ssl://web.nicepay.co.kr:443
 [2018-02-09 15:53:48] <33618> ssl://web.nicepay.co.kr:443 Server Connect OK
 [2018-02-09 15:53:48] <33618> MSG_TO_SVR::[/lite/payProcess.jsp]
 [2018-02-09 15:53:49] <33618> TID -> [dublechi1m01011802091553485680]
 [2018-02-09 15:53:49] <33618> 3001[카드 결제 성공]
 [2018-02-09 15:53:49] <33618> END PYO  Laptime:[1.003sec]
 [2018-02-09 15:53:49] <33618> ===============================================================
 [2018-02-09 15:56:09] <35630> START NicepayLite PYO (V1.3.0B20171215(OS:Linux3.10.0-693.11.6.el7.x86_64,PHP:7.0.0p1))
 [2018-02-09 15:56:09] <35630> TID: dublechi1m01011802091556095628
 [2018-02-09 15:56:09] <35630> Connect to ssl://web.nicepay.co.kr:443
 [2018-02-09 15:56:09] <35630> ssl://web.nicepay.co.kr:443 Server Connect OK
 [2018-02-09 15:56:09] <35630> MSG_TO_SVR::[/lite/payProcess.jsp]
 [2018-02-09 15:56:10] <35630> TID -> [dublechi1m01011802091556095628]
 [2018-02-09 15:56:10] <35630> 3001[카드 결제 성공]
 [2018-02-09 15:56:10] <35630> END PYO  Laptime:[0.766sec]
 [2018-02-09 15:56:10] <35630> ===============================================================
 [2018-02-09 16:00:50] <43467> START NicepayLite PYO (V1.3.0B20171215(OS:Linux3.10.0-693.11.6.el7.x86_64,PHP:7.0.0p1))
 [2018-02-09 16:00:50] <43467> TID: dublechi1m01011802091600503115
 [2018-02-09 16:00:50] <43467> Connect to ssl://web.nicepay.co.kr:443
 [2018-02-09 16:00:50] <43467> ssl://web.nicepay.co.kr:443 Server Connect OK
 [2018-02-09 16:00:50] <43467> MSG_TO_SVR::[/lite/payProcess.jsp]
 [2018-02-09 16:00:51] <43467> TID -> [dublechi1m01011802091600503115]
 [2018-02-09 16:00:51] <43467> 3001[카드 결제 성공]
 [2018-02-09 16:00:51] <43467> END PYO  Laptime:[0.989sec]
 [2018-02-09 16:00:51] <43467> ===============================================================
 [2018-02-09 16:02:02] <52077> START NicepayLite PYO (V1.3.0B20171215(OS:Linux3.10.0-693.11.6.el7.x86_64,PHP:7.0.0p1))
 [2018-02-09 16:02:02] <52077> TID: dublechi1m01011802091602021134
 [2018-02-09 16:02:02] <52077> Connect to ssl://web.nicepay.co.kr:443
 [2018-02-09 16:02:02] <52077> ssl://web.nicepay.co.kr:443 Server Connect OK
 [2018-02-09 16:02:02] <52077> MSG_TO_SVR::[/lite/payProcess.jsp]
 [2018-02-09 16:02:03] <52077> TID -> [dublechi1m01011802091602021134]
 [2018-02-09 16:02:03] <52077> 3001[카드 결제 성공]
 [2018-02-09 16:02:03] <52077> END PYO  Laptime:[0.927sec]
 [2018-02-09 16:02:03] <52077> ===============================================================
 [2018-02-09 16:23:06] <26938> START NicepayLite PYO (V1.3.0B20171215(OS:Linux3.10.0-693.11.6.el7.x86_64,PHP:7.0.0p1))
 [2018-02-09 16:23:06] <26938> TID: dublechi1m01011802091623066738
 [2018-02-09 16:23:06] <26938> Connect to ssl://web.nicepay.co.kr:443
 [2018-02-09 16:23:06] <26938> ssl://web.nicepay.co.kr:443 Server Connect OK
 [2018-02-09 16:23:06] <26938> MSG_TO_SVR::[/lite/payProcess.jsp]
 [2018-02-09 16:23:07] <26938> TID -> [dublechi1m01011802091623066738]
 [2018-02-09 16:23:07] <26938> 3001[카드 결제 성공]
 [2018-02-09 16:23:07] <26938> END PYO  Laptime:[0.999sec]
 [2018-02-09 16:23:07] <26938> ===============================================================
 [2018-02-09 16:30:43] <42340> START NicepayLite PYO (V1.3.0B20171215(OS:Linux3.10.0-693.11.6.el7.x86_64,PHP:7.0.0p1))
 [2018-02-09 16:30:43] <42340> TID: dublechi1m01011802091630435395
 [2018-02-09 16:30:43] <42340> Connect to ssl://web.nicepay.co.kr:443
 [2018-02-09 16:30:43] <42340> ssl://web.nicepay.co.kr:443 Server Connect OK
 [2018-02-09 16:30:43] <42340> MSG_TO_SVR::[/lite/payProcess.jsp]
 [2018-02-09 16:30:44] <42340> TID -> [dublechi1m01011802091630435395]
 [2018-02-09 16:30:44] <42340> 3001[카드 결제 성공]
 [2018-02-09 16:30:44] <42340> END PYO  Laptime:[1.074sec]
 [2018-02-09 16:30:44] <42340> ===============================================================
 [2018-02-09 16:41:14] <11089> START NicepayLite PYO (V1.3.0B20171215(OS:Linux3.10.0-693.11.6.el7.x86_64,PHP:7.0.0p1))
 [2018-02-09 16:41:14] <11089> TID: dublechi1m01011802091641141017
 [2018-02-09 16:41:14] <11089> Connect to ssl://web.nicepay.co.kr:443
 [2018-02-09 16:41:14] <11089> ssl://web.nicepay.co.kr:443 Server Connect OK
 [2018-02-09 16:41:14] <11089> MSG_TO_SVR::[/lite/payProcess.jsp]
 [2018-02-09 16:41:15] <11089> TID -> [dublechi1m01011802091641141017]
 [2018-02-09 16:41:15] <11089> 3001[카드 결제 성공]
 [2018-02-09 16:41:15] <11089> END PYO  Laptime:[0.974sec]
 [2018-02-09 16:41:15] <11089> ===============================================================
 [2018-02-09 16:42:57] <11089> START NicepayLite PYO (V1.3.0B20171215(OS:Linux3.10.0-693.11.6.el7.x86_64,PHP:7.0.0p1))
 [2018-02-09 16:42:57] <11089> TID: dublechi1m01011802091642572034
 [2018-02-09 16:42:57] <11089> Connect to ssl://web.nicepay.co.kr:443
 [2018-02-09 16:42:57] <11089> ssl://web.nicepay.co.kr:443 Server Connect OK
 [2018-02-09 16:42:57] <11089> MSG_TO_SVR::[/lite/payProcess.jsp]
 [2018-02-09 16:42:58] <11089> TID -> [dublechi1m01011802091642572034]
 [2018-02-09 16:42:58] <11089> 3001[카드 결제 성공]
 [2018-02-09 16:42:58] <11089> END PYO  Laptime:[0.773sec]
 [2018-02-09 16:42:58] <11089> ===============================================================
 [2018-02-09 16:45:04] <13877> START NicepayLite PYO (V1.3.0B20171215(OS:Linux3.10.0-693.11.6.el7.x86_64,PHP:7.0.0p1))
 [2018-02-09 16:45:04] <13877> TID: dublechi1m01011802091645042659
 [2018-02-09 16:45:04] <13877> Connect to ssl://web.nicepay.co.kr:443
 [2018-02-09 16:45:04] <13877> ssl://web.nicepay.co.kr:443 Server Connect OK
 [2018-02-09 16:45:04] <13877> MSG_TO_SVR::[/lite/payProcess.jsp]
 [2018-02-09 16:45:05] <13877> TID -> [dublechi1m01011802091645042659]
 [2018-02-09 16:45:05] <13877> 3001[카드 결제 성공]
 [2018-02-09 16:45:05] <13877> END PYO  Laptime:[0.963sec]
 [2018-02-09 16:45:05] <13877> ===============================================================
 [2018-02-09 17:06:39] <57491> START NicepayLite PYO (V1.3.0B20171215(OS:Linux3.10.0-693.11.6.el7.x86_64,PHP:7.0.0p1))
 [2018-02-09 17:06:39] <57491> TID: dublechi1m01011802091706396395
 [2018-02-09 17:06:39] <57491> Connect to ssl://web.nicepay.co.kr:443
 [2018-02-09 17:06:39] <57491> ssl://web.nicepay.co.kr:443 Server Connect OK
 [2018-02-09 17:06:39] <57491> MSG_TO_SVR::[/lite/payProcess.jsp]
 [2018-02-09 17:06:40] <57491> TID -> [dublechi1m01011802091706396395]
 [2018-02-09 17:06:40] <57491> 3001[카드 결제 성공]
 [2018-02-09 17:06:40] <57491> END PYO  Laptime:[0.958sec]
 [2018-02-09 17:06:40] <57491> ===============================================================
 [2018-02-09 17:16:20] <8601> START NicepayLite PYO (V1.3.0B20171215(OS:Linux3.10.0-693.11.6.el7.x86_64,PHP:7.0.0p1))
 [2018-02-09 17:16:20] <8601> TID: dublechi1m01011802091716205356
 [2018-02-09 17:16:20] <8601> Connect to ssl://web.nicepay.co.kr:443
 [2018-02-09 17:16:20] <8601> ssl://web.nicepay.co.kr:443 Server Connect OK
 [2018-02-09 17:16:20] <8601> MSG_TO_SVR::[/lite/payProcess.jsp]
 [2018-02-09 17:16:21] <8601> TID -> [dublechi1m01011802091716205356]
 [2018-02-09 17:16:21] <8601> 3001[카드 결제 성공]
 [2018-02-09 17:16:21] <8601> END PYO  Laptime:[1.038sec]
 [2018-02-09 17:16:21] <8601> ===============================================================
 [2018-02-09 17:19:32] <18083> START NicepayLite PYO (V1.3.0B20171215(OS:Linux3.10.0-693.11.6.el7.x86_64,PHP:7.0.0p1))
 [2018-02-09 17:19:32] <18083> TID: dublechi1m01011802091719326110
 [2018-02-09 17:19:32] <18083> Connect to ssl://web.nicepay.co.kr:443
 [2018-02-09 17:19:32] <18083> ssl://web.nicepay.co.kr:443 Server Connect OK
 [2018-02-09 17:19:32] <18083> MSG_TO_SVR::[/lite/payProcess.jsp]
 [2018-02-09 17:19:33] <18083> TID -> [dublechi1m01011802091719326110]
 [2018-02-09 17:19:33] <18083> 3001[카드 결제 성공]
 [2018-02-09 17:19:33] <18083> END PYO  Laptime:[0.966sec]
 [2018-02-09 17:19:33] <18083> ===============================================================
 [2018-02-09 17:29:52] <35074> START NicepayLite PYO (V1.3.0B20171215(OS:Linux3.10.0-693.11.6.el7.x86_64,PHP:7.0.0p1))
 [2018-02-09 17:29:52] <35074> TID: dublechi1m01011802091729521573
 [2018-02-09 17:29:52] <35074> Connect to ssl://web.nicepay.co.kr:443
 [2018-02-09 17:29:52] <35074> ssl://web.nicepay.co.kr:443 Server Connect OK
 [2018-02-09 17:29:52] <35074> MSG_TO_SVR::[/lite/payProcess.jsp]
 [2018-02-09 17:29:53] <35074> TID -> [dublechi1m01011802091729521573]
 [2018-02-09 17:29:53] <35074> 3001[카드 결제 성공]
 [2018-02-09 17:29:53] <35074> END PYO  Laptime:[0.919sec]
 [2018-02-09 17:29:53] <35074> ===============================================================
 [2018-02-09 17:55:00] <21293> START NicepayLite PYO (V1.3.0B20171215(OS:Linux3.10.0-693.11.6.el7.x86_64,PHP:7.0.0p1))
 [2018-02-09 17:55:00] <21293> TID: dublechi1m01011802091755009041
 [2018-02-09 17:55:00] <21293> Connect to ssl://web.nicepay.co.kr:443
 [2018-02-09 17:55:01] <21293> ssl://web.nicepay.co.kr:443 Server Connect OK
 [2018-02-09 17:55:01] <21293> MSG_TO_SVR::[/lite/payProcess.jsp]
 [2018-02-09 17:55:01] <21293> TID -> [dublechi1m01011802091755009041]
 [2018-02-09 17:55:01] <21293> 3001[카드 결제 성공]
 [2018-02-09 17:55:01] <21293> END PYO  Laptime:[0.97sec]
 [2018-02-09 17:55:01] <21293> ===============================================================
 [2018-02-09 17:55:09] <22980> START NicepayLite PYO (V1.3.0B20171215(OS:Linux3.10.0-693.11.6.el7.x86_64,PHP:7.0.0p1))
 [2018-02-09 17:55:09] <22980> TID: dublechi1m01011802091755099185
 [2018-02-09 17:55:09] <22980> Connect to ssl://web.nicepay.co.kr:443
 [2018-02-09 17:55:09] <22980> ssl://web.nicepay.co.kr:443 Server Connect OK
 [2018-02-09 17:55:09] <22980> MSG_TO_SVR::[/lite/payProcess.jsp]
 [2018-02-09 17:55:10] <22980> TID -> [dublechi1m01011802091755099185]
 [2018-02-09 17:55:10] <22980> 8900[CAVV데이터오류]
 [2018-02-09 17:55:10] <22980> END PYO  Laptime:[0.674sec]
 [2018-02-09 17:55:10] <22980> ===============================================================
 [2018-02-09 17:56:32] <30992> START NicepayLite PYO (V1.3.0B20171215(OS:Linux3.10.0-693.11.6.el7.x86_64,PHP:7.0.0p1))
 [2018-02-09 17:56:32] <30992> TID: dublechi1m01011802091756320604
 [2018-02-09 17:56:32] <30992> Connect to ssl://web.nicepay.co.kr:443
 [2018-02-09 17:56:32] <30992> ssl://web.nicepay.co.kr:443 Server Connect OK
 [2018-02-09 17:56:32] <30992> MSG_TO_SVR::[/lite/payProcess.jsp]
 [2018-02-09 17:56:32] <30992> TID -> [dublechi1m01011802091756320604]
 [2018-02-09 17:56:32] <30992> 3001[카드 결제 성공]
 [2018-02-09 17:56:32] <30992> END PYO  Laptime:[0.951sec]
 [2018-02-09 17:56:32] <30992> ===============================================================
 [2018-02-09 18:05:40] <51441> START NicepayLite PYO (V1.3.0B20171215(OS:Linux3.10.0-693.11.6.el7.x86_64,PHP:7.0.0p1))
 [2018-02-09 18:05:40] <51441> TID: dublechi1m01011802091805401543
 [2018-02-09 18:05:40] <51441> Connect to ssl://web.nicepay.co.kr:443
 [2018-02-09 18:05:40] <51441> ssl://web.nicepay.co.kr:443 Server Connect OK
 [2018-02-09 18:05:40] <51441> MSG_TO_SVR::[/lite/payProcess.jsp]
 [2018-02-09 18:05:40] <51441> TID -> [dublechi1m01011802091805401543]
 [2018-02-09 18:05:40] <51441> 3001[카드 결제 성공]
 [2018-02-09 18:05:40] <51441> END PYO  Laptime:[0.722sec]
 [2018-02-09 18:05:40] <51441> ===============================================================
 [2018-02-09 18:07:25] <60392> START NicepayLite PYO (V1.3.0B20171215(OS:Linux3.10.0-693.11.6.el7.x86_64,PHP:7.0.0p1))
 [2018-02-09 18:07:25] <60392> TID: dublechi1m01011802091807251946
 [2018-02-09 18:07:25] <60392> Connect to ssl://web.nicepay.co.kr:443
 [2018-02-09 18:07:25] <60392> ssl://web.nicepay.co.kr:443 Server Connect OK
 [2018-02-09 18:07:25] <60392> MSG_TO_SVR::[/lite/payProcess.jsp]
 [2018-02-09 18:07:26] <60392> TID -> [dublechi1m01011802091807251946]
 [2018-02-09 18:07:26] <60392> 3001[카드 결제 성공]
 [2018-02-09 18:07:26] <60392> END PYO  Laptime:[1.031sec]
 [2018-02-09 18:07:26] <60392> ===============================================================
 [2018-02-09 18:20:54] <14315> START NicepayLite PYO (V1.3.0B20171215(OS:Linux3.10.0-693.11.6.el7.x86_64,PHP:7.0.0p1))
 [2018-02-09 18:20:54] <14315> TID: dublechi1m01011802091820547766
 [2018-02-09 18:20:54] <14315> Connect to ssl://web.nicepay.co.kr:443
 [2018-02-09 18:20:54] <14315> ssl://web.nicepay.co.kr:443 Server Connect OK
 [2018-02-09 18:20:54] <14315> MSG_TO_SVR::[/lite/payProcess.jsp]
 [2018-02-09 18:20:55] <14315> TID -> [dublechi1m01011802091820547766]
 [2018-02-09 18:20:55] <14315> 3001[카드 결제 성공]
 [2018-02-09 18:20:55] <14315> END PYO  Laptime:[0.902sec]
 [2018-02-09 18:20:55] <14315> ===============================================================
 [2018-02-09 18:21:18] <15196> START NicepayLite PYO (V1.3.0B20171215(OS:Linux3.10.0-693.11.6.el7.x86_64,PHP:7.0.0p1))
 [2018-02-09 18:21:18] <15196> TID: dublechi1m01011802091821181454
 [2018-02-09 18:21:18] <15196> Connect to ssl://web.nicepay.co.kr:443
 [2018-02-09 18:21:18] <15196> ssl://web.nicepay.co.kr:443 Server Connect OK
 [2018-02-09 18:21:18] <15196> MSG_TO_SVR::[/lite/payProcess.jsp]
 [2018-02-09 18:21:18] <15196> TID -> [dublechi1m01011802091821181454]
 [2018-02-09 18:21:18] <15196> 8900[CAVV데이터오류]
 [2018-02-09 18:21:18] <15196> END PYO  Laptime:[0.661sec]
 [2018-02-09 18:21:18] <15196> ===============================================================
 [2018-02-09 18:22:17] <14367> START NicepayLite PYO (V1.3.0B20171215(OS:Linux3.10.0-693.11.6.el7.x86_64,PHP:7.0.0p1))
 [2018-02-09 18:22:17] <14367> TID: dublechi1m01011802091822175204
 [2018-02-09 18:22:17] <14367> Connect to ssl://web.nicepay.co.kr:443
 [2018-02-09 18:22:17] <14367> ssl://web.nicepay.co.kr:443 Server Connect OK
 [2018-02-09 18:22:17] <14367> MSG_TO_SVR::[/lite/payProcess.jsp]
 [2018-02-09 18:22:18] <14367> TID -> [dublechi1m01011802091822175204]
 [2018-02-09 18:22:18] <14367> 3001[카드 결제 성공]
 [2018-02-09 18:22:18] <14367> END PYO  Laptime:[0.998sec]
 [2018-02-09 18:22:18] <14367> ===============================================================
