 [2018-02-14 12:14:55] <53200> START NicepayLite PYO (V1.3.0B20171215(OS:Linux3.10.0-693.11.6.el7.x86_64,PHP:7.0.0p1))
 [2018-02-14 12:14:55] <53200> TID: dublechi1m01011802141214555473
 [2018-02-14 12:14:55] <53200> Connect to ssl://web.nicepay.co.kr:443
 [2018-02-14 12:14:55] <53200> ssl://web.nicepay.co.kr:443 Server Connect OK
 [2018-02-14 12:14:55] <53200> MSG_TO_SVR::[/lite/payProcess.jsp]
 [2018-02-14 12:14:56] <53200> TID -> [dublechi1m01011802141214555473]
 [2018-02-14 12:14:56] <53200> 3001[카드 결제 성공]
 [2018-02-14 12:14:56] <53200> END PYO  Laptime:[1.04sec]
 [2018-02-14 12:14:56] <53200> ===============================================================
 [2018-02-14 12:18:30] <60692> START NicepayLite PYO (V1.3.0B20171215(OS:Linux3.10.0-693.11.6.el7.x86_64,PHP:7.0.0p1))
 [2018-02-14 12:18:30] <60692> TID: dublechi1m01011802141218305405
 [2018-02-14 12:18:30] <60692> Connect to ssl://web.nicepay.co.kr:443
 [2018-02-14 12:18:30] <60692> ssl://web.nicepay.co.kr:443 Server Connect OK
 [2018-02-14 12:18:30] <60692> MSG_TO_SVR::[/lite/payProcess.jsp]
 [2018-02-14 12:18:31] <60692> TID -> [dublechi1m01011802141218305405]
 [2018-02-14 12:18:31] <60692> 3001[카드 결제 성공]
 [2018-02-14 12:18:31] <60692> END PYO  Laptime:[0.969sec]
 [2018-02-14 12:18:31] <60692> ===============================================================
 [2018-02-14 15:01:38] <45803> START NicepayLite PYO (V1.3.0B20171215(OS:Linux3.10.0-693.11.6.el7.x86_64,PHP:7.0.0p1))
 [2018-02-14 15:01:38] <45803> TID: dublechi1m01011802141501382685
 [2018-02-14 15:01:38] <45803> Connect to ssl://web.nicepay.co.kr:443
 [2018-02-14 15:01:38] <45803> ssl://web.nicepay.co.kr:443 Server Connect OK
 [2018-02-14 15:01:38] <45803> MSG_TO_SVR::[/lite/payProcess.jsp]
 [2018-02-14 15:01:39] <45803> TID -> [dublechi1m01011802141501382685]
 [2018-02-14 15:01:39] <45803> 3001[카드 결제 성공]
 [2018-02-14 15:01:39] <45803> END PYO  Laptime:[1.121sec]
 [2018-02-14 15:01:39] <45803> ===============================================================
 [2018-02-14 15:08:17] <10672> START NicepayLite PYO (V1.3.0B20171215(OS:Linux3.10.0-693.11.6.el7.x86_64,PHP:7.0.0p1))
 [2018-02-14 15:08:17] <10672> TID: dublechi1m01011802141508174883
 [2018-02-14 15:08:17] <10672> Connect to ssl://web.nicepay.co.kr:443
 [2018-02-14 15:08:17] <10672> ssl://web.nicepay.co.kr:443 Server Connect OK
 [2018-02-14 15:08:17] <10672> MSG_TO_SVR::[/lite/payProcess.jsp]
 [2018-02-14 15:08:18] <10672> TID -> [dublechi1m01011802141508174883]
 [2018-02-14 15:08:18] <10672> 3001[카드 결제 성공]
 [2018-02-14 15:08:18] <10672> END PYO  Laptime:[1.115sec]
 [2018-02-14 15:08:18] <10672> ===============================================================
 [2018-02-14 15:16:12] <20541> START NicepayLite PYO (V1.3.0B20171215(OS:Linux3.10.0-693.11.6.el7.x86_64,PHP:7.0.0p1))
 [2018-02-14 15:16:12] <20541> TID: dublechi1m01011802141516121902
 [2018-02-14 15:16:12] <20541> Connect to ssl://web.nicepay.co.kr:443
 [2018-02-14 15:16:12] <20541> ssl://web.nicepay.co.kr:443 Server Connect OK
 [2018-02-14 15:16:12] <20541> MSG_TO_SVR::[/lite/payProcess.jsp]
 [2018-02-14 15:16:13] <20541> TID -> [dublechi1m01011802141516121902]
 [2018-02-14 15:16:13] <20541> 3001[카드 결제 성공]
 [2018-02-14 15:16:13] <20541> END PYO  Laptime:[0.971sec]
 [2018-02-14 15:16:13] <20541> ===============================================================
 [2018-02-14 15:19:49] <30037> START NicepayLite PYO (V1.3.0B20171215(OS:Linux3.10.0-693.11.6.el7.x86_64,PHP:7.0.0p1))
 [2018-02-14 15:19:49] <30037> TID: dublechi1m01011802141519492988
 [2018-02-14 15:19:49] <30037> Connect to ssl://web.nicepay.co.kr:443
 [2018-02-14 15:19:49] <30037> ssl://web.nicepay.co.kr:443 Server Connect OK
 [2018-02-14 15:19:49] <30037> MSG_TO_SVR::[/lite/payProcess.jsp]
 [2018-02-14 15:19:50] <30037> TID -> [dublechi1m01011802141519492988]
 [2018-02-14 15:19:50] <30037> 3001[카드 결제 성공]
 [2018-02-14 15:19:50] <30037> END PYO  Laptime:[1.025sec]
 [2018-02-14 15:19:50] <30037> ===============================================================
 [2018-02-14 15:21:08] <30382> START NicepayLite PYO (V1.3.0B20171215(OS:Linux3.10.0-693.11.6.el7.x86_64,PHP:7.0.0p1))
 [2018-02-14 15:21:08] <30382> TID: dublechi1m01011802141521085282
 [2018-02-14 15:21:08] <30382> Connect to ssl://web.nicepay.co.kr:443
 [2018-02-14 15:21:08] <30382> ssl://web.nicepay.co.kr:443 Server Connect OK
 [2018-02-14 15:21:08] <30382> MSG_TO_SVR::[/lite/payProcess.jsp]
 [2018-02-14 15:21:09] <30382> TID -> [dublechi1m01011802141521085282]
 [2018-02-14 15:21:09] <30382> 3001[카드 결제 성공]
 [2018-02-14 15:21:09] <30382> END PYO  Laptime:[0.972sec]
 [2018-02-14 15:21:09] <30382> ===============================================================
 [2018-02-14 15:26:50] <45178> START NicepayLite PYO (V1.3.0B20171215(OS:Linux3.10.0-693.11.6.el7.x86_64,PHP:7.0.0p1))
 [2018-02-14 15:26:50] <45178> TID: dublechi1m01011802141526502749
 [2018-02-14 15:26:50] <45178> Connect to ssl://web.nicepay.co.kr:443
 [2018-02-14 15:26:50] <45178> ssl://web.nicepay.co.kr:443 Server Connect OK
 [2018-02-14 15:26:50] <45178> MSG_TO_SVR::[/lite/payProcess.jsp]
 [2018-02-14 15:26:51] <45178> TID -> [dublechi1m01011802141526502749]
 [2018-02-14 15:26:51] <45178> 3001[카드 결제 성공]
 [2018-02-14 15:26:51] <45178> END PYO  Laptime:[0.894sec]
 [2018-02-14 15:26:51] <45178> ===============================================================
