 [2018-03-06 10:40:16] <48984> START NicepayLite PYO (V1.3.0B20171215(OS:Linux3.10.0-693.11.6.el7.x86_64,PHP:7.0.0p1))
 [2018-03-06 10:40:16] <48984> TID: dublechi1m01011803061040161512
 [2018-03-06 10:40:16] <48984> Connect to ssl://web.nicepay.co.kr:443
 [2018-03-06 10:40:16] <48984> ssl://web.nicepay.co.kr:443 Server Connect OK
 [2018-03-06 10:40:16] <48984> MSG_TO_SVR::[/lite/payProcess.jsp]
 [2018-03-06 10:40:16] <48984> TID -> [dublechi1m01011803061040161512]
 [2018-03-06 10:40:16] <48984> 8906[PG하위몰 사업자번호 오류]
 [2018-03-06 10:40:16] <48984> END PYO  Laptime:[0.639sec]
 [2018-03-06 10:40:16] <48984> ===============================================================
 [2018-03-06 10:42:52] <55986> START NicepayLite PYO (V1.3.0B20171215(OS:Linux3.10.0-693.11.6.el7.x86_64,PHP:7.0.0p1))
 [2018-03-06 10:42:52] <55986> TID: dublechi1m01011803061042521365
 [2018-03-06 10:42:52] <55986> Connect to ssl://web.nicepay.co.kr:443
 [2018-03-06 10:42:52] <55986> ssl://web.nicepay.co.kr:443 Server Connect OK
 [2018-03-06 10:42:52] <55986> MSG_TO_SVR::[/lite/payProcess.jsp]
 [2018-03-06 10:42:53] <55986> TID -> [dublechi1m01011803061042521365]
 [2018-03-06 10:42:53] <55986> 3001[카드 결제 성공]
 [2018-03-06 10:42:53] <55986> END PYO  Laptime:[0.941sec]
 [2018-03-06 10:42:53] <55986> ===============================================================
 [2018-03-06 10:44:58] <56704> START NicepayLite PYO (V1.3.0B20171215(OS:Linux3.10.0-693.11.6.el7.x86_64,PHP:7.0.0p1))
 [2018-03-06 10:44:58] <56704> TID: dublechi1m01011803061044587034
 [2018-03-06 10:44:58] <56704> Connect to ssl://web.nicepay.co.kr:443
 [2018-03-06 10:44:58] <56704> ssl://web.nicepay.co.kr:443 Server Connect OK
 [2018-03-06 10:44:58] <56704> MSG_TO_SVR::[/lite/payProcess.jsp]
 [2018-03-06 10:44:59] <56704> TID -> [dublechi1m01011803061044587034]
 [2018-03-06 10:44:59] <56704> 8906[PG하위몰 사업자번호 오류]
 [2018-03-06 10:44:59] <56704> END PYO  Laptime:[0.544sec]
 [2018-03-06 10:44:59] <56704> ===============================================================
