 [2018-04-02 18:37:20] <50073> START NicepayLite PYO (V1.3.0B20171215(OS:Linux3.10.0-693.11.6.el7.x86_64,PHP:7.0.0p1))
 [2018-04-02 18:37:20] <50073> TID: dublechi1m01011804021837205263
 [2018-04-02 18:37:20] <50073> Connect to ssl://web.nicepay.co.kr:443
 [2018-04-02 18:37:20] <50073> ssl://web.nicepay.co.kr:443 Server Connect OK
 [2018-04-02 18:37:20] <50073> MSG_TO_SVR::[/lite/payProcess.jsp]
 [2018-04-02 18:37:21] <50073> TID -> [dublechi1m01011804021837205263]
 [2018-04-02 18:37:21] <50073> 3001[카드 결제 성공]
 [2018-04-02 18:37:21] <50073> END PYO  Laptime:[1.255sec]
 [2018-04-02 18:37:21] <50073> ===============================================================
 [2018-04-02 18:38:27] <50072> START NicepayLite PYO (V1.3.0B20171215(OS:Linux3.10.0-693.11.6.el7.x86_64,PHP:7.0.0p1))
 [2018-04-02 18:38:27] <50072> TID: dublechi1m01011804021838278855
 [2018-04-02 18:38:27] <50072> Connect to ssl://web.nicepay.co.kr:443
 [2018-04-02 18:38:27] <50072> ssl://web.nicepay.co.kr:443 Server Connect OK
 [2018-04-02 18:38:27] <50072> MSG_TO_SVR::[/lite/payProcess.jsp]
 [2018-04-02 18:38:28] <50072> TID -> [dublechi1m01011804021838278855]
 [2018-04-02 18:38:28] <50072> 3001[카드 결제 성공]
 [2018-04-02 18:38:28] <50072> END PYO  Laptime:[0.988sec]
 [2018-04-02 18:38:28] <50072> ===============================================================
 [2018-04-02 18:41:25] <52118> START NicepayLite PYO (V1.3.0B20171215(OS:Linux3.10.0-693.11.6.el7.x86_64,PHP:7.0.0p1))
 [2018-04-02 18:41:25] <52118> TID: dublechi1m01011804021841252080
 [2018-04-02 18:41:25] <52118> Connect to ssl://web.nicepay.co.kr:443
 [2018-04-02 18:41:25] <52118> ssl://web.nicepay.co.kr:443 Server Connect OK
 [2018-04-02 18:41:25] <52118> MSG_TO_SVR::[/lite/payProcess.jsp]
 [2018-04-02 18:41:26] <52118> TID -> [dublechi1m01011804021841252080]
 [2018-04-02 18:41:26] <52118> 3001[카드 결제 성공]
 [2018-04-02 18:41:26] <52118> END PYO  Laptime:[1.133sec]
 [2018-04-02 18:41:26] <52118> ===============================================================
 [2018-04-02 18:52:54] <5559> START NicepayLite PYO (V1.3.0B20171215(OS:Linux3.10.0-693.11.6.el7.x86_64,PHP:7.0.0p1))
 [2018-04-02 18:52:54] <5559> TID: dublechi1m01011804021852549913
 [2018-04-02 18:52:54] <5559> Connect to ssl://web.nicepay.co.kr:443
 [2018-04-02 18:52:54] <5559> ssl://web.nicepay.co.kr:443 Server Connect OK
 [2018-04-02 18:52:54] <5559> MSG_TO_SVR::[/lite/payProcess.jsp]
 [2018-04-02 18:52:55] <5559> TID -> [dublechi1m01011804021852549913]
 [2018-04-02 18:52:55] <5559> 3001[카드 결제 성공]
 [2018-04-02 18:52:55] <5559> END PYO  Laptime:[0.983sec]
 [2018-04-02 18:52:55] <5559> ===============================================================
