 [2018-02-07 13:42:49] <23389> START NicepayLite PYO (V1.3.0B20171215(OS:Linux3.10.0-693.11.6.el7.x86_64,PHP:7.0.0p1))
 [2018-02-07 13:42:49] <23389> TID: dublechi1m01011802071342494394
 [2018-02-07 13:42:49] <23389> Connect to ssl://web.nicepay.co.kr:443
 [2018-02-07 13:42:49] <23389> ssl://web.nicepay.co.kr:443 Server Connect OK
 [2018-02-07 13:42:49] <23389> MSG_TO_SVR::[/lite/payProcess.jsp]
 [2018-02-07 13:42:50] <23389> TID -> [dublechi1m01011802071342494394]
 [2018-02-07 13:42:50] <23389> 3001[카드 결제 성공]
 [2018-02-07 13:42:50] <23389> END PYO  Laptime:[1.038sec]
 [2018-02-07 13:42:50] <23389> ===============================================================
 [2018-02-07 13:44:18] <22719> START NicepayLite PYO (V1.3.0B20171215(OS:Linux3.10.0-693.11.6.el7.x86_64,PHP:7.0.0p1))
 [2018-02-07 13:44:18] <22719> TID: dublechi1m01011802071344180916
 [2018-02-07 13:44:18] <22719> Connect to ssl://web.nicepay.co.kr:443
 [2018-02-07 13:44:18] <22719> ssl://web.nicepay.co.kr:443 Server Connect OK
 [2018-02-07 13:44:18] <22719> MSG_TO_SVR::[/lite/payProcess.jsp]
 [2018-02-07 13:44:18] <22719> TID -> [dublechi1m01011802071344180916]
 [2018-02-07 13:44:18] <22719> 8900[CAVV데이터오류]
 [2018-02-07 13:44:18] <22719> END PYO  Laptime:[0.588sec]
 [2018-02-07 13:44:18] <22719> ===============================================================
 [2018-02-07 14:31:24] <46684> START NicepayLite PYO (V1.3.0B20171215(OS:Linux3.10.0-693.11.6.el7.x86_64,PHP:7.0.0p1))
 [2018-02-07 14:31:24] <46684> TID: dublechi1m01011802071431244645
 [2018-02-07 14:31:24] <46684> Connect to ssl://web.nicepay.co.kr:443
 [2018-02-07 14:31:24] <46684> ssl://web.nicepay.co.kr:443 Server Connect OK
 [2018-02-07 14:31:24] <46684> MSG_TO_SVR::[/lite/payProcess.jsp]
 [2018-02-07 14:31:25] <46684> TID -> [dublechi1m01011802071431244645]
 [2018-02-07 14:31:25] <46684> 3001[카드 결제 성공]
 [2018-02-07 14:31:25] <46684> END PYO  Laptime:[1.094sec]
 [2018-02-07 14:31:25] <46684> ===============================================================
 [2018-02-07 14:31:56] <46684> START NicepayLite PYO (V1.3.0B20171215(OS:Linux3.10.0-693.11.6.el7.x86_64,PHP:7.0.0p1))
 [2018-02-07 14:31:56] <46684> TID: dublechi1m01011802071431561842
 [2018-02-07 14:31:56] <46684> Connect to ssl://web.nicepay.co.kr:443
 [2018-02-07 14:31:56] <46684> ssl://web.nicepay.co.kr:443 Server Connect OK
 [2018-02-07 14:31:56] <46684> MSG_TO_SVR::[/lite/payProcess.jsp]
 [2018-02-07 14:31:56] <46684> TID -> [dublechi1m01011802071431561842]
 [2018-02-07 14:31:56] <46684> 8900[CAVV데이터오류]
 [2018-02-07 14:31:56] <46684> END PYO  Laptime:[0.56sec]
 [2018-02-07 14:31:56] <46684> ===============================================================
 [2018-02-07 15:26:58] <22073> START NicepayLite PYO (V1.3.0B20171215(OS:Linux3.10.0-693.11.6.el7.x86_64,PHP:7.0.0p1))
 [2018-02-07 15:26:58] <22073> TID: dublechi1m01011802071526587605
 [2018-02-07 15:26:58] <22073> Connect to ssl://web.nicepay.co.kr:443
 [2018-02-07 15:26:58] <22073> ssl://web.nicepay.co.kr:443 Server Connect OK
 [2018-02-07 15:26:58] <22073> MSG_TO_SVR::[/lite/payProcess.jsp]
 [2018-02-07 15:26:59] <22073> TID -> [dublechi1m01011802071526587605]
 [2018-02-07 15:26:59] <22073> 3001[카드 결제 성공]
 [2018-02-07 15:26:59] <22073> END PYO  Laptime:[0.97sec]
 [2018-02-07 15:26:59] <22073> ===============================================================
 [2018-02-07 16:23:52] <50289> START NicepayLite PYO (V1.3.0B20171215(OS:Linux3.10.0-693.11.6.el7.x86_64,PHP:7.0.0p1))
 [2018-02-07 16:23:52] <50289> TID: dublechi1m01011802071623521184
 [2018-02-07 16:23:52] <50289> Connect to ssl://web.nicepay.co.kr:443
 [2018-02-07 16:23:52] <50289> ssl://web.nicepay.co.kr:443 Server Connect OK
 [2018-02-07 16:23:52] <50289> MSG_TO_SVR::[/lite/payProcess.jsp]
 [2018-02-07 16:23:53] <50289> TID -> [dublechi1m01011802071623521184]
 [2018-02-07 16:23:53] <50289> 3001[카드 결제 성공]
 [2018-02-07 16:23:53] <50289> END PYO  Laptime:[0.839sec]
 [2018-02-07 16:23:53] <50289> ===============================================================
 [2018-02-07 16:48:24] <45271> START NicepayLite PYO (V1.3.0B20171215(OS:Linux3.10.0-693.11.6.el7.x86_64,PHP:7.0.0p1))
 [2018-02-07 16:48:24] <45271> TID: dublechi1m01011802071648246316
 [2018-02-07 16:48:24] <45271> Connect to ssl://web.nicepay.co.kr:443
 [2018-02-07 16:48:24] <45271> ssl://web.nicepay.co.kr:443 Server Connect OK
 [2018-02-07 16:48:24] <45271> MSG_TO_SVR::[/lite/payProcess.jsp]
 [2018-02-07 16:48:25] <45271> TID -> [dublechi1m01011802071648246316]
 [2018-02-07 16:48:25] <45271> 3001[카드 결제 성공]
 [2018-02-07 16:48:25] <45271> END PYO  Laptime:[0.985sec]
 [2018-02-07 16:48:25] <45271> ===============================================================
 [2018-02-07 17:25:53] <43190> START NicepayLite PYO (V1.3.0B20171215(OS:Linux3.10.0-693.11.6.el7.x86_64,PHP:7.0.0p1))
 [2018-02-07 17:25:53] <43190> TID: dublechi1m01011802071725539798
 [2018-02-07 17:25:53] <43190> Connect to ssl://web.nicepay.co.kr:443
 [2018-02-07 17:25:53] <43190> ssl://web.nicepay.co.kr:443 Server Connect OK
 [2018-02-07 17:25:53] <43190> MSG_TO_SVR::[/lite/payProcess.jsp]
 [2018-02-07 17:25:54] <43190> TID -> [dublechi1m01011802071725539798]
 [2018-02-07 17:25:54] <43190> 3001[카드 결제 성공]
 [2018-02-07 17:25:54] <43190> END PYO  Laptime:[0.998sec]
 [2018-02-07 17:25:54] <43190> ===============================================================
 [2018-02-07 17:30:18] <50963> START NicepayLite PYO (V1.3.0B20171215(OS:Linux3.10.0-693.11.6.el7.x86_64,PHP:7.0.0p1))
 [2018-02-07 17:30:18] <50963> TID: dublechi1m01011802071730185251
 [2018-02-07 17:30:18] <50963> Connect to ssl://web.nicepay.co.kr:443
 [2018-02-07 17:30:18] <50963> ssl://web.nicepay.co.kr:443 Server Connect OK
 [2018-02-07 17:30:18] <50963> MSG_TO_SVR::[/lite/payProcess.jsp]
 [2018-02-07 17:30:22] <50963> TID -> [dublechi1m01011802071730185251]
 [2018-02-07 17:30:22] <50963> 3001[카드 결제 성공]
 [2018-02-07 17:30:22] <50963> END PYO  Laptime:[3.464sec]
 [2018-02-07 17:30:22] <50963> ===============================================================
 [2018-02-07 17:54:26] <31230> START NicepayLite PYO (V1.3.0B20171215(OS:Linux3.10.0-693.11.6.el7.x86_64,PHP:7.0.0p1))
 [2018-02-07 17:54:26] <31230> TID: dublechi1m01011802071754268326
 [2018-02-07 17:54:26] <31230> Connect to ssl://web.nicepay.co.kr:443
 [2018-02-07 17:54:26] <31230> ssl://web.nicepay.co.kr:443 Server Connect OK
 [2018-02-07 17:54:26] <31230> MSG_TO_SVR::[/lite/payProcess.jsp]
 [2018-02-07 17:54:27] <31230> TID -> [dublechi1m01011802071754268326]
 [2018-02-07 17:54:27] <31230> 3001[카드 결제 성공]
 [2018-02-07 17:54:27] <31230> END PYO  Laptime:[0.943sec]
 [2018-02-07 17:54:27] <31230> ===============================================================
 [2018-02-07 17:55:26] <29993> START NicepayLite PYO (V1.3.0B20171215(OS:Linux3.10.0-693.11.6.el7.x86_64,PHP:7.0.0p1))
 [2018-02-07 17:55:26] <29993> TID: dublechi1m01011802071755266999
 [2018-02-07 17:55:26] <29993> Connect to ssl://web.nicepay.co.kr:443
 [2018-02-07 17:55:26] <29993> ssl://web.nicepay.co.kr:443 Server Connect OK
 [2018-02-07 17:55:26] <29993> MSG_TO_SVR::[/lite/payProcess.jsp]
 [2018-02-07 17:55:27] <29993> TID -> [dublechi1m01011802071755266999]
 [2018-02-07 17:55:27] <29993> 3001[카드 결제 성공]
 [2018-02-07 17:55:27] <29993> END PYO  Laptime:[0.824sec]
 [2018-02-07 17:55:27] <29993> ===============================================================
 [2018-02-07 18:07:35] <65022> START NicepayLite PYO (V1.3.0B20171215(OS:Linux3.10.0-693.11.6.el7.x86_64,PHP:7.0.0p1))
 [2018-02-07 18:07:35] <65022> TID: dublechi1m01011802071807356378
 [2018-02-07 18:07:35] <65022> Connect to ssl://web.nicepay.co.kr:443
 [2018-02-07 18:07:35] <65022> ssl://web.nicepay.co.kr:443 Server Connect OK
 [2018-02-07 18:07:35] <65022> MSG_TO_SVR::[/lite/payProcess.jsp]
 [2018-02-07 18:07:36] <65022> TID -> [dublechi1m01011802071807356378]
 [2018-02-07 18:07:36] <65022> 3001[카드 결제 성공]
 [2018-02-07 18:07:36] <65022> END PYO  Laptime:[0.726sec]
 [2018-02-07 18:07:36] <65022> ===============================================================
 [2018-02-07 18:25:22] <27561> START NicepayLite PYO (V1.3.0B20171215(OS:Linux3.10.0-693.11.6.el7.x86_64,PHP:7.0.0p1))
 [2018-02-07 18:25:22] <27561> TID: dublechi1m01011802071825225734
 [2018-02-07 18:25:22] <27561> Connect to ssl://web.nicepay.co.kr:443
 [2018-02-07 18:25:22] <27561> ssl://web.nicepay.co.kr:443 Server Connect OK
 [2018-02-07 18:25:22] <27561> MSG_TO_SVR::[/lite/payProcess.jsp]
 [2018-02-07 18:25:23] <27561> TID -> [dublechi1m01011802071825225734]
 [2018-02-07 18:25:23] <27561> 3001[카드 결제 성공]
 [2018-02-07 18:25:23] <27561> END PYO  Laptime:[0.951sec]
 [2018-02-07 18:25:23] <27561> ===============================================================
 [2018-02-07 18:26:17] <25994> START NicepayLite PYO (V1.3.0B20171215(OS:Linux3.10.0-693.11.6.el7.x86_64,PHP:7.0.0p1))
 [2018-02-07 18:26:17] <25994> TID: dublechi1m01011802071826174104
 [2018-02-07 18:26:17] <25994> Connect to ssl://web.nicepay.co.kr:443
 [2018-02-07 18:26:17] <25994> ssl://web.nicepay.co.kr:443 Server Connect OK
 [2018-02-07 18:26:17] <25994> MSG_TO_SVR::[/lite/payProcess.jsp]
 [2018-02-07 18:26:18] <25994> TID -> [dublechi1m01011802071826174104]
 [2018-02-07 18:26:18] <25994> 3001[카드 결제 성공]
 [2018-02-07 18:26:18] <25994> END PYO  Laptime:[0.917sec]
 [2018-02-07 18:26:18] <25994> ===============================================================
 [2018-02-07 18:27:43] <26000> START NicepayLite PYO (V1.3.0B20171215(OS:Linux3.10.0-693.11.6.el7.x86_64,PHP:7.0.0p1))
 [2018-02-07 18:27:43] <26000> TID: dublechi1m01011802071827433912
 [2018-02-07 18:27:43] <26000> Connect to ssl://web.nicepay.co.kr:443
 [2018-02-07 18:27:43] <26000> ssl://web.nicepay.co.kr:443 Server Connect OK
 [2018-02-07 18:27:43] <26000> MSG_TO_SVR::[/lite/payProcess.jsp]
 [2018-02-07 18:27:44] <26000> TID -> [dublechi1m01011802071827433912]
 [2018-02-07 18:27:44] <26000> 3001[카드 결제 성공]
 [2018-02-07 18:27:44] <26000> END PYO  Laptime:[0.892sec]
 [2018-02-07 18:27:44] <26000> ===============================================================
 [2018-02-07 18:29:02] <26610> START NicepayLite PYO (V1.3.0B20171215(OS:Linux3.10.0-693.11.6.el7.x86_64,PHP:7.0.0p1))
 [2018-02-07 18:29:02] <26610> TID: dublechi1m01011802071829026210
 [2018-02-07 18:29:02] <26610> Connect to ssl://web.nicepay.co.kr:443
 [2018-02-07 18:29:02] <26610> ssl://web.nicepay.co.kr:443 Server Connect OK
 [2018-02-07 18:29:02] <26610> MSG_TO_SVR::[/lite/payProcess.jsp]
 [2018-02-07 18:29:03] <26610> TID -> [dublechi1m01011802071829026210]
 [2018-02-07 18:29:03] <26610> 3001[카드 결제 성공]
 [2018-02-07 18:29:03] <26610> END PYO  Laptime:[0.847sec]
 [2018-02-07 18:29:03] <26610> ===============================================================
