 [2018-02-12 11:13:55] <53384> START NicepayLite PYO (V1.3.0B20171215(OS:Linux3.10.0-693.11.6.el7.x86_64,PHP:7.0.0p1))
 [2018-02-12 11:13:55] <53384> TID: dublechi1m01011802121113550285
 [2018-02-12 11:13:55] <53384> Connect to ssl://web.nicepay.co.kr:443
 [2018-02-12 11:13:55] <53384> ssl://web.nicepay.co.kr:443 Server Connect OK
 [2018-02-12 11:13:55] <53384> MSG_TO_SVR::[/lite/payProcess.jsp]
 [2018-02-12 11:13:56] <53384> TID -> [dublechi1m01011802121113550285]
 [2018-02-12 11:13:56] <53384> 3001[카드 결제 성공]
 [2018-02-12 11:13:56] <53384> END PYO  Laptime:[1.234sec]
 [2018-02-12 11:13:56] <53384> ===============================================================
 [2018-02-12 11:20:48] <5005> START NicepayLite PYO (V1.3.0B20171215(OS:Linux3.10.0-693.11.6.el7.x86_64,PHP:7.0.0p1))
 [2018-02-12 11:20:48] <5005> TID: dublechi1m01011802121120485545
 [2018-02-12 11:20:48] <5005> Connect to ssl://web.nicepay.co.kr:443
 [2018-02-12 11:20:48] <5005> ssl://web.nicepay.co.kr:443 Server Connect OK
 [2018-02-12 11:20:48] <5005> MSG_TO_SVR::[/lite/payProcess.jsp]
 [2018-02-12 11:20:49] <5005> TID -> [dublechi1m01011802121120485545]
 [2018-02-12 11:20:49] <5005> 3001[카드 결제 성공]
 [2018-02-12 11:20:49] <5005> END PYO  Laptime:[0.865sec]
 [2018-02-12 11:20:49] <5005> ===============================================================
 [2018-02-12 11:22:39] <3504> START NicepayLite PYO (V1.3.0B20171215(OS:Linux3.10.0-693.11.6.el7.x86_64,PHP:7.0.0p1))
 [2018-02-12 11:22:39] <3504> TID: dublechi1m01011802121122394925
 [2018-02-12 11:22:39] <3504> Connect to ssl://web.nicepay.co.kr:443
 [2018-02-12 11:22:39] <3504> ssl://web.nicepay.co.kr:443 Server Connect OK
 [2018-02-12 11:22:39] <3504> MSG_TO_SVR::[/lite/payProcess.jsp]
 [2018-02-12 11:22:40] <3504> TID -> [dublechi1m01011802121122394925]
 [2018-02-12 11:22:40] <3504> 3001[카드 결제 성공]
 [2018-02-12 11:22:40] <3504> END PYO  Laptime:[0.936sec]
 [2018-02-12 11:22:40] <3504> ===============================================================
 [2018-02-12 11:28:07] <7194> START NicepayLite PYO (V1.3.0B20171215(OS:Linux3.10.0-693.11.6.el7.x86_64,PHP:7.0.0p1))
 [2018-02-12 11:28:07] <7194> TID: dublechi1m01011802121128075768
 [2018-02-12 11:28:07] <7194> Connect to ssl://web.nicepay.co.kr:443
 [2018-02-12 11:28:07] <7194> ssl://web.nicepay.co.kr:443 Server Connect OK
 [2018-02-12 11:28:07] <7194> MSG_TO_SVR::[/lite/payProcess.jsp]
 [2018-02-12 11:28:08] <7194> TID -> [dublechi1m01011802121128075768]
 [2018-02-12 11:28:08] <7194> 3001[카드 결제 성공]
 [2018-02-12 11:28:08] <7194> END PYO  Laptime:[0.998sec]
 [2018-02-12 11:28:08] <7194> ===============================================================
 [2018-02-12 11:44:38] <52539> START NicepayLite PYO (V1.3.0B20171215(OS:Linux3.10.0-693.11.6.el7.x86_64,PHP:7.0.0p1))
 [2018-02-12 11:44:38] <52539> TID: dublechi1m01011802121144387340
 [2018-02-12 11:44:38] <52539> Connect to ssl://web.nicepay.co.kr:443
 [2018-02-12 11:44:38] <52539> ssl://web.nicepay.co.kr:443 Server Connect OK
 [2018-02-12 11:44:38] <52539> MSG_TO_SVR::[/lite/payProcess.jsp]
 [2018-02-12 11:44:39] <52539> TID -> [dublechi1m01011802121144387340]
 [2018-02-12 11:44:39] <52539> 3001[카드 결제 성공]
 [2018-02-12 11:44:39] <52539> END PYO  Laptime:[0.918sec]
 [2018-02-12 11:44:39] <52539> ===============================================================
 [2018-02-12 11:56:48] <3706> START NicepayLite PYO (V1.3.0B20171215(OS:Linux3.10.0-693.11.6.el7.x86_64,PHP:7.0.0p1))
 [2018-02-12 11:56:48] <3706> TID: dublechi1m01011802121156486339
 [2018-02-12 11:56:48] <3706> Connect to ssl://web.nicepay.co.kr:443
 [2018-02-12 11:56:48] <3706> ssl://web.nicepay.co.kr:443 Server Connect OK
 [2018-02-12 11:56:48] <3706> MSG_TO_SVR::[/lite/payProcess.jsp]
 [2018-02-12 11:56:49] <3706> TID -> [dublechi1m01011802121156486339]
 [2018-02-12 11:56:49] <3706> 3001[카드 결제 성공]
 [2018-02-12 11:56:49] <3706> END PYO  Laptime:[0.979sec]
 [2018-02-12 11:56:49] <3706> ===============================================================
 [2018-02-12 12:01:19] <14692> START NicepayLite PYO (V1.3.0B20171215(OS:Linux3.10.0-693.11.6.el7.x86_64,PHP:7.0.0p1))
 [2018-02-12 12:01:19] <14692> TID: dublechi1m01011802121201195221
 [2018-02-12 12:01:19] <14692> Connect to ssl://web.nicepay.co.kr:443
 [2018-02-12 12:01:19] <14692> ssl://web.nicepay.co.kr:443 Server Connect OK
 [2018-02-12 12:01:19] <14692> MSG_TO_SVR::[/lite/payProcess.jsp]
 [2018-02-12 12:01:20] <14692> TID -> [dublechi1m01011802121201195221]
 [2018-02-12 12:01:20] <14692> 3001[카드 결제 성공]
 [2018-02-12 12:01:20] <14692> END PYO  Laptime:[0.982sec]
 [2018-02-12 12:01:20] <14692> ===============================================================
 [2018-02-12 12:02:31] <12889> START NicepayLite PYO (V1.3.0B20171215(OS:Linux3.10.0-693.11.6.el7.x86_64,PHP:7.0.0p1))
 [2018-02-12 12:02:31] <12889> TID: dublechi1m01011802121202311550
 [2018-02-12 12:02:31] <12889> Connect to ssl://web.nicepay.co.kr:443
 [2018-02-12 12:02:31] <12889> ssl://web.nicepay.co.kr:443 Server Connect OK
 [2018-02-12 12:02:31] <12889> MSG_TO_SVR::[/lite/payProcess.jsp]
 [2018-02-12 12:02:32] <12889> TID -> [dublechi1m01011802121202311550]
 [2018-02-12 12:02:32] <12889> 3001[카드 결제 성공]
 [2018-02-12 12:02:32] <12889> END PYO  Laptime:[1.004sec]
 [2018-02-12 12:02:32] <12889> ===============================================================
