 [2018-02-02 16:12:30] <1046> START NicepayLite PYO (V1.2.5B20170601(OS:Linux3.10.0-693.11.6.el7.x86_64,PHP:7.0.0p1))
 [2018-02-02 16:12:30] <1046> TID IS EMPTY
 [2018-02-02 16:12:30] <1046> Connect to ssl://web.nicepay.co.kr:443
 [2018-02-02 16:12:30] <1046> ssl://web.nicepay.co.kr:443 Server Connect OK
 [2018-02-02 16:12:30] <1046> MSG_TO_SVR::[/lite/payProcess.jsp]
 [2018-02-02 16:12:31] <1046> TID -> [dublechi1m01011802021612314908]
 [2018-02-02 16:12:31] <1046> 3001[카드 결제 성공]
 [2018-02-02 16:12:31] <1046> END PYO  Laptime:[1.012sec]
 [2018-02-02 16:12:31] <1046> ===============================================================
 [2018-02-02 16:26:34] <28280> START NicepayLite PYO (V1.2.5B20170601(OS:Linux3.10.0-693.11.6.el7.x86_64,PHP:7.0.0p1))
 [2018-02-02 16:26:34] <28280> TID IS EMPTY
 [2018-02-02 16:26:34] <28280> Connect to ssl://web.nicepay.co.kr:443
 [2018-02-02 16:26:34] <28280> ssl://web.nicepay.co.kr:443 Server Connect OK
 [2018-02-02 16:26:34] <28280> MSG_TO_SVR::[/lite/payProcess.jsp]
 [2018-02-02 16:26:34] <28280> TID -> [dublechi1m01011802021626355915]
 [2018-02-02 16:26:34] <28280> 1610[TrKey 재사용 거래]
 [2018-02-02 16:26:34] <28280> END PYO  Laptime:[0.115sec]
 [2018-02-02 16:26:34] <28280> ===============================================================
 [2018-02-02 16:26:37] <27404> START NicepayLite PYO (V1.2.5B20170601(OS:Linux3.10.0-693.11.6.el7.x86_64,PHP:7.0.0p1))
 [2018-02-02 16:26:37] <27404> TID IS EMPTY
 [2018-02-02 16:26:37] <27404> Connect to ssl://web.nicepay.co.kr:443
 [2018-02-02 16:26:37] <27404> ssl://web.nicepay.co.kr:443 Server Connect OK
 [2018-02-02 16:26:37] <27404> MSG_TO_SVR::[/lite/payProcess.jsp]
 [2018-02-02 16:26:37] <27404> TID -> [dublechi1m01011802021626386271]
 [2018-02-02 16:26:37] <27404> 1610[TrKey 재사용 거래]
 [2018-02-02 16:26:37] <27404> END PYO  Laptime:[0.109sec]
 [2018-02-02 16:26:37] <27404> ===============================================================
 [2018-02-02 16:26:38] <34693> START NicepayLite PYO (V1.2.5B20170601(OS:Linux3.10.0-693.11.6.el7.x86_64,PHP:7.0.0p1))
 [2018-02-02 16:26:38] <34693> TID IS EMPTY
 [2018-02-02 16:26:38] <34693> Connect to ssl://web.nicepay.co.kr:443
 [2018-02-02 16:26:38] <34693> ssl://web.nicepay.co.kr:443 Server Connect OK
 [2018-02-02 16:26:38] <34693> MSG_TO_SVR::[/lite/payProcess.jsp]
 [2018-02-02 16:26:38] <34693> TID -> [dublechi1m01011802021626393222]
 [2018-02-02 16:26:38] <34693> 1610[TrKey 재사용 거래]
 [2018-02-02 16:26:38] <34693> END PYO  Laptime:[0.088sec]
 [2018-02-02 16:26:38] <34693> ===============================================================
 [2018-02-02 16:26:38] <27874> START NicepayLite PYO (V1.2.5B20170601(OS:Linux3.10.0-693.11.6.el7.x86_64,PHP:7.0.0p1))
 [2018-02-02 16:26:38] <27874> TID IS EMPTY
 [2018-02-02 16:26:38] <27874> Connect to ssl://web.nicepay.co.kr:443
 [2018-02-02 16:26:38] <27874> ssl://web.nicepay.co.kr:443 Server Connect OK
 [2018-02-02 16:26:38] <27874> MSG_TO_SVR::[/lite/payProcess.jsp]
 [2018-02-02 16:26:38] <27874> TID -> [dublechi1m01011802021626397754]
 [2018-02-02 16:26:38] <27874> 1610[TrKey 재사용 거래]
 [2018-02-02 16:26:38] <27874> END PYO  Laptime:[0.077sec]
 [2018-02-02 16:26:38] <27874> ===============================================================
 [2018-02-02 16:28:16] <36330> START NicepayLite PYO (V1.2.5B20170601(OS:Linux3.10.0-693.11.6.el7.x86_64,PHP:7.0.0p1))
 [2018-02-02 16:28:16] <36330> TID IS EMPTY
 [2018-02-02 16:28:16] <36330> Connect to ssl://web.nicepay.co.kr:443
 [2018-02-02 16:28:16] <36330> ssl://web.nicepay.co.kr:443 Server Connect OK
 [2018-02-02 16:28:16] <36330> MSG_TO_SVR::[/lite/payProcess.jsp]
 [2018-02-02 16:28:16] <36330> TID -> [dublechi1m01011802021628177885]
 [2018-02-02 16:28:16] <36330> 1610[TrKey 재사용 거래]
 [2018-02-02 16:28:16] <36330> END PYO  Laptime:[0.077sec]
 [2018-02-02 16:28:16] <36330> ===============================================================
 [2018-02-02 16:36:32] <53682> START NicepayLite PYO (V1.2.5B20170601(OS:Linux3.10.0-693.11.6.el7.x86_64,PHP:7.0.0p1))
 [2018-02-02 16:36:32] <53682> TID IS EMPTY
 [2018-02-02 16:36:32] <53682> Connect to ssl://web.nicepay.co.kr:443
 [2018-02-02 16:36:32] <53682> ssl://web.nicepay.co.kr:443 Server Connect OK
 [2018-02-02 16:36:32] <53682> MSG_TO_SVR::[/lite/payProcess.jsp]
 [2018-02-02 16:36:32] <53682> TID -> [dublechi1m01011802021636335806]
 [2018-02-02 16:36:32] <53682> 1610[TrKey 재사용 거래]
 [2018-02-02 16:36:32] <53682> END PYO  Laptime:[0.077sec]
 [2018-02-02 16:36:32] <53682> ===============================================================
 [2018-02-02 16:36:34] <53896> START NicepayLite PYO (V1.2.5B20170601(OS:Linux3.10.0-693.11.6.el7.x86_64,PHP:7.0.0p1))
 [2018-02-02 16:36:34] <53896> TID IS EMPTY
 [2018-02-02 16:36:34] <53896> Connect to ssl://web.nicepay.co.kr:443
 [2018-02-02 16:36:34] <53896> ssl://web.nicepay.co.kr:443 Server Connect OK
 [2018-02-02 16:36:34] <53896> MSG_TO_SVR::[/lite/payProcess.jsp]
 [2018-02-02 16:36:34] <53896> TID -> [dublechi1m01011802021636356384]
 [2018-02-02 16:36:34] <53896> 1610[TrKey 재사용 거래]
 [2018-02-02 16:36:34] <53896> END PYO  Laptime:[0.076sec]
 [2018-02-02 16:36:34] <53896> ===============================================================
 [2018-02-02 16:36:35] <53683> START NicepayLite PYO (V1.2.5B20170601(OS:Linux3.10.0-693.11.6.el7.x86_64,PHP:7.0.0p1))
 [2018-02-02 16:36:35] <53683> TID IS EMPTY
 [2018-02-02 16:36:35] <53683> Connect to ssl://web.nicepay.co.kr:443
 [2018-02-02 16:36:35] <53683> ssl://web.nicepay.co.kr:443 Server Connect OK
 [2018-02-02 16:36:35] <53683> MSG_TO_SVR::[/lite/payProcess.jsp]
 [2018-02-02 16:36:35] <53683> TID -> [dublechi1m01011802021636363622]
 [2018-02-02 16:36:35] <53683> 1610[TrKey 재사용 거래]
 [2018-02-02 16:36:35] <53683> END PYO  Laptime:[0.087sec]
 [2018-02-02 16:36:35] <53683> ===============================================================
 [2018-02-02 16:37:56] <52425> START NicepayLite PYO (V1.2.5B20170601(OS:Linux3.10.0-693.11.6.el7.x86_64,PHP:7.0.0p1))
 [2018-02-02 16:37:56] <52425> TID IS EMPTY
 [2018-02-02 16:37:56] <52425> Connect to ssl://web.nicepay.co.kr:443
 [2018-02-02 16:37:56] <52425> ssl://web.nicepay.co.kr:443 Server Connect OK
 [2018-02-02 16:37:56] <52425> MSG_TO_SVR::[/lite/payProcess.jsp]
 [2018-02-02 16:37:56] <52425> TID -> [dublechi1m01011802021637576018]
 [2018-02-02 16:37:56] <52425> 1610[TrKey 재사용 거래]
 [2018-02-02 16:37:56] <52425> END PYO  Laptime:[0.085sec]
 [2018-02-02 16:37:56] <52425> ===============================================================
 [2018-02-02 16:38:56] <55697> START NicepayLite PYO (V1.2.5B20170601(OS:Linux3.10.0-693.11.6.el7.x86_64,PHP:7.0.0p1))
 [2018-02-02 16:38:56] <55697> TID IS EMPTY
 [2018-02-02 16:38:56] <55697> Connect to ssl://web.nicepay.co.kr:443
 [2018-02-02 16:38:56] <55697> ssl://web.nicepay.co.kr:443 Server Connect OK
 [2018-02-02 16:38:56] <55697> MSG_TO_SVR::[/lite/payProcess.jsp]
 [2018-02-02 16:38:56] <55697> TID -> [dublechi1m01011802021638574372]
 [2018-02-02 16:38:56] <55697> 1610[TrKey 재사용 거래]
 [2018-02-02 16:38:56] <55697> END PYO  Laptime:[0.085sec]
 [2018-02-02 16:38:56] <55697> ===============================================================
 [2018-02-02 16:50:23] <8938> START NicepayLite PYO (V1.2.5B20170601(OS:Linux3.10.0-693.11.6.el7.x86_64,PHP:7.0.0p1))
 [2018-02-02 16:50:23] <8938> TID IS EMPTY
 [2018-02-02 16:50:23] <8938> Connect to ssl://web.nicepay.co.kr:443
 [2018-02-02 16:50:23] <8938> ssl://web.nicepay.co.kr:443 Server Connect OK
 [2018-02-02 16:50:23] <8938> MSG_TO_SVR::[/lite/payProcess.jsp]
 [2018-02-02 16:50:23] <8938> TID -> [dublechi1m01011802021650249853]
 [2018-02-02 16:50:23] <8938> 1610[TrKey 재사용 거래]
 [2018-02-02 16:50:23] <8938> END PYO  Laptime:[0.077sec]
 [2018-02-02 16:50:23] <8938> ===============================================================
 [2018-02-02 16:50:41] <14318> START NicepayLite PYO (V1.2.5B20170601(OS:Linux3.10.0-693.11.6.el7.x86_64,PHP:7.0.0p1))
 [2018-02-02 16:50:41] <14318> TID IS EMPTY
 [2018-02-02 16:50:41] <14318> Connect to ssl://web.nicepay.co.kr:443
 [2018-02-02 16:50:41] <14318> ssl://web.nicepay.co.kr:443 Server Connect OK
 [2018-02-02 16:50:41] <14318> MSG_TO_SVR::[/lite/payProcess.jsp]
 [2018-02-02 16:50:41] <14318> TID -> [dublechi1m01011802021650430964]
 [2018-02-02 16:50:41] <14318> 1610[TrKey 재사용 거래]
 [2018-02-02 16:50:41] <14318> END PYO  Laptime:[0.082sec]
 [2018-02-02 16:50:41] <14318> ===============================================================
 [2018-02-02 16:55:05] <16129> START NicepayLite PYO (V1.2.5B20170601(OS:Linux3.10.0-693.11.6.el7.x86_64,PHP:7.0.0p1))
 [2018-02-02 16:55:05] <16129> TID IS EMPTY
 [2018-02-02 16:55:05] <16129> Connect to ssl://web.nicepay.co.kr:443
 [2018-02-02 16:55:05] <16129> ssl://web.nicepay.co.kr:443 Server Connect OK
 [2018-02-02 16:55:05] <16129> MSG_TO_SVR::[/lite/payProcess.jsp]
 [2018-02-02 16:55:05] <16129> TID -> [dublechi1m01011802021655067514]
 [2018-02-02 16:55:05] <16129> 1610[TrKey 재사용 거래]
 [2018-02-02 16:55:05] <16129> END PYO  Laptime:[0.086sec]
 [2018-02-02 16:55:05] <16129> ===============================================================
 [2018-02-02 16:55:07] <16230> START NicepayLite PYO (V1.2.5B20170601(OS:Linux3.10.0-693.11.6.el7.x86_64,PHP:7.0.0p1))
 [2018-02-02 16:55:07] <16230> TID IS EMPTY
 [2018-02-02 16:55:07] <16230> Connect to ssl://web.nicepay.co.kr:443
 [2018-02-02 16:55:07] <16230> ssl://web.nicepay.co.kr:443 Server Connect OK
 [2018-02-02 16:55:07] <16230> MSG_TO_SVR::[/lite/payProcess.jsp]
 [2018-02-02 16:55:07] <16230> TID -> [dublechi1m01011802021655091451]
 [2018-02-02 16:55:07] <16230> 1610[TrKey 재사용 거래]
 [2018-02-02 16:55:07] <16230> END PYO  Laptime:[0.079sec]
 [2018-02-02 16:55:07] <16230> ===============================================================
 [2018-02-02 16:55:25] <16230> START NicepayLite PYO (V1.2.5B20170601(OS:Linux3.10.0-693.11.6.el7.x86_64,PHP:7.0.0p1))
 [2018-02-02 16:55:25] <16230> TID IS EMPTY
 [2018-02-02 16:55:25] <16230> Connect to ssl://web.nicepay.co.kr:443
 [2018-02-02 16:55:25] <16230> ssl://web.nicepay.co.kr:443 Server Connect OK
 [2018-02-02 16:55:25] <16230> MSG_TO_SVR::[/lite/payProcess.jsp]
 [2018-02-02 16:55:25] <16230> TID -> [dublechi1m01011802021655271709]
 [2018-02-02 16:55:25] <16230> 1610[TrKey 재사용 거래]
 [2018-02-02 16:55:25] <16230> END PYO  Laptime:[0.084sec]
 [2018-02-02 16:55:25] <16230> ===============================================================
