 [2017-09-22 11:04:42] <22656> START NicepayLite PYO (V1.2.5B20170601(OS:Linux3.10.0-514.21.2.el7.x86_64,PHP:7.0.0p1))
 [2017-09-22 11:04:42] <22656> TID IS EMPTY
 [2017-09-22 11:04:42] <22656> Connect to ssl://web.nicepay.co.kr:443
 [2017-09-22 11:04:42] <22656> ssl://web.nicepay.co.kr:443 Server Connect OK
 [2017-09-22 11:04:42] <22656> MSG_TO_SVR::[/lite/payProcess.jsp]
 [2017-09-22 11:04:42] <22656> TID -> [dublechi1m01011709221104433020]
 [2017-09-22 11:04:42] <22656> 8906[PG하위몰 사업자번호 오류]
 [2017-09-22 11:04:42] <22656> END PYO  Laptime:[0.585sec]
 [2017-09-22 11:04:42] <22656> ===============================================================
 [2017-09-22 11:13:05] <36916> START NicepayLite PYO (V1.2.5B20170601(OS:Linux3.10.0-514.21.2.el7.x86_64,PHP:7.0.0p1))
 [2017-09-22 11:13:05] <36916> TID IS EMPTY
 [2017-09-22 11:13:05] <36916> Connect to ssl://web.nicepay.co.kr:443
 [2017-09-22 11:13:05] <36916> ssl://web.nicepay.co.kr:443 Server Connect OK
 [2017-09-22 11:13:05] <36916> MSG_TO_SVR::[/lite/payProcess.jsp]
 [2017-09-22 11:13:05] <36916> TID -> [dublechi1m01011709221113066673]
 [2017-09-22 11:13:05] <36916> 8906[PG하위몰 사업자번호 오류]
 [2017-09-22 11:13:05] <36916> END PYO  Laptime:[0.506sec]
 [2017-09-22 11:13:05] <36916> ===============================================================
 [2017-09-22 11:19:28] <45813> START NicepayLite PYO (V1.2.5B20170601(OS:Linux3.10.0-514.21.2.el7.x86_64,PHP:7.0.0p1))
 [2017-09-22 11:19:28] <45813> TID IS EMPTY
 [2017-09-22 11:19:28] <45813> Connect to ssl://web.nicepay.co.kr:443
 [2017-09-22 11:19:28] <45813> ssl://web.nicepay.co.kr:443 Server Connect OK
 [2017-09-22 11:19:28] <45813> MSG_TO_SVR::[/lite/payProcess.jsp]
 [2017-09-22 11:19:28] <45813> TID -> [dublechi1m01011709221119296449]
 [2017-09-22 11:19:28] <45813> 8906[PG하위몰 사업자번호 오류]
 [2017-09-22 11:19:28] <45813> END PYO  Laptime:[0.373sec]
 [2017-09-22 11:19:28] <45813> ===============================================================
 [2017-09-22 11:23:56] <54376> START NicepayLite PYO (V1.2.5B20170601(OS:Linux3.10.0-514.21.2.el7.x86_64,PHP:7.0.0p1))
 [2017-09-22 11:23:56] <54376> TID IS EMPTY
 [2017-09-22 11:23:56] <54376> Connect to ssl://web.nicepay.co.kr:443
 [2017-09-22 11:23:56] <54376> ssl://web.nicepay.co.kr:443 Server Connect OK
 [2017-09-22 11:23:56] <54376> MSG_TO_SVR::[/lite/payProcess.jsp]
 [2017-09-22 11:23:56] <54376> TID -> [dublechi1m01011709221123575766]
 [2017-09-22 11:23:56] <54376> 8906[PG하위몰 사업자번호 오류]
 [2017-09-22 11:23:56] <54376> END PYO  Laptime:[0.368sec]
 [2017-09-22 11:23:56] <54376> ===============================================================
 [2017-09-22 11:35:01] <13744> START NicepayLite PYO (V1.2.5B20170601(OS:Linux3.10.0-514.21.2.el7.x86_64,PHP:7.0.0p1))
 [2017-09-22 11:35:01] <13744> TID IS EMPTY
 [2017-09-22 11:35:01] <13744> Connect to ssl://web.nicepay.co.kr:443
 [2017-09-22 11:35:01] <13744> ssl://web.nicepay.co.kr:443 Server Connect OK
 [2017-09-22 11:35:01] <13744> MSG_TO_SVR::[/lite/payProcess.jsp]
 [2017-09-22 11:35:02] <13744> TID -> [dublechi1m01011709221135031124]
 [2017-09-22 11:35:02] <13744> 8906[PG하위몰 사업자번호 오류]
 [2017-09-22 11:35:02] <13744> END PYO  Laptime:[0.431sec]
 [2017-09-22 11:35:02] <13744> ===============================================================
 [2017-09-22 14:21:06] <64504> START NicepayLite PYO (V1.2.5B20170601(OS:Linux3.10.0-514.21.2.el7.x86_64,PHP:7.0.0p1))
 [2017-09-22 14:21:06] <64504> TID IS EMPTY
 [2017-09-22 14:21:06] <64504> Connect to ssl://web.nicepay.co.kr:443
 [2017-09-22 14:21:06] <64504> ssl://web.nicepay.co.kr:443 Server Connect OK
 [2017-09-22 14:21:06] <64504> MSG_TO_SVR::[/lite/payProcess.jsp]
 [2017-09-22 14:21:06] <64504> TID -> [dublechi1m01011709221421078164]
 [2017-09-22 14:21:06] <64504> 1610[TrKey 재사용 거래]
 [2017-09-22 14:21:06] <64504> END PYO  Laptime:[0.079sec]
 [2017-09-22 14:21:06] <64504> ===============================================================
