 [2018-02-06 10:03:25] <55646> START NicepayLite PYO (V1.2.5B20170601(OS:Linux3.10.0-693.11.6.el7.x86_64,PHP:7.0.0p1))
 [2018-02-06 10:03:25] <55646> TID IS EMPTY
 [2018-02-06 10:03:25] <55646> Connect to ssl://web.nicepay.co.kr:443
 [2018-02-06 10:03:25] <55646> ssl://web.nicepay.co.kr:443 Server Connect OK
 [2018-02-06 10:03:25] <55646> MSG_TO_SVR::[/lite/payProcess.jsp]
 [2018-02-06 10:03:25] <55646> TID -> [dublechi1m01011802061003256457]
 [2018-02-06 10:03:25] <55646> 3001[카드 결제 성공]
 [2018-02-06 10:03:25] <55646> END PYO  Laptime:[0.82sec]
 [2018-02-06 10:03:25] <55646> ===============================================================
 [2018-02-06 10:12:41] <7887> START NicepayLite PYO (V1.2.5B20170601(OS:Linux3.10.0-693.11.6.el7.x86_64,PHP:7.0.0p1))
 [2018-02-06 10:12:41] <7887> TID IS EMPTY
 [2018-02-06 10:12:41] <7887> Connect to ssl://web.nicepay.co.kr:443
 [2018-02-06 10:12:41] <7887> ssl://web.nicepay.co.kr:443 Server Connect OK
 [2018-02-06 10:12:41] <7887> MSG_TO_SVR::[/lite/payProcess.jsp]
 [2018-02-06 10:12:41] <7887> TID -> [dublechi1m01011802061012417482]
 [2018-02-06 10:12:41] <7887> 1610[TrKey 재사용 거래]
 [2018-02-06 10:12:41] <7887> END PYO  Laptime:[0.084sec]
 [2018-02-06 10:12:41] <7887> ===============================================================
 [2018-02-06 10:13:57] <7774> START NicepayLite PYO (V1.2.5B20170601(OS:Linux3.10.0-693.11.6.el7.x86_64,PHP:7.0.0p1))
 [2018-02-06 10:13:57] <7774> TID IS EMPTY
 [2018-02-06 10:13:57] <7774> Connect to ssl://web.nicepay.co.kr:443
 [2018-02-06 10:13:57] <7774> ssl://web.nicepay.co.kr:443 Server Connect OK
 [2018-02-06 10:13:57] <7774> MSG_TO_SVR::[/lite/payProcess.jsp]
 [2018-02-06 10:13:57] <7774> TID -> [dublechi1m01011802061013581832]
 [2018-02-06 10:13:57] <7774> 1610[TrKey 재사용 거래]
 [2018-02-06 10:13:57] <7774> END PYO  Laptime:[0.084sec]
 [2018-02-06 10:13:57] <7774> ===============================================================
 [2018-02-06 10:17:48] <7782> START NicepayLite PYO (V1.2.5B20170601(OS:Linux3.10.0-693.11.6.el7.x86_64,PHP:7.0.0p1))
 [2018-02-06 10:17:48] <7782> TID IS EMPTY
 [2018-02-06 10:17:48] <7782> Connect to ssl://web.nicepay.co.kr:443
 [2018-02-06 10:17:48] <7782> ssl://web.nicepay.co.kr:443 Server Connect OK
 [2018-02-06 10:17:48] <7782> MSG_TO_SVR::[/lite/payProcess.jsp]
 [2018-02-06 10:17:48] <7782> TID -> [dublechi1m01011802061017491233]
 [2018-02-06 10:17:48] <7782> 1610[TrKey 재사용 거래]
 [2018-02-06 10:17:48] <7782> END PYO  Laptime:[0.078sec]
 [2018-02-06 10:17:48] <7782> ===============================================================
 [2018-02-06 10:17:49] <16619> START NicepayLite PYO (V1.2.5B20170601(OS:Linux3.10.0-693.11.6.el7.x86_64,PHP:7.0.0p1))
 [2018-02-06 10:17:49] <16619> TID IS EMPTY
 [2018-02-06 10:17:49] <16619> Connect to ssl://web.nicepay.co.kr:443
 [2018-02-06 10:17:49] <16619> ssl://web.nicepay.co.kr:443 Server Connect OK
 [2018-02-06 10:17:49] <16619> MSG_TO_SVR::[/lite/payProcess.jsp]
 [2018-02-06 10:17:49] <16619> TID -> [dublechi1m01011802061017499511]
 [2018-02-06 10:17:49] <16619> 1610[TrKey 재사용 거래]
 [2018-02-06 10:17:49] <16619> END PYO  Laptime:[0.083sec]
 [2018-02-06 10:17:49] <16619> ===============================================================
 [2018-02-06 10:17:49] <16573> START NicepayLite PYO (V1.2.5B20170601(OS:Linux3.10.0-693.11.6.el7.x86_64,PHP:7.0.0p1))
 [2018-02-06 10:17:49] <16573> TID IS EMPTY
 [2018-02-06 10:17:49] <16573> Connect to ssl://web.nicepay.co.kr:443
 [2018-02-06 10:17:49] <16573> ssl://web.nicepay.co.kr:443 Server Connect OK
 [2018-02-06 10:17:49] <16573> MSG_TO_SVR::[/lite/payProcess.jsp]
 [2018-02-06 10:17:49] <16573> TID -> [dublechi1m01011802061017505067]
 [2018-02-06 10:17:49] <16573> 1610[TrKey 재사용 거래]
 [2018-02-06 10:17:49] <16573> END PYO  Laptime:[0.086sec]
 [2018-02-06 10:17:49] <16573> ===============================================================
 [2018-02-06 10:17:51] <16251> START NicepayLite PYO (V1.2.5B20170601(OS:Linux3.10.0-693.11.6.el7.x86_64,PHP:7.0.0p1))
 [2018-02-06 10:17:51] <16251> TID IS EMPTY
 [2018-02-06 10:17:51] <16251> Connect to ssl://web.nicepay.co.kr:443
 [2018-02-06 10:17:51] <16251> ssl://web.nicepay.co.kr:443 Server Connect OK
 [2018-02-06 10:17:51] <16251> MSG_TO_SVR::[/lite/payProcess.jsp]
 [2018-02-06 10:17:51] <16251> TID -> [dublechi1m01011802061017520234]
 [2018-02-06 10:17:51] <16251> 1610[TrKey 재사용 거래]
 [2018-02-06 10:17:51] <16251> END PYO  Laptime:[0.085sec]
 [2018-02-06 10:17:51] <16251> ===============================================================
 [2018-02-06 10:18:59] <17268> START NicepayLite PYO (V1.2.5B20170601(OS:Linux3.10.0-693.11.6.el7.x86_64,PHP:7.0.0p1))
 [2018-02-06 10:18:59] <17268> TID IS EMPTY
 [2018-02-06 10:18:59] <17268> Connect to ssl://web.nicepay.co.kr:443
 [2018-02-06 10:18:59] <17268> ssl://web.nicepay.co.kr:443 Server Connect OK
 [2018-02-06 10:18:59] <17268> MSG_TO_SVR::[/lite/payProcess.jsp]
 [2018-02-06 10:18:59] <17268> TID -> [dublechi1m01011802061019004786]
 [2018-02-06 10:18:59] <17268> 1610[TrKey 재사용 거래]
 [2018-02-06 10:18:59] <17268> END PYO  Laptime:[0.082sec]
 [2018-02-06 10:18:59] <17268> ===============================================================
 [2018-02-06 10:19:00] <17592> START NicepayLite PYO (V1.2.5B20170601(OS:Linux3.10.0-693.11.6.el7.x86_64,PHP:7.0.0p1))
 [2018-02-06 10:19:00] <17592> TID IS EMPTY
 [2018-02-06 10:19:00] <17592> Connect to ssl://web.nicepay.co.kr:443
 [2018-02-06 10:19:01] <17592> ssl://web.nicepay.co.kr:443 Server Connect OK
 [2018-02-06 10:19:01] <17592> MSG_TO_SVR::[/lite/payProcess.jsp]
 [2018-02-06 10:19:01] <17592> TID -> [dublechi1m01011802061019015939]
 [2018-02-06 10:19:01] <17592> 1610[TrKey 재사용 거래]
 [2018-02-06 10:19:01] <17592> END PYO  Laptime:[0.076sec]
 [2018-02-06 10:19:01] <17592> ===============================================================
 [2018-02-06 10:20:40] <24040> START NicepayLite PYO (V1.2.5B20170601(OS:Linux3.10.0-693.11.6.el7.x86_64,PHP:7.0.0p1))
 [2018-02-06 10:20:40] <24040> TID IS EMPTY
 [2018-02-06 10:20:40] <24040> Connect to ssl://web.nicepay.co.kr:443
 [2018-02-06 10:20:40] <24040> ssl://web.nicepay.co.kr:443 Server Connect OK
 [2018-02-06 10:20:40] <24040> MSG_TO_SVR::[/lite/payProcess.jsp]
 [2018-02-06 10:20:40] <24040> TID -> [dublechi1m01011802061020410774]
 [2018-02-06 10:20:40] <24040> 1610[TrKey 재사용 거래]
 [2018-02-06 10:20:40] <24040> END PYO  Laptime:[0.092sec]
 [2018-02-06 10:20:40] <24040> ===============================================================
 [2018-02-06 10:20:55] <17263> START NicepayLite PYO (V1.2.5B20170601(OS:Linux3.10.0-693.11.6.el7.x86_64,PHP:7.0.0p1))
 [2018-02-06 10:20:55] <17263> TID IS EMPTY
 [2018-02-06 10:20:55] <17263> Connect to ssl://web.nicepay.co.kr:443
 [2018-02-06 10:20:55] <17263> ssl://web.nicepay.co.kr:443 Server Connect OK
 [2018-02-06 10:20:55] <17263> MSG_TO_SVR::[/lite/payProcess.jsp]
 [2018-02-06 10:20:55] <17263> TID -> [dublechi1m01011802061020558601]
 [2018-02-06 10:20:55] <17263> 1610[TrKey 재사용 거래]
 [2018-02-06 10:20:55] <17263> END PYO  Laptime:[0.085sec]
 [2018-02-06 10:20:55] <17263> ===============================================================
 [2018-02-06 10:21:24] <24772> START NicepayLite PYO (V1.2.5B20170601(OS:Linux3.10.0-693.11.6.el7.x86_64,PHP:7.0.0p1))
 [2018-02-06 10:21:24] <24772> TID IS EMPTY
 [2018-02-06 10:21:24] <24772> Connect to ssl://web.nicepay.co.kr:443
 [2018-02-06 10:21:24] <24772> ssl://web.nicepay.co.kr:443 Server Connect OK
 [2018-02-06 10:21:24] <24772> MSG_TO_SVR::[/lite/payProcess.jsp]
 [2018-02-06 10:21:24] <24772> TID -> [dublechi1m01011802061021247931]
 [2018-02-06 10:21:24] <24772> 1610[TrKey 재사용 거래]
 [2018-02-06 10:21:24] <24772> END PYO  Laptime:[0.094sec]
 [2018-02-06 10:21:24] <24772> ===============================================================
 [2018-02-06 10:22:12] <24051> START NicepayLite PYO (V1.2.5B20170601(OS:Linux3.10.0-693.11.6.el7.x86_64,PHP:7.0.0p1))
 [2018-02-06 10:22:12] <24051> TID IS EMPTY
 [2018-02-06 10:22:12] <24051> Connect to ssl://web.nicepay.co.kr:443
 [2018-02-06 10:22:12] <24051> ssl://web.nicepay.co.kr:443 Server Connect OK
 [2018-02-06 10:22:12] <24051> MSG_TO_SVR::[/lite/payProcess.jsp]
 [2018-02-06 10:22:12] <24051> TID -> [dublechi1m01011802061022127486]
 [2018-02-06 10:22:12] <24051> 1610[TrKey 재사용 거래]
 [2018-02-06 10:22:12] <24051> END PYO  Laptime:[0.088sec]
 [2018-02-06 10:22:12] <24051> ===============================================================
 [2018-02-06 10:23:57] <24605> START NicepayLite PYO (V1.2.5B20170601(OS:Linux3.10.0-693.11.6.el7.x86_64,PHP:7.0.0p1))
 [2018-02-06 10:23:57] <24605> TID IS EMPTY
 [2018-02-06 10:23:57] <24605> Connect to ssl://web.nicepay.co.kr:443
 [2018-02-06 10:23:57] <24605> ssl://web.nicepay.co.kr:443 Server Connect OK
 [2018-02-06 10:23:57] <24605> MSG_TO_SVR::[/lite/payProcess.jsp]
 [2018-02-06 10:23:57] <24605> TID -> [dublechi1m01011802061023580560]
 [2018-02-06 10:23:57] <24605> 1610[TrKey 재사용 거래]
 [2018-02-06 10:23:57] <24605> END PYO  Laptime:[0.079sec]
 [2018-02-06 10:23:57] <24605> ===============================================================
 [2018-02-06 10:25:04] <24600> START NicepayLite PYO (V1.2.5B20170601(OS:Linux3.10.0-693.11.6.el7.x86_64,PHP:7.0.0p1))
 [2018-02-06 10:25:04] <24600> TID IS EMPTY
 [2018-02-06 10:25:04] <24600> Connect to ssl://web.nicepay.co.kr:443
 [2018-02-06 10:25:04] <24600> ssl://web.nicepay.co.kr:443 Server Connect OK
 [2018-02-06 10:25:04] <24600> MSG_TO_SVR::[/lite/payProcess.jsp]
 [2018-02-06 10:25:04] <24600> TID -> [dublechi1m01011802061025049696]
 [2018-02-06 10:25:04] <24600> 1610[TrKey 재사용 거래]
 [2018-02-06 10:25:04] <24600> END PYO  Laptime:[0.091sec]
 [2018-02-06 10:25:04] <24600> ===============================================================
 [2018-02-06 10:25:34] <24617> START NicepayLite PYO (V1.2.5B20170601(OS:Linux3.10.0-693.11.6.el7.x86_64,PHP:7.0.0p1))
 [2018-02-06 10:25:34] <24617> TID IS EMPTY
 [2018-02-06 10:25:34] <24617> Connect to ssl://web.nicepay.co.kr:443
 [2018-02-06 10:25:34] <24617> ssl://web.nicepay.co.kr:443 Server Connect OK
 [2018-02-06 10:25:34] <24617> MSG_TO_SVR::[/lite/payProcess.jsp]
 [2018-02-06 10:25:34] <24617> TID -> [dublechi1m01011802061025348821]
 [2018-02-06 10:25:34] <24617> 1610[TrKey 재사용 거래]
 [2018-02-06 10:25:34] <24617> END PYO  Laptime:[0.082sec]
 [2018-02-06 10:25:34] <24617> ===============================================================
 [2018-02-06 10:28:19] <34888> START NicepayLite PYO (V1.2.5B20170601(OS:Linux3.10.0-693.11.6.el7.x86_64,PHP:7.0.0p1))
 [2018-02-06 10:28:19] <34888> TID IS EMPTY
 [2018-02-06 10:28:19] <34888> Connect to ssl://web.nicepay.co.kr:443
 [2018-02-06 10:28:19] <34888> ssl://web.nicepay.co.kr:443 Server Connect OK
 [2018-02-06 10:28:19] <34888> MSG_TO_SVR::[/lite/payProcess.jsp]
 [2018-02-06 10:28:19] <34888> TID -> [dublechi1m01011802061028196722]
 [2018-02-06 10:28:19] <34888> 1610[TrKey 재사용 거래]
 [2018-02-06 10:28:19] <34888> END PYO  Laptime:[0.087sec]
 [2018-02-06 10:28:19] <34888> ===============================================================
 [2018-02-06 10:41:36] <5210> START NicepayLite PYO (V1.2.5B20170601(OS:Linux3.10.0-693.11.6.el7.x86_64,PHP:7.0.0p1))
 [2018-02-06 10:41:36] <5210> TID IS EMPTY
 [2018-02-06 10:41:36] <5210> Connect to ssl://web.nicepay.co.kr:443
 [2018-02-06 10:41:36] <5210> ssl://web.nicepay.co.kr:443 Server Connect OK
 [2018-02-06 10:41:36] <5210> MSG_TO_SVR::[/lite/payProcess.jsp]
 [2018-02-06 10:41:36] <5210> TID -> [dublechi1m01011802061041368545]
 [2018-02-06 10:41:36] <5210> 1610[TrKey 재사용 거래]
 [2018-02-06 10:41:36] <5210> END PYO  Laptime:[0.089sec]
 [2018-02-06 10:41:36] <5210> ===============================================================
 [2018-02-06 10:41:37] <5197> START NicepayLite PYO (V1.2.5B20170601(OS:Linux3.10.0-693.11.6.el7.x86_64,PHP:7.0.0p1))
 [2018-02-06 10:41:37] <5197> TID IS EMPTY
 [2018-02-06 10:41:37] <5197> Connect to ssl://web.nicepay.co.kr:443
 [2018-02-06 10:41:37] <5197> ssl://web.nicepay.co.kr:443 Server Connect OK
 [2018-02-06 10:41:37] <5197> MSG_TO_SVR::[/lite/payProcess.jsp]
 [2018-02-06 10:41:37] <5197> TID -> [dublechi1m01011802061041378168]
 [2018-02-06 10:41:37] <5197> 1610[TrKey 재사용 거래]
 [2018-02-06 10:41:37] <5197> END PYO  Laptime:[0.081sec]
 [2018-02-06 10:41:37] <5197> ===============================================================
 [2018-02-06 10:42:19] <5209> START NicepayLite PYO (V1.2.5B20170601(OS:Linux3.10.0-693.11.6.el7.x86_64,PHP:7.0.0p1))
 [2018-02-06 10:42:19] <5209> TID IS EMPTY
 [2018-02-06 10:42:19] <5209> Connect to ssl://web.nicepay.co.kr:443
 [2018-02-06 10:42:19] <5209> ssl://web.nicepay.co.kr:443 Server Connect OK
 [2018-02-06 10:42:19] <5209> MSG_TO_SVR::[/lite/payProcess.jsp]
 [2018-02-06 10:42:19] <5209> TID -> [dublechi1m01011802061042200153]
 [2018-02-06 10:42:19] <5209> 1610[TrKey 재사용 거래]
 [2018-02-06 10:42:19] <5209> END PYO  Laptime:[0.078sec]
 [2018-02-06 10:42:19] <5209> ===============================================================
 [2018-02-06 10:46:31] <13905> START NicepayLite PYO (V1.2.5B20170601(OS:Linux3.10.0-693.11.6.el7.x86_64,PHP:7.0.0p1))
 [2018-02-06 10:46:31] <13905> TID IS EMPTY
 [2018-02-06 10:46:31] <13905> Connect to ssl://web.nicepay.co.kr:443
 [2018-02-06 10:46:31] <13905> ssl://web.nicepay.co.kr:443 Server Connect OK
 [2018-02-06 10:46:31] <13905> MSG_TO_SVR::[/lite/payProcess.jsp]
 [2018-02-06 10:46:31] <13905> TID -> [dublechi1m01011802061046321048]
 [2018-02-06 10:46:31] <13905> 1610[TrKey 재사용 거래]
 [2018-02-06 10:46:31] <13905> END PYO  Laptime:[0.081sec]
 [2018-02-06 10:46:31] <13905> ===============================================================
 [2018-02-06 10:53:40] <15846> START NicepayLite PYO (V1.2.5B20170601(OS:Linux3.10.0-693.11.6.el7.x86_64,PHP:7.0.0p1))
 [2018-02-06 10:53:40] <15846> TID IS EMPTY
 [2018-02-06 10:53:40] <15846> Connect to ssl://web.nicepay.co.kr:443
 [2018-02-06 10:53:40] <15846> ssl://web.nicepay.co.kr:443 Server Connect OK
 [2018-02-06 10:53:40] <15846> MSG_TO_SVR::[/lite/payProcess.jsp]
 [2018-02-06 10:53:40] <15846> TID -> [dublechi1m01011802061053410679]
 [2018-02-06 10:53:40] <15846> 1610[TrKey 재사용 거래]
 [2018-02-06 10:53:40] <15846> END PYO  Laptime:[0.083sec]
 [2018-02-06 10:53:40] <15846> ===============================================================
 [2018-02-06 11:07:49] <60240> START NicepayLite PYO (V1.2.5B20170601(OS:Linux3.10.0-693.11.6.el7.x86_64,PHP:7.0.0p1))
 [2018-02-06 11:07:49] <60240> TID IS EMPTY
 [2018-02-06 11:07:49] <60240> Connect to ssl://web.nicepay.co.kr:443
 [2018-02-06 11:07:49] <60240> ssl://web.nicepay.co.kr:443 Server Connect OK
 [2018-02-06 11:07:49] <60240> MSG_TO_SVR::[/lite/payProcess.jsp]
 [2018-02-06 11:07:49] <60240> TID -> [dublechi1m01011802061107498658]
 [2018-02-06 11:07:49] <60240> 1610[TrKey 재사용 거래]
 [2018-02-06 11:07:49] <60240> END PYO  Laptime:[0.085sec]
 [2018-02-06 11:07:49] <60240> ===============================================================
 [2018-02-06 11:08:40] <61521> START NicepayLite PYO (V1.2.5B20170601(OS:Linux3.10.0-693.11.6.el7.x86_64,PHP:7.0.0p1))
 [2018-02-06 11:08:40] <61521> TID IS EMPTY
 [2018-02-06 11:08:40] <61521> Connect to ssl://web.nicepay.co.kr:443
 [2018-02-06 11:08:40] <61521> ssl://web.nicepay.co.kr:443 Server Connect OK
 [2018-02-06 11:08:40] <61521> MSG_TO_SVR::[/lite/payProcess.jsp]
 [2018-02-06 11:08:40] <61521> TID -> [dublechi1m01011802061108409752]
 [2018-02-06 11:08:40] <61521> 1610[TrKey 재사용 거래]
 [2018-02-06 11:08:40] <61521> END PYO  Laptime:[0.08sec]
 [2018-02-06 11:08:40] <61521> ===============================================================
