 [2018-04-02 18:27:41] <22806> START NicepayLite PYO (V1.2.5B20170601(OS:Linux3.10.0-693.11.6.el7.x86_64,PHP:7.0.0p1))
 [2018-04-02 18:27:41] <22806> TID: dublechi1m01011804021827410135
 [2018-04-02 18:27:41] <22806> Connect to ssl://web.nicepay.co.kr:443
 [2018-04-02 18:27:41] <22806> ssl://web.nicepay.co.kr:443 Server Connect OK
 [2018-04-02 18:27:41] <22806> MSG_TO_SVR::[/lite/payProcess.jsp]
 [2018-04-02 18:27:42] <22806> TID -> [dublechi1m01011804021827410135]
 [2018-04-02 18:27:42] <22806> 3001[카드 결제 성공]
 [2018-04-02 18:27:42] <22806> END PYO  Laptime:[1.104sec]
 [2018-04-02 18:27:42] <22806> ===============================================================
 [2018-04-02 18:28:41] <22613> START NicepayLite PYO (V1.2.5B20170601(OS:Linux3.10.0-693.11.6.el7.x86_64,PHP:7.0.0p1))
 [2018-04-02 18:28:41] <22613> TID: dublechi1m01011804021828413884
 [2018-04-02 18:28:41] <22613> Connect to ssl://web.nicepay.co.kr:443
 [2018-04-02 18:28:41] <22613> ssl://web.nicepay.co.kr:443 Server Connect OK
 [2018-04-02 18:28:41] <22613> MSG_TO_SVR::[/lite/payProcess.jsp]
 [2018-04-02 18:28:41] <22613> TID -> [dublechi1m01011804021828413884]
 [2018-04-02 18:28:41] <22613> 1610[TrKey 재사용 거래]
 [2018-04-02 18:28:41] <22613> END PYO  Laptime:[0.113sec]
 [2018-04-02 18:28:41] <22613> ===============================================================
 [2018-04-02 18:31:16] <40007> START NicepayLite PYO (V1.2.5B20170601(OS:Linux3.10.0-693.11.6.el7.x86_64,PHP:7.0.0p1))
 [2018-04-02 18:31:16] <40007> TID: dublechi1m01011804021831164136
 [2018-04-02 18:31:16] <40007> Connect to ssl://web.nicepay.co.kr:443
 [2018-04-02 18:31:16] <40007> ssl://web.nicepay.co.kr:443 Server Connect OK
 [2018-04-02 18:31:16] <40007> MSG_TO_SVR::[/lite/payProcess.jsp]
 [2018-04-02 18:31:16] <40007> TID -> [dublechi1m01011804021831164136]
 [2018-04-02 18:31:16] <40007> 1610[TrKey 재사용 거래]
 [2018-04-02 18:31:16] <40007> END PYO  Laptime:[0.078sec]
 [2018-04-02 18:31:16] <40007> ===============================================================
 [2018-04-02 18:32:32] <31671> START NicepayLite PYO (V1.2.5B20170601(OS:Linux3.10.0-693.11.6.el7.x86_64,PHP:7.0.0p1))
 [2018-04-02 18:32:32] <31671> TID: dublechi1m01011804021832324530
 [2018-04-02 18:32:32] <31671> Connect to ssl://web.nicepay.co.kr:443
 [2018-04-02 18:32:32] <31671> ssl://web.nicepay.co.kr:443 Server Connect OK
 [2018-04-02 18:32:32] <31671> MSG_TO_SVR::[/lite/payProcess.jsp]
 [2018-04-02 18:32:32] <31671> TID -> [dublechi1m01011804021832324530]
 [2018-04-02 18:32:32] <31671> 1610[TrKey 재사용 거래]
 [2018-04-02 18:32:32] <31671> END PYO  Laptime:[0.128sec]
 [2018-04-02 18:32:32] <31671> ===============================================================
 [2018-04-02 18:42:26] <52261> START NicepayLite PYO (V1.2.5B20170601(OS:Linux3.10.0-693.11.6.el7.x86_64,PHP:7.0.0p1))
 [2018-04-02 18:42:26] <52261> TID: dublechi1m01011804021842267860
 [2018-04-02 18:42:26] <52261> Connect to ssl://web.nicepay.co.kr:443
 [2018-04-02 18:42:26] <52261> ssl://web.nicepay.co.kr:443 Server Connect OK
 [2018-04-02 18:42:26] <52261> MSG_TO_SVR::[/lite/payProcess.jsp]
 [2018-04-02 18:42:26] <52261> TID -> [dublechi1m01011804021842267860]
 [2018-04-02 18:42:26] <52261> 1610[TrKey 재사용 거래]
 [2018-04-02 18:42:26] <52261> END PYO  Laptime:[0.123sec]
 [2018-04-02 18:42:26] <52261> ===============================================================
 [2018-04-02 18:43:39] <52118> START NicepayLite PYO (V1.2.5B20170601(OS:Linux3.10.0-693.11.6.el7.x86_64,PHP:7.0.0p1))
 [2018-04-02 18:43:39] <52118> TID: dublechi1m01011804021843394324
 [2018-04-02 18:43:39] <52118> Connect to ssl://web.nicepay.co.kr:443
 [2018-04-02 18:43:39] <52118> ssl://web.nicepay.co.kr:443 Server Connect OK
 [2018-04-02 18:43:39] <52118> MSG_TO_SVR::[/lite/payProcess.jsp]
 [2018-04-02 18:43:39] <52118> TID -> [dublechi1m01011804021843394324]
 [2018-04-02 18:43:39] <52118> 1610[TrKey 재사용 거래]
 [2018-04-02 18:43:39] <52118> END PYO  Laptime:[0.076sec]
 [2018-04-02 18:43:39] <52118> ===============================================================
 [2018-04-02 18:45:47] <60481> START NicepayLite PYO (V1.2.5B20170601(OS:Linux3.10.0-693.11.6.el7.x86_64,PHP:7.0.0p1))
 [2018-04-02 18:45:47] <60481> TID: dublechi1m01011804021845479458
 [2018-04-02 18:45:47] <60481> Connect to ssl://web.nicepay.co.kr:443
 [2018-04-02 18:45:48] <60481> ssl://web.nicepay.co.kr:443 Server Connect OK
 [2018-04-02 18:45:48] <60481> MSG_TO_SVR::[/lite/payProcess.jsp]
 [2018-04-02 18:45:48] <60481> TID -> [dublechi1m01011804021845479458]
 [2018-04-02 18:45:48] <60481> 1610[TrKey 재사용 거래]
 [2018-04-02 18:45:48] <60481> END PYO  Laptime:[0.082sec]
 [2018-04-02 18:45:48] <60481> ===============================================================
 [2018-04-02 18:48:56] <62134> START NicepayLite PYO (V1.2.5B20170601(OS:Linux3.10.0-693.11.6.el7.x86_64,PHP:7.0.0p1))
 [2018-04-02 18:48:56] <62134> TID: dublechi1m01011804021848560703
 [2018-04-02 18:48:56] <62134> Connect to ssl://web.nicepay.co.kr:443
 [2018-04-02 18:48:56] <62134> ssl://web.nicepay.co.kr:443 Server Connect OK
 [2018-04-02 18:48:56] <62134> MSG_TO_SVR::[/lite/payProcess.jsp]
 [2018-04-02 18:48:57] <62134> TID -> [dublechi1m01011804021848560703]
 [2018-04-02 18:48:57] <62134> 3001[카드 결제 성공]
 [2018-04-02 18:48:57] <62134> END PYO  Laptime:[0.96sec]
 [2018-04-02 18:48:57] <62134> ===============================================================
 [2018-04-02 18:50:01] <6012> START NicepayLite PYO (V1.2.5B20170601(OS:Linux3.10.0-693.11.6.el7.x86_64,PHP:7.0.0p1))
 [2018-04-02 18:50:01] <6012> TID: dublechi1m01011804021850012358
 [2018-04-02 18:50:01] <6012> Connect to ssl://web.nicepay.co.kr:443
 [2018-04-02 18:50:01] <6012> ssl://web.nicepay.co.kr:443 Server Connect OK
 [2018-04-02 18:50:01] <6012> MSG_TO_SVR::[/lite/payProcess.jsp]
 [2018-04-02 18:50:02] <6012> TID -> [dublechi1m01011804021850012358]
 [2018-04-02 18:50:02] <6012> 3001[카드 결제 성공]
 [2018-04-02 18:50:02] <6012> END PYO  Laptime:[0.963sec]
 [2018-04-02 18:50:02] <6012> ===============================================================
 [2018-04-02 19:01:27] <24130> START NicepayLite PYO (V1.2.5B20170601(OS:Linux3.10.0-693.11.6.el7.x86_64,PHP:7.0.0p1))
 [2018-04-02 19:01:27] <24130> TID: dublechi1m01011804021901271360
 [2018-04-02 19:01:27] <24130> Connect to ssl://web.nicepay.co.kr:443
 [2018-04-02 19:01:27] <24130> ssl://web.nicepay.co.kr:443 Server Connect OK
 [2018-04-02 19:01:27] <24130> MSG_TO_SVR::[/lite/payProcess.jsp]
 [2018-04-02 19:01:28] <24130> TID -> [dublechi1m01011804021901271360]
 [2018-04-02 19:01:28] <24130> 3001[카드 결제 성공]
 [2018-04-02 19:01:28] <24130> END PYO  Laptime:[1.027sec]
 [2018-04-02 19:01:28] <24130> ===============================================================
