 [2018-02-26 09:40:13] <55748> START NicepayLite PYO (V1.2.5B20170601(OS:Linux3.10.0-693.11.6.el7.x86_64,PHP:7.0.0p1))
 [2018-02-26 09:40:13] <55748> TID: dublechi1m03011802260940137130
 [2018-02-26 09:40:13] <55748> Connect to ssl://web.nicepay.co.kr:443
 [2018-02-26 09:40:13] <55748> ssl://web.nicepay.co.kr:443 Server Connect OK
 [2018-02-26 09:40:13] <55748> MSG_TO_SVR::[/lite/payProcess.jsp]
 [2018-02-26 09:40:13] <55748> TID -> [dublechi1m03011802260940137130]
 [2018-02-26 09:40:13] <55748> 4100[가상계좌 발급 성공]
 [2018-02-26 09:40:13] <55748> END PYO  Laptime:[0.28sec]
 [2018-02-26 09:40:13] <55748> ===============================================================
 [2018-02-26 09:45:23] <425> START NicepayLite PYO (V1.2.5B20170601(OS:Linux3.10.0-693.11.6.el7.x86_64,PHP:7.0.0p1))
 [2018-02-26 09:45:23] <425> TID: dublechi1m03011802260945230229
 [2018-02-26 09:45:23] <425> Connect to ssl://web.nicepay.co.kr:443
 [2018-02-26 09:45:23] <425> ssl://web.nicepay.co.kr:443 Server Connect OK
 [2018-02-26 09:45:23] <425> MSG_TO_SVR::[/lite/payProcess.jsp]
 [2018-02-26 09:45:23] <425> TID -> [dublechi1m03011802260945230229]
 [2018-02-26 09:45:23] <425> 1610[TrKey 재사용 거래]
 [2018-02-26 09:45:23] <425> END PYO  Laptime:[0.068sec]
 [2018-02-26 09:45:23] <425> ===============================================================
 [2018-02-26 09:46:12] <562> START NicepayLite PYO (V1.2.5B20170601(OS:Linux3.10.0-693.11.6.el7.x86_64,PHP:7.0.0p1))
 [2018-02-26 09:46:12] <562> TID: dublechi1m03011802260946128640
 [2018-02-26 09:46:12] <562> Connect to ssl://web.nicepay.co.kr:443
 [2018-02-26 09:46:12] <562> ssl://web.nicepay.co.kr:443 Server Connect OK
 [2018-02-26 09:46:12] <562> MSG_TO_SVR::[/lite/payProcess.jsp]
 [2018-02-26 09:46:12] <562> TID -> [dublechi1m03011802260946128640]
 [2018-02-26 09:46:12] <562> 1610[TrKey 재사용 거래]
 [2018-02-26 09:46:12] <562> END PYO  Laptime:[0.108sec]
 [2018-02-26 09:46:12] <562> ===============================================================
 [2018-02-26 09:46:47] <7134> START NicepayLite PYO (V1.2.5B20170601(OS:Linux3.10.0-693.11.6.el7.x86_64,PHP:7.0.0p1))
 [2018-02-26 09:46:47] <7134> TID: dublechi1m03011802260946473657
 [2018-02-26 09:46:47] <7134> Connect to ssl://web.nicepay.co.kr:443
 [2018-02-26 09:46:47] <7134> ssl://web.nicepay.co.kr:443 Server Connect OK
 [2018-02-26 09:46:47] <7134> MSG_TO_SVR::[/lite/payProcess.jsp]
 [2018-02-26 09:46:47] <7134> TID -> [dublechi1m03011802260946473657]
 [2018-02-26 09:46:47] <7134> 1610[TrKey 재사용 거래]
 [2018-02-26 09:46:47] <7134> END PYO  Laptime:[0.067sec]
 [2018-02-26 09:46:47] <7134> ===============================================================
 [2018-02-26 09:47:19] <703> START NicepayLite PYO (V1.2.5B20170601(OS:Linux3.10.0-693.11.6.el7.x86_64,PHP:7.0.0p1))
 [2018-02-26 09:47:19] <703> TID: dublechi1m03011802260947196684
 [2018-02-26 09:47:19] <703> Connect to ssl://web.nicepay.co.kr:443
 [2018-02-26 09:47:19] <703> ssl://web.nicepay.co.kr:443 Server Connect OK
 [2018-02-26 09:47:19] <703> MSG_TO_SVR::[/lite/payProcess.jsp]
 [2018-02-26 09:47:19] <703> TID -> [dublechi1m03011802260947196684]
 [2018-02-26 09:47:19] <703> 1610[TrKey 재사용 거래]
 [2018-02-26 09:47:19] <703> END PYO  Laptime:[0.061sec]
 [2018-02-26 09:47:19] <703> ===============================================================
 [2018-02-26 09:51:21] <9420> START NicepayLite PYO (V1.2.5B20170601(OS:Linux3.10.0-693.11.6.el7.x86_64,PHP:7.0.0p1))
 [2018-02-26 09:51:21] <9420> TID: dublechi1m03011802260951218149
 [2018-02-26 09:51:21] <9420> Connect to ssl://web.nicepay.co.kr:443
 [2018-02-26 09:51:21] <9420> ssl://web.nicepay.co.kr:443 Server Connect OK
 [2018-02-26 09:51:21] <9420> MSG_TO_SVR::[/lite/payProcess.jsp]
 [2018-02-26 09:51:21] <9420> TID -> [dublechi1m03011802260951218149]
 [2018-02-26 09:51:21] <9420> 1610[TrKey 재사용 거래]
 [2018-02-26 09:51:21] <9420> END PYO  Laptime:[0.065sec]
 [2018-02-26 09:51:21] <9420> ===============================================================
 [2018-02-26 09:54:50] <18720> START NicepayLite PYO (V1.2.5B20170601(OS:Linux3.10.0-693.11.6.el7.x86_64,PHP:7.0.0p1))
 [2018-02-26 09:54:50] <18720> TID: dublechi1m03011802260954503806
 [2018-02-26 09:54:50] <18720> Connect to ssl://web.nicepay.co.kr:443
 [2018-02-26 09:54:50] <18720> ssl://web.nicepay.co.kr:443 Server Connect OK
 [2018-02-26 09:54:50] <18720> MSG_TO_SVR::[/lite/payProcess.jsp]
 [2018-02-26 09:54:50] <18720> TID -> [dublechi1m03011802260954503806]
 [2018-02-26 09:54:50] <18720> 1610[TrKey 재사용 거래]
 [2018-02-26 09:54:50] <18720> END PYO  Laptime:[0.065sec]
 [2018-02-26 09:54:50] <18720> ===============================================================
 [2018-02-26 09:58:08] <25448> START NicepayLite PYO (V1.2.5B20170601(OS:Linux3.10.0-693.11.6.el7.x86_64,PHP:7.0.0p1))
 [2018-02-26 09:58:08] <25448> TID: dublechi1m03011802260958085140
 [2018-02-26 09:58:08] <25448> Connect to ssl://web.nicepay.co.kr:443
 [2018-02-26 09:58:08] <25448> ssl://web.nicepay.co.kr:443 Server Connect OK
 [2018-02-26 09:58:08] <25448> MSG_TO_SVR::[/lite/payProcess.jsp]
 [2018-02-26 09:58:08] <25448> TID -> [dublechi1m03011802260958085140]
 [2018-02-26 09:58:08] <25448> 1610[TrKey 재사용 거래]
 [2018-02-26 09:58:08] <25448> END PYO  Laptime:[0.09sec]
 [2018-02-26 09:58:08] <25448> ===============================================================
 [2018-02-26 09:58:59] <26400> START NicepayLite PYO (V1.2.5B20170601(OS:Linux3.10.0-693.11.6.el7.x86_64,PHP:7.0.0p1))
 [2018-02-26 09:58:59] <26400> TID: dublechi1m03011802260958595155
 [2018-02-26 09:58:59] <26400> Connect to ssl://web.nicepay.co.kr:443
 [2018-02-26 09:58:59] <26400> ssl://web.nicepay.co.kr:443 Server Connect OK
 [2018-02-26 09:58:59] <26400> MSG_TO_SVR::[/lite/payProcess.jsp]
 [2018-02-26 09:58:59] <26400> TID -> [dublechi1m03011802260958595155]
 [2018-02-26 09:58:59] <26400> 1610[TrKey 재사용 거래]
 [2018-02-26 09:58:59] <26400> END PYO  Laptime:[0.073sec]
 [2018-02-26 09:58:59] <26400> ===============================================================
 [2018-02-26 10:01:19] <44475> START NicepayLite PYO (V1.2.5B20170601(OS:Linux3.10.0-693.11.6.el7.x86_64,PHP:7.0.0p1))
 [2018-02-26 10:01:19] <44475> TID: dublechi1m03011802261001190789
 [2018-02-26 10:01:19] <44475> Connect to ssl://web.nicepay.co.kr:443
 [2018-02-26 10:01:19] <44475> ssl://web.nicepay.co.kr:443 Server Connect OK
 [2018-02-26 10:01:19] <44475> MSG_TO_SVR::[/lite/payProcess.jsp]
 [2018-02-26 10:01:19] <44475> TID -> [dublechi1m03011802261001190789]
 [2018-02-26 10:01:19] <44475> 4100[가상계좌 발급 성공]
 [2018-02-26 10:01:19] <44475> END PYO  Laptime:[0.223sec]
 [2018-02-26 10:01:19] <44475> ===============================================================
 [2018-02-26 10:27:56] <21437> START NicepayLite PYO (V1.2.5B20170601(OS:Linux3.10.0-693.11.6.el7.x86_64,PHP:7.0.0p1))
 [2018-02-26 10:27:56] <21437> TID: dublechi1m03011802261027563675
 [2018-02-26 10:27:56] <21437> Connect to ssl://web.nicepay.co.kr:443
 [2018-02-26 10:27:56] <21437> ssl://web.nicepay.co.kr:443 Server Connect OK
 [2018-02-26 10:27:56] <21437> MSG_TO_SVR::[/lite/payProcess.jsp]
 [2018-02-26 10:27:56] <21437> TID -> [dublechi1m03011802261027563675]
 [2018-02-26 10:27:56] <21437> 4100[가상계좌 발급 성공]
 [2018-02-26 10:27:56] <21437> END PYO  Laptime:[0.314sec]
 [2018-02-26 10:27:56] <21437> ===============================================================
 [2018-02-26 10:37:50] <55643> START NicepayLite PYO (V1.2.5B20170601(OS:Linux3.10.0-693.11.6.el7.x86_64,PHP:7.0.0p1))
 [2018-02-26 10:37:50] <55643> TID: dublechi1m03011802261037509950
 [2018-02-26 10:37:50] <55643> Connect to ssl://web.nicepay.co.kr:443
 [2018-02-26 10:37:50] <55643> ssl://web.nicepay.co.kr:443 Server Connect OK
 [2018-02-26 10:37:50] <55643> MSG_TO_SVR::[/lite/payProcess.jsp]
 [2018-02-26 10:37:51] <55643> TID -> [dublechi1m03011802261037509950]
 [2018-02-26 10:37:51] <55643> 4100[가상계좌 발급 성공]
 [2018-02-26 10:37:51] <55643> END PYO  Laptime:[0.305sec]
 [2018-02-26 10:37:51] <55643> ===============================================================
 [2018-02-26 10:38:50] <55636> START NicepayLite PYO (V1.2.5B20170601(OS:Linux3.10.0-693.11.6.el7.x86_64,PHP:7.0.0p1))
 [2018-02-26 10:38:50] <55636> TID: dublechi1m03011802261038509045
 [2018-02-26 10:38:50] <55636> Connect to ssl://web.nicepay.co.kr:443
 [2018-02-26 10:38:50] <55636> ssl://web.nicepay.co.kr:443 Server Connect OK
 [2018-02-26 10:38:50] <55636> MSG_TO_SVR::[/lite/payProcess.jsp]
 [2018-02-26 10:38:51] <55636> TID -> [dublechi1m03011802261038509045]
 [2018-02-26 10:38:51] <55636> 4100[가상계좌 발급 성공]
 [2018-02-26 10:38:51] <55636> END PYO  Laptime:[0.291sec]
 [2018-02-26 10:38:51] <55636> ===============================================================
 [2018-02-26 10:41:34] <56342> START NicepayLite PYO (V1.2.5B20170601(OS:Linux3.10.0-693.11.6.el7.x86_64,PHP:7.0.0p1))
 [2018-02-26 10:41:34] <56342> TID: dublechi1m03011802261041348841
 [2018-02-26 10:41:34] <56342> Connect to ssl://web.nicepay.co.kr:443
 [2018-02-26 10:41:34] <56342> ssl://web.nicepay.co.kr:443 Server Connect OK
 [2018-02-26 10:41:34] <56342> MSG_TO_SVR::[/lite/payProcess.jsp]
 [2018-02-26 10:41:35] <56342> TID -> [dublechi1m03011802261041348841]
 [2018-02-26 10:41:35] <56342> 4100[가상계좌 발급 성공]
 [2018-02-26 10:41:35] <56342> END PYO  Laptime:[0.188sec]
 [2018-02-26 10:41:35] <56342> ===============================================================
