 [2018-02-13 16:17:53] <1579> START NicepayLite PYO (V1.2.5B20170601(OS:Linux3.10.0-693.11.6.el7.x86_64,PHP:7.0.0p1))
 [2018-02-13 16:17:53] <1579> TID: dublechi1m01011802131617538979
 [2018-02-13 16:17:53] <1579> Connect to ssl://web.nicepay.co.kr:443
 [2018-02-13 16:17:53] <1579> ssl://web.nicepay.co.kr:443 Server Connect OK
 [2018-02-13 16:17:53] <1579> MSG_TO_SVR::[/lite/payProcess.jsp]
 [2018-02-13 16:17:55] <1579> TID -> [dublechi1m01011802131617538979]
 [2018-02-13 16:17:55] <1579> 3001[카드 결제 성공]
 [2018-02-13 16:17:55] <1579> END PYO  Laptime:[1.16sec]
 [2018-02-13 16:17:55] <1579> ===============================================================
 [2018-02-13 16:21:30] <17479> START NicepayLite PYO (V1.2.5B20170601(OS:Linux3.10.0-693.11.6.el7.x86_64,PHP:7.0.0p1))
 [2018-02-13 16:21:30] <17479> TID: dublechi1m01011802131621305861
 [2018-02-13 16:21:30] <17479> Connect to ssl://web.nicepay.co.kr:443
 [2018-02-13 16:21:30] <17479> ssl://web.nicepay.co.kr:443 Server Connect OK
 [2018-02-13 16:21:30] <17479> MSG_TO_SVR::[/lite/payProcess.jsp]
 [2018-02-13 16:21:30] <17479> TID -> [dublechi1m01011802131621305861]
 [2018-02-13 16:21:30] <17479> 1610[TrKey 재사용 거래]
 [2018-02-13 16:21:30] <17479> END PYO  Laptime:[0.084sec]
 [2018-02-13 16:21:30] <17479> ===============================================================
 [2018-02-13 16:26:34] <24317> START NicepayLite PYO (V1.2.5B20170601(OS:Linux3.10.0-693.11.6.el7.x86_64,PHP:7.0.0p1))
 [2018-02-13 16:26:34] <24317> TID: dublechi1m01011802131626340880
 [2018-02-13 16:26:34] <24317> Connect to ssl://web.nicepay.co.kr:443
 [2018-02-13 16:26:34] <24317> ssl://web.nicepay.co.kr:443 Server Connect OK
 [2018-02-13 16:26:34] <24317> MSG_TO_SVR::[/lite/payProcess.jsp]
 [2018-02-13 16:26:34] <24317> TID -> [dublechi1m01011802131626340880]
 [2018-02-13 16:26:34] <24317> 1610[TrKey 재사용 거래]
 [2018-02-13 16:26:34] <24317> END PYO  Laptime:[0.109sec]
 [2018-02-13 16:26:34] <24317> ===============================================================
 [2018-02-13 16:51:14] <6742> START NicepayLite PYO (V1.2.5B20170601(OS:Linux3.10.0-693.11.6.el7.x86_64,PHP:7.0.0p1))
 [2018-02-13 16:51:14] <6742> TID: dublechi1m01011802131651148392
 [2018-02-13 16:51:14] <6742> Connect to ssl://web.nicepay.co.kr:443
 [2018-02-13 16:51:14] <6742> ssl://web.nicepay.co.kr:443 Server Connect OK
 [2018-02-13 16:51:14] <6742> MSG_TO_SVR::[/lite/payProcess.jsp]
 [2018-02-13 16:51:14] <6742> TID -> [dublechi1m01011802131651148392]
 [2018-02-13 16:51:14] <6742> 1610[TrKey 재사용 거래]
 [2018-02-13 16:51:14] <6742> END PYO  Laptime:[0.082sec]
 [2018-02-13 16:51:14] <6742> ===============================================================
 [2018-02-13 16:59:44] <24399> START NicepayLite PYO (V1.2.5B20170601(OS:Linux3.10.0-693.11.6.el7.x86_64,PHP:7.0.0p1))
 [2018-02-13 16:59:44] <24399> TID: dublechi1m01011802131659444439
 [2018-02-13 16:59:44] <24399> Connect to ssl://web.nicepay.co.kr:443
 [2018-02-13 16:59:44] <24399> ssl://web.nicepay.co.kr:443 Server Connect OK
 [2018-02-13 16:59:44] <24399> MSG_TO_SVR::[/lite/payProcess.jsp]
 [2018-02-13 16:59:44] <24399> TID -> [dublechi1m01011802131659444439]
 [2018-02-13 16:59:44] <24399> 1610[TrKey 재사용 거래]
 [2018-02-13 16:59:44] <24399> END PYO  Laptime:[0.105sec]
 [2018-02-13 16:59:44] <24399> ===============================================================
 [2018-02-13 17:05:19] <35445> START NicepayLite PYO (V1.2.5B20170601(OS:Linux3.10.0-693.11.6.el7.x86_64,PHP:7.0.0p1))
 [2018-02-13 17:05:19] <35445> TID: dublechi1m01011802131705195971
 [2018-02-13 17:05:19] <35445> Connect to ssl://web.nicepay.co.kr:443
 [2018-02-13 17:05:19] <35445> ssl://web.nicepay.co.kr:443 Server Connect OK
 [2018-02-13 17:05:19] <35445> MSG_TO_SVR::[/lite/payProcess.jsp]
 [2018-02-13 17:05:19] <35445> TID -> [dublechi1m01011802131705195971]
 [2018-02-13 17:05:19] <35445> 1610[TrKey 재사용 거래]
 [2018-02-13 17:05:19] <35445> END PYO  Laptime:[0.078sec]
 [2018-02-13 17:05:19] <35445> ===============================================================
 [2018-02-13 17:08:11] <38721> START NicepayLite PYO (V1.2.5B20170601(OS:Linux3.10.0-693.11.6.el7.x86_64,PHP:7.0.0p1))
 [2018-02-13 17:08:11] <38721> TID: dublechi1m01011802131708116937
 [2018-02-13 17:08:11] <38721> Connect to ssl://web.nicepay.co.kr:443
 [2018-02-13 17:08:11] <38721> ssl://web.nicepay.co.kr:443 Server Connect OK
 [2018-02-13 17:08:11] <38721> MSG_TO_SVR::[/lite/payProcess.jsp]
 [2018-02-13 17:08:11] <38721> TID -> [dublechi1m01011802131708116937]
 [2018-02-13 17:08:11] <38721> 1610[TrKey 재사용 거래]
 [2018-02-13 17:08:11] <38721> END PYO  Laptime:[0.077sec]
 [2018-02-13 17:08:11] <38721> ===============================================================
 [2018-02-13 17:11:06] <44783> START NicepayLite PYO (V1.2.5B20170601(OS:Linux3.10.0-693.11.6.el7.x86_64,PHP:7.0.0p1))
 [2018-02-13 17:11:06] <44783> TID: dublechi1m01011802131711060672
 [2018-02-13 17:11:06] <44783> Connect to ssl://web.nicepay.co.kr:443
 [2018-02-13 17:11:06] <44783> ssl://web.nicepay.co.kr:443 Server Connect OK
 [2018-02-13 17:11:06] <44783> MSG_TO_SVR::[/lite/payProcess.jsp]
 [2018-02-13 17:11:06] <44783> TID -> [dublechi1m01011802131711060672]
 [2018-02-13 17:11:06] <44783> 1610[TrKey 재사용 거래]
 [2018-02-13 17:11:06] <44783> END PYO  Laptime:[0.077sec]
 [2018-02-13 17:11:06] <44783> ===============================================================
 [2018-02-13 17:11:59] <51228> START NicepayLite PYO (V1.2.5B20170601(OS:Linux3.10.0-693.11.6.el7.x86_64,PHP:7.0.0p1))
 [2018-02-13 17:11:59] <51228> TID: dublechi1m01011802131711590492
 [2018-02-13 17:11:59] <51228> Connect to ssl://web.nicepay.co.kr:443
 [2018-02-13 17:11:59] <51228> ssl://web.nicepay.co.kr:443 Server Connect OK
 [2018-02-13 17:11:59] <51228> MSG_TO_SVR::[/lite/payProcess.jsp]
 [2018-02-13 17:11:59] <51228> TID -> [dublechi1m01011802131711590492]
 [2018-02-13 17:11:59] <51228> 1610[TrKey 재사용 거래]
 [2018-02-13 17:11:59] <51228> END PYO  Laptime:[0.079sec]
 [2018-02-13 17:11:59] <51228> ===============================================================
 [2018-02-13 17:12:39] <50911> START NicepayLite PYO (V1.2.5B20170601(OS:Linux3.10.0-693.11.6.el7.x86_64,PHP:7.0.0p1))
 [2018-02-13 17:12:39] <50911> TID: dublechi1m01011802131712393599
 [2018-02-13 17:12:39] <50911> Connect to ssl://web.nicepay.co.kr:443
 [2018-02-13 17:12:39] <50911> ssl://web.nicepay.co.kr:443 Server Connect OK
 [2018-02-13 17:12:39] <50911> MSG_TO_SVR::[/lite/payProcess.jsp]
 [2018-02-13 17:12:39] <50911> TID -> [dublechi1m01011802131712393599]
 [2018-02-13 17:12:39] <50911> 1610[TrKey 재사용 거래]
 [2018-02-13 17:12:39] <50911> END PYO  Laptime:[0.076sec]
 [2018-02-13 17:12:39] <50911> ===============================================================
 [2018-02-13 17:16:15] <52619> START NicepayLite PYO (V1.2.5B20170601(OS:Linux3.10.0-693.11.6.el7.x86_64,PHP:7.0.0p1))
 [2018-02-13 17:16:15] <52619> TID: dublechi1m01011802131716150906
 [2018-02-13 17:16:15] <52619> Connect to ssl://web.nicepay.co.kr:443
 [2018-02-13 17:16:15] <52619> ssl://web.nicepay.co.kr:443 Server Connect OK
 [2018-02-13 17:16:15] <52619> MSG_TO_SVR::[/lite/payProcess.jsp]
 [2018-02-13 17:16:15] <52619> TID -> [dublechi1m01011802131716150906]
 [2018-02-13 17:16:15] <52619> 1610[TrKey 재사용 거래]
 [2018-02-13 17:16:15] <52619> END PYO  Laptime:[0.079sec]
 [2018-02-13 17:16:15] <52619> ===============================================================
 [2018-02-13 17:16:55] <53399> START NicepayLite PYO (V1.2.5B20170601(OS:Linux3.10.0-693.11.6.el7.x86_64,PHP:7.0.0p1))
 [2018-02-13 17:16:55] <53399> TID: dublechi1m01011802131716559772
 [2018-02-13 17:16:55] <53399> Connect to ssl://web.nicepay.co.kr:443
 [2018-02-13 17:16:55] <53399> ssl://web.nicepay.co.kr:443 Server Connect OK
 [2018-02-13 17:16:55] <53399> MSG_TO_SVR::[/lite/payProcess.jsp]
 [2018-02-13 17:16:56] <53399> TID -> [dublechi1m01011802131716559772]
 [2018-02-13 17:16:56] <53399> 1610[TrKey 재사용 거래]
 [2018-02-13 17:16:56] <53399> END PYO  Laptime:[0.075sec]
 [2018-02-13 17:16:56] <53399> ===============================================================
 [2018-02-13 17:18:58] <60857> START NicepayLite PYO (V1.2.5B20170601(OS:Linux3.10.0-693.11.6.el7.x86_64,PHP:7.0.0p1))
 [2018-02-13 17:18:58] <60857> TID: dublechi1m01011802131718586707
 [2018-02-13 17:18:58] <60857> Connect to ssl://web.nicepay.co.kr:443
 [2018-02-13 17:18:58] <60857> ssl://web.nicepay.co.kr:443 Server Connect OK
 [2018-02-13 17:18:58] <60857> MSG_TO_SVR::[/lite/payProcess.jsp]
 [2018-02-13 17:18:58] <60857> TID -> [dublechi1m01011802131718586707]
 [2018-02-13 17:18:58] <60857> 1610[TrKey 재사용 거래]
 [2018-02-13 17:18:58] <60857> END PYO  Laptime:[0.098sec]
 [2018-02-13 17:18:58] <60857> ===============================================================
 [2018-02-13 17:19:24] <59581> START NicepayLite PYO (V1.2.5B20170601(OS:Linux3.10.0-693.11.6.el7.x86_64,PHP:7.0.0p1))
 [2018-02-13 17:19:24] <59581> TID: dublechi1m01011802131719248835
 [2018-02-13 17:19:24] <59581> Connect to ssl://web.nicepay.co.kr:443
 [2018-02-13 17:19:24] <59581> ssl://web.nicepay.co.kr:443 Server Connect OK
 [2018-02-13 17:19:24] <59581> MSG_TO_SVR::[/lite/payProcess.jsp]
 [2018-02-13 17:19:24] <59581> TID -> [dublechi1m01011802131719248835]
 [2018-02-13 17:19:24] <59581> 1610[TrKey 재사용 거래]
 [2018-02-13 17:19:24] <59581> END PYO  Laptime:[0.087sec]
 [2018-02-13 17:19:24] <59581> ===============================================================
 [2018-02-13 17:19:55] <59370> START NicepayLite PYO (V1.2.5B20170601(OS:Linux3.10.0-693.11.6.el7.x86_64,PHP:7.0.0p1))
 [2018-02-13 17:19:55] <59370> TID: dublechi1m01011802131719556583
 [2018-02-13 17:19:55] <59370> Connect to ssl://web.nicepay.co.kr:443
 [2018-02-13 17:19:55] <59370> ssl://web.nicepay.co.kr:443 Server Connect OK
 [2018-02-13 17:19:55] <59370> MSG_TO_SVR::[/lite/payProcess.jsp]
 [2018-02-13 17:19:55] <59370> TID -> [dublechi1m01011802131719556583]
 [2018-02-13 17:19:55] <59370> 1610[TrKey 재사용 거래]
 [2018-02-13 17:19:55] <59370> END PYO  Laptime:[0.079sec]
 [2018-02-13 17:19:55] <59370> ===============================================================
 [2018-02-13 17:20:46] <59209> START NicepayLite PYO (V1.2.5B20170601(OS:Linux3.10.0-693.11.6.el7.x86_64,PHP:7.0.0p1))
 [2018-02-13 17:20:46] <59209> TID: dublechi1m01011802131720464663
 [2018-02-13 17:20:46] <59209> Connect to ssl://web.nicepay.co.kr:443
 [2018-02-13 17:20:46] <59209> ssl://web.nicepay.co.kr:443 Server Connect OK
 [2018-02-13 17:20:46] <59209> MSG_TO_SVR::[/lite/payProcess.jsp]
 [2018-02-13 17:20:46] <59209> TID -> [dublechi1m01011802131720464663]
 [2018-02-13 17:20:46] <59209> 1610[TrKey 재사용 거래]
 [2018-02-13 17:20:46] <59209> END PYO  Laptime:[0.076sec]
 [2018-02-13 17:20:46] <59209> ===============================================================
 [2018-02-13 17:21:32] <59371> START NicepayLite PYO (V1.2.5B20170601(OS:Linux3.10.0-693.11.6.el7.x86_64,PHP:7.0.0p1))
 [2018-02-13 17:21:32] <59371> TID: dublechi1m01011802131721328790
 [2018-02-13 17:21:32] <59371> Connect to ssl://web.nicepay.co.kr:443
 [2018-02-13 17:21:32] <59371> ssl://web.nicepay.co.kr:443 Server Connect OK
 [2018-02-13 17:21:32] <59371> MSG_TO_SVR::[/lite/payProcess.jsp]
 [2018-02-13 17:21:32] <59371> TID -> [dublechi1m01011802131721328790]
 [2018-02-13 17:21:32] <59371> 1610[TrKey 재사용 거래]
 [2018-02-13 17:21:32] <59371> END PYO  Laptime:[0.077sec]
 [2018-02-13 17:21:32] <59371> ===============================================================
 [2018-02-13 17:21:41] <59901> START NicepayLite PYO (V1.2.5B20170601(OS:Linux3.10.0-693.11.6.el7.x86_64,PHP:7.0.0p1))
 [2018-02-13 17:21:41] <59901> TID: dublechi1m01011802131721410403
 [2018-02-13 17:21:41] <59901> Connect to ssl://web.nicepay.co.kr:443
 [2018-02-13 17:21:41] <59901> ssl://web.nicepay.co.kr:443 Server Connect OK
 [2018-02-13 17:21:41] <59901> MSG_TO_SVR::[/lite/payProcess.jsp]
 [2018-02-13 17:21:41] <59901> TID -> [dublechi1m01011802131721410403]
 [2018-02-13 17:21:41] <59901> 1610[TrKey 재사용 거래]
 [2018-02-13 17:21:41] <59901> END PYO  Laptime:[0.073sec]
 [2018-02-13 17:21:41] <59901> ===============================================================
 [2018-02-13 17:21:42] <3506> START NicepayLite PYO (V1.2.5B20170601(OS:Linux3.10.0-693.11.6.el7.x86_64,PHP:7.0.0p1))
 [2018-02-13 17:21:42] <3506> TID: dublechi1m01011802131721420318
 [2018-02-13 17:21:42] <3506> Connect to ssl://web.nicepay.co.kr:443
 [2018-02-13 17:21:42] <3506> ssl://web.nicepay.co.kr:443 Server Connect OK
 [2018-02-13 17:21:42] <3506> MSG_TO_SVR::[/lite/payProcess.jsp]
 [2018-02-13 17:21:42] <3506> TID -> [dublechi1m01011802131721420318]
 [2018-02-13 17:21:42] <3506> 1610[TrKey 재사용 거래]
 [2018-02-13 17:21:42] <3506> END PYO  Laptime:[0.075sec]
 [2018-02-13 17:21:42] <3506> ===============================================================
 [2018-02-13 17:22:27] <60628> START NicepayLite PYO (V1.2.5B20170601(OS:Linux3.10.0-693.11.6.el7.x86_64,PHP:7.0.0p1))
 [2018-02-13 17:22:27] <60628> TID: dublechi1m01011802131722273680
 [2018-02-13 17:22:27] <60628> Connect to ssl://web.nicepay.co.kr:443
 [2018-02-13 17:22:27] <60628> ssl://web.nicepay.co.kr:443 Server Connect OK
 [2018-02-13 17:22:27] <60628> MSG_TO_SVR::[/lite/payProcess.jsp]
 [2018-02-13 17:22:27] <60628> TID -> [dublechi1m01011802131722273680]
 [2018-02-13 17:22:27] <60628> 1610[TrKey 재사용 거래]
 [2018-02-13 17:22:27] <60628> END PYO  Laptime:[0.078sec]
 [2018-02-13 17:22:27] <60628> ===============================================================
 [2018-02-13 17:23:01] <2720> START NicepayLite PYO (V1.2.5B20170601(OS:Linux3.10.0-693.11.6.el7.x86_64,PHP:7.0.0p1))
 [2018-02-13 17:23:01] <2720> TID: dublechi1m01011802131723017307
 [2018-02-13 17:23:01] <2720> Connect to ssl://web.nicepay.co.kr:443
 [2018-02-13 17:23:01] <2720> ssl://web.nicepay.co.kr:443 Server Connect OK
 [2018-02-13 17:23:01] <2720> MSG_TO_SVR::[/lite/payProcess.jsp]
 [2018-02-13 17:23:01] <2720> TID -> [dublechi1m01011802131723017307]
 [2018-02-13 17:23:01] <2720> 1610[TrKey 재사용 거래]
 [2018-02-13 17:23:01] <2720> END PYO  Laptime:[0.107sec]
 [2018-02-13 17:23:01] <2720> ===============================================================
 [2018-02-13 17:24:39] <2719> START NicepayLite PYO (V1.2.5B20170601(OS:Linux3.10.0-693.11.6.el7.x86_64,PHP:7.0.0p1))
 [2018-02-13 17:24:39] <2719> TID: dublechi1m01011802131724390934
 [2018-02-13 17:24:39] <2719> Connect to ssl://web.nicepay.co.kr:443
 [2018-02-13 17:24:39] <2719> ssl://web.nicepay.co.kr:443 Server Connect OK
 [2018-02-13 17:24:39] <2719> MSG_TO_SVR::[/lite/payProcess.jsp]
 [2018-02-13 17:24:39] <2719> TID -> [dublechi1m01011802131724390934]
 [2018-02-13 17:24:39] <2719> 1610[TrKey 재사용 거래]
 [2018-02-13 17:24:39] <2719> END PYO  Laptime:[0.166sec]
 [2018-02-13 17:24:39] <2719> ===============================================================
 [2018-02-13 17:24:40] <5127> START NicepayLite PYO (V1.2.5B20170601(OS:Linux3.10.0-693.11.6.el7.x86_64,PHP:7.0.0p1))
 [2018-02-13 17:24:40] <5127> TID: dublechi1m01011802131724406934
 [2018-02-13 17:24:40] <5127> Connect to ssl://web.nicepay.co.kr:443
 [2018-02-13 17:24:40] <5127> ssl://web.nicepay.co.kr:443 Server Connect OK
 [2018-02-13 17:24:40] <5127> MSG_TO_SVR::[/lite/payProcess.jsp]
 [2018-02-13 17:24:40] <5127> TID -> [dublechi1m01011802131724406934]
 [2018-02-13 17:24:40] <5127> 1610[TrKey 재사용 거래]
 [2018-02-13 17:24:40] <5127> END PYO  Laptime:[0.077sec]
 [2018-02-13 17:24:40] <5127> ===============================================================
 [2018-02-13 17:28:51] <5692> START NicepayLite PYO (V1.2.5B20170601(OS:Linux3.10.0-693.11.6.el7.x86_64,PHP:7.0.0p1))
 [2018-02-13 17:28:51] <5692> TID: dublechi1m01011802131728518053
 [2018-02-13 17:28:51] <5692> Connect to ssl://web.nicepay.co.kr:443
 [2018-02-13 17:28:51] <5692> ssl://web.nicepay.co.kr:443 Server Connect OK
 [2018-02-13 17:28:51] <5692> MSG_TO_SVR::[/lite/payProcess.jsp]
 [2018-02-13 17:28:51] <5692> TID -> [dublechi1m01011802131728518053]
 [2018-02-13 17:28:51] <5692> 1610[TrKey 재사용 거래]
 [2018-02-13 17:28:51] <5692> END PYO  Laptime:[0.075sec]
 [2018-02-13 17:28:51] <5692> ===============================================================
 [2018-02-13 17:28:53] <5698> START NicepayLite PYO (V1.2.5B20170601(OS:Linux3.10.0-693.11.6.el7.x86_64,PHP:7.0.0p1))
 [2018-02-13 17:28:53] <5698> TID: dublechi1m01011802131728538087
 [2018-02-13 17:28:53] <5698> Connect to ssl://web.nicepay.co.kr:443
 [2018-02-13 17:28:53] <5698> ssl://web.nicepay.co.kr:443 Server Connect OK
 [2018-02-13 17:28:53] <5698> MSG_TO_SVR::[/lite/payProcess.jsp]
 [2018-02-13 17:28:53] <5698> TID -> [dublechi1m01011802131728538087]
 [2018-02-13 17:28:53] <5698> 1610[TrKey 재사용 거래]
 [2018-02-13 17:28:53] <5698> END PYO  Laptime:[0.083sec]
 [2018-02-13 17:28:53] <5698> ===============================================================
 [2018-02-13 17:29:08] <5702> START NicepayLite PYO (V1.2.5B20170601(OS:Linux3.10.0-693.11.6.el7.x86_64,PHP:7.0.0p1))
 [2018-02-13 17:29:08] <5702> TID: dublechi1m01011802131729088721
 [2018-02-13 17:29:08] <5702> Connect to ssl://web.nicepay.co.kr:443
 [2018-02-13 17:29:08] <5702> ssl://web.nicepay.co.kr:443 Server Connect OK
 [2018-02-13 17:29:08] <5702> MSG_TO_SVR::[/lite/payProcess.jsp]
 [2018-02-13 17:29:08] <5702> TID -> [dublechi1m01011802131729088721]
 [2018-02-13 17:29:08] <5702> 1610[TrKey 재사용 거래]
 [2018-02-13 17:29:08] <5702> END PYO  Laptime:[0.086sec]
 [2018-02-13 17:29:08] <5702> ===============================================================
 [2018-02-13 17:29:22] <14047> START NicepayLite PYO (V1.2.5B20170601(OS:Linux3.10.0-693.11.6.el7.x86_64,PHP:7.0.0p1))
 [2018-02-13 17:29:22] <14047> TID: dublechi1m01011802131729229776
 [2018-02-13 17:29:22] <14047> Connect to ssl://web.nicepay.co.kr:443
 [2018-02-13 17:29:22] <14047> ssl://web.nicepay.co.kr:443 Server Connect OK
 [2018-02-13 17:29:22] <14047> MSG_TO_SVR::[/lite/payProcess.jsp]
 [2018-02-13 17:29:22] <14047> TID -> [dublechi1m01011802131729229776]
 [2018-02-13 17:29:22] <14047> 1610[TrKey 재사용 거래]
 [2018-02-13 17:29:22] <14047> END PYO  Laptime:[0.087sec]
 [2018-02-13 17:29:22] <14047> ===============================================================
 [2018-02-13 17:29:32] <13645> START NicepayLite PYO (V1.2.5B20170601(OS:Linux3.10.0-693.11.6.el7.x86_64,PHP:7.0.0p1))
 [2018-02-13 17:29:32] <13645> TID: dublechi1m01011802131729320339
 [2018-02-13 17:29:32] <13645> Connect to ssl://web.nicepay.co.kr:443
 [2018-02-13 17:29:32] <13645> ssl://web.nicepay.co.kr:443 Server Connect OK
 [2018-02-13 17:29:32] <13645> MSG_TO_SVR::[/lite/payProcess.jsp]
 [2018-02-13 17:29:32] <13645> TID -> [dublechi1m01011802131729320339]
 [2018-02-13 17:29:32] <13645> 1610[TrKey 재사용 거래]
 [2018-02-13 17:29:32] <13645> END PYO  Laptime:[0.074sec]
 [2018-02-13 17:29:32] <13645> ===============================================================
 [2018-02-13 17:30:52] <12906> START NicepayLite PYO (V1.2.5B20170601(OS:Linux3.10.0-693.11.6.el7.x86_64,PHP:7.0.0p1))
 [2018-02-13 17:30:52] <12906> TID: dublechi1m01011802131730524662
 [2018-02-13 17:30:52] <12906> Connect to ssl://web.nicepay.co.kr:443
 [2018-02-13 17:30:52] <12906> ssl://web.nicepay.co.kr:443 Server Connect OK
 [2018-02-13 17:30:52] <12906> MSG_TO_SVR::[/lite/payProcess.jsp]
 [2018-02-13 17:30:52] <12906> TID -> [dublechi1m01011802131730524662]
 [2018-02-13 17:30:52] <12906> 1610[TrKey 재사용 거래]
 [2018-02-13 17:30:52] <12906> END PYO  Laptime:[0.077sec]
 [2018-02-13 17:30:52] <12906> ===============================================================
 [2018-02-13 17:30:54] <30357> START NicepayLite PYO (V1.2.5B20170601(OS:Linux3.10.0-693.11.6.el7.x86_64,PHP:7.0.0p1))
 [2018-02-13 17:30:54] <30357> TID: dublechi1m01011802131730547662
 [2018-02-13 17:30:54] <30357> Connect to ssl://web.nicepay.co.kr:443
 [2018-02-13 17:30:54] <30357> ssl://web.nicepay.co.kr:443 Server Connect OK
 [2018-02-13 17:30:54] <30357> MSG_TO_SVR::[/lite/payProcess.jsp]
 [2018-02-13 17:30:54] <30357> TID -> [dublechi1m01011802131730547662]
 [2018-02-13 17:30:54] <30357> 1610[TrKey 재사용 거래]
 [2018-02-13 17:30:54] <30357> END PYO  Laptime:[0.075sec]
 [2018-02-13 17:30:54] <30357> ===============================================================
 [2018-02-13 17:31:32] <14160> START NicepayLite PYO (V1.2.5B20170601(OS:Linux3.10.0-693.11.6.el7.x86_64,PHP:7.0.0p1))
 [2018-02-13 17:31:32] <14160> TID: dublechi1m01011802131731325719
 [2018-02-13 17:31:32] <14160> Connect to ssl://web.nicepay.co.kr:443
 [2018-02-13 17:31:32] <14160> ssl://web.nicepay.co.kr:443 Server Connect OK
 [2018-02-13 17:31:32] <14160> MSG_TO_SVR::[/lite/payProcess.jsp]
 [2018-02-13 17:31:32] <14160> TID -> [dublechi1m01011802131731325719]
 [2018-02-13 17:31:32] <14160> 1610[TrKey 재사용 거래]
 [2018-02-13 17:31:32] <14160> END PYO  Laptime:[0.077sec]
 [2018-02-13 17:31:32] <14160> ===============================================================
 [2018-02-13 17:31:34] <12906> START NicepayLite PYO (V1.2.5B20170601(OS:Linux3.10.0-693.11.6.el7.x86_64,PHP:7.0.0p1))
 [2018-02-13 17:31:34] <12906> TID: dublechi1m01011802131731343029
 [2018-02-13 17:31:34] <12906> Connect to ssl://web.nicepay.co.kr:443
 [2018-02-13 17:31:34] <12906> ssl://web.nicepay.co.kr:443 Server Connect OK
 [2018-02-13 17:31:34] <12906> MSG_TO_SVR::[/lite/payProcess.jsp]
 [2018-02-13 17:31:34] <12906> TID -> [dublechi1m01011802131731343029]
 [2018-02-13 17:31:34] <12906> 1610[TrKey 재사용 거래]
 [2018-02-13 17:31:34] <12906> END PYO  Laptime:[0.101sec]
 [2018-02-13 17:31:34] <12906> ===============================================================
 [2018-02-13 17:31:44] <31175> START NicepayLite PYO (V1.2.5B20170601(OS:Linux3.10.0-693.11.6.el7.x86_64,PHP:7.0.0p1))
 [2018-02-13 17:31:44] <31175> TID: dublechi1m01011802131731444814
 [2018-02-13 17:31:44] <31175> Connect to ssl://web.nicepay.co.kr:443
 [2018-02-13 17:31:44] <31175> ssl://web.nicepay.co.kr:443 Server Connect OK
 [2018-02-13 17:31:44] <31175> MSG_TO_SVR::[/lite/payProcess.jsp]
 [2018-02-13 17:31:44] <31175> TID -> [dublechi1m01011802131731444814]
 [2018-02-13 17:31:44] <31175> 1610[TrKey 재사용 거래]
 [2018-02-13 17:31:44] <31175> END PYO  Laptime:[0.1sec]
 [2018-02-13 17:31:44] <31175> ===============================================================
 [2018-02-13 17:31:45] <31177> START NicepayLite PYO (V1.2.5B20170601(OS:Linux3.10.0-693.11.6.el7.x86_64,PHP:7.0.0p1))
 [2018-02-13 17:31:45] <31177> TID: dublechi1m01011802131731458178
 [2018-02-13 17:31:45] <31177> Connect to ssl://web.nicepay.co.kr:443
 [2018-02-13 17:31:45] <31177> ssl://web.nicepay.co.kr:443 Server Connect OK
 [2018-02-13 17:31:45] <31177> MSG_TO_SVR::[/lite/payProcess.jsp]
 [2018-02-13 17:31:45] <31177> TID -> [dublechi1m01011802131731458178]
 [2018-02-13 17:31:45] <31177> 1610[TrKey 재사용 거래]
 [2018-02-13 17:31:45] <31177> END PYO  Laptime:[0.075sec]
 [2018-02-13 17:31:45] <31177> ===============================================================
 [2018-02-13 17:33:01] <14130> START NicepayLite PYO (V1.2.5B20170601(OS:Linux3.10.0-693.11.6.el7.x86_64,PHP:7.0.0p1))
 [2018-02-13 17:33:01] <14130> TID: dublechi1m01011802131733016112
 [2018-02-13 17:33:01] <14130> Connect to ssl://web.nicepay.co.kr:443
 [2018-02-13 17:33:01] <14130> ssl://web.nicepay.co.kr:443 Server Connect OK
 [2018-02-13 17:33:01] <14130> MSG_TO_SVR::[/lite/payProcess.jsp]
 [2018-02-13 17:33:01] <14130> TID -> [dublechi1m01011802131733016112]
 [2018-02-13 17:33:01] <14130> 1610[TrKey 재사용 거래]
 [2018-02-13 17:33:01] <14130> END PYO  Laptime:[0.075sec]
 [2018-02-13 17:33:01] <14130> ===============================================================
 [2018-02-13 17:33:02] <31174> START NicepayLite PYO (V1.2.5B20170601(OS:Linux3.10.0-693.11.6.el7.x86_64,PHP:7.0.0p1))
 [2018-02-13 17:33:02] <31174> TID: dublechi1m01011802131733028977
 [2018-02-13 17:33:02] <31174> Connect to ssl://web.nicepay.co.kr:443
 [2018-02-13 17:33:02] <31174> ssl://web.nicepay.co.kr:443 Server Connect OK
 [2018-02-13 17:33:02] <31174> MSG_TO_SVR::[/lite/payProcess.jsp]
 [2018-02-13 17:33:02] <31174> TID -> [dublechi1m01011802131733028977]
 [2018-02-13 17:33:02] <31174> 1610[TrKey 재사용 거래]
 [2018-02-13 17:33:02] <31174> END PYO  Laptime:[0.076sec]
 [2018-02-13 17:33:02] <31174> ===============================================================
 [2018-02-13 17:33:09] <31134> START NicepayLite PYO (V1.2.5B20170601(OS:Linux3.10.0-693.11.6.el7.x86_64,PHP:7.0.0p1))
 [2018-02-13 17:33:09] <31134> TID: dublechi1m01011802131733093211
 [2018-02-13 17:33:09] <31134> Connect to ssl://web.nicepay.co.kr:443
 [2018-02-13 17:33:09] <31134> ssl://web.nicepay.co.kr:443 Server Connect OK
 [2018-02-13 17:33:09] <31134> MSG_TO_SVR::[/lite/payProcess.jsp]
 [2018-02-13 17:33:09] <31134> TID -> [dublechi1m01011802131733093211]
 [2018-02-13 17:33:09] <31134> 1610[TrKey 재사용 거래]
 [2018-02-13 17:33:09] <31134> END PYO  Laptime:[0.071sec]
 [2018-02-13 17:33:09] <31134> ===============================================================
 [2018-02-13 17:33:10] <30357> START NicepayLite PYO (V1.2.5B20170601(OS:Linux3.10.0-693.11.6.el7.x86_64,PHP:7.0.0p1))
 [2018-02-13 17:33:10] <30357> TID: dublechi1m01011802131733105471
 [2018-02-13 17:33:10] <30357> Connect to ssl://web.nicepay.co.kr:443
 [2018-02-13 17:33:10] <30357> ssl://web.nicepay.co.kr:443 Server Connect OK
 [2018-02-13 17:33:10] <30357> MSG_TO_SVR::[/lite/payProcess.jsp]
 [2018-02-13 17:33:10] <30357> TID -> [dublechi1m01011802131733105471]
 [2018-02-13 17:33:10] <30357> 1610[TrKey 재사용 거래]
 [2018-02-13 17:33:10] <30357> END PYO  Laptime:[0.08sec]
 [2018-02-13 17:33:10] <30357> ===============================================================
