 [2018-02-02 16:12:30] <1046> START NicepayLite PYO (V1.2.5B20170601(OS:Linux3.10.0-693.11.6.el7.x86_64,PHP:7.0.0p1))
 [2018-02-02 16:12:30] <1046> TID IS EMPTY
 [2018-02-02 16:12:30] <1046> Connect to ssl://web.nicepay.co.kr:443
 [2018-02-02 16:12:30] <1046> ssl://web.nicepay.co.kr:443 Server Connect OK
 [2018-02-02 16:12:30] <1046> MSG_TO_SVR::[/lite/payProcess.jsp]
 [2018-02-02 16:12:31] <1046> TID -> [dublechi1m01011802021612314908]
 [2018-02-02 16:12:31] <1046> 3001[카드 결제 성공]
 [2018-02-02 16:12:31] <1046> END PYO  Laptime:[1.012sec]
 [2018-02-02 16:12:31] <1046> ===============================================================
 [2018-02-02 16:26:34] <28280> START NicepayLite PYO (V1.2.5B20170601(OS:Linux3.10.0-693.11.6.el7.x86_64,PHP:7.0.0p1))
 [2018-02-02 16:26:34] <28280> TID IS EMPTY
 [2018-02-02 16:26:34] <28280> Connect to ssl://web.nicepay.co.kr:443
 [2018-02-02 16:26:34] <28280> ssl://web.nicepay.co.kr:443 Server Connect OK
 [2018-02-02 16:26:34] <28280> MSG_TO_SVR::[/lite/payProcess.jsp]
 [2018-02-02 16:26:34] <28280> TID -> [dublechi1m01011802021626355915]
 [2018-02-02 16:26:34] <28280> 1610[TrKey 재사용 거래]
 [2018-02-02 16:26:34] <28280> END PYO  Laptime:[0.115sec]
 [2018-02-02 16:26:34] <28280> ===============================================================
 [2018-02-02 16:26:37] <27404> START NicepayLite PYO (V1.2.5B20170601(OS:Linux3.10.0-693.11.6.el7.x86_64,PHP:7.0.0p1))
 [2018-02-02 16:26:37] <27404> TID IS EMPTY
 [2018-02-02 16:26:37] <27404> Connect to ssl://web.nicepay.co.kr:443
 [2018-02-02 16:26:37] <27404> ssl://web.nicepay.co.kr:443 Server Connect OK
 [2018-02-02 16:26:37] <27404> MSG_TO_SVR::[/lite/payProcess.jsp]
 [2018-02-02 16:26:37] <27404> TID -> [dublechi1m01011802021626386271]
 [2018-02-02 16:26:37] <27404> 1610[TrKey 재사용 거래]
 [2018-02-02 16:26:37] <27404> END PYO  Laptime:[0.109sec]
 [2018-02-02 16:26:37] <27404> ===============================================================
 [2018-02-02 16:26:38] <34693> START NicepayLite PYO (V1.2.5B20170601(OS:Linux3.10.0-693.11.6.el7.x86_64,PHP:7.0.0p1))
 [2018-02-02 16:26:38] <34693> TID IS EMPTY
 [2018-02-02 16:26:38] <34693> Connect to ssl://web.nicepay.co.kr:443
 [2018-02-02 16:26:38] <34693> ssl://web.nicepay.co.kr:443 Server Connect OK
 [2018-02-02 16:26:38] <34693> MSG_TO_SVR::[/lite/payProcess.jsp]
 [2018-02-02 16:26:38] <34693> TID -> [dublechi1m01011802021626393222]
 [2018-02-02 16:26:38] <34693> 1610[TrKey 재사용 거래]
 [2018-02-02 16:26:38] <34693> END PYO  Laptime:[0.088sec]
 [2018-02-02 16:26:38] <34693> ===============================================================
 [2018-02-02 16:26:38] <27874> START NicepayLite PYO (V1.2.5B20170601(OS:Linux3.10.0-693.11.6.el7.x86_64,PHP:7.0.0p1))
 [2018-02-02 16:26:38] <27874> TID IS EMPTY
 [2018-02-02 16:26:38] <27874> Connect to ssl://web.nicepay.co.kr:443
 [2018-02-02 16:26:38] <27874> ssl://web.nicepay.co.kr:443 Server Connect OK
 [2018-02-02 16:26:38] <27874> MSG_TO_SVR::[/lite/payProcess.jsp]
 [2018-02-02 16:26:38] <27874> TID -> [dublechi1m01011802021626397754]
 [2018-02-02 16:26:38] <27874> 1610[TrKey 재사용 거래]
 [2018-02-02 16:26:38] <27874> END PYO  Laptime:[0.077sec]
 [2018-02-02 16:26:38] <27874> ===============================================================
 [2018-02-02 16:28:16] <36330> START NicepayLite PYO (V1.2.5B20170601(OS:Linux3.10.0-693.11.6.el7.x86_64,PHP:7.0.0p1))
 [2018-02-02 16:28:16] <36330> TID IS EMPTY
 [2018-02-02 16:28:16] <36330> Connect to ssl://web.nicepay.co.kr:443
 [2018-02-02 16:28:16] <36330> ssl://web.nicepay.co.kr:443 Server Connect OK
 [2018-02-02 16:28:16] <36330> MSG_TO_SVR::[/lite/payProcess.jsp]
 [2018-02-02 16:28:16] <36330> TID -> [dublechi1m01011802021628177885]
 [2018-02-02 16:28:16] <36330> 1610[TrKey 재사용 거래]
 [2018-02-02 16:28:16] <36330> END PYO  Laptime:[0.077sec]
 [2018-02-02 16:28:16] <36330> ===============================================================
 [2018-02-02 16:36:32] <53682> START NicepayLite PYO (V1.2.5B20170601(OS:Linux3.10.0-693.11.6.el7.x86_64,PHP:7.0.0p1))
 [2018-02-02 16:36:32] <53682> TID IS EMPTY
 [2018-02-02 16:36:32] <53682> Connect to ssl://web.nicepay.co.kr:443
 [2018-02-02 16:36:32] <53682> ssl://web.nicepay.co.kr:443 Server Connect OK
 [2018-02-02 16:36:32] <53682> MSG_TO_SVR::[/lite/payProcess.jsp]
 [2018-02-02 16:36:32] <53682> TID -> [dublechi1m01011802021636335806]
 [2018-02-02 16:36:32] <53682> 1610[TrKey 재사용 거래]
 [2018-02-02 16:36:32] <53682> END PYO  Laptime:[0.077sec]
 [2018-02-02 16:36:32] <53682> ===============================================================
 [2018-02-02 16:36:34] <53896> START NicepayLite PYO (V1.2.5B20170601(OS:Linux3.10.0-693.11.6.el7.x86_64,PHP:7.0.0p1))
 [2018-02-02 16:36:34] <53896> TID IS EMPTY
 [2018-02-02 16:36:34] <53896> Connect to ssl://web.nicepay.co.kr:443
 [2018-02-02 16:36:34] <53896> ssl://web.nicepay.co.kr:443 Server Connect OK
 [2018-02-02 16:36:34] <53896> MSG_TO_SVR::[/lite/payProcess.jsp]
 [2018-02-02 16:36:34] <53896> TID -> [dublechi1m01011802021636356384]
 [2018-02-02 16:36:34] <53896> 1610[TrKey 재사용 거래]
 [2018-02-02 16:36:34] <53896> END PYO  Laptime:[0.076sec]
 [2018-02-02 16:36:34] <53896> ===============================================================
 [2018-02-02 16:36:35] <53683> START NicepayLite PYO (V1.2.5B20170601(OS:Linux3.10.0-693.11.6.el7.x86_64,PHP:7.0.0p1))
 [2018-02-02 16:36:35] <53683> TID IS EMPTY
 [2018-02-02 16:36:35] <53683> Connect to ssl://web.nicepay.co.kr:443
 [2018-02-02 16:36:35] <53683> ssl://web.nicepay.co.kr:443 Server Connect OK
 [2018-02-02 16:36:35] <53683> MSG_TO_SVR::[/lite/payProcess.jsp]
 [2018-02-02 16:36:35] <53683> TID -> [dublechi1m01011802021636363622]
 [2018-02-02 16:36:35] <53683> 1610[TrKey 재사용 거래]
 [2018-02-02 16:36:35] <53683> END PYO  Laptime:[0.087sec]
 [2018-02-02 16:36:35] <53683> ===============================================================
 [2018-02-02 16:37:56] <52425> START NicepayLite PYO (V1.2.5B20170601(OS:Linux3.10.0-693.11.6.el7.x86_64,PHP:7.0.0p1))
 [2018-02-02 16:37:56] <52425> TID IS EMPTY
 [2018-02-02 16:37:56] <52425> Connect to ssl://web.nicepay.co.kr:443
 [2018-02-02 16:37:56] <52425> ssl://web.nicepay.co.kr:443 Server Connect OK
 [2018-02-02 16:37:56] <52425> MSG_TO_SVR::[/lite/payProcess.jsp]
 [2018-02-02 16:37:56] <52425> TID -> [dublechi1m01011802021637576018]
 [2018-02-02 16:37:56] <52425> 1610[TrKey 재사용 거래]
 [2018-02-02 16:37:56] <52425> END PYO  Laptime:[0.085sec]
 [2018-02-02 16:37:56] <52425> ===============================================================
 [2018-02-02 16:38:56] <55697> START NicepayLite PYO (V1.2.5B20170601(OS:Linux3.10.0-693.11.6.el7.x86_64,PHP:7.0.0p1))
 [2018-02-02 16:38:56] <55697> TID IS EMPTY
 [2018-02-02 16:38:56] <55697> Connect to ssl://web.nicepay.co.kr:443
 [2018-02-02 16:38:56] <55697> ssl://web.nicepay.co.kr:443 Server Connect OK
 [2018-02-02 16:38:56] <55697> MSG_TO_SVR::[/lite/payProcess.jsp]
 [2018-02-02 16:38:56] <55697> TID -> [dublechi1m01011802021638574372]
 [2018-02-02 16:38:56] <55697> 1610[TrKey 재사용 거래]
 [2018-02-02 16:38:56] <55697> END PYO  Laptime:[0.085sec]
 [2018-02-02 16:38:56] <55697> ===============================================================
 [2018-02-02 16:50:23] <8938> START NicepayLite PYO (V1.2.5B20170601(OS:Linux3.10.0-693.11.6.el7.x86_64,PHP:7.0.0p1))
 [2018-02-02 16:50:23] <8938> TID IS EMPTY
 [2018-02-02 16:50:23] <8938> Connect to ssl://web.nicepay.co.kr:443
 [2018-02-02 16:50:23] <8938> ssl://web.nicepay.co.kr:443 Server Connect OK
 [2018-02-02 16:50:23] <8938> MSG_TO_SVR::[/lite/payProcess.jsp]
 [2018-02-02 16:50:23] <8938> TID -> [dublechi1m01011802021650249853]
 [2018-02-02 16:50:23] <8938> 1610[TrKey 재사용 거래]
 [2018-02-02 16:50:23] <8938> END PYO  Laptime:[0.077sec]
 [2018-02-02 16:50:23] <8938> ===============================================================
 [2018-02-02 16:50:41] <14318> START NicepayLite PYO (V1.2.5B20170601(OS:Linux3.10.0-693.11.6.el7.x86_64,PHP:7.0.0p1))
 [2018-02-02 16:50:41] <14318> TID IS EMPTY
 [2018-02-02 16:50:41] <14318> Connect to ssl://web.nicepay.co.kr:443
 [2018-02-02 16:50:41] <14318> ssl://web.nicepay.co.kr:443 Server Connect OK
 [2018-02-02 16:50:41] <14318> MSG_TO_SVR::[/lite/payProcess.jsp]
 [2018-02-02 16:50:41] <14318> TID -> [dublechi1m01011802021650430964]
 [2018-02-02 16:50:41] <14318> 1610[TrKey 재사용 거래]
 [2018-02-02 16:50:41] <14318> END PYO  Laptime:[0.082sec]
 [2018-02-02 16:50:41] <14318> ===============================================================
 [2018-02-02 16:58:35] <23806> START NicepayLite PYO (V1.2.5B20170601(OS:Linux3.10.0-693.11.6.el7.x86_64,PHP:7.0.0p1))
 [2018-02-02 16:58:35] <23806> TID IS EMPTY
 [2018-02-02 16:58:35] <23806> Connect to ssl://web.nicepay.co.kr:443
 [2018-02-02 16:58:35] <23806> ssl://web.nicepay.co.kr:443 Server Connect OK
 [2018-02-02 16:58:35] <23806> MSG_TO_SVR::[/lite/payProcess.jsp]
 [2018-02-02 16:58:37] <23806> TID -> [dublechi1m01011802021658372314]
 [2018-02-02 16:58:37] <23806> 3001[카드 결제 성공]
 [2018-02-02 16:58:37] <23806> END PYO  Laptime:[1.111sec]
 [2018-02-02 16:58:37] <23806> ===============================================================
 [2018-02-02 17:01:19] <25625> START NicepayLite PYO (V1.2.5B20170601(OS:Linux3.10.0-693.11.6.el7.x86_64,PHP:7.0.0p1))
 [2018-02-02 17:01:19] <25625> TID IS EMPTY
 [2018-02-02 17:01:19] <25625> Connect to ssl://web.nicepay.co.kr:443
 [2018-02-02 17:01:19] <25625> ssl://web.nicepay.co.kr:443 Server Connect OK
 [2018-02-02 17:01:19] <25625> MSG_TO_SVR::[/lite/payProcess.jsp]
 [2018-02-02 17:01:19] <25625> TID -> [dublechi1m01011802021701204022]
 [2018-02-02 17:01:19] <25625> 1610[TrKey 재사용 거래]
 [2018-02-02 17:01:19] <25625> END PYO  Laptime:[0.078sec]
 [2018-02-02 17:01:19] <25625> ===============================================================
 [2018-02-02 17:01:19] <33229> START NicepayLite PYO (V1.2.5B20170601(OS:Linux3.10.0-693.11.6.el7.x86_64,PHP:7.0.0p1))
 [2018-02-02 17:01:19] <33229> TID IS EMPTY
 [2018-02-02 17:01:19] <33229> Connect to ssl://web.nicepay.co.kr:443
 [2018-02-02 17:01:19] <33229> ssl://web.nicepay.co.kr:443 Server Connect OK
 [2018-02-02 17:01:19] <33229> MSG_TO_SVR::[/lite/payProcess.jsp]
 [2018-02-02 17:01:20] <33229> TID -> [dublechi1m01011802021701212127]
 [2018-02-02 17:01:20] <33229> 1610[TrKey 재사용 거래]
 [2018-02-02 17:01:20] <33229> END PYO  Laptime:[0.075sec]
 [2018-02-02 17:01:20] <33229> ===============================================================
 [2018-02-02 17:01:20] <33619> START NicepayLite PYO (V1.2.5B20170601(OS:Linux3.10.0-693.11.6.el7.x86_64,PHP:7.0.0p1))
 [2018-02-02 17:01:20] <33619> TID IS EMPTY
 [2018-02-02 17:01:20] <33619> Connect to ssl://web.nicepay.co.kr:443
 [2018-02-02 17:01:20] <33619> ssl://web.nicepay.co.kr:443 Server Connect OK
 [2018-02-02 17:01:20] <33619> MSG_TO_SVR::[/lite/payProcess.jsp]
 [2018-02-02 17:01:20] <33619> TID -> [dublechi1m01011802021701220885]
 [2018-02-02 17:01:20] <33619> 1610[TrKey 재사용 거래]
 [2018-02-02 17:01:20] <33619> END PYO  Laptime:[0.087sec]
 [2018-02-02 17:01:20] <33619> ===============================================================
 [2018-02-02 17:01:21] <33524> START NicepayLite PYO (V1.2.5B20170601(OS:Linux3.10.0-693.11.6.el7.x86_64,PHP:7.0.0p1))
 [2018-02-02 17:01:21] <33524> TID IS EMPTY
 [2018-02-02 17:01:21] <33524> Connect to ssl://web.nicepay.co.kr:443
 [2018-02-02 17:01:21] <33524> ssl://web.nicepay.co.kr:443 Server Connect OK
 [2018-02-02 17:01:21] <33524> MSG_TO_SVR::[/lite/payProcess.jsp]
 [2018-02-02 17:01:21] <33524> TID -> [dublechi1m01011802021701228516]
 [2018-02-02 17:01:21] <33524> 1610[TrKey 재사용 거래]
 [2018-02-02 17:01:21] <33524> END PYO  Laptime:[0.079sec]
 [2018-02-02 17:01:21] <33524> ===============================================================
 [2018-02-02 17:01:22] <33630> START NicepayLite PYO (V1.2.5B20170601(OS:Linux3.10.0-693.11.6.el7.x86_64,PHP:7.0.0p1))
 [2018-02-02 17:01:22] <33630> TID IS EMPTY
 [2018-02-02 17:01:22] <33630> Connect to ssl://web.nicepay.co.kr:443
 [2018-02-02 17:01:22] <33630> ssl://web.nicepay.co.kr:443 Server Connect OK
 [2018-02-02 17:01:22] <33630> MSG_TO_SVR::[/lite/payProcess.jsp]
 [2018-02-02 17:01:22] <33630> TID -> [dublechi1m01011802021701239430]
 [2018-02-02 17:01:22] <33630> 1610[TrKey 재사용 거래]
 [2018-02-02 17:01:22] <33630> END PYO  Laptime:[0.094sec]
 [2018-02-02 17:01:22] <33630> ===============================================================
 [2018-02-02 17:01:40] <33870> START NicepayLite PYO (V1.2.5B20170601(OS:Linux3.10.0-693.11.6.el7.x86_64,PHP:7.0.0p1))
 [2018-02-02 17:01:40] <33870> TID IS EMPTY
 [2018-02-02 17:01:40] <33870> Connect to ssl://web.nicepay.co.kr:443
 [2018-02-02 17:01:40] <33870> ssl://web.nicepay.co.kr:443 Server Connect OK
 [2018-02-02 17:01:40] <33870> MSG_TO_SVR::[/lite/payProcess.jsp]
 [2018-02-02 17:01:40] <33870> TID -> [dublechi1m01011802021701417294]
 [2018-02-02 17:01:40] <33870> 1610[TrKey 재사용 거래]
 [2018-02-02 17:01:40] <33870> END PYO  Laptime:[0.085sec]
 [2018-02-02 17:01:40] <33870> ===============================================================
 [2018-02-02 17:02:14] <33229> START NicepayLite PYO (V1.2.5B20170601(OS:Linux3.10.0-693.11.6.el7.x86_64,PHP:7.0.0p1))
 [2018-02-02 17:02:14] <33229> TID IS EMPTY
 [2018-02-02 17:02:14] <33229> Connect to ssl://web.nicepay.co.kr:443
 [2018-02-02 17:02:14] <33229> ssl://web.nicepay.co.kr:443 Server Connect OK
 [2018-02-02 17:02:14] <33229> MSG_TO_SVR::[/lite/payProcess.jsp]
 [2018-02-02 17:02:14] <33229> TID -> [dublechi1m01011802021702154790]
 [2018-02-02 17:02:14] <33229> 1610[TrKey 재사용 거래]
 [2018-02-02 17:02:14] <33229> END PYO  Laptime:[0.081sec]
 [2018-02-02 17:02:14] <33229> ===============================================================
 [2018-02-02 17:02:39] <33630> START NicepayLite PYO (V1.2.5B20170601(OS:Linux3.10.0-693.11.6.el7.x86_64,PHP:7.0.0p1))
 [2018-02-02 17:02:39] <33630> TID IS EMPTY
 [2018-02-02 17:02:39] <33630> Connect to ssl://web.nicepay.co.kr:443
 [2018-02-02 17:02:39] <33630> ssl://web.nicepay.co.kr:443 Server Connect OK
 [2018-02-02 17:02:39] <33630> MSG_TO_SVR::[/lite/payProcess.jsp]
 [2018-02-02 17:02:39] <33630> TID -> [dublechi1m01011802021702411419]
 [2018-02-02 17:02:39] <33630> 1610[TrKey 재사용 거래]
 [2018-02-02 17:02:39] <33630> END PYO  Laptime:[0.073sec]
 [2018-02-02 17:02:39] <33630> ===============================================================
 [2018-02-02 17:02:40] <34919> START NicepayLite PYO (V1.2.5B20170601(OS:Linux3.10.0-693.11.6.el7.x86_64,PHP:7.0.0p1))
 [2018-02-02 17:02:40] <34919> TID IS EMPTY
 [2018-02-02 17:02:40] <34919> Connect to ssl://web.nicepay.co.kr:443
 [2018-02-02 17:02:40] <34919> ssl://web.nicepay.co.kr:443 Server Connect OK
 [2018-02-02 17:02:40] <34919> MSG_TO_SVR::[/lite/payProcess.jsp]
 [2018-02-02 17:02:40] <34919> TID -> [dublechi1m01011802021702421836]
 [2018-02-02 17:02:40] <34919> 1610[TrKey 재사용 거래]
 [2018-02-02 17:02:40] <34919> END PYO  Laptime:[0.082sec]
 [2018-02-02 17:02:40] <34919> ===============================================================
 [2018-02-02 17:03:18] <33524> START NicepayLite PYO (V1.2.5B20170601(OS:Linux3.10.0-693.11.6.el7.x86_64,PHP:7.0.0p1))
 [2018-02-02 17:03:18] <33524> TID IS EMPTY
 [2018-02-02 17:03:18] <33524> Connect to ssl://web.nicepay.co.kr:443
 [2018-02-02 17:03:18] <33524> ssl://web.nicepay.co.kr:443 Server Connect OK
 [2018-02-02 17:03:18] <33524> MSG_TO_SVR::[/lite/payProcess.jsp]
 [2018-02-02 17:03:18] <33524> TID -> [dublechi1m01011802021703193534]
 [2018-02-02 17:03:18] <33524> 1610[TrKey 재사용 거래]
 [2018-02-02 17:03:18] <33524> END PYO  Laptime:[0.111sec]
 [2018-02-02 17:03:18] <33524> ===============================================================
 [2018-02-02 17:04:18] <34104> START NicepayLite PYO (V1.2.5B20170601(OS:Linux3.10.0-693.11.6.el7.x86_64,PHP:7.0.0p1))
 [2018-02-02 17:04:18] <34104> TID IS EMPTY
 [2018-02-02 17:04:18] <34104> Connect to ssl://web.nicepay.co.kr:443
 [2018-02-02 17:04:18] <34104> ssl://web.nicepay.co.kr:443 Server Connect OK
 [2018-02-02 17:04:18] <34104> MSG_TO_SVR::[/lite/payProcess.jsp]
 [2018-02-02 17:04:18] <34104> TID -> [dublechi1m01011802021704200227]
 [2018-02-02 17:04:18] <34104> 1610[TrKey 재사용 거래]
 [2018-02-02 17:04:18] <34104> END PYO  Laptime:[0.08sec]
 [2018-02-02 17:04:18] <34104> ===============================================================
 [2018-02-02 17:04:35] <33860> START NicepayLite PYO (V1.2.5B20170601(OS:Linux3.10.0-693.11.6.el7.x86_64,PHP:7.0.0p1))
 [2018-02-02 17:04:35] <33860> TID IS EMPTY
 [2018-02-02 17:04:35] <33860> Connect to ssl://web.nicepay.co.kr:443
 [2018-02-02 17:04:35] <33860> ssl://web.nicepay.co.kr:443 Server Connect OK
 [2018-02-02 17:04:35] <33860> MSG_TO_SVR::[/lite/payProcess.jsp]
 [2018-02-02 17:04:35] <33860> TID -> [dublechi1m01011802021704369093]
 [2018-02-02 17:04:35] <33860> 1610[TrKey 재사용 거래]
 [2018-02-02 17:04:35] <33860> END PYO  Laptime:[0.113sec]
 [2018-02-02 17:04:35] <33860> ===============================================================
 [2018-02-02 17:04:55] <35542> START NicepayLite PYO (V1.2.5B20170601(OS:Linux3.10.0-693.11.6.el7.x86_64,PHP:7.0.0p1))
 [2018-02-02 17:04:55] <35542> TID IS EMPTY
 [2018-02-02 17:04:55] <35542> Connect to ssl://web.nicepay.co.kr:443
 [2018-02-02 17:04:55] <35542> ssl://web.nicepay.co.kr:443 Server Connect OK
 [2018-02-02 17:04:55] <35542> MSG_TO_SVR::[/lite/payProcess.jsp]
 [2018-02-02 17:04:55] <35542> TID -> [dublechi1m01011802021704569180]
 [2018-02-02 17:04:55] <35542> 1610[TrKey 재사용 거래]
 [2018-02-02 17:04:55] <35542> END PYO  Laptime:[0.078sec]
 [2018-02-02 17:04:55] <35542> ===============================================================
 [2018-02-02 17:05:21] <35550> START NicepayLite PYO (V1.2.5B20170601(OS:Linux3.10.0-693.11.6.el7.x86_64,PHP:7.0.0p1))
 [2018-02-02 17:05:21] <35550> TID IS EMPTY
 [2018-02-02 17:05:21] <35550> Connect to ssl://web.nicepay.co.kr:443
 [2018-02-02 17:05:21] <35550> ssl://web.nicepay.co.kr:443 Server Connect OK
 [2018-02-02 17:05:21] <35550> MSG_TO_SVR::[/lite/payProcess.jsp]
 [2018-02-02 17:05:21] <35550> TID -> [dublechi1m01011802021705227402]
 [2018-02-02 17:05:21] <35550> 1610[TrKey 재사용 거래]
 [2018-02-02 17:05:21] <35550> END PYO  Laptime:[0.091sec]
 [2018-02-02 17:05:21] <35550> ===============================================================
 [2018-02-02 17:11:34] <43106> START NicepayLite PYO (V1.2.5B20170601(OS:Linux3.10.0-693.11.6.el7.x86_64,PHP:7.0.0p1))
 [2018-02-02 17:11:34] <43106> TID IS EMPTY
 [2018-02-02 17:11:34] <43106> Connect to ssl://web.nicepay.co.kr:443
 [2018-02-02 17:11:34] <43106> ssl://web.nicepay.co.kr:443 Server Connect OK
 [2018-02-02 17:11:34] <43106> MSG_TO_SVR::[/lite/payProcess.jsp]
 [2018-02-02 17:11:34] <43106> TID -> [dublechi1m01011802021711359006]
 [2018-02-02 17:11:34] <43106> 1610[TrKey 재사용 거래]
 [2018-02-02 17:11:34] <43106> END PYO  Laptime:[0.077sec]
 [2018-02-02 17:11:34] <43106> ===============================================================
 [2018-02-02 17:14:27] <53618> START NicepayLite PYO (V1.2.5B20170601(OS:Linux3.10.0-693.11.6.el7.x86_64,PHP:7.0.0p1))
 [2018-02-02 17:14:27] <53618> TID IS EMPTY
 [2018-02-02 17:14:27] <53618> Connect to ssl://web.nicepay.co.kr:443
 [2018-02-02 17:14:27] <53618> ssl://web.nicepay.co.kr:443 Server Connect OK
 [2018-02-02 17:14:27] <53618> MSG_TO_SVR::[/lite/payProcess.jsp]
 [2018-02-02 17:14:27] <53618> TID -> [dublechi1m01011802021714289922]
 [2018-02-02 17:14:27] <53618> 1610[TrKey 재사용 거래]
 [2018-02-02 17:14:27] <53618> END PYO  Laptime:[0.083sec]
 [2018-02-02 17:14:27] <53618> ===============================================================
 [2018-02-02 17:15:43] <53000> START NicepayLite PYO (V1.2.5B20170601(OS:Linux3.10.0-693.11.6.el7.x86_64,PHP:7.0.0p1))
 [2018-02-02 17:15:43] <53000> TID IS EMPTY
 [2018-02-02 17:15:43] <53000> Connect to ssl://web.nicepay.co.kr:443
 [2018-02-02 17:15:43] <53000> ssl://web.nicepay.co.kr:443 Server Connect OK
 [2018-02-02 17:15:43] <53000> MSG_TO_SVR::[/lite/payProcess.jsp]
 [2018-02-02 17:15:43] <53000> TID -> [dublechi1m01011802021715444496]
 [2018-02-02 17:15:43] <53000> 1610[TrKey 재사용 거래]
 [2018-02-02 17:15:43] <53000> END PYO  Laptime:[0.104sec]
 [2018-02-02 17:15:43] <53000> ===============================================================
 [2018-02-02 17:15:55] <52956> START NicepayLite PYO (V1.2.5B20170601(OS:Linux3.10.0-693.11.6.el7.x86_64,PHP:7.0.0p1))
 [2018-02-02 17:15:55] <52956> TID IS EMPTY
 [2018-02-02 17:15:55] <52956> Connect to ssl://web.nicepay.co.kr:443
 [2018-02-02 17:15:55] <52956> ssl://web.nicepay.co.kr:443 Server Connect OK
 [2018-02-02 17:15:55] <52956> MSG_TO_SVR::[/lite/payProcess.jsp]
 [2018-02-02 17:15:55] <52956> TID -> [dublechi1m01011802021715571202]
 [2018-02-02 17:15:55] <52956> 1610[TrKey 재사용 거래]
 [2018-02-02 17:15:55] <52956> END PYO  Laptime:[0.088sec]
 [2018-02-02 17:15:55] <52956> ===============================================================
 [2018-02-02 17:17:39] <60812> START NicepayLite PYO (V1.2.5B20170601(OS:Linux3.10.0-693.11.6.el7.x86_64,PHP:7.0.0p1))
 [2018-02-02 17:17:39] <60812> TID IS EMPTY
 [2018-02-02 17:17:39] <60812> Connect to ssl://web.nicepay.co.kr:443
 [2018-02-02 17:17:39] <60812> ssl://web.nicepay.co.kr:443 Server Connect OK
 [2018-02-02 17:17:39] <60812> MSG_TO_SVR::[/lite/payProcess.jsp]
 [2018-02-02 17:17:39] <60812> TID -> [dublechi1m01011802021717404114]
 [2018-02-02 17:17:39] <60812> 1610[TrKey 재사용 거래]
 [2018-02-02 17:17:39] <60812> END PYO  Laptime:[0.09sec]
 [2018-02-02 17:17:39] <60812> ===============================================================
 [2018-02-02 17:18:01] <59692> START NicepayLite PYO (V1.2.5B20170601(OS:Linux3.10.0-693.11.6.el7.x86_64,PHP:7.0.0p1))
 [2018-02-02 17:18:01] <59692> TID IS EMPTY
 [2018-02-02 17:18:01] <59692> Connect to ssl://web.nicepay.co.kr:443
 [2018-02-02 17:18:01] <59692> ssl://web.nicepay.co.kr:443 Server Connect OK
 [2018-02-02 17:18:01] <59692> MSG_TO_SVR::[/lite/payProcess.jsp]
 [2018-02-02 17:18:01] <59692> TID -> [dublechi1m01011802021718031248]
 [2018-02-02 17:18:01] <59692> 1610[TrKey 재사용 거래]
 [2018-02-02 17:18:01] <59692> END PYO  Laptime:[0.086sec]
 [2018-02-02 17:18:01] <59692> ===============================================================
 [2018-02-02 17:18:31] <59556> START NicepayLite PYO (V1.2.5B20170601(OS:Linux3.10.0-693.11.6.el7.x86_64,PHP:7.0.0p1))
 [2018-02-02 17:18:31] <59556> TID IS EMPTY
 [2018-02-02 17:18:31] <59556> Connect to ssl://web.nicepay.co.kr:443
 [2018-02-02 17:18:31] <59556> ssl://web.nicepay.co.kr:443 Server Connect OK
 [2018-02-02 17:18:31] <59556> MSG_TO_SVR::[/lite/payProcess.jsp]
 [2018-02-02 17:18:31] <59556> TID -> [dublechi1m01011802021718328649]
 [2018-02-02 17:18:31] <59556> 1610[TrKey 재사용 거래]
 [2018-02-02 17:18:31] <59556> END PYO  Laptime:[0.077sec]
 [2018-02-02 17:18:31] <59556> ===============================================================
 [2018-02-02 17:19:26] <61880> START NicepayLite PYO (V1.2.5B20170601(OS:Linux3.10.0-693.11.6.el7.x86_64,PHP:7.0.0p1))
 [2018-02-02 17:19:26] <61880> TID IS EMPTY
 [2018-02-02 17:19:26] <61880> Connect to ssl://web.nicepay.co.kr:443
 [2018-02-02 17:19:26] <61880> ssl://web.nicepay.co.kr:443 Server Connect OK
 [2018-02-02 17:19:26] <61880> MSG_TO_SVR::[/lite/payProcess.jsp]
 [2018-02-02 17:19:26] <61880> TID -> [dublechi1m01011802021719274501]
 [2018-02-02 17:19:26] <61880> 1610[TrKey 재사용 거래]
 [2018-02-02 17:19:26] <61880> END PYO  Laptime:[0.084sec]
 [2018-02-02 17:19:26] <61880> ===============================================================
 [2018-02-02 17:21:23] <61033> START NicepayLite PYO (V1.2.5B20170601(OS:Linux3.10.0-693.11.6.el7.x86_64,PHP:7.0.0p1))
 [2018-02-02 17:21:23] <61033> TID IS EMPTY
 [2018-02-02 17:21:23] <61033> Connect to ssl://web.nicepay.co.kr:443
 [2018-02-02 17:21:23] <61033> ssl://web.nicepay.co.kr:443 Server Connect OK
 [2018-02-02 17:21:23] <61033> MSG_TO_SVR::[/lite/payProcess.jsp]
 [2018-02-02 17:21:23] <61033> TID -> [dublechi1m01011802021721247038]
 [2018-02-02 17:21:23] <61033> 1610[TrKey 재사용 거래]
 [2018-02-02 17:21:23] <61033> END PYO  Laptime:[0.078sec]
 [2018-02-02 17:21:23] <61033> ===============================================================
 [2018-02-02 17:22:22] <1773> START NicepayLite PYO (V1.2.5B20170601(OS:Linux3.10.0-693.11.6.el7.x86_64,PHP:7.0.0p1))
 [2018-02-02 17:22:22] <1773> TID IS EMPTY
 [2018-02-02 17:22:22] <1773> Connect to ssl://web.nicepay.co.kr:443
 [2018-02-02 17:22:22] <1773> ssl://web.nicepay.co.kr:443 Server Connect OK
 [2018-02-02 17:22:22] <1773> MSG_TO_SVR::[/lite/payProcess.jsp]
 [2018-02-02 17:22:22] <1773> TID -> [dublechi1m01011802021722238937]
 [2018-02-02 17:22:22] <1773> 1610[TrKey 재사용 거래]
 [2018-02-02 17:22:22] <1773> END PYO  Laptime:[0.08sec]
 [2018-02-02 17:22:22] <1773> ===============================================================
 [2018-02-02 17:22:56] <4411> START NicepayLite PYO (V1.2.5B20170601(OS:Linux3.10.0-693.11.6.el7.x86_64,PHP:7.0.0p1))
 [2018-02-02 17:22:56] <4411> TID IS EMPTY
 [2018-02-02 17:22:56] <4411> Connect to ssl://web.nicepay.co.kr:443
 [2018-02-02 17:22:56] <4411> ssl://web.nicepay.co.kr:443 Server Connect OK
 [2018-02-02 17:22:56] <4411> MSG_TO_SVR::[/lite/payProcess.jsp]
 [2018-02-02 17:22:56] <4411> TID -> [dublechi1m01011802021722578963]
 [2018-02-02 17:22:56] <4411> 1610[TrKey 재사용 거래]
 [2018-02-02 17:22:56] <4411> END PYO  Laptime:[0.083sec]
 [2018-02-02 17:22:56] <4411> ===============================================================
 [2018-02-02 17:23:19] <3144> START NicepayLite PYO (V1.2.5B20170601(OS:Linux3.10.0-693.11.6.el7.x86_64,PHP:7.0.0p1))
 [2018-02-02 17:23:19] <3144> TID IS EMPTY
 [2018-02-02 17:23:19] <3144> Connect to ssl://web.nicepay.co.kr:443
 [2018-02-02 17:23:19] <3144> ssl://web.nicepay.co.kr:443 Server Connect OK
 [2018-02-02 17:23:19] <3144> MSG_TO_SVR::[/lite/payProcess.jsp]
 [2018-02-02 17:23:19] <3144> TID -> [dublechi1m01011802021723203166]
 [2018-02-02 17:23:19] <3144> 1610[TrKey 재사용 거래]
 [2018-02-02 17:23:19] <3144> END PYO  Laptime:[0.084sec]
 [2018-02-02 17:23:19] <3144> ===============================================================
 [2018-02-02 17:23:21] <4410> START NicepayLite PYO (V1.2.5B20170601(OS:Linux3.10.0-693.11.6.el7.x86_64,PHP:7.0.0p1))
 [2018-02-02 17:23:21] <4410> TID IS EMPTY
 [2018-02-02 17:23:21] <4410> Connect to ssl://web.nicepay.co.kr:443
 [2018-02-02 17:23:21] <4410> ssl://web.nicepay.co.kr:443 Server Connect OK
 [2018-02-02 17:23:21] <4410> MSG_TO_SVR::[/lite/payProcess.jsp]
 [2018-02-02 17:23:21] <4410> TID -> [dublechi1m01011802021723224856]
 [2018-02-02 17:23:21] <4410> 1610[TrKey 재사용 거래]
 [2018-02-02 17:23:21] <4410> END PYO  Laptime:[0.077sec]
 [2018-02-02 17:23:21] <4410> ===============================================================
 [2018-02-02 17:23:27] <3116> START NicepayLite PYO (V1.2.5B20170601(OS:Linux3.10.0-693.11.6.el7.x86_64,PHP:7.0.0p1))
 [2018-02-02 17:23:27] <3116> TID IS EMPTY
 [2018-02-02 17:23:27] <3116> Connect to ssl://web.nicepay.co.kr:443
 [2018-02-02 17:23:27] <3116> ssl://web.nicepay.co.kr:443 Server Connect OK
 [2018-02-02 17:23:27] <3116> MSG_TO_SVR::[/lite/payProcess.jsp]
 [2018-02-02 17:23:27] <3116> TID -> [dublechi1m01011802021723289091]
 [2018-02-02 17:23:27] <3116> 1610[TrKey 재사용 거래]
 [2018-02-02 17:23:27] <3116> END PYO  Laptime:[0.075sec]
 [2018-02-02 17:23:27] <3116> ===============================================================
 [2018-02-02 17:23:46] <3144> START NicepayLite PYO (V1.2.5B20170601(OS:Linux3.10.0-693.11.6.el7.x86_64,PHP:7.0.0p1))
 [2018-02-02 17:23:46] <3144> TID IS EMPTY
 [2018-02-02 17:23:46] <3144> Connect to ssl://web.nicepay.co.kr:443
 [2018-02-02 17:23:46] <3144> ssl://web.nicepay.co.kr:443 Server Connect OK
 [2018-02-02 17:23:46] <3144> MSG_TO_SVR::[/lite/payProcess.jsp]
 [2018-02-02 17:23:46] <3144> TID -> [dublechi1m01011802021723482060]
 [2018-02-02 17:23:46] <3144> 1610[TrKey 재사용 거래]
 [2018-02-02 17:23:46] <3144> END PYO  Laptime:[0.072sec]
 [2018-02-02 17:23:46] <3144> ===============================================================
 [2018-02-02 17:23:48] <4284> START NicepayLite PYO (V1.2.5B20170601(OS:Linux3.10.0-693.11.6.el7.x86_64,PHP:7.0.0p1))
 [2018-02-02 17:23:48] <4284> TID IS EMPTY
 [2018-02-02 17:23:48] <4284> Connect to ssl://web.nicepay.co.kr:443
 [2018-02-02 17:23:48] <4284> ssl://web.nicepay.co.kr:443 Server Connect OK
 [2018-02-02 17:23:48] <4284> MSG_TO_SVR::[/lite/payProcess.jsp]
 [2018-02-02 17:23:48] <4284> TID -> [dublechi1m01011802021723494960]
 [2018-02-02 17:23:48] <4284> 1610[TrKey 재사용 거래]
 [2018-02-02 17:23:48] <4284> END PYO  Laptime:[0.079sec]
 [2018-02-02 17:23:48] <4284> ===============================================================
 [2018-02-02 17:23:48] <3737> START NicepayLite PYO (V1.2.5B20170601(OS:Linux3.10.0-693.11.6.el7.x86_64,PHP:7.0.0p1))
 [2018-02-02 17:23:48] <3737> TID IS EMPTY
 [2018-02-02 17:23:48] <3737> Connect to ssl://web.nicepay.co.kr:443
 [2018-02-02 17:23:48] <3737> ssl://web.nicepay.co.kr:443 Server Connect OK
 [2018-02-02 17:23:48] <3737> MSG_TO_SVR::[/lite/payProcess.jsp]
 [2018-02-02 17:23:48] <3737> TID -> [dublechi1m01011802021723500044]
 [2018-02-02 17:23:48] <3737> 1610[TrKey 재사용 거래]
 [2018-02-02 17:23:48] <3737> END PYO  Laptime:[0.078sec]
 [2018-02-02 17:23:48] <3737> ===============================================================
 [2018-02-02 17:24:19] <3891> START NicepayLite PYO (V1.2.5B20170601(OS:Linux3.10.0-693.11.6.el7.x86_64,PHP:7.0.0p1))
 [2018-02-02 17:24:19] <3891> TID IS EMPTY
 [2018-02-02 17:24:19] <3891> Connect to ssl://web.nicepay.co.kr:443
 [2018-02-02 17:24:19] <3891> ssl://web.nicepay.co.kr:443 Server Connect OK
 [2018-02-02 17:24:19] <3891> MSG_TO_SVR::[/lite/payProcess.jsp]
 [2018-02-02 17:24:19] <3891> TID -> [dublechi1m01011802021724204667]
 [2018-02-02 17:24:19] <3891> 1610[TrKey 재사용 거래]
 [2018-02-02 17:24:19] <3891> END PYO  Laptime:[0.079sec]
 [2018-02-02 17:24:19] <3891> ===============================================================
 [2018-02-02 17:24:32] <5832> START NicepayLite PYO (V1.2.5B20170601(OS:Linux3.10.0-693.11.6.el7.x86_64,PHP:7.0.0p1))
 [2018-02-02 17:24:32] <5832> TID IS EMPTY
 [2018-02-02 17:24:32] <5832> Connect to ssl://web.nicepay.co.kr:443
 [2018-02-02 17:24:32] <5832> ssl://web.nicepay.co.kr:443 Server Connect OK
 [2018-02-02 17:24:32] <5832> MSG_TO_SVR::[/lite/payProcess.jsp]
 [2018-02-02 17:24:32] <5832> TID -> [dublechi1m01011802021724334405]
 [2018-02-02 17:24:32] <5832> 1610[TrKey 재사용 거래]
 [2018-02-02 17:24:32] <5832> END PYO  Laptime:[0.078sec]
 [2018-02-02 17:24:32] <5832> ===============================================================
 [2018-02-02 17:25:36] <3891> START NicepayLite PYO (V1.2.5B20170601(OS:Linux3.10.0-693.11.6.el7.x86_64,PHP:7.0.0p1))
 [2018-02-02 17:25:36] <3891> TID IS EMPTY
 [2018-02-02 17:25:36] <3891> Connect to ssl://web.nicepay.co.kr:443
 [2018-02-02 17:25:36] <3891> ssl://web.nicepay.co.kr:443 Server Connect OK
 [2018-02-02 17:25:36] <3891> MSG_TO_SVR::[/lite/payProcess.jsp]
 [2018-02-02 17:25:36] <3891> TID -> [dublechi1m01011802021725379209]
 [2018-02-02 17:25:36] <3891> 1610[TrKey 재사용 거래]
 [2018-02-02 17:25:36] <3891> END PYO  Laptime:[0.077sec]
 [2018-02-02 17:25:36] <3891> ===============================================================
 [2018-02-02 17:25:51] <11693> START NicepayLite PYO (V1.2.5B20170601(OS:Linux3.10.0-693.11.6.el7.x86_64,PHP:7.0.0p1))
 [2018-02-02 17:25:51] <11693> TID IS EMPTY
 [2018-02-02 17:25:51] <11693> Connect to ssl://web.nicepay.co.kr:443
 [2018-02-02 17:25:51] <11693> ssl://web.nicepay.co.kr:443 Server Connect OK
 [2018-02-02 17:25:51] <11693> MSG_TO_SVR::[/lite/payProcess.jsp]
 [2018-02-02 17:25:51] <11693> TID -> [dublechi1m01011802021725525743]
 [2018-02-02 17:25:51] <11693> 1610[TrKey 재사용 거래]
 [2018-02-02 17:25:51] <11693> END PYO  Laptime:[0.082sec]
 [2018-02-02 17:25:51] <11693> ===============================================================
 [2018-02-02 17:35:37] <33668> START NicepayLite PYO (V1.2.5B20170601(OS:Linux3.10.0-693.11.6.el7.x86_64,PHP:7.0.0p1))
 [2018-02-02 17:35:37] <33668> TID IS EMPTY
 [2018-02-02 17:35:37] <33668> Connect to ssl://web.nicepay.co.kr:443
 [2018-02-02 17:35:37] <33668> ssl://web.nicepay.co.kr:443 Server Connect OK
 [2018-02-02 17:35:37] <33668> MSG_TO_SVR::[/lite/payProcess.jsp]
 [2018-02-02 17:35:37] <33668> TID -> [dublechi1m01011802021735389630]
 [2018-02-02 17:35:37] <33668> 1610[TrKey 재사용 거래]
 [2018-02-02 17:35:37] <33668> END PYO  Laptime:[0.075sec]
 [2018-02-02 17:35:37] <33668> ===============================================================
 [2018-02-02 17:38:28] <40944> START NicepayLite PYO (V1.2.5B20170601(OS:Linux3.10.0-693.11.6.el7.x86_64,PHP:7.0.0p1))
 [2018-02-02 17:38:28] <40944> TID IS EMPTY
 [2018-02-02 17:38:28] <40944> Connect to ssl://web.nicepay.co.kr:443
 [2018-02-02 17:38:28] <40944> ssl://web.nicepay.co.kr:443 Server Connect OK
 [2018-02-02 17:38:28] <40944> MSG_TO_SVR::[/lite/payProcess.jsp]
 [2018-02-02 17:38:28] <40944> TID -> [dublechi1m01011802021738301197]
 [2018-02-02 17:38:28] <40944> 1610[TrKey 재사용 거래]
 [2018-02-02 17:38:28] <40944> END PYO  Laptime:[0.078sec]
 [2018-02-02 17:38:28] <40944> ===============================================================
 [2018-02-02 17:42:52] <49077> START NicepayLite PYO (V1.2.5B20170601(OS:Linux3.10.0-693.11.6.el7.x86_64,PHP:7.0.0p1))
 [2018-02-02 17:42:52] <49077> TID IS EMPTY
 [2018-02-02 17:42:52] <49077> Connect to ssl://web.nicepay.co.kr:443
 [2018-02-02 17:42:52] <49077> ssl://web.nicepay.co.kr:443 Server Connect OK
 [2018-02-02 17:42:52] <49077> MSG_TO_SVR::[/lite/payProcess.jsp]
 [2018-02-02 17:42:52] <49077> TID -> [dublechi1m01011802021742539506]
 [2018-02-02 17:42:52] <49077> 1610[TrKey 재사용 거래]
 [2018-02-02 17:42:52] <49077> END PYO  Laptime:[0.079sec]
 [2018-02-02 17:42:52] <49077> ===============================================================
 [2018-02-02 17:44:59] <50964> START NicepayLite PYO (V1.2.5B20170601(OS:Linux3.10.0-693.11.6.el7.x86_64,PHP:7.0.0p1))
 [2018-02-02 17:44:59] <50964> TID IS EMPTY
 [2018-02-02 17:44:59] <50964> Connect to ssl://web.nicepay.co.kr:443
 [2018-02-02 17:44:59] <50964> ssl://web.nicepay.co.kr:443 Server Connect OK
 [2018-02-02 17:44:59] <50964> MSG_TO_SVR::[/lite/payProcess.jsp]
 [2018-02-02 17:44:59] <50964> TID -> [dublechi1m01011802021745006394]
 [2018-02-02 17:44:59] <50964> 1610[TrKey 재사용 거래]
 [2018-02-02 17:44:59] <50964> END PYO  Laptime:[0.096sec]
 [2018-02-02 17:44:59] <50964> ===============================================================
 [2018-02-02 17:45:00] <48912> START NicepayLite PYO (V1.2.5B20170601(OS:Linux3.10.0-693.11.6.el7.x86_64,PHP:7.0.0p1))
 [2018-02-02 17:45:00] <48912> TID IS EMPTY
 [2018-02-02 17:45:00] <48912> Connect to ssl://web.nicepay.co.kr:443
 [2018-02-02 17:45:01] <48912> ssl://web.nicepay.co.kr:443 Server Connect OK
 [2018-02-02 17:45:01] <48912> MSG_TO_SVR::[/lite/payProcess.jsp]
 [2018-02-02 17:45:01] <48912> TID -> [dublechi1m01011802021745022997]
 [2018-02-02 17:45:01] <48912> 1610[TrKey 재사용 거래]
 [2018-02-02 17:45:01] <48912> END PYO  Laptime:[0.076sec]
 [2018-02-02 17:45:01] <48912> ===============================================================
 [2018-02-02 17:45:11] <50444> START NicepayLite PYO (V1.2.5B20170601(OS:Linux3.10.0-693.11.6.el7.x86_64,PHP:7.0.0p1))
 [2018-02-02 17:45:11] <50444> TID IS EMPTY
 [2018-02-02 17:45:11] <50444> Connect to ssl://web.nicepay.co.kr:443
 [2018-02-02 17:45:11] <50444> ssl://web.nicepay.co.kr:443 Server Connect OK
 [2018-02-02 17:45:11] <50444> MSG_TO_SVR::[/lite/payProcess.jsp]
 [2018-02-02 17:45:11] <50444> TID -> [dublechi1m01011802021745131296]
 [2018-02-02 17:45:11] <50444> 1610[TrKey 재사용 거래]
 [2018-02-02 17:45:11] <50444> END PYO  Laptime:[0.077sec]
 [2018-02-02 17:45:11] <50444> ===============================================================
 [2018-02-02 17:45:55] <49087> START NicepayLite PYO (V1.2.5B20170601(OS:Linux3.10.0-693.11.6.el7.x86_64,PHP:7.0.0p1))
 [2018-02-02 17:45:55] <49087> TID IS EMPTY
 [2018-02-02 17:45:55] <49087> Connect to ssl://web.nicepay.co.kr:443
 [2018-02-02 17:45:55] <49087> ssl://web.nicepay.co.kr:443 Server Connect OK
 [2018-02-02 17:45:55] <49087> MSG_TO_SVR::[/lite/payProcess.jsp]
 [2018-02-02 17:45:55] <49087> TID -> [dublechi1m01011802021745567925]
 [2018-02-02 17:45:55] <49087> 1610[TrKey 재사용 거래]
 [2018-02-02 17:45:55] <49087> END PYO  Laptime:[0.075sec]
 [2018-02-02 17:45:55] <49087> ===============================================================
 [2018-02-02 17:46:49] <56671> START NicepayLite PYO (V1.2.5B20170601(OS:Linux3.10.0-693.11.6.el7.x86_64,PHP:7.0.0p1))
 [2018-02-02 17:46:49] <56671> TID IS EMPTY
 [2018-02-02 17:46:49] <56671> Connect to ssl://web.nicepay.co.kr:443
 [2018-02-02 17:46:49] <56671> ssl://web.nicepay.co.kr:443 Server Connect OK
 [2018-02-02 17:46:49] <56671> MSG_TO_SVR::[/lite/payProcess.jsp]
 [2018-02-02 17:46:49] <56671> TID -> [dublechi1m01011802021746508367]
 [2018-02-02 17:46:49] <56671> 1610[TrKey 재사용 거래]
 [2018-02-02 17:46:49] <56671> END PYO  Laptime:[0.078sec]
 [2018-02-02 17:46:49] <56671> ===============================================================
 [2018-02-02 17:50:38] <57433> START NicepayLite PYO (V1.2.5B20170601(OS:Linux3.10.0-693.11.6.el7.x86_64,PHP:7.0.0p1))
 [2018-02-02 17:50:38] <57433> TID IS EMPTY
 [2018-02-02 17:50:38] <57433> Connect to ssl://web.nicepay.co.kr:443
 [2018-02-02 17:50:38] <57433> ssl://web.nicepay.co.kr:443 Server Connect OK
 [2018-02-02 17:50:38] <57433> MSG_TO_SVR::[/lite/payProcess.jsp]
 [2018-02-02 17:50:39] <57433> TID -> [dublechi1m01011802021750394373]
 [2018-02-02 17:50:39] <57433> 3001[카드 결제 성공]
 [2018-02-02 17:50:39] <57433> END PYO  Laptime:[1.111sec]
 [2018-02-02 17:50:39] <57433> ===============================================================
 [2018-02-02 17:53:01] <907> START NicepayLite PYO (V1.2.5B20170601(OS:Linux3.10.0-693.11.6.el7.x86_64,PHP:7.0.0p1))
 [2018-02-02 17:53:01] <907> TID IS EMPTY
 [2018-02-02 17:53:01] <907> Connect to ssl://web.nicepay.co.kr:443
 [2018-02-02 17:53:01] <907> ssl://web.nicepay.co.kr:443 Server Connect OK
 [2018-02-02 17:53:01] <907> MSG_TO_SVR::[/lite/payProcess.jsp]
 [2018-02-02 17:53:01] <907> TID -> [dublechi1m01011802021753030383]
 [2018-02-02 17:53:01] <907> 1610[TrKey 재사용 거래]
 [2018-02-02 17:53:01] <907> END PYO  Laptime:[0.081sec]
 [2018-02-02 17:53:01] <907> ===============================================================
 [2018-02-02 17:53:03] <1999> START NicepayLite PYO (V1.2.5B20170601(OS:Linux3.10.0-693.11.6.el7.x86_64,PHP:7.0.0p1))
 [2018-02-02 17:53:03] <1999> TID IS EMPTY
 [2018-02-02 17:53:03] <1999> Connect to ssl://web.nicepay.co.kr:443
 [2018-02-02 17:53:03] <1999> ssl://web.nicepay.co.kr:443 Server Connect OK
 [2018-02-02 17:53:03] <1999> MSG_TO_SVR::[/lite/payProcess.jsp]
 [2018-02-02 17:53:03] <1999> TID -> [dublechi1m01011802021753051130]
 [2018-02-02 17:53:03] <1999> 1610[TrKey 재사용 거래]
 [2018-02-02 17:53:03] <1999> END PYO  Laptime:[0.077sec]
 [2018-02-02 17:53:03] <1999> ===============================================================
 [2018-02-02 17:54:53] <1999> START NicepayLite PYO (V1.2.5B20170601(OS:Linux3.10.0-693.11.6.el7.x86_64,PHP:7.0.0p1))
 [2018-02-02 17:54:53] <1999> TID IS EMPTY
 [2018-02-02 17:54:53] <1999> Connect to ssl://web.nicepay.co.kr:443
 [2018-02-02 17:54:53] <1999> ssl://web.nicepay.co.kr:443 Server Connect OK
 [2018-02-02 17:54:53] <1999> MSG_TO_SVR::[/lite/payProcess.jsp]
 [2018-02-02 17:54:53] <1999> TID -> [dublechi1m01011802021754546234]
 [2018-02-02 17:54:53] <1999> 1610[TrKey 재사용 거래]
 [2018-02-02 17:54:53] <1999> END PYO  Laptime:[0.079sec]
 [2018-02-02 17:54:53] <1999> ===============================================================
 [2018-02-02 17:56:30] <1862> START NicepayLite PYO (V1.2.5B20170601(OS:Linux3.10.0-693.11.6.el7.x86_64,PHP:7.0.0p1))
 [2018-02-02 17:56:30] <1862> TID IS EMPTY
 [2018-02-02 17:56:30] <1862> Connect to ssl://web.nicepay.co.kr:443
 [2018-02-02 17:56:30] <1862> ssl://web.nicepay.co.kr:443 Server Connect OK
 [2018-02-02 17:56:30] <1862> MSG_TO_SVR::[/lite/payProcess.jsp]
 [2018-02-02 17:56:30] <1862> TID -> [dublechi1m01011802021756321253]
 [2018-02-02 17:56:30] <1862> 1610[TrKey 재사용 거래]
 [2018-02-02 17:56:30] <1862> END PYO  Laptime:[0.104sec]
 [2018-02-02 17:56:30] <1862> ===============================================================
 [2018-02-02 17:56:33] <3557> START NicepayLite PYO (V1.2.5B20170601(OS:Linux3.10.0-693.11.6.el7.x86_64,PHP:7.0.0p1))
 [2018-02-02 17:56:33] <3557> TID IS EMPTY
 [2018-02-02 17:56:33] <3557> Connect to ssl://web.nicepay.co.kr:443
 [2018-02-02 17:56:33] <3557> ssl://web.nicepay.co.kr:443 Server Connect OK
 [2018-02-02 17:56:33] <3557> MSG_TO_SVR::[/lite/payProcess.jsp]
 [2018-02-02 17:56:33] <3557> TID -> [dublechi1m01011802021756344401]
 [2018-02-02 17:56:33] <3557> 1610[TrKey 재사용 거래]
 [2018-02-02 17:56:33] <3557> END PYO  Laptime:[0.08sec]
 [2018-02-02 17:56:33] <3557> ===============================================================
 [2018-02-02 17:58:05] <9885> START NicepayLite PYO (V1.2.5B20170601(OS:Linux3.10.0-693.11.6.el7.x86_64,PHP:7.0.0p1))
 [2018-02-02 17:58:05] <9885> TID IS EMPTY
 [2018-02-02 17:58:05] <9885> Connect to ssl://web.nicepay.co.kr:443
 [2018-02-02 17:58:05] <9885> ssl://web.nicepay.co.kr:443 Server Connect OK
 [2018-02-02 17:58:05] <9885> MSG_TO_SVR::[/lite/payProcess.jsp]
 [2018-02-02 17:58:05] <9885> TID -> [dublechi1m01011802021758068745]
 [2018-02-02 17:58:05] <9885> 1610[TrKey 재사용 거래]
 [2018-02-02 17:58:05] <9885> END PYO  Laptime:[0.082sec]
 [2018-02-02 17:58:05] <9885> ===============================================================
 [2018-02-02 17:59:25] <9917> START NicepayLite PYO (V1.2.5B20170601(OS:Linux3.10.0-693.11.6.el7.x86_64,PHP:7.0.0p1))
 [2018-02-02 17:59:25] <9917> TID IS EMPTY
 [2018-02-02 17:59:25] <9917> Connect to ssl://web.nicepay.co.kr:443
 [2018-02-02 17:59:25] <9917> ssl://web.nicepay.co.kr:443 Server Connect OK
 [2018-02-02 17:59:25] <9917> MSG_TO_SVR::[/lite/payProcess.jsp]
 [2018-02-02 17:59:25] <9917> TID -> [dublechi1m01011802021759264910]
 [2018-02-02 17:59:25] <9917> 1610[TrKey 재사용 거래]
 [2018-02-02 17:59:25] <9917> END PYO  Laptime:[0.084sec]
 [2018-02-02 17:59:25] <9917> ===============================================================
 [2018-02-02 18:02:05] <20733> START NicepayLite PYO (V1.2.5B20170601(OS:Linux3.10.0-693.11.6.el7.x86_64,PHP:7.0.0p1))
 [2018-02-02 18:02:05] <20733> TID IS EMPTY
 [2018-02-02 18:02:05] <20733> Connect to ssl://web.nicepay.co.kr:443
 [2018-02-02 18:02:05] <20733> ssl://web.nicepay.co.kr:443 Server Connect OK
 [2018-02-02 18:02:05] <20733> MSG_TO_SVR::[/lite/payProcess.jsp]
 [2018-02-02 18:02:05] <20733> TID -> [dublechi1m01011802021802070572]
 [2018-02-02 18:02:05] <20733> 1610[TrKey 재사용 거래]
 [2018-02-02 18:02:05] <20733> END PYO  Laptime:[0.092sec]
 [2018-02-02 18:02:05] <20733> ===============================================================
 [2018-02-02 18:05:34] <22224> START NicepayLite PYO (V1.2.5B20170601(OS:Linux3.10.0-693.11.6.el7.x86_64,PHP:7.0.0p1))
 [2018-02-02 18:05:34] <22224> TID IS EMPTY
 [2018-02-02 18:05:34] <22224> Connect to ssl://web.nicepay.co.kr:443
 [2018-02-02 18:05:34] <22224> ssl://web.nicepay.co.kr:443 Server Connect OK
 [2018-02-02 18:05:34] <22224> MSG_TO_SVR::[/lite/payProcess.jsp]
 [2018-02-02 18:05:34] <22224> TID -> [dublechi1m01011802021805359054]
 [2018-02-02 18:05:34] <22224> 1610[TrKey 재사용 거래]
 [2018-02-02 18:05:34] <22224> END PYO  Laptime:[0.088sec]
 [2018-02-02 18:05:34] <22224> ===============================================================
 [2018-02-02 18:05:43] <22208> START NicepayLite PYO (V1.2.5B20170601(OS:Linux3.10.0-693.11.6.el7.x86_64,PHP:7.0.0p1))
 [2018-02-02 18:05:43] <22208> TID IS EMPTY
 [2018-02-02 18:05:43] <22208> Connect to ssl://web.nicepay.co.kr:443
 [2018-02-02 18:05:43] <22208> ssl://web.nicepay.co.kr:443 Server Connect OK
 [2018-02-02 18:05:43] <22208> MSG_TO_SVR::[/lite/payProcess.jsp]
 [2018-02-02 18:05:43] <22208> TID -> [dublechi1m01011802021805448928]
 [2018-02-02 18:05:43] <22208> 1610[TrKey 재사용 거래]
 [2018-02-02 18:05:43] <22208> END PYO  Laptime:[0.101sec]
 [2018-02-02 18:05:43] <22208> ===============================================================
 [2018-02-02 18:06:23] <20276> START NicepayLite PYO (V1.2.5B20170601(OS:Linux3.10.0-693.11.6.el7.x86_64,PHP:7.0.0p1))
 [2018-02-02 18:06:23] <20276> TID IS EMPTY
 [2018-02-02 18:06:23] <20276> Connect to ssl://web.nicepay.co.kr:443
 [2018-02-02 18:06:23] <20276> ssl://web.nicepay.co.kr:443 Server Connect OK
 [2018-02-02 18:06:23] <20276> MSG_TO_SVR::[/lite/payProcess.jsp]
 [2018-02-02 18:06:23] <20276> TID -> [dublechi1m01011802021806252457]
 [2018-02-02 18:06:23] <20276> 1610[TrKey 재사용 거래]
 [2018-02-02 18:06:23] <20276> END PYO  Laptime:[0.085sec]
 [2018-02-02 18:06:23] <20276> ===============================================================
 [2018-02-02 18:06:26] <21592> START NicepayLite PYO (V1.2.5B20170601(OS:Linux3.10.0-693.11.6.el7.x86_64,PHP:7.0.0p1))
 [2018-02-02 18:06:26] <21592> TID IS EMPTY
 [2018-02-02 18:06:26] <21592> Connect to ssl://web.nicepay.co.kr:443
 [2018-02-02 18:06:26] <21592> ssl://web.nicepay.co.kr:443 Server Connect OK
 [2018-02-02 18:06:26] <21592> MSG_TO_SVR::[/lite/payProcess.jsp]
 [2018-02-02 18:06:26] <21592> TID -> [dublechi1m01011802021806277286]
 [2018-02-02 18:06:26] <21592> 1610[TrKey 재사용 거래]
 [2018-02-02 18:06:26] <21592> END PYO  Laptime:[0.077sec]
 [2018-02-02 18:06:26] <21592> ===============================================================
 [2018-02-02 18:09:33] <23321> START NicepayLite PYO (V1.2.5B20170601(OS:Linux3.10.0-693.11.6.el7.x86_64,PHP:7.0.0p1))
 [2018-02-02 18:09:33] <23321> TID IS EMPTY
 [2018-02-02 18:09:33] <23321> Connect to ssl://web.nicepay.co.kr:443
 [2018-02-02 18:09:33] <23321> ssl://web.nicepay.co.kr:443 Server Connect OK
 [2018-02-02 18:09:33] <23321> MSG_TO_SVR::[/lite/payProcess.jsp]
 [2018-02-02 18:09:33] <23321> TID -> [dublechi1m01011802021809344315]
 [2018-02-02 18:09:33] <23321> 1610[TrKey 재사용 거래]
 [2018-02-02 18:09:33] <23321> END PYO  Laptime:[0.087sec]
 [2018-02-02 18:09:33] <23321> ===============================================================
 [2018-02-02 18:10:15] <30470> START NicepayLite PYO (V1.2.5B20170601(OS:Linux3.10.0-693.11.6.el7.x86_64,PHP:7.0.0p1))
 [2018-02-02 18:10:15] <30470> TID IS EMPTY
 [2018-02-02 18:10:15] <30470> Connect to ssl://web.nicepay.co.kr:443
 [2018-02-02 18:10:15] <30470> ssl://web.nicepay.co.kr:443 Server Connect OK
 [2018-02-02 18:10:15] <30470> MSG_TO_SVR::[/lite/payProcess.jsp]
 [2018-02-02 18:10:15] <30470> TID -> [dublechi1m01011802021810166092]
 [2018-02-02 18:10:15] <30470> 1610[TrKey 재사용 거래]
 [2018-02-02 18:10:15] <30470> END PYO  Laptime:[0.079sec]
 [2018-02-02 18:10:15] <30470> ===============================================================
 [2018-02-02 18:10:23] <30469> START NicepayLite PYO (V1.2.5B20170601(OS:Linux3.10.0-693.11.6.el7.x86_64,PHP:7.0.0p1))
 [2018-02-02 18:10:23] <30469> TID IS EMPTY
 [2018-02-02 18:10:23] <30469> Connect to ssl://web.nicepay.co.kr:443
 [2018-02-02 18:10:23] <30469> ssl://web.nicepay.co.kr:443 Server Connect OK
 [2018-02-02 18:10:23] <30469> MSG_TO_SVR::[/lite/payProcess.jsp]
 [2018-02-02 18:10:23] <30469> TID -> [dublechi1m01011802021810244691]
 [2018-02-02 18:10:23] <30469> 1610[TrKey 재사용 거래]
 [2018-02-02 18:10:23] <30469> END PYO  Laptime:[0.078sec]
 [2018-02-02 18:10:23] <30469> ===============================================================
 [2018-02-02 18:10:23] <30195> START NicepayLite PYO (V1.2.5B20170601(OS:Linux3.10.0-693.11.6.el7.x86_64,PHP:7.0.0p1))
 [2018-02-02 18:10:23] <30195> TID IS EMPTY
 [2018-02-02 18:10:23] <30195> Connect to ssl://web.nicepay.co.kr:443
 [2018-02-02 18:10:23] <30195> ssl://web.nicepay.co.kr:443 Server Connect OK
 [2018-02-02 18:10:23] <30195> MSG_TO_SVR::[/lite/payProcess.jsp]
 [2018-02-02 18:10:23] <30195> TID -> [dublechi1m01011802021810250863]
 [2018-02-02 18:10:23] <30195> 1610[TrKey 재사용 거래]
 [2018-02-02 18:10:23] <30195> END PYO  Laptime:[0.078sec]
 [2018-02-02 18:10:23] <30195> ===============================================================
 [2018-02-02 18:10:29] <30195> START NicepayLite PYO (V1.2.5B20170601(OS:Linux3.10.0-693.11.6.el7.x86_64,PHP:7.0.0p1))
 [2018-02-02 18:10:29] <30195> TID IS EMPTY
 [2018-02-02 18:10:29] <30195> Connect to ssl://web.nicepay.co.kr:443
 [2018-02-02 18:10:29] <30195> ssl://web.nicepay.co.kr:443 Server Connect OK
 [2018-02-02 18:10:29] <30195> MSG_TO_SVR::[/lite/payProcess.jsp]
 [2018-02-02 18:10:29] <30195> TID -> [dublechi1m01011802021810312516]
 [2018-02-02 18:10:29] <30195> 1610[TrKey 재사용 거래]
 [2018-02-02 18:10:29] <30195> END PYO  Laptime:[0.077sec]
 [2018-02-02 18:10:29] <30195> ===============================================================
 [2018-02-02 18:15:22] <40674> START NicepayLite PYO (V1.2.5B20170601(OS:Linux3.10.0-693.11.6.el7.x86_64,PHP:7.0.0p1))
 [2018-02-02 18:15:22] <40674> TID IS EMPTY
 [2018-02-02 18:15:22] <40674> Connect to ssl://web.nicepay.co.kr:443
 [2018-02-02 18:15:22] <40674> ssl://web.nicepay.co.kr:443 Server Connect OK
 [2018-02-02 18:15:22] <40674> MSG_TO_SVR::[/lite/payProcess.jsp]
 [2018-02-02 18:15:22] <40674> TID -> [dublechi1m01011802021815235273]
 [2018-02-02 18:15:22] <40674> 1610[TrKey 재사용 거래]
 [2018-02-02 18:15:22] <40674> END PYO  Laptime:[0.102sec]
 [2018-02-02 18:15:22] <40674> ===============================================================
 [2018-02-02 18:15:31] <41867> START NicepayLite PYO (V1.2.5B20170601(OS:Linux3.10.0-693.11.6.el7.x86_64,PHP:7.0.0p1))
 [2018-02-02 18:15:31] <41867> TID IS EMPTY
 [2018-02-02 18:15:31] <41867> Connect to ssl://web.nicepay.co.kr:443
 [2018-02-02 18:15:31] <41867> ssl://web.nicepay.co.kr:443 Server Connect OK
 [2018-02-02 18:15:31] <41867> MSG_TO_SVR::[/lite/payProcess.jsp]
 [2018-02-02 18:15:31] <41867> TID -> [dublechi1m01011802021815328757]
 [2018-02-02 18:15:31] <41867> 1610[TrKey 재사용 거래]
 [2018-02-02 18:15:31] <41867> END PYO  Laptime:[0.076sec]
 [2018-02-02 18:15:31] <41867> ===============================================================
 [2018-02-02 18:17:39] <48075> START NicepayLite PYO (V1.2.5B20170601(OS:Linux3.10.0-693.11.6.el7.x86_64,PHP:7.0.0p1))
 [2018-02-02 18:17:39] <48075> TID IS EMPTY
 [2018-02-02 18:17:39] <48075> Connect to ssl://web.nicepay.co.kr:443
 [2018-02-02 18:17:39] <48075> ssl://web.nicepay.co.kr:443 Server Connect OK
 [2018-02-02 18:17:39] <48075> MSG_TO_SVR::[/lite/payProcess.jsp]
 [2018-02-02 18:17:39] <48075> TID -> [dublechi1m01011802021817405663]
 [2018-02-02 18:17:39] <48075> 1610[TrKey 재사용 거래]
 [2018-02-02 18:17:39] <48075> END PYO  Laptime:[0.111sec]
 [2018-02-02 18:17:39] <48075> ===============================================================
 [2018-02-02 18:18:08] <41246> START NicepayLite PYO (V1.2.5B20170601(OS:Linux3.10.0-693.11.6.el7.x86_64,PHP:7.0.0p1))
 [2018-02-02 18:18:08] <41246> TID IS EMPTY
 [2018-02-02 18:18:08] <41246> Connect to ssl://web.nicepay.co.kr:443
 [2018-02-02 18:18:08] <41246> ssl://web.nicepay.co.kr:443 Server Connect OK
 [2018-02-02 18:18:08] <41246> MSG_TO_SVR::[/lite/payProcess.jsp]
 [2018-02-02 18:18:08] <41246> TID -> [dublechi1m01011802021818095243]
 [2018-02-02 18:18:08] <41246> 1610[TrKey 재사용 거래]
 [2018-02-02 18:18:08] <41246> END PYO  Laptime:[0.081sec]
 [2018-02-02 18:18:08] <41246> ===============================================================
 [2018-02-02 18:18:33] <46952> START NicepayLite PYO (V1.2.5B20170601(OS:Linux3.10.0-693.11.6.el7.x86_64,PHP:7.0.0p1))
 [2018-02-02 18:18:33] <46952> TID IS EMPTY
 [2018-02-02 18:18:33] <46952> Connect to ssl://web.nicepay.co.kr:443
 [2018-02-02 18:18:33] <46952> ssl://web.nicepay.co.kr:443 Server Connect OK
 [2018-02-02 18:18:33] <46952> MSG_TO_SVR::[/lite/payProcess.jsp]
 [2018-02-02 18:18:33] <46952> TID -> [dublechi1m01011802021818351749]
 [2018-02-02 18:18:33] <46952> 1610[TrKey 재사용 거래]
 [2018-02-02 18:18:33] <46952> END PYO  Laptime:[0.085sec]
 [2018-02-02 18:18:33] <46952> ===============================================================
 [2018-02-02 18:20:32] <50129> START NicepayLite PYO (V1.2.5B20170601(OS:Linux3.10.0-693.11.6.el7.x86_64,PHP:7.0.0p1))
 [2018-02-02 18:20:32] <50129> TID IS EMPTY
 [2018-02-02 18:20:32] <50129> Connect to ssl://web.nicepay.co.kr:443
 [2018-02-02 18:20:32] <50129> ssl://web.nicepay.co.kr:443 Server Connect OK
 [2018-02-02 18:20:32] <50129> MSG_TO_SVR::[/lite/payProcess.jsp]
 [2018-02-02 18:20:32] <50129> TID -> [dublechi1m01011802021820338964]
 [2018-02-02 18:20:32] <50129> 1610[TrKey 재사용 거래]
 [2018-02-02 18:20:32] <50129> END PYO  Laptime:[0.081sec]
 [2018-02-02 18:20:32] <50129> ===============================================================
 [2018-02-02 18:21:01] <56288> START NicepayLite PYO (V1.2.5B20170601(OS:Linux3.10.0-693.11.6.el7.x86_64,PHP:7.0.0p1))
 [2018-02-02 18:21:01] <56288> TID IS EMPTY
 [2018-02-02 18:21:01] <56288> Connect to ssl://web.nicepay.co.kr:443
 [2018-02-02 18:21:01] <56288> ssl://web.nicepay.co.kr:443 Server Connect OK
 [2018-02-02 18:21:01] <56288> MSG_TO_SVR::[/lite/payProcess.jsp]
 [2018-02-02 18:21:01] <56288> TID -> [dublechi1m01011802021821026984]
 [2018-02-02 18:21:01] <56288> 1610[TrKey 재사용 거래]
 [2018-02-02 18:21:01] <56288> END PYO  Laptime:[0.078sec]
 [2018-02-02 18:21:01] <56288> ===============================================================
 [2018-02-02 18:21:02] <56638> START NicepayLite PYO (V1.2.5B20170601(OS:Linux3.10.0-693.11.6.el7.x86_64,PHP:7.0.0p1))
 [2018-02-02 18:21:02] <56638> TID IS EMPTY
 [2018-02-02 18:21:02] <56638> Connect to ssl://web.nicepay.co.kr:443
 [2018-02-02 18:21:02] <56638> ssl://web.nicepay.co.kr:443 Server Connect OK
 [2018-02-02 18:21:02] <56638> MSG_TO_SVR::[/lite/payProcess.jsp]
 [2018-02-02 18:21:02] <56638> TID -> [dublechi1m01011802021821040176]
 [2018-02-02 18:21:02] <56638> 1610[TrKey 재사용 거래]
 [2018-02-02 18:21:02] <56638> END PYO  Laptime:[0.091sec]
 [2018-02-02 18:21:02] <56638> ===============================================================
 [2018-02-02 18:21:18] <56638> START NicepayLite PYO (V1.2.5B20170601(OS:Linux3.10.0-693.11.6.el7.x86_64,PHP:7.0.0p1))
 [2018-02-02 18:21:18] <56638> TID IS EMPTY
 [2018-02-02 18:21:18] <56638> Connect to ssl://web.nicepay.co.kr:443
 [2018-02-02 18:21:18] <56638> ssl://web.nicepay.co.kr:443 Server Connect OK
 [2018-02-02 18:21:18] <56638> MSG_TO_SVR::[/lite/payProcess.jsp]
 [2018-02-02 18:21:18] <56638> TID -> [dublechi1m01011802021821199269]
 [2018-02-02 18:21:18] <56638> 1610[TrKey 재사용 거래]
 [2018-02-02 18:21:18] <56638> END PYO  Laptime:[0.08sec]
 [2018-02-02 18:21:18] <56638> ===============================================================
 [2018-02-02 18:22:45] <57799> START NicepayLite PYO (V1.2.5B20170601(OS:Linux3.10.0-693.11.6.el7.x86_64,PHP:7.0.0p1))
 [2018-02-02 18:22:45] <57799> TID IS EMPTY
 [2018-02-02 18:22:45] <57799> Connect to ssl://web.nicepay.co.kr:443
 [2018-02-02 18:22:45] <57799> ssl://web.nicepay.co.kr:443 Server Connect OK
 [2018-02-02 18:22:45] <57799> MSG_TO_SVR::[/lite/payProcess.jsp]
 [2018-02-02 18:22:45] <57799> TID -> [dublechi1m01011802021822471630]
 [2018-02-02 18:22:45] <57799> 1610[TrKey 재사용 거래]
 [2018-02-02 18:22:45] <57799> END PYO  Laptime:[0.076sec]
 [2018-02-02 18:22:45] <57799> ===============================================================
 [2018-02-02 18:22:57] <57791> START NicepayLite PYO (V1.2.5B20170601(OS:Linux3.10.0-693.11.6.el7.x86_64,PHP:7.0.0p1))
 [2018-02-02 18:22:57] <57791> TID IS EMPTY
 [2018-02-02 18:22:57] <57791> Connect to ssl://web.nicepay.co.kr:443
 [2018-02-02 18:22:57] <57791> ssl://web.nicepay.co.kr:443 Server Connect OK
 [2018-02-02 18:22:57] <57791> MSG_TO_SVR::[/lite/payProcess.jsp]
 [2018-02-02 18:22:57] <57791> TID -> [dublechi1m01011802021822584473]
 [2018-02-02 18:22:57] <57791> 1610[TrKey 재사용 거래]
 [2018-02-02 18:22:57] <57791> END PYO  Laptime:[0.077sec]
 [2018-02-02 18:22:57] <57791> ===============================================================
 [2018-02-02 18:23:40] <55069> START NicepayLite PYO (V1.2.5B20170601(OS:Linux3.10.0-693.11.6.el7.x86_64,PHP:7.0.0p1))
 [2018-02-02 18:23:40] <55069> TID IS EMPTY
 [2018-02-02 18:23:40] <55069> Connect to ssl://web.nicepay.co.kr:443
 [2018-02-02 18:23:40] <55069> ssl://web.nicepay.co.kr:443 Server Connect OK
 [2018-02-02 18:23:40] <55069> MSG_TO_SVR::[/lite/payProcess.jsp]
 [2018-02-02 18:23:40] <55069> TID -> [dublechi1m01011802021823415201]
 [2018-02-02 18:23:40] <55069> 1610[TrKey 재사용 거래]
 [2018-02-02 18:23:40] <55069> END PYO  Laptime:[0.09sec]
 [2018-02-02 18:23:40] <55069> ===============================================================
 [2018-02-02 18:23:57] <56566> START NicepayLite PYO (V1.2.5B20170601(OS:Linux3.10.0-693.11.6.el7.x86_64,PHP:7.0.0p1))
 [2018-02-02 18:23:57] <56566> TID IS EMPTY
 [2018-02-02 18:23:57] <56566> Connect to ssl://web.nicepay.co.kr:443
 [2018-02-02 18:23:57] <56566> ssl://web.nicepay.co.kr:443 Server Connect OK
 [2018-02-02 18:23:57] <56566> MSG_TO_SVR::[/lite/payProcess.jsp]
 [2018-02-02 18:23:57] <56566> TID -> [dublechi1m01011802021823585437]
 [2018-02-02 18:23:57] <56566> 1610[TrKey 재사용 거래]
 [2018-02-02 18:23:57] <56566> END PYO  Laptime:[0.081sec]
 [2018-02-02 18:23:57] <56566> ===============================================================
 [2018-02-02 18:24:44] <58470> START NicepayLite PYO (V1.2.5B20170601(OS:Linux3.10.0-693.11.6.el7.x86_64,PHP:7.0.0p1))
 [2018-02-02 18:24:44] <58470> TID IS EMPTY
 [2018-02-02 18:24:44] <58470> Connect to ssl://web.nicepay.co.kr:443
 [2018-02-02 18:24:44] <58470> ssl://web.nicepay.co.kr:443 Server Connect OK
 [2018-02-02 18:24:44] <58470> MSG_TO_SVR::[/lite/payProcess.jsp]
 [2018-02-02 18:24:44] <58470> TID -> [dublechi1m01011802021824456224]
 [2018-02-02 18:24:44] <58470> 1610[TrKey 재사용 거래]
 [2018-02-02 18:24:44] <58470> END PYO  Laptime:[0.104sec]
 [2018-02-02 18:24:44] <58470> ===============================================================
 [2018-02-02 18:25:05] <57799> START NicepayLite PYO (V1.2.5B20170601(OS:Linux3.10.0-693.11.6.el7.x86_64,PHP:7.0.0p1))
 [2018-02-02 18:25:05] <57799> TID IS EMPTY
 [2018-02-02 18:25:05] <57799> Connect to ssl://web.nicepay.co.kr:443
 [2018-02-02 18:25:05] <57799> ssl://web.nicepay.co.kr:443 Server Connect OK
 [2018-02-02 18:25:05] <57799> MSG_TO_SVR::[/lite/payProcess.jsp]
 [2018-02-02 18:25:05] <57799> TID -> [dublechi1m01011802021825064278]
 [2018-02-02 18:25:05] <57799> 1610[TrKey 재사용 거래]
 [2018-02-02 18:25:05] <57799> END PYO  Laptime:[0.088sec]
 [2018-02-02 18:25:05] <57799> ===============================================================
 [2018-02-02 18:25:38] <58478> START NicepayLite PYO (V1.2.5B20170601(OS:Linux3.10.0-693.11.6.el7.x86_64,PHP:7.0.0p1))
 [2018-02-02 18:25:38] <58478> TID IS EMPTY
 [2018-02-02 18:25:38] <58478> Connect to ssl://web.nicepay.co.kr:443
 [2018-02-02 18:25:38] <58478> ssl://web.nicepay.co.kr:443 Server Connect OK
 [2018-02-02 18:25:38] <58478> MSG_TO_SVR::[/lite/payProcess.jsp]
 [2018-02-02 18:25:38] <58478> TID -> [dublechi1m01011802021825397970]
 [2018-02-02 18:25:38] <58478> 1610[TrKey 재사용 거래]
 [2018-02-02 18:25:38] <58478> END PYO  Laptime:[0.087sec]
 [2018-02-02 18:25:38] <58478> ===============================================================
 [2018-02-02 18:27:21] <542> START NicepayLite PYO (V1.2.5B20170601(OS:Linux3.10.0-693.11.6.el7.x86_64,PHP:7.0.0p1))
 [2018-02-02 18:27:21] <542> TID IS EMPTY
 [2018-02-02 18:27:21] <542> Connect to ssl://web.nicepay.co.kr:443
 [2018-02-02 18:27:21] <542> ssl://web.nicepay.co.kr:443 Server Connect OK
 [2018-02-02 18:27:21] <542> MSG_TO_SVR::[/lite/payProcess.jsp]
 [2018-02-02 18:27:21] <542> TID -> [dublechi1m01011802021827224732]
 [2018-02-02 18:27:21] <542> 1610[TrKey 재사용 거래]
 [2018-02-02 18:27:21] <542> END PYO  Laptime:[0.082sec]
 [2018-02-02 18:27:21] <542> ===============================================================
 [2018-02-02 18:28:39] <1870> START NicepayLite PYO (V1.2.5B20170601(OS:Linux3.10.0-693.11.6.el7.x86_64,PHP:7.0.0p1))
 [2018-02-02 18:28:39] <1870> TID IS EMPTY
 [2018-02-02 18:28:39] <1870> Connect to ssl://web.nicepay.co.kr:443
 [2018-02-02 18:28:39] <1870> ssl://web.nicepay.co.kr:443 Server Connect OK
 [2018-02-02 18:28:39] <1870> MSG_TO_SVR::[/lite/payProcess.jsp]
 [2018-02-02 18:28:39] <1870> TID -> [dublechi1m01011802021828405607]
 [2018-02-02 18:28:39] <1870> 1610[TrKey 재사용 거래]
 [2018-02-02 18:28:39] <1870> END PYO  Laptime:[0.078sec]
 [2018-02-02 18:28:39] <1870> ===============================================================
 [2018-02-02 18:28:51] <853> START NicepayLite PYO (V1.2.5B20170601(OS:Linux3.10.0-693.11.6.el7.x86_64,PHP:7.0.0p1))
 [2018-02-02 18:28:51] <853> TID IS EMPTY
 [2018-02-02 18:28:51] <853> Connect to ssl://web.nicepay.co.kr:443
 [2018-02-02 18:28:51] <853> ssl://web.nicepay.co.kr:443 Server Connect OK
 [2018-02-02 18:28:51] <853> MSG_TO_SVR::[/lite/payProcess.jsp]
 [2018-02-02 18:28:51] <853> TID -> [dublechi1m01011802021828525513]
 [2018-02-02 18:28:51] <853> 1610[TrKey 재사용 거래]
 [2018-02-02 18:28:51] <853> END PYO  Laptime:[0.084sec]
 [2018-02-02 18:28:51] <853> ===============================================================
 [2018-02-02 18:29:50] <65065> START NicepayLite PYO (V1.2.5B20170601(OS:Linux3.10.0-693.11.6.el7.x86_64,PHP:7.0.0p1))
 [2018-02-02 18:29:50] <65065> TID IS EMPTY
 [2018-02-02 18:29:50] <65065> Connect to ssl://web.nicepay.co.kr:443
 [2018-02-02 18:29:50] <65065> ssl://web.nicepay.co.kr:443 Server Connect OK
 [2018-02-02 18:29:50] <65065> MSG_TO_SVR::[/lite/payProcess.jsp]
 [2018-02-02 18:29:50] <65065> TID -> [dublechi1m01011802021829520422]
 [2018-02-02 18:29:50] <65065> 1610[TrKey 재사용 거래]
 [2018-02-02 18:29:50] <65065> END PYO  Laptime:[0.088sec]
 [2018-02-02 18:29:50] <65065> ===============================================================
 [2018-02-02 18:30:13] <547> START NicepayLite PYO (V1.2.5B20170601(OS:Linux3.10.0-693.11.6.el7.x86_64,PHP:7.0.0p1))
 [2018-02-02 18:30:13] <547> TID IS EMPTY
 [2018-02-02 18:30:13] <547> Connect to ssl://web.nicepay.co.kr:443
 [2018-02-02 18:30:13] <547> ssl://web.nicepay.co.kr:443 Server Connect OK
 [2018-02-02 18:30:13] <547> MSG_TO_SVR::[/lite/payProcess.jsp]
 [2018-02-02 18:30:13] <547> TID -> [dublechi1m01011802021830150170]
 [2018-02-02 18:30:13] <547> 1610[TrKey 재사용 거래]
 [2018-02-02 18:30:13] <547> END PYO  Laptime:[0.094sec]
 [2018-02-02 18:30:13] <547> ===============================================================
 [2018-02-02 18:31:40] <543> START NicepayLite PYO (V1.2.5B20170601(OS:Linux3.10.0-693.11.6.el7.x86_64,PHP:7.0.0p1))
 [2018-02-02 18:31:40] <543> TID IS EMPTY
 [2018-02-02 18:31:40] <543> Connect to ssl://web.nicepay.co.kr:443
 [2018-02-02 18:31:40] <543> ssl://web.nicepay.co.kr:443 Server Connect OK
 [2018-02-02 18:31:40] <543> MSG_TO_SVR::[/lite/payProcess.jsp]
 [2018-02-02 18:31:40] <543> TID -> [dublechi1m01011802021831418584]
 [2018-02-02 18:31:40] <543> 1610[TrKey 재사용 거래]
 [2018-02-02 18:31:40] <543> END PYO  Laptime:[0.081sec]
 [2018-02-02 18:31:40] <543> ===============================================================
 [2018-02-02 18:33:52] <10667> START NicepayLite PYO (V1.2.5B20170601(OS:Linux3.10.0-693.11.6.el7.x86_64,PHP:7.0.0p1))
 [2018-02-02 18:33:52] <10667> TID IS EMPTY
 [2018-02-02 18:33:52] <10667> Connect to ssl://web.nicepay.co.kr:443
 [2018-02-02 18:33:52] <10667> ssl://web.nicepay.co.kr:443 Server Connect OK
 [2018-02-02 18:33:52] <10667> MSG_TO_SVR::[/lite/payProcess.jsp]
 [2018-02-02 18:33:53] <10667> TID -> [dublechi1m01011802021833538571]
 [2018-02-02 18:33:53] <10667> 3001[카드 결제 성공]
 [2018-02-02 18:33:53] <10667> END PYO  Laptime:[0.956sec]
 [2018-02-02 18:33:53] <10667> ===============================================================
 [2018-02-02 18:35:38] <12503> START NicepayLite PYO (V1.2.5B20170601(OS:Linux3.10.0-693.11.6.el7.x86_64,PHP:7.0.0p1))
 [2018-02-02 18:35:38] <12503> TID IS EMPTY
 [2018-02-02 18:35:38] <12503> Connect to ssl://web.nicepay.co.kr:443
 [2018-02-02 18:35:38] <12503> ssl://web.nicepay.co.kr:443 Server Connect OK
 [2018-02-02 18:35:38] <12503> MSG_TO_SVR::[/lite/payProcess.jsp]
 [2018-02-02 18:35:38] <12503> TID -> [dublechi1m01011802021835398386]
 [2018-02-02 18:35:38] <12503> 1610[TrKey 재사용 거래]
 [2018-02-02 18:35:38] <12503> END PYO  Laptime:[0.077sec]
 [2018-02-02 18:35:38] <12503> ===============================================================
 [2018-02-02 18:36:07] <12116> START NicepayLite PYO (V1.2.5B20170601(OS:Linux3.10.0-693.11.6.el7.x86_64,PHP:7.0.0p1))
 [2018-02-02 18:36:07] <12116> TID IS EMPTY
 [2018-02-02 18:36:07] <12116> Connect to ssl://web.nicepay.co.kr:443
 [2018-02-02 18:36:07] <12116> ssl://web.nicepay.co.kr:443 Server Connect OK
 [2018-02-02 18:36:07] <12116> MSG_TO_SVR::[/lite/payProcess.jsp]
 [2018-02-02 18:36:07] <12116> TID -> [dublechi1m01011802021836090636]
 [2018-02-02 18:36:07] <12116> 1610[TrKey 재사용 거래]
 [2018-02-02 18:36:07] <12116> END PYO  Laptime:[0.077sec]
 [2018-02-02 18:36:07] <12116> ===============================================================
 [2018-02-02 18:36:44] <18459> START NicepayLite PYO (V1.2.5B20170601(OS:Linux3.10.0-693.11.6.el7.x86_64,PHP:7.0.0p1))
 [2018-02-02 18:36:44] <18459> TID IS EMPTY
 [2018-02-02 18:36:44] <18459> Connect to ssl://web.nicepay.co.kr:443
 [2018-02-02 18:36:44] <18459> ssl://web.nicepay.co.kr:443 Server Connect OK
 [2018-02-02 18:36:44] <18459> MSG_TO_SVR::[/lite/payProcess.jsp]
 [2018-02-02 18:36:44] <18459> TID -> [dublechi1m01011802021836462371]
 [2018-02-02 18:36:44] <18459> 1610[TrKey 재사용 거래]
 [2018-02-02 18:36:44] <18459> END PYO  Laptime:[0.082sec]
 [2018-02-02 18:36:44] <18459> ===============================================================
 [2018-02-02 18:40:12] <20201> START NicepayLite PYO (V1.2.5B20170601(OS:Linux3.10.0-693.11.6.el7.x86_64,PHP:7.0.0p1))
 [2018-02-02 18:40:12] <20201> TID IS EMPTY
 [2018-02-02 18:40:12] <20201> Connect to ssl://web.nicepay.co.kr:443
 [2018-02-02 18:40:12] <20201> ssl://web.nicepay.co.kr:443 Server Connect OK
 [2018-02-02 18:40:12] <20201> MSG_TO_SVR::[/lite/payProcess.jsp]
 [2018-02-02 18:40:12] <20201> TID -> [dublechi1m01011802021840137939]
 [2018-02-02 18:40:12] <20201> 1610[TrKey 재사용 거래]
 [2018-02-02 18:40:12] <20201> END PYO  Laptime:[0.106sec]
 [2018-02-02 18:40:12] <20201> ===============================================================
 [2018-02-02 18:42:27] <21516> START NicepayLite PYO (V1.2.5B20170601(OS:Linux3.10.0-693.11.6.el7.x86_64,PHP:7.0.0p1))
 [2018-02-02 18:42:27] <21516> TID IS EMPTY
 [2018-02-02 18:42:27] <21516> Connect to ssl://web.nicepay.co.kr:443
 [2018-02-02 18:42:27] <21516> ssl://web.nicepay.co.kr:443 Server Connect OK
 [2018-02-02 18:42:27] <21516> MSG_TO_SVR::[/lite/payProcess.jsp]
 [2018-02-02 18:42:27] <21516> TID -> [dublechi1m01011802021842291528]
 [2018-02-02 18:42:27] <21516> 1610[TrKey 재사용 거래]
 [2018-02-02 18:42:27] <21516> END PYO  Laptime:[0.077sec]
 [2018-02-02 18:42:27] <21516> ===============================================================
 [2018-02-02 18:43:49] <28357> START NicepayLite PYO (V1.2.5B20170601(OS:Linux3.10.0-693.11.6.el7.x86_64,PHP:7.0.0p1))
 [2018-02-02 18:43:49] <28357> TID IS EMPTY
 [2018-02-02 18:43:49] <28357> Connect to ssl://web.nicepay.co.kr:443
 [2018-02-02 18:43:49] <28357> ssl://web.nicepay.co.kr:443 Server Connect OK
 [2018-02-02 18:43:49] <28357> MSG_TO_SVR::[/lite/payProcess.jsp]
 [2018-02-02 18:43:49] <28357> TID -> [dublechi1m01011802021843508874]
 [2018-02-02 18:43:49] <28357> 1610[TrKey 재사용 거래]
 [2018-02-02 18:43:49] <28357> END PYO  Laptime:[0.078sec]
 [2018-02-02 18:43:49] <28357> ===============================================================
 [2018-02-02 18:43:50] <27913> START NicepayLite PYO (V1.2.5B20170601(OS:Linux3.10.0-693.11.6.el7.x86_64,PHP:7.0.0p1))
 [2018-02-02 18:43:50] <27913> TID IS EMPTY
 [2018-02-02 18:43:50] <27913> Connect to ssl://web.nicepay.co.kr:443
 [2018-02-02 18:43:50] <27913> ssl://web.nicepay.co.kr:443 Server Connect OK
 [2018-02-02 18:43:50] <27913> MSG_TO_SVR::[/lite/payProcess.jsp]
 [2018-02-02 18:43:50] <27913> TID -> [dublechi1m01011802021843519018]
 [2018-02-02 18:43:50] <27913> 1610[TrKey 재사용 거래]
 [2018-02-02 18:43:50] <27913> END PYO  Laptime:[0.079sec]
 [2018-02-02 18:43:50] <27913> ===============================================================
 [2018-02-02 18:44:08] <28381> START NicepayLite PYO (V1.2.5B20170601(OS:Linux3.10.0-693.11.6.el7.x86_64,PHP:7.0.0p1))
 [2018-02-02 18:44:08] <28381> TID IS EMPTY
 [2018-02-02 18:44:08] <28381> Connect to ssl://web.nicepay.co.kr:443
 [2018-02-02 18:44:08] <28381> ssl://web.nicepay.co.kr:443 Server Connect OK
 [2018-02-02 18:44:08] <28381> MSG_TO_SVR::[/lite/payProcess.jsp]
 [2018-02-02 18:44:08] <28381> TID -> [dublechi1m01011802021844098397]
 [2018-02-02 18:44:08] <28381> 1610[TrKey 재사용 거래]
 [2018-02-02 18:44:08] <28381> END PYO  Laptime:[0.08sec]
 [2018-02-02 18:44:08] <28381> ===============================================================
 [2018-02-02 18:44:09] <29268> START NicepayLite PYO (V1.2.5B20170601(OS:Linux3.10.0-693.11.6.el7.x86_64,PHP:7.0.0p1))
 [2018-02-02 18:44:09] <29268> TID IS EMPTY
 [2018-02-02 18:44:09] <29268> Connect to ssl://web.nicepay.co.kr:443
 [2018-02-02 18:44:09] <29268> ssl://web.nicepay.co.kr:443 Server Connect OK
 [2018-02-02 18:44:09] <29268> MSG_TO_SVR::[/lite/payProcess.jsp]
 [2018-02-02 18:44:09] <29268> TID -> [dublechi1m01011802021844110074]
 [2018-02-02 18:44:09] <29268> 1610[TrKey 재사용 거래]
 [2018-02-02 18:44:09] <29268> END PYO  Laptime:[0.075sec]
 [2018-02-02 18:44:09] <29268> ===============================================================
 [2018-02-02 18:44:21] <27769> START NicepayLite PYO (V1.2.5B20170601(OS:Linux3.10.0-693.11.6.el7.x86_64,PHP:7.0.0p1))
 [2018-02-02 18:44:21] <27769> TID IS EMPTY
 [2018-02-02 18:44:21] <27769> Connect to ssl://web.nicepay.co.kr:443
 [2018-02-02 18:44:21] <27769> ssl://web.nicepay.co.kr:443 Server Connect OK
 [2018-02-02 18:44:21] <27769> MSG_TO_SVR::[/lite/payProcess.jsp]
 [2018-02-02 18:44:21] <27769> TID -> [dublechi1m01011802021844228456]
 [2018-02-02 18:44:21] <27769> 1610[TrKey 재사용 거래]
 [2018-02-02 18:44:21] <27769> END PYO  Laptime:[0.076sec]
 [2018-02-02 18:44:21] <27769> ===============================================================
 [2018-02-02 18:44:58] <28381> START NicepayLite PYO (V1.2.5B20170601(OS:Linux3.10.0-693.11.6.el7.x86_64,PHP:7.0.0p1))
 [2018-02-02 18:44:58] <28381> TID IS EMPTY
 [2018-02-02 18:44:58] <28381> Connect to ssl://web.nicepay.co.kr:443
 [2018-02-02 18:44:58] <28381> ssl://web.nicepay.co.kr:443 Server Connect OK
 [2018-02-02 18:44:58] <28381> MSG_TO_SVR::[/lite/payProcess.jsp]
 [2018-02-02 18:44:58] <28381> TID -> [dublechi1m01011802021844599737]
 [2018-02-02 18:44:58] <28381> 1610[TrKey 재사용 거래]
 [2018-02-02 18:44:58] <28381> END PYO  Laptime:[0.111sec]
 [2018-02-02 18:44:58] <28381> ===============================================================
 [2018-02-02 18:47:16] <28357> START NicepayLite PYO (V1.2.5B20170601(OS:Linux3.10.0-693.11.6.el7.x86_64,PHP:7.0.0p1))
 [2018-02-02 18:47:16] <28357> TID IS EMPTY
 [2018-02-02 18:47:16] <28357> Connect to ssl://web.nicepay.co.kr:443
 [2018-02-02 18:47:16] <28357> ssl://web.nicepay.co.kr:443 Server Connect OK
 [2018-02-02 18:47:16] <28357> MSG_TO_SVR::[/lite/payProcess.jsp]
 [2018-02-02 18:47:16] <28357> TID -> [dublechi1m01011802021847175546]
 [2018-02-02 18:47:16] <28357> 1610[TrKey 재사용 거래]
 [2018-02-02 18:47:16] <28357> END PYO  Laptime:[0.083sec]
 [2018-02-02 18:47:16] <28357> ===============================================================
 [2018-02-02 18:49:55] <38746> START NicepayLite PYO (V1.2.5B20170601(OS:Linux3.10.0-693.11.6.el7.x86_64,PHP:7.0.0p1))
 [2018-02-02 18:49:55] <38746> TID IS EMPTY
 [2018-02-02 18:49:55] <38746> Connect to ssl://web.nicepay.co.kr:443
 [2018-02-02 18:49:55] <38746> ssl://web.nicepay.co.kr:443 Server Connect OK
 [2018-02-02 18:49:55] <38746> MSG_TO_SVR::[/lite/payProcess.jsp]
 [2018-02-02 18:49:55] <38746> TID -> [dublechi1m01011802021849569663]
 [2018-02-02 18:49:55] <38746> 1610[TrKey 재사용 거래]
 [2018-02-02 18:49:55] <38746> END PYO  Laptime:[0.086sec]
 [2018-02-02 18:49:55] <38746> ===============================================================
 [2018-02-02 18:51:00] <38743> START NicepayLite PYO (V1.2.5B20170601(OS:Linux3.10.0-693.11.6.el7.x86_64,PHP:7.0.0p1))
 [2018-02-02 18:51:00] <38743> TID IS EMPTY
 [2018-02-02 18:51:00] <38743> Connect to ssl://web.nicepay.co.kr:443
 [2018-02-02 18:51:00] <38743> ssl://web.nicepay.co.kr:443 Server Connect OK
 [2018-02-02 18:51:00] <38743> MSG_TO_SVR::[/lite/payProcess.jsp]
 [2018-02-02 18:51:00] <38743> TID -> [dublechi1m01011802021851020966]
 [2018-02-02 18:51:00] <38743> 1610[TrKey 재사용 거래]
 [2018-02-02 18:51:00] <38743> END PYO  Laptime:[0.128sec]
 [2018-02-02 18:51:00] <38743> ===============================================================
 [2018-02-02 18:52:10] <38751> START NicepayLite PYO (V1.2.5B20170601(OS:Linux3.10.0-693.11.6.el7.x86_64,PHP:7.0.0p1))
 [2018-02-02 18:52:10] <38751> TID IS EMPTY
 [2018-02-02 18:52:10] <38751> Connect to ssl://web.nicepay.co.kr:443
 [2018-02-02 18:52:10] <38751> ssl://web.nicepay.co.kr:443 Server Connect OK
 [2018-02-02 18:52:10] <38751> MSG_TO_SVR::[/lite/payProcess.jsp]
 [2018-02-02 18:52:10] <38751> TID -> [dublechi1m01011802021852121159]
 [2018-02-02 18:52:10] <38751> 1610[TrKey 재사용 거래]
 [2018-02-02 18:52:10] <38751> END PYO  Laptime:[0.091sec]
 [2018-02-02 18:52:10] <38751> ===============================================================
 [2018-02-02 18:52:11] <38737> START NicepayLite PYO (V1.2.5B20170601(OS:Linux3.10.0-693.11.6.el7.x86_64,PHP:7.0.0p1))
 [2018-02-02 18:52:11] <38737> TID IS EMPTY
 [2018-02-02 18:52:11] <38737> Connect to ssl://web.nicepay.co.kr:443
 [2018-02-02 18:52:11] <38737> ssl://web.nicepay.co.kr:443 Server Connect OK
 [2018-02-02 18:52:11] <38737> MSG_TO_SVR::[/lite/payProcess.jsp]
 [2018-02-02 18:52:11] <38737> TID -> [dublechi1m01011802021852129324]
 [2018-02-02 18:52:11] <38737> 1610[TrKey 재사용 거래]
 [2018-02-02 18:52:11] <38737> END PYO  Laptime:[0.078sec]
 [2018-02-02 18:52:11] <38737> ===============================================================
 [2018-02-02 18:52:21] <38745> START NicepayLite PYO (V1.2.5B20170601(OS:Linux3.10.0-693.11.6.el7.x86_64,PHP:7.0.0p1))
 [2018-02-02 18:52:21] <38745> TID IS EMPTY
 [2018-02-02 18:52:21] <38745> Connect to ssl://web.nicepay.co.kr:443
 [2018-02-02 18:52:21] <38745> ssl://web.nicepay.co.kr:443 Server Connect OK
 [2018-02-02 18:52:21] <38745> MSG_TO_SVR::[/lite/payProcess.jsp]
 [2018-02-02 18:52:21] <38745> TID -> [dublechi1m01011802021852229030]
 [2018-02-02 18:52:21] <38745> 1610[TrKey 재사용 거래]
 [2018-02-02 18:52:21] <38745> END PYO  Laptime:[0.08sec]
 [2018-02-02 18:52:21] <38745> ===============================================================
