 [2018-03-14 09:37:32] <9550> START NicepayLite PYO (V1.2.5B20170601(OS:Linux3.10.0-693.11.6.el7.x86_64,PHP:7.0.0p1))
 [2018-03-14 09:37:32] <9550> TID: dublechi1m01011803140937325262
 [2018-03-14 09:37:32] <9550> Connect to ssl://web.nicepay.co.kr:443
 [2018-03-14 09:37:32] <9550> ssl://web.nicepay.co.kr:443 Server Connect OK
 [2018-03-14 09:37:32] <9550> MSG_TO_SVR::[/lite/payProcess.jsp]
 [2018-03-14 09:37:33] <9550> TID -> [dublechi1m01011803140937325262]
 [2018-03-14 09:37:33] <9550> 3001[카드 결제 성공]
 [2018-03-14 09:37:33] <9550> END PYO  Laptime:[0.829sec]
 [2018-03-14 09:37:33] <9550> ===============================================================
 [2018-03-14 09:50:08] <34508> START NicepayLite PYO (V1.2.5B20170601(OS:Linux3.10.0-693.11.6.el7.x86_64,PHP:7.0.0p1))
 [2018-03-14 09:50:08] <34508> TID: dublechi1m01011803140950083724
 [2018-03-14 09:50:08] <34508> Connect to ssl://web.nicepay.co.kr:443
 [2018-03-14 09:50:08] <34508> ssl://web.nicepay.co.kr:443 Server Connect OK
 [2018-03-14 09:50:08] <34508> MSG_TO_SVR::[/lite/payProcess.jsp]
 [2018-03-14 09:50:08] <34508> TID -> [dublechi1m01011803140950083724]
 [2018-03-14 09:50:08] <34508> 1610[TrKey 재사용 거래]
 [2018-03-14 09:50:08] <34508> END PYO  Laptime:[0.076sec]
 [2018-03-14 09:50:08] <34508> ===============================================================
 [2018-03-14 09:51:02] <40539> START NicepayLite PYO (V1.2.5B20170601(OS:Linux3.10.0-693.11.6.el7.x86_64,PHP:7.0.0p1))
 [2018-03-14 09:51:02] <40539> TID: dublechi1m01011803140951020355
 [2018-03-14 09:51:02] <40539> Connect to ssl://web.nicepay.co.kr:443
 [2018-03-14 09:51:02] <40539> ssl://web.nicepay.co.kr:443 Server Connect OK
 [2018-03-14 09:51:02] <40539> MSG_TO_SVR::[/lite/payProcess.jsp]
 [2018-03-14 09:51:02] <40539> TID -> [dublechi1m01011803140951020355]
 [2018-03-14 09:51:02] <40539> 1610[TrKey 재사용 거래]
 [2018-03-14 09:51:02] <40539> END PYO  Laptime:[0.076sec]
 [2018-03-14 09:51:02] <40539> ===============================================================
 [2018-03-14 09:51:42] <41752> START NicepayLite PYO (V1.2.5B20170601(OS:Linux3.10.0-693.11.6.el7.x86_64,PHP:7.0.0p1))
 [2018-03-14 09:51:42] <41752> TID: dublechi1m01011803140951427366
 [2018-03-14 09:51:42] <41752> Connect to ssl://web.nicepay.co.kr:443
 [2018-03-14 09:51:42] <41752> ssl://web.nicepay.co.kr:443 Server Connect OK
 [2018-03-14 09:51:42] <41752> MSG_TO_SVR::[/lite/payProcess.jsp]
 [2018-03-14 09:51:42] <41752> TID -> [dublechi1m01011803140951427366]
 [2018-03-14 09:51:42] <41752> 1610[TrKey 재사용 거래]
 [2018-03-14 09:51:42] <41752> END PYO  Laptime:[0.076sec]
 [2018-03-14 09:51:42] <41752> ===============================================================
 [2018-03-14 09:55:02] <44213> START NicepayLite PYO (V1.2.5B20170601(OS:Linux3.10.0-693.11.6.el7.x86_64,PHP:7.0.0p1))
 [2018-03-14 09:55:02] <44213> TID: dublechi1m01011803140955023345
 [2018-03-14 09:55:02] <44213> Connect to ssl://web.nicepay.co.kr:443
 [2018-03-14 09:55:02] <44213> ssl://web.nicepay.co.kr:443 Server Connect OK
 [2018-03-14 09:55:02] <44213> MSG_TO_SVR::[/lite/payProcess.jsp]
 [2018-03-14 09:55:02] <44213> TID -> [dublechi1m01011803140955023345]
 [2018-03-14 09:55:02] <44213> 1610[TrKey 재사용 거래]
 [2018-03-14 09:55:02] <44213> END PYO  Laptime:[0.09sec]
 [2018-03-14 09:55:02] <44213> ===============================================================
 [2018-03-14 10:01:21] <52485> START NicepayLite PYO (V1.2.5B20170601(OS:Linux3.10.0-693.11.6.el7.x86_64,PHP:7.0.0p1))
 [2018-03-14 10:01:21] <52485> TID: dublechi1m01011803141001214117
 [2018-03-14 10:01:21] <52485> Connect to ssl://web.nicepay.co.kr:443
 [2018-03-14 10:01:21] <52485> ssl://web.nicepay.co.kr:443 Server Connect OK
 [2018-03-14 10:01:21] <52485> MSG_TO_SVR::[/lite/payProcess.jsp]
 [2018-03-14 10:01:21] <52485> TID -> [dublechi1m01011803141001214117]
 [2018-03-14 10:01:21] <52485> 1610[TrKey 재사용 거래]
 [2018-03-14 10:01:21] <52485> END PYO  Laptime:[0.079sec]
 [2018-03-14 10:01:21] <52485> ===============================================================
 [2018-03-14 10:02:54] <52924> START NicepayLite PYO (V1.2.5B20170601(OS:Linux3.10.0-693.11.6.el7.x86_64,PHP:7.0.0p1))
 [2018-03-14 10:02:54] <52924> TID: dublechi1m01011803141002546855
 [2018-03-14 10:02:54] <52924> Connect to ssl://web.nicepay.co.kr:443
 [2018-03-14 10:02:54] <52924> ssl://web.nicepay.co.kr:443 Server Connect OK
 [2018-03-14 10:02:54] <52924> MSG_TO_SVR::[/lite/payProcess.jsp]
 [2018-03-14 10:02:55] <52924> TID -> [dublechi1m01011803141002546855]
 [2018-03-14 10:02:55] <52924> 3001[카드 결제 성공]
 [2018-03-14 10:02:55] <52924> END PYO  Laptime:[0.837sec]
 [2018-03-14 10:02:55] <52924> ===============================================================
 [2018-03-14 10:57:39] <41174> START NicepayLite PYO (V1.2.5B20170601(OS:Linux3.10.0-693.11.6.el7.x86_64,PHP:7.0.0p1))
 [2018-03-14 10:57:39] <41174> TID: dublechi1m01011803141057393450
 [2018-03-14 10:57:39] <41174> Connect to ssl://web.nicepay.co.kr:443
 [2018-03-14 10:57:39] <41174> ssl://web.nicepay.co.kr:443 Server Connect OK
 [2018-03-14 10:57:39] <41174> MSG_TO_SVR::[/lite/payProcess.jsp]
 [2018-03-14 10:57:39] <41174> TID -> [dublechi1m01011803141057393450]
 [2018-03-14 10:57:39] <41174> 1610[TrKey 재사용 거래]
 [2018-03-14 10:57:39] <41174> END PYO  Laptime:[0.084sec]
 [2018-03-14 10:57:39] <41174> ===============================================================
 [2018-03-14 10:59:24] <48643> START NicepayLite PYO (V1.2.5B20170601(OS:Linux3.10.0-693.11.6.el7.x86_64,PHP:7.0.0p1))
 [2018-03-14 10:59:24] <48643> TID: dublechi1m01011803141059240901
 [2018-03-14 10:59:24] <48643> Connect to ssl://web.nicepay.co.kr:443
 [2018-03-14 10:59:24] <48643> ssl://web.nicepay.co.kr:443 Server Connect OK
 [2018-03-14 10:59:24] <48643> MSG_TO_SVR::[/lite/payProcess.jsp]
 [2018-03-14 10:59:24] <48643> TID -> [dublechi1m01011803141059240901]
 [2018-03-14 10:59:24] <48643> 1610[TrKey 재사용 거래]
 [2018-03-14 10:59:24] <48643> END PYO  Laptime:[0.083sec]
 [2018-03-14 10:59:24] <48643> ===============================================================
 [2018-03-14 11:00:56] <49568> START NicepayLite PYO (V1.2.5B20170601(OS:Linux3.10.0-693.11.6.el7.x86_64,PHP:7.0.0p1))
 [2018-03-14 11:00:56] <49568> TID: dublechi1m01011803141100569478
 [2018-03-14 11:00:56] <49568> Connect to ssl://web.nicepay.co.kr:443
 [2018-03-14 11:00:56] <49568> ssl://web.nicepay.co.kr:443 Server Connect OK
 [2018-03-14 11:00:56] <49568> MSG_TO_SVR::[/lite/payProcess.jsp]
 [2018-03-14 11:00:57] <49568> TID -> [dublechi1m01011803141100569478]
 [2018-03-14 11:00:57] <49568> 1610[TrKey 재사용 거래]
 [2018-03-14 11:00:57] <49568> END PYO  Laptime:[0.08sec]
 [2018-03-14 11:00:57] <49568> ===============================================================
 [2018-03-14 11:02:07] <55650> START NicepayLite PYO (V1.2.5B20170601(OS:Linux3.10.0-693.11.6.el7.x86_64,PHP:7.0.0p1))
 [2018-03-14 11:02:07] <55650> TID: dublechi1m01011803141102075347
 [2018-03-14 11:02:07] <55650> Connect to ssl://web.nicepay.co.kr:443
 [2018-03-14 11:02:07] <55650> ssl://web.nicepay.co.kr:443 Server Connect OK
 [2018-03-14 11:02:07] <55650> MSG_TO_SVR::[/lite/payProcess.jsp]
 [2018-03-14 11:02:08] <55650> TID -> [dublechi1m01011803141102075347]
 [2018-03-14 11:02:08] <55650> 3001[카드 결제 성공]
 [2018-03-14 11:02:08] <55650> END PYO  Laptime:[0.748sec]
 [2018-03-14 11:02:08] <55650> ===============================================================
