 [2018-06-01 12:33:05] <6115> START NicepayLite PYO (V1.2.5B20170601(OS:Linux3.10.0-693.11.6.el7.x86_64,PHP:7.0.0p1))
 [2018-06-01 12:33:05] <6115> TID: dublechi1m01011806011233059784
 [2018-06-01 12:33:05] <6115> Connect to ssl://web.nicepay.co.kr:443
 [2018-06-01 12:33:05] <6115> ssl://web.nicepay.co.kr:443 Server Connect OK
 [2018-06-01 12:33:05] <6115> MSG_TO_SVR::[/lite/payProcess.jsp]
 [2018-06-01 12:33:07] <6115> TID -> [dublechi1m01011806011233059784]
 [2018-06-01 12:33:07] <6115> 3001[카드 결제 성공]
 [2018-06-01 12:33:07] <6115> END PYO  Laptime:[1.188sec]
 [2018-06-01 12:33:07] <6115> ===============================================================
 [2018-06-01 15:29:22] <47383> START NicepayLite PYO (V1.2.5B20170601(OS:Linux3.10.0-693.11.6.el7.x86_64,PHP:7.0.0p1))
 [2018-06-01 15:29:22] <47383> TID: dublechi1m01011806011529226092
 [2018-06-01 15:29:22] <47383> Connect to ssl://web.nicepay.co.kr:443
 [2018-06-01 15:29:22] <47383> ssl://web.nicepay.co.kr:443 Server Connect OK
 [2018-06-01 15:29:22] <47383> MSG_TO_SVR::[/lite/payProcess.jsp]
 [2018-06-01 15:29:23] <47383> TID -> [dublechi1m01011806011529226092]
 [2018-06-01 15:29:23] <47383> 3001[카드 결제 성공]
 [2018-06-01 15:29:23] <47383> END PYO  Laptime:[0.963sec]
 [2018-06-01 15:29:23] <47383> ===============================================================
 [2018-06-01 15:52:48] <25837> START NicepayLite PYO (V1.2.5B20170601(OS:Linux3.10.0-693.11.6.el7.x86_64,PHP:7.0.0p1))
 [2018-06-01 15:52:48] <25837> TID: dublechi1m01011806011552488820
 [2018-06-01 15:52:48] <25837> Connect to ssl://web.nicepay.co.kr:443
 [2018-06-01 15:52:48] <25837> ssl://web.nicepay.co.kr:443 Server Connect OK
 [2018-06-01 15:52:48] <25837> MSG_TO_SVR::[/lite/payProcess.jsp]
 [2018-06-01 15:52:49] <25837> TID -> [dublechi1m01011806011552488820]
 [2018-06-01 15:52:49] <25837> 3001[카드 결제 성공]
 [2018-06-01 15:52:49] <25837> END PYO  Laptime:[1.059sec]
 [2018-06-01 15:52:49] <25837> ===============================================================
 [2018-06-01 16:00:20] <35106> START NicepayLite PYO (V1.2.5B20170601(OS:Linux3.10.0-693.11.6.el7.x86_64,PHP:7.0.0p1))
 [2018-06-01 16:00:20] <35106> TID: dublechi1m01011806011600205402
 [2018-06-01 16:00:20] <35106> Connect to ssl://web.nicepay.co.kr:443
 [2018-06-01 16:00:20] <35106> ssl://web.nicepay.co.kr:443 Server Connect OK
 [2018-06-01 16:00:20] <35106> MSG_TO_SVR::[/lite/payProcess.jsp]
 [2018-06-01 16:00:21] <35106> TID -> [dublechi1m01011806011600205402]
 [2018-06-01 16:00:21] <35106> 3001[카드 결제 성공]
 [2018-06-01 16:00:21] <35106> END PYO  Laptime:[0.948sec]
 [2018-06-01 16:00:21] <35106> ===============================================================
 [2018-06-01 16:03:42] <44185> START NicepayLite PYO (V1.2.5B20170601(OS:Linux3.10.0-693.11.6.el7.x86_64,PHP:7.0.0p1))
 [2018-06-01 16:03:42] <44185> TID: dublechi1m01011806011603422800
 [2018-06-01 16:03:42] <44185> Connect to ssl://web.nicepay.co.kr:443
 [2018-06-01 16:03:42] <44185> ssl://web.nicepay.co.kr:443 Server Connect OK
 [2018-06-01 16:03:42] <44185> MSG_TO_SVR::[/lite/payProcess.jsp]
 [2018-06-01 16:03:43] <44185> TID -> [dublechi1m01011806011603422800]
 [2018-06-01 16:03:43] <44185> 3001[카드 결제 성공]
 [2018-06-01 16:03:43] <44185> END PYO  Laptime:[0.91sec]
 [2018-06-01 16:03:43] <44185> ===============================================================
 [2018-06-01 16:54:14] <63336> START NicepayLite PYO (V1.2.5B20170601(OS:Linux3.10.0-693.11.6.el7.x86_64,PHP:7.0.0p1))
 [2018-06-01 16:54:14] <63336> TID: dublechi1m01011806011654140566
 [2018-06-01 16:54:14] <63336> Connect to ssl://web.nicepay.co.kr:443
 [2018-06-01 16:54:14] <63336> ssl://web.nicepay.co.kr:443 Server Connect OK
 [2018-06-01 16:54:14] <63336> MSG_TO_SVR::[/lite/payProcess.jsp]
 [2018-06-01 16:54:15] <63336> TID -> [dublechi1m01011806011654140566]
 [2018-06-01 16:54:15] <63336> 8326[카드사 한도문의]
 [2018-06-01 16:54:15] <63336> END PYO  Laptime:[1.174sec]
 [2018-06-01 16:54:15] <63336> ===============================================================
 [2018-06-01 16:58:44] <6908> START NicepayLite PYO (V1.2.5B20170601(OS:Linux3.10.0-693.11.6.el7.x86_64,PHP:7.0.0p1))
 [2018-06-01 16:58:44] <6908> TID: dublechi1m01011806011658444643
 [2018-06-01 16:58:44] <6908> Connect to ssl://web.nicepay.co.kr:443
 [2018-06-01 16:58:44] <6908> ssl://web.nicepay.co.kr:443 Server Connect OK
 [2018-06-01 16:58:44] <6908> MSG_TO_SVR::[/lite/payProcess.jsp]
 [2018-06-01 16:58:45] <6908> TID -> [dublechi1m01011806011658444643]
 [2018-06-01 16:58:45] <6908> 3001[카드 결제 성공]
 [2018-06-01 16:58:45] <6908> END PYO  Laptime:[0.785sec]
 [2018-06-01 16:58:45] <6908> ===============================================================
