 [2018-02-14 11:20:41] <663> START NicepayLite PYO (V1.2.5B20170601(OS:Linux3.10.0-693.11.6.el7.x86_64,PHP:7.0.0p1))
 [2018-02-14 11:20:41] <663> TID: dublechi1m01011802141120417880
 [2018-02-14 11:20:41] <663> Connect to ssl://web.nicepay.co.kr:443
 [2018-02-14 11:20:41] <663> ssl://web.nicepay.co.kr:443 Server Connect OK
 [2018-02-14 11:20:41] <663> MSG_TO_SVR::[/lite/payProcess.jsp]
 [2018-02-14 11:20:42] <663> TID -> [dublechi1m01011802141120417880]
 [2018-02-14 11:20:42] <663> 3001[카드 결제 성공]
 [2018-02-14 11:20:42] <663> END PYO  Laptime:[1.007sec]
 [2018-02-14 11:20:42] <663> ===============================================================
 [2018-02-14 11:21:05] <662> START NicepayLite PYO (V1.2.5B20170601(OS:Linux3.10.0-693.11.6.el7.x86_64,PHP:7.0.0p1))
 [2018-02-14 11:21:05] <662> TID: dublechi1m01011802141121056863
 [2018-02-14 11:21:05] <662> Connect to ssl://web.nicepay.co.kr:443
 [2018-02-14 11:21:05] <662> ssl://web.nicepay.co.kr:443 Server Connect OK
 [2018-02-14 11:21:05] <662> MSG_TO_SVR::[/lite/payProcess.jsp]
 [2018-02-14 11:21:05] <662> TID -> [dublechi1m01011802141121056863]
 [2018-02-14 11:21:05] <662> 1610[TrKey 재사용 거래]
 [2018-02-14 11:21:05] <662> END PYO  Laptime:[0.086sec]
 [2018-02-14 11:21:05] <662> ===============================================================
 [2018-02-14 11:23:20] <1643> START NicepayLite PYO (V1.2.5B20170601(OS:Linux3.10.0-693.11.6.el7.x86_64,PHP:7.0.0p1))
 [2018-02-14 11:23:20] <1643> TID: dublechi1m01011802141123201512
 [2018-02-14 11:23:20] <1643> Connect to ssl://web.nicepay.co.kr:443
 [2018-02-14 11:23:20] <1643> ssl://web.nicepay.co.kr:443 Server Connect OK
 [2018-02-14 11:23:20] <1643> MSG_TO_SVR::[/lite/payProcess.jsp]
 [2018-02-14 11:23:20] <1643> TID -> [dublechi1m01011802141123201512]
 [2018-02-14 11:23:20] <1643> 1610[TrKey 재사용 거래]
 [2018-02-14 11:23:20] <1643> END PYO  Laptime:[0.076sec]
 [2018-02-14 11:23:20] <1643> ===============================================================
 [2018-02-14 11:23:43] <10265> START NicepayLite PYO (V1.2.5B20170601(OS:Linux3.10.0-693.11.6.el7.x86_64,PHP:7.0.0p1))
 [2018-02-14 11:23:43] <10265> TID: dublechi1m01011802141123439370
 [2018-02-14 11:23:43] <10265> Connect to ssl://web.nicepay.co.kr:443
 [2018-02-14 11:23:43] <10265> ssl://web.nicepay.co.kr:443 Server Connect OK
 [2018-02-14 11:23:43] <10265> MSG_TO_SVR::[/lite/payProcess.jsp]
 [2018-02-14 11:23:44] <10265> TID -> [dublechi1m01011802141123439370]
 [2018-02-14 11:23:44] <10265> 1610[TrKey 재사용 거래]
 [2018-02-14 11:23:44] <10265> END PYO  Laptime:[0.104sec]
 [2018-02-14 11:23:44] <10265> ===============================================================
 [2018-02-14 11:25:05] <8740> START NicepayLite PYO (V1.2.5B20170601(OS:Linux3.10.0-693.11.6.el7.x86_64,PHP:7.0.0p1))
 [2018-02-14 11:25:05] <8740> TID: dublechi1m01011802141125058103
 [2018-02-14 11:25:05] <8740> Connect to ssl://web.nicepay.co.kr:443
 [2018-02-14 11:25:05] <8740> ssl://web.nicepay.co.kr:443 Server Connect OK
 [2018-02-14 11:25:05] <8740> MSG_TO_SVR::[/lite/payProcess.jsp]
 [2018-02-14 11:25:05] <8740> TID -> [dublechi1m01011802141125058103]
 [2018-02-14 11:25:05] <8740> 1610[TrKey 재사용 거래]
 [2018-02-14 11:25:05] <8740> END PYO  Laptime:[0.081sec]
 [2018-02-14 11:25:05] <8740> ===============================================================
 [2018-02-14 11:26:46] <11220> START NicepayLite PYO (V1.2.5B20170601(OS:Linux3.10.0-693.11.6.el7.x86_64,PHP:7.0.0p1))
 [2018-02-14 11:26:46] <11220> TID: dublechi1m01011802141126465615
 [2018-02-14 11:26:46] <11220> Connect to ssl://web.nicepay.co.kr:443
 [2018-02-14 11:26:46] <11220> ssl://web.nicepay.co.kr:443 Server Connect OK
 [2018-02-14 11:26:46] <11220> MSG_TO_SVR::[/lite/payProcess.jsp]
 [2018-02-14 11:26:46] <11220> TID -> [dublechi1m01011802141126465615]
 [2018-02-14 11:26:46] <11220> 1610[TrKey 재사용 거래]
 [2018-02-14 11:26:46] <11220> END PYO  Laptime:[0.076sec]
 [2018-02-14 11:26:46] <11220> ===============================================================
 [2018-02-14 11:27:39] <18233> START NicepayLite PYO (V1.2.5B20170601(OS:Linux3.10.0-693.11.6.el7.x86_64,PHP:7.0.0p1))
 [2018-02-14 11:27:39] <18233> TID: dublechi1m01011802141127399128
 [2018-02-14 11:27:39] <18233> Connect to ssl://web.nicepay.co.kr:443
 [2018-02-14 11:27:39] <18233> ssl://web.nicepay.co.kr:443 Server Connect OK
 [2018-02-14 11:27:39] <18233> MSG_TO_SVR::[/lite/payProcess.jsp]
 [2018-02-14 11:27:40] <18233> TID -> [dublechi1m01011802141127399128]
 [2018-02-14 11:27:40] <18233> 1610[TrKey 재사용 거래]
 [2018-02-14 11:27:40] <18233> END PYO  Laptime:[0.074sec]
 [2018-02-14 11:27:40] <18233> ===============================================================
 [2018-02-14 11:29:49] <19027> START NicepayLite PYO (V1.2.5B20170601(OS:Linux3.10.0-693.11.6.el7.x86_64,PHP:7.0.0p1))
 [2018-02-14 11:29:49] <19027> TID: dublechi1m01011802141129492634
 [2018-02-14 11:29:49] <19027> Connect to ssl://web.nicepay.co.kr:443
 [2018-02-14 11:29:49] <19027> ssl://web.nicepay.co.kr:443 Server Connect OK
 [2018-02-14 11:29:49] <19027> MSG_TO_SVR::[/lite/payProcess.jsp]
 [2018-02-14 11:29:49] <19027> TID -> [dublechi1m01011802141129492634]
 [2018-02-14 11:29:49] <19027> 1610[TrKey 재사용 거래]
 [2018-02-14 11:29:49] <19027> END PYO  Laptime:[0.081sec]
 [2018-02-14 11:29:49] <19027> ===============================================================
 [2018-02-14 11:31:19] <36098> START NicepayLite PYO (V1.2.5B20170601(OS:Linux3.10.0-693.11.6.el7.x86_64,PHP:7.0.0p1))
 [2018-02-14 11:31:19] <36098> TID: dublechi1m01011802141131198532
 [2018-02-14 11:31:19] <36098> Connect to ssl://web.nicepay.co.kr:443
 [2018-02-14 11:31:19] <36098> ssl://web.nicepay.co.kr:443 Server Connect OK
 [2018-02-14 11:31:19] <36098> MSG_TO_SVR::[/lite/payProcess.jsp]
 [2018-02-14 11:31:19] <36098> TID -> [dublechi1m01011802141131198532]
 [2018-02-14 11:31:19] <36098> 1610[TrKey 재사용 거래]
 [2018-02-14 11:31:19] <36098> END PYO  Laptime:[0.077sec]
 [2018-02-14 11:31:19] <36098> ===============================================================
 [2018-02-14 11:32:02] <18232> START NicepayLite PYO (V1.2.5B20170601(OS:Linux3.10.0-693.11.6.el7.x86_64,PHP:7.0.0p1))
 [2018-02-14 11:32:02] <18232> TID: dublechi1m01011802141132021753
 [2018-02-14 11:32:02] <18232> Connect to ssl://web.nicepay.co.kr:443
 [2018-02-14 11:32:02] <18232> ssl://web.nicepay.co.kr:443 Server Connect OK
 [2018-02-14 11:32:02] <18232> MSG_TO_SVR::[/lite/payProcess.jsp]
 [2018-02-14 11:32:02] <18232> TID -> [dublechi1m01011802141132021753]
 [2018-02-14 11:32:02] <18232> 1610[TrKey 재사용 거래]
 [2018-02-14 11:32:02] <18232> END PYO  Laptime:[0.09sec]
 [2018-02-14 11:32:02] <18232> ===============================================================
 [2018-02-14 11:33:56] <37988> START NicepayLite PYO (V1.2.5B20170601(OS:Linux3.10.0-693.11.6.el7.x86_64,PHP:7.0.0p1))
 [2018-02-14 11:33:56] <37988> TID: dublechi1m01011802141133565669
 [2018-02-14 11:33:56] <37988> Connect to ssl://web.nicepay.co.kr:443
 [2018-02-14 11:33:56] <37988> ssl://web.nicepay.co.kr:443 Server Connect OK
 [2018-02-14 11:33:56] <37988> MSG_TO_SVR::[/lite/payProcess.jsp]
 [2018-02-14 11:33:56] <37988> TID -> [dublechi1m01011802141133565669]
 [2018-02-14 11:33:56] <37988> 1610[TrKey 재사용 거래]
 [2018-02-14 11:33:56] <37988> END PYO  Laptime:[0.077sec]
 [2018-02-14 11:33:56] <37988> ===============================================================
 [2018-02-14 11:35:17] <38000> START NicepayLite PYO (V1.2.5B20170601(OS:Linux3.10.0-693.11.6.el7.x86_64,PHP:7.0.0p1))
 [2018-02-14 11:35:17] <38000> TID: dublechi1m01011802141135178207
 [2018-02-14 11:35:17] <38000> Connect to ssl://web.nicepay.co.kr:443
 [2018-02-14 11:35:17] <38000> ssl://web.nicepay.co.kr:443 Server Connect OK
 [2018-02-14 11:35:17] <38000> MSG_TO_SVR::[/lite/payProcess.jsp]
 [2018-02-14 11:35:17] <38000> TID -> [dublechi1m01011802141135178207]
 [2018-02-14 11:35:17] <38000> 1610[TrKey 재사용 거래]
 [2018-02-14 11:35:17] <38000> END PYO  Laptime:[0.078sec]
 [2018-02-14 11:35:17] <38000> ===============================================================
 [2018-02-14 11:35:34] <37207> START NicepayLite PYO (V1.2.5B20170601(OS:Linux3.10.0-693.11.6.el7.x86_64,PHP:7.0.0p1))
 [2018-02-14 11:35:34] <37207> TID: dublechi1m01011802141135341666
 [2018-02-14 11:35:34] <37207> Connect to ssl://web.nicepay.co.kr:443
 [2018-02-14 11:35:34] <37207> ssl://web.nicepay.co.kr:443 Server Connect OK
 [2018-02-14 11:35:34] <37207> MSG_TO_SVR::[/lite/payProcess.jsp]
 [2018-02-14 11:35:34] <37207> TID -> [dublechi1m01011802141135341666]
 [2018-02-14 11:35:34] <37207> 1610[TrKey 재사용 거래]
 [2018-02-14 11:35:34] <37207> END PYO  Laptime:[0.079sec]
 [2018-02-14 11:35:34] <37207> ===============================================================
 [2018-02-14 11:42:43] <53955> START NicepayLite PYO (V1.2.5B20170601(OS:Linux3.10.0-693.11.6.el7.x86_64,PHP:7.0.0p1))
 [2018-02-14 11:42:43] <53955> TID: dublechi1m01011802141142435784
 [2018-02-14 11:42:43] <53955> Connect to ssl://web.nicepay.co.kr:443
 [2018-02-14 11:42:43] <53955> ssl://web.nicepay.co.kr:443 Server Connect OK
 [2018-02-14 11:42:43] <53955> MSG_TO_SVR::[/lite/payProcess.jsp]
 [2018-02-14 11:42:43] <53955> TID -> [dublechi1m01011802141142435784]
 [2018-02-14 11:42:43] <53955> 1610[TrKey 재사용 거래]
 [2018-02-14 11:42:43] <53955> END PYO  Laptime:[0.083sec]
 [2018-02-14 11:42:43] <53955> ===============================================================
 [2018-02-14 11:46:03] <55210> START NicepayLite PYO (V1.2.5B20170601(OS:Linux3.10.0-693.11.6.el7.x86_64,PHP:7.0.0p1))
 [2018-02-14 11:46:03] <55210> TID: dublechi1m01011802141146033073
 [2018-02-14 11:46:03] <55210> Connect to ssl://web.nicepay.co.kr:443
 [2018-02-14 11:46:03] <55210> ssl://web.nicepay.co.kr:443 Server Connect OK
 [2018-02-14 11:46:03] <55210> MSG_TO_SVR::[/lite/payProcess.jsp]
 [2018-02-14 11:46:03] <55210> TID -> [dublechi1m01011802141146033073]
 [2018-02-14 11:46:03] <55210> 1610[TrKey 재사용 거래]
 [2018-02-14 11:46:03] <55210> END PYO  Laptime:[0.082sec]
 [2018-02-14 11:46:03] <55210> ===============================================================
 [2018-02-14 11:46:23] <62406> START NicepayLite PYO (V1.2.5B20170601(OS:Linux3.10.0-693.11.6.el7.x86_64,PHP:7.0.0p1))
 [2018-02-14 11:46:23] <62406> TID: dublechi1m01011802141146233711
 [2018-02-14 11:46:23] <62406> Connect to ssl://web.nicepay.co.kr:443
 [2018-02-14 11:46:23] <62406> ssl://web.nicepay.co.kr:443 Server Connect OK
 [2018-02-14 11:46:23] <62406> MSG_TO_SVR::[/lite/payProcess.jsp]
 [2018-02-14 11:46:23] <62406> TID -> [dublechi1m01011802141146233711]
 [2018-02-14 11:46:23] <62406> 1610[TrKey 재사용 거래]
 [2018-02-14 11:46:23] <62406> END PYO  Laptime:[0.111sec]
 [2018-02-14 11:46:23] <62406> ===============================================================
 [2018-02-14 11:47:16] <55144> START NicepayLite PYO (V1.2.5B20170601(OS:Linux3.10.0-693.11.6.el7.x86_64,PHP:7.0.0p1))
 [2018-02-14 11:47:16] <55144> TID: dublechi1m01011802141147163492
 [2018-02-14 11:47:16] <55144> Connect to ssl://web.nicepay.co.kr:443
 [2018-02-14 11:47:16] <55144> ssl://web.nicepay.co.kr:443 Server Connect OK
 [2018-02-14 11:47:16] <55144> MSG_TO_SVR::[/lite/payProcess.jsp]
 [2018-02-14 11:47:16] <55144> TID -> [dublechi1m01011802141147163492]
 [2018-02-14 11:47:16] <55144> 1610[TrKey 재사용 거래]
 [2018-02-14 11:47:16] <55144> END PYO  Laptime:[0.076sec]
 [2018-02-14 11:47:16] <55144> ===============================================================
 [2018-02-14 11:49:47] <63470> START NicepayLite PYO (V1.2.5B20170601(OS:Linux3.10.0-693.11.6.el7.x86_64,PHP:7.0.0p1))
 [2018-02-14 11:49:47] <63470> TID: dublechi1m01011802141149479140
 [2018-02-14 11:49:47] <63470> Connect to ssl://web.nicepay.co.kr:443
 [2018-02-14 11:49:47] <63470> ssl://web.nicepay.co.kr:443 Server Connect OK
 [2018-02-14 11:49:47] <63470> MSG_TO_SVR::[/lite/payProcess.jsp]
 [2018-02-14 11:49:48] <63470> TID -> [dublechi1m01011802141149479140]
 [2018-02-14 11:49:48] <63470> 1610[TrKey 재사용 거래]
 [2018-02-14 11:49:48] <63470> END PYO  Laptime:[0.08sec]
 [2018-02-14 11:49:48] <63470> ===============================================================
 [2018-02-14 11:50:01] <63471> START NicepayLite PYO (V1.2.5B20170601(OS:Linux3.10.0-693.11.6.el7.x86_64,PHP:7.0.0p1))
 [2018-02-14 11:50:01] <63471> TID: dublechi1m01011802141150014433
 [2018-02-14 11:50:01] <63471> Connect to ssl://web.nicepay.co.kr:443
 [2018-02-14 11:50:01] <63471> ssl://web.nicepay.co.kr:443 Server Connect OK
 [2018-02-14 11:50:01] <63471> MSG_TO_SVR::[/lite/payProcess.jsp]
 [2018-02-14 11:50:01] <63471> TID -> [dublechi1m01011802141150014433]
 [2018-02-14 11:50:01] <63471> 1610[TrKey 재사용 거래]
 [2018-02-14 11:50:01] <63471> END PYO  Laptime:[0.138sec]
 [2018-02-14 11:50:01] <63471> ===============================================================
 [2018-02-14 11:56:38] <8030> START NicepayLite PYO (V1.2.5B20170601(OS:Linux3.10.0-693.11.6.el7.x86_64,PHP:7.0.0p1))
 [2018-02-14 11:56:38] <8030> TID: dublechi1m01011802141156380145
 [2018-02-14 11:56:38] <8030> Connect to ssl://web.nicepay.co.kr:443
 [2018-02-14 11:56:38] <8030> ssl://web.nicepay.co.kr:443 Server Connect OK
 [2018-02-14 11:56:38] <8030> MSG_TO_SVR::[/lite/payProcess.jsp]
 [2018-02-14 11:56:38] <8030> TID -> [dublechi1m01011802141156380145]
 [2018-02-14 11:56:38] <8030> 1610[TrKey 재사용 거래]
 [2018-02-14 11:56:38] <8030> END PYO  Laptime:[0.086sec]
 [2018-02-14 11:56:38] <8030> ===============================================================
 [2018-02-14 11:57:32] <7902> START NicepayLite PYO (V1.2.5B20170601(OS:Linux3.10.0-693.11.6.el7.x86_64,PHP:7.0.0p1))
 [2018-02-14 11:57:32] <7902> TID: dublechi1m01011802141157321280
 [2018-02-14 11:57:32] <7902> Connect to ssl://web.nicepay.co.kr:443
 [2018-02-14 11:57:32] <7902> ssl://web.nicepay.co.kr:443 Server Connect OK
 [2018-02-14 11:57:32] <7902> MSG_TO_SVR::[/lite/payProcess.jsp]
 [2018-02-14 11:57:32] <7902> TID -> [dublechi1m01011802141157321280]
 [2018-02-14 11:57:32] <7902> 1610[TrKey 재사용 거래]
 [2018-02-14 11:57:32] <7902> END PYO  Laptime:[0.104sec]
 [2018-02-14 11:57:32] <7902> ===============================================================
 [2018-02-14 13:49:07] <40190> START NicepayLite PYO (V1.2.5B20170601(OS:Linux3.10.0-693.11.6.el7.x86_64,PHP:7.0.0p1))
 [2018-02-14 13:49:07] <40190> TID: dublechi1m03011802141349078649
 [2018-02-14 13:49:07] <40190> Connect to ssl://web.nicepay.co.kr:443
 [2018-02-14 13:49:07] <40190> ssl://web.nicepay.co.kr:443 Server Connect OK
 [2018-02-14 13:49:07] <40190> MSG_TO_SVR::[/lite/payProcess.jsp]
 [2018-02-14 13:49:08] <40190> TID -> [dublechi1m03011802141349078649]
 [2018-02-14 13:49:08] <40190> 4100[가상계좌 발급 성공]
 [2018-02-14 13:49:08] <40190> END PYO  Laptime:[0.179sec]
 [2018-02-14 13:49:08] <40190> ===============================================================
 [2018-02-14 13:54:21] <55663> START NicepayLite PYO (V1.2.5B20170601(OS:Linux3.10.0-693.11.6.el7.x86_64,PHP:7.0.0p1))
 [2018-02-14 13:54:21] <55663> TID: dublechi1m03011802141354214453
 [2018-02-14 13:54:21] <55663> Connect to ssl://web.nicepay.co.kr:443
 [2018-02-14 13:54:21] <55663> ssl://web.nicepay.co.kr:443 Server Connect OK
 [2018-02-14 13:54:21] <55663> MSG_TO_SVR::[/lite/payProcess.jsp]
 [2018-02-14 13:54:21] <55663> TID -> [dublechi1m03011802141354214453]
 [2018-02-14 13:54:21] <55663> 4100[가상계좌 발급 성공]
 [2018-02-14 13:54:21] <55663> END PYO  Laptime:[0.33sec]
 [2018-02-14 13:54:21] <55663> ===============================================================
 [2018-02-14 13:57:20] <62544> START NicepayLite PYO (V1.2.5B20170601(OS:Linux3.10.0-693.11.6.el7.x86_64,PHP:7.0.0p1))
 [2018-02-14 13:57:20] <62544> TID: dublechi1m03011802141357200268
 [2018-02-14 13:57:20] <62544> Connect to ssl://web.nicepay.co.kr:443
 [2018-02-14 13:57:20] <62544> ssl://web.nicepay.co.kr:443 Server Connect OK
 [2018-02-14 13:57:20] <62544> MSG_TO_SVR::[/lite/payProcess.jsp]
 [2018-02-14 13:57:20] <62544> TID -> [dublechi1m03011802141357200268]
 [2018-02-14 13:57:20] <62544> 4100[가상계좌 발급 성공]
 [2018-02-14 13:57:20] <62544> END PYO  Laptime:[0.161sec]
 [2018-02-14 13:57:20] <62544> ===============================================================
 [2018-02-14 14:03:29] <9357> START NicepayLite PYO (V1.2.5B20170601(OS:Linux3.10.0-693.11.6.el7.x86_64,PHP:7.0.0p1))
 [2018-02-14 14:03:29] <9357> TID: dublechi1m01011802141403297257
 [2018-02-14 14:03:29] <9357> Connect to ssl://web.nicepay.co.kr:443
 [2018-02-14 14:03:29] <9357> ssl://web.nicepay.co.kr:443 Server Connect OK
 [2018-02-14 14:03:29] <9357> MSG_TO_SVR::[/lite/payProcess.jsp]
 [2018-02-14 14:03:30] <9357> TID -> [dublechi1m01011802141403297257]
 [2018-02-14 14:03:30] <9357> 3001[카드 결제 성공]
 [2018-02-14 14:03:30] <9357> END PYO  Laptime:[1.043sec]
 [2018-02-14 14:03:30] <9357> ===============================================================
 [2018-02-14 14:06:45] <11184> START NicepayLite PYO (V1.2.5B20170601(OS:Linux3.10.0-693.11.6.el7.x86_64,PHP:7.0.0p1))
 [2018-02-14 14:06:45] <11184> TID: dublechi1m01011802141406450776
 [2018-02-14 14:06:45] <11184> Connect to ssl://web.nicepay.co.kr:443
 [2018-02-14 14:06:45] <11184> ssl://web.nicepay.co.kr:443 Server Connect OK
 [2018-02-14 14:06:45] <11184> MSG_TO_SVR::[/lite/payProcess.jsp]
 [2018-02-14 14:06:45] <11184> TID -> [dublechi1m01011802141406450776]
 [2018-02-14 14:06:45] <11184> 1610[TrKey 재사용 거래]
 [2018-02-14 14:06:45] <11184> END PYO  Laptime:[0.077sec]
 [2018-02-14 14:06:45] <11184> ===============================================================
 [2018-02-14 14:11:40] <20307> START NicepayLite PYO (V1.2.5B20170601(OS:Linux3.10.0-693.11.6.el7.x86_64,PHP:7.0.0p1))
 [2018-02-14 14:11:40] <20307> TID: dublechi1m01011802141411404811
 [2018-02-14 14:11:40] <20307> Connect to ssl://web.nicepay.co.kr:443
 [2018-02-14 14:11:40] <20307> ssl://web.nicepay.co.kr:443 Server Connect OK
 [2018-02-14 14:11:40] <20307> MSG_TO_SVR::[/lite/payProcess.jsp]
 [2018-02-14 14:11:40] <20307> TID -> [dublechi1m01011802141411404811]
 [2018-02-14 14:11:40] <20307> 1610[TrKey 재사용 거래]
 [2018-02-14 14:11:40] <20307> END PYO  Laptime:[0.077sec]
 [2018-02-14 14:11:40] <20307> ===============================================================
 [2018-02-14 14:12:47] <20340> START NicepayLite PYO (V1.2.5B20170601(OS:Linux3.10.0-693.11.6.el7.x86_64,PHP:7.0.0p1))
 [2018-02-14 14:12:47] <20340> TID: dublechi1m01011802141412472691
 [2018-02-14 14:12:47] <20340> Connect to ssl://web.nicepay.co.kr:443
 [2018-02-14 14:12:47] <20340> ssl://web.nicepay.co.kr:443 Server Connect OK
 [2018-02-14 14:12:47] <20340> MSG_TO_SVR::[/lite/payProcess.jsp]
 [2018-02-14 14:12:47] <20340> TID -> [dublechi1m01011802141412472691]
 [2018-02-14 14:12:47] <20340> 1610[TrKey 재사용 거래]
 [2018-02-14 14:12:47] <20340> END PYO  Laptime:[0.08sec]
 [2018-02-14 14:12:47] <20340> ===============================================================
 [2018-02-14 14:16:04] <29035> START NicepayLite PYO (V1.2.5B20170601(OS:Linux3.10.0-693.11.6.el7.x86_64,PHP:7.0.0p1))
 [2018-02-14 14:16:04] <29035> TID: dublechi1m01011802141416045924
 [2018-02-14 14:16:04] <29035> Connect to ssl://web.nicepay.co.kr:443
 [2018-02-14 14:16:04] <29035> ssl://web.nicepay.co.kr:443 Server Connect OK
 [2018-02-14 14:16:04] <29035> MSG_TO_SVR::[/lite/payProcess.jsp]
 [2018-02-14 14:16:04] <29035> TID -> [dublechi1m01011802141416045924]
 [2018-02-14 14:16:04] <29035> 1610[TrKey 재사용 거래]
 [2018-02-14 14:16:04] <29035> END PYO  Laptime:[0.085sec]
 [2018-02-14 14:16:04] <29035> ===============================================================
 [2018-02-14 14:19:27] <36426> START NicepayLite PYO (V1.2.5B20170601(OS:Linux3.10.0-693.11.6.el7.x86_64,PHP:7.0.0p1))
 [2018-02-14 14:19:27] <36426> TID: dublechi1m01011802141419278737
 [2018-02-14 14:19:27] <36426> Connect to ssl://web.nicepay.co.kr:443
 [2018-02-14 14:19:27] <36426> ssl://web.nicepay.co.kr:443 Server Connect OK
 [2018-02-14 14:19:27] <36426> MSG_TO_SVR::[/lite/payProcess.jsp]
 [2018-02-14 14:19:28] <36426> TID -> [dublechi1m01011802141419278737]
 [2018-02-14 14:19:28] <36426> 1610[TrKey 재사용 거래]
 [2018-02-14 14:19:28] <36426> END PYO  Laptime:[0.116sec]
 [2018-02-14 14:19:28] <36426> ===============================================================
 [2018-02-14 14:19:51] <38126> START NicepayLite PYO (V1.2.5B20170601(OS:Linux3.10.0-693.11.6.el7.x86_64,PHP:7.0.0p1))
 [2018-02-14 14:19:51] <38126> TID: dublechi1m01011802141419519450
 [2018-02-14 14:19:51] <38126> Connect to ssl://web.nicepay.co.kr:443
 [2018-02-14 14:19:51] <38126> ssl://web.nicepay.co.kr:443 Server Connect OK
 [2018-02-14 14:19:51] <38126> MSG_TO_SVR::[/lite/payProcess.jsp]
 [2018-02-14 14:19:51] <38126> TID -> [dublechi1m01011802141419519450]
 [2018-02-14 14:19:51] <38126> 1610[TrKey 재사용 거래]
 [2018-02-14 14:19:51] <38126> END PYO  Laptime:[0.08sec]
 [2018-02-14 14:19:51] <38126> ===============================================================
 [2018-02-14 14:20:35] <38721> START NicepayLite PYO (V1.2.5B20170601(OS:Linux3.10.0-693.11.6.el7.x86_64,PHP:7.0.0p1))
 [2018-02-14 14:20:35] <38721> TID: dublechi1m01011802141420355586
 [2018-02-14 14:20:35] <38721> Connect to ssl://web.nicepay.co.kr:443
 [2018-02-14 14:20:35] <38721> ssl://web.nicepay.co.kr:443 Server Connect OK
 [2018-02-14 14:20:35] <38721> MSG_TO_SVR::[/lite/payProcess.jsp]
 [2018-02-14 14:20:35] <38721> TID -> [dublechi1m01011802141420355586]
 [2018-02-14 14:20:35] <38721> 1610[TrKey 재사용 거래]
 [2018-02-14 14:20:35] <38721> END PYO  Laptime:[0.076sec]
 [2018-02-14 14:20:35] <38721> ===============================================================
 [2018-02-14 14:22:36] <38817> START NicepayLite PYO (V1.2.5B20170601(OS:Linux3.10.0-693.11.6.el7.x86_64,PHP:7.0.0p1))
 [2018-02-14 14:22:36] <38817> TID: dublechi1m01011802141422362351
 [2018-02-14 14:22:36] <38817> Connect to ssl://web.nicepay.co.kr:443
 [2018-02-14 14:22:36] <38817> ssl://web.nicepay.co.kr:443 Server Connect OK
 [2018-02-14 14:22:36] <38817> MSG_TO_SVR::[/lite/payProcess.jsp]
 [2018-02-14 14:22:36] <38817> TID -> [dublechi1m01011802141422362351]
 [2018-02-14 14:22:36] <38817> 1610[TrKey 재사용 거래]
 [2018-02-14 14:22:36] <38817> END PYO  Laptime:[0.077sec]
 [2018-02-14 14:22:36] <38817> ===============================================================
 [2018-02-14 14:24:32] <47808> START NicepayLite PYO (V1.2.5B20170601(OS:Linux3.10.0-693.11.6.el7.x86_64,PHP:7.0.0p1))
 [2018-02-14 14:24:32] <47808> TID: dublechi1m01011802141424321661
 [2018-02-14 14:24:32] <47808> Connect to ssl://web.nicepay.co.kr:443
 [2018-02-14 14:24:32] <47808> ssl://web.nicepay.co.kr:443 Server Connect OK
 [2018-02-14 14:24:32] <47808> MSG_TO_SVR::[/lite/payProcess.jsp]
 [2018-02-14 14:24:32] <47808> TID -> [dublechi1m01011802141424321661]
 [2018-02-14 14:24:32] <47808> 1610[TrKey 재사용 거래]
 [2018-02-14 14:24:32] <47808> END PYO  Laptime:[0.083sec]
 [2018-02-14 14:24:32] <47808> ===============================================================
 [2018-02-14 14:24:47] <38816> START NicepayLite PYO (V1.2.5B20170601(OS:Linux3.10.0-693.11.6.el7.x86_64,PHP:7.0.0p1))
 [2018-02-14 14:24:47] <38816> TID: dublechi1m01011802141424477240
 [2018-02-14 14:24:47] <38816> Connect to ssl://web.nicepay.co.kr:443
 [2018-02-14 14:24:47] <38816> ssl://web.nicepay.co.kr:443 Server Connect OK
 [2018-02-14 14:24:47] <38816> MSG_TO_SVR::[/lite/payProcess.jsp]
 [2018-02-14 14:24:47] <38816> TID -> [dublechi1m01011802141424477240]
 [2018-02-14 14:24:47] <38816> 1610[TrKey 재사용 거래]
 [2018-02-14 14:24:47] <38816> END PYO  Laptime:[0.081sec]
 [2018-02-14 14:24:47] <38816> ===============================================================
 [2018-02-14 14:25:18] <44604> START NicepayLite PYO (V1.2.5B20170601(OS:Linux3.10.0-693.11.6.el7.x86_64,PHP:7.0.0p1))
 [2018-02-14 14:25:18] <44604> TID: dublechi1m01011802141425186152
 [2018-02-14 14:25:18] <44604> Connect to ssl://web.nicepay.co.kr:443
 [2018-02-14 14:25:18] <44604> ssl://web.nicepay.co.kr:443 Server Connect OK
 [2018-02-14 14:25:18] <44604> MSG_TO_SVR::[/lite/payProcess.jsp]
 [2018-02-14 14:25:18] <44604> TID -> [dublechi1m01011802141425186152]
 [2018-02-14 14:25:18] <44604> 1610[TrKey 재사용 거래]
 [2018-02-14 14:25:18] <44604> END PYO  Laptime:[0.081sec]
 [2018-02-14 14:25:18] <44604> ===============================================================
 [2018-02-14 15:32:15] <56946> START NicepayLite PYO (V1.2.5B20170601(OS:Linux3.10.0-693.11.6.el7.x86_64,PHP:7.0.0p1))
 [2018-02-14 15:32:15] <56946> TID: dublechi1m01011802141532153441
 [2018-02-14 15:32:15] <56946> Connect to ssl://web.nicepay.co.kr:443
 [2018-02-14 15:32:15] <56946> ssl://web.nicepay.co.kr:443 Server Connect OK
 [2018-02-14 15:32:15] <56946> MSG_TO_SVR::[/lite/payProcess.jsp]
 [2018-02-14 15:32:16] <56946> TID -> [dublechi1m01011802141532153441]
 [2018-02-14 15:32:16] <56946> 3001[카드 결제 성공]
 [2018-02-14 15:32:16] <56946> END PYO  Laptime:[1.207sec]
 [2018-02-14 15:32:16] <56946> ===============================================================
