 [2018-02-12 13:38:56] <2882> START NicepayLite PYO (V1.2.5B20170601(OS:Linux3.10.0-693.11.6.el7.x86_64,PHP:7.0.0p1))
 [2018-02-12 13:38:56] <2882> TID IS EMPTY
 [2018-02-12 13:38:56] <2882> Connect to ssl://web.nicepay.co.kr:443
 [2018-02-12 13:38:56] <2882> ssl://web.nicepay.co.kr:443 Server Connect OK
 [2018-02-12 13:38:56] <2882> MSG_TO_SVR::[/lite/payProcess.jsp]
 [2018-02-12 13:38:57] <2882> TID -> [dublechi1m01011802121338582654]
 [2018-02-12 13:38:57] <2882> 3001[카드 결제 성공]
 [2018-02-12 13:38:57] <2882> END PYO  Laptime:[1.078sec]
 [2018-02-12 13:38:57] <2882> ===============================================================
 [2018-02-12 13:40:29] <4068> START NicepayLite PYO (V1.2.5B20170601(OS:Linux3.10.0-693.11.6.el7.x86_64,PHP:7.0.0p1))
 [2018-02-12 13:40:29] <4068> TID IS EMPTY
 [2018-02-12 13:40:29] <4068> Connect to ssl://web.nicepay.co.kr:443
 [2018-02-12 13:40:29] <4068> ssl://web.nicepay.co.kr:443 Server Connect OK
 [2018-02-12 13:40:29] <4068> MSG_TO_SVR::[/lite/payProcess.jsp]
 [2018-02-12 13:40:29] <4068> TID -> [dublechi1m01011802121340305279]
 [2018-02-12 13:40:29] <4068> 1610[TrKey 재사용 거래]
 [2018-02-12 13:40:29] <4068> END PYO  Laptime:[0.129sec]
 [2018-02-12 13:40:29] <4068> ===============================================================
 [2018-02-12 13:40:53] <4053> START NicepayLite PYO (V1.2.5B20170601(OS:Linux3.10.0-693.11.6.el7.x86_64,PHP:7.0.0p1))
 [2018-02-12 13:40:53] <4053> TID IS EMPTY
 [2018-02-12 13:40:53] <4053> Connect to ssl://web.nicepay.co.kr:443
 [2018-02-12 13:40:53] <4053> ssl://web.nicepay.co.kr:443 Server Connect OK
 [2018-02-12 13:40:53] <4053> MSG_TO_SVR::[/lite/payProcess.jsp]
 [2018-02-12 13:40:53] <4053> TID -> [dublechi1m01011802121340549091]
 [2018-02-12 13:40:53] <4053> 1610[TrKey 재사용 거래]
 [2018-02-12 13:40:53] <4053> END PYO  Laptime:[0.083sec]
 [2018-02-12 13:40:53] <4053> ===============================================================
 [2018-02-12 13:41:06] <4048> START NicepayLite PYO (V1.2.5B20170601(OS:Linux3.10.0-693.11.6.el7.x86_64,PHP:7.0.0p1))
 [2018-02-12 13:41:06] <4048> TID IS EMPTY
 [2018-02-12 13:41:06] <4048> Connect to ssl://web.nicepay.co.kr:443
 [2018-02-12 13:41:06] <4048> ssl://web.nicepay.co.kr:443 Server Connect OK
 [2018-02-12 13:41:06] <4048> MSG_TO_SVR::[/lite/payProcess.jsp]
 [2018-02-12 13:41:06] <4048> TID -> [dublechi1m01011802121341081077]
 [2018-02-12 13:41:06] <4048> 1610[TrKey 재사용 거래]
 [2018-02-12 13:41:06] <4048> END PYO  Laptime:[0.221sec]
 [2018-02-12 13:41:06] <4048> ===============================================================
 [2018-02-12 13:43:32] <10617> START NicepayLite PYO (V1.2.5B20170601(OS:Linux3.10.0-693.11.6.el7.x86_64,PHP:7.0.0p1))
 [2018-02-12 13:43:32] <10617> TID IS EMPTY
 [2018-02-12 13:43:32] <10617> Connect to ssl://web.nicepay.co.kr:443
 [2018-02-12 13:43:32] <10617> ssl://web.nicepay.co.kr:443 Server Connect OK
 [2018-02-12 13:43:32] <10617> MSG_TO_SVR::[/lite/payProcess.jsp]
 [2018-02-12 13:43:32] <10617> TID -> [dublechi1m01011802121343339420]
 [2018-02-12 13:43:32] <10617> 1610[TrKey 재사용 거래]
 [2018-02-12 13:43:32] <10617> END PYO  Laptime:[0.086sec]
 [2018-02-12 13:43:32] <10617> ===============================================================
 [2018-02-12 13:43:53] <10621> START NicepayLite PYO (V1.2.5B20170601(OS:Linux3.10.0-693.11.6.el7.x86_64,PHP:7.0.0p1))
 [2018-02-12 13:43:53] <10621> TID IS EMPTY
 [2018-02-12 13:43:53] <10621> Connect to ssl://web.nicepay.co.kr:443
 [2018-02-12 13:43:53] <10621> ssl://web.nicepay.co.kr:443 Server Connect OK
 [2018-02-12 13:43:53] <10621> MSG_TO_SVR::[/lite/payProcess.jsp]
 [2018-02-12 13:43:53] <10621> TID -> [dublechi1m01011802121343553157]
 [2018-02-12 13:43:53] <10621> 1610[TrKey 재사용 거래]
 [2018-02-12 13:43:53] <10621> END PYO  Laptime:[0.084sec]
 [2018-02-12 13:43:53] <10621> ===============================================================
 [2018-02-12 13:52:31] <28268> START NicepayLite PYO (V1.2.5B20170601(OS:Linux3.10.0-693.11.6.el7.x86_64,PHP:7.0.0p1))
 [2018-02-12 13:52:31] <28268> TID IS EMPTY
 [2018-02-12 13:52:31] <28268> Connect to ssl://web.nicepay.co.kr:443
 [2018-02-12 13:52:31] <28268> ssl://web.nicepay.co.kr:443 Server Connect OK
 [2018-02-12 13:52:31] <28268> MSG_TO_SVR::[/lite/payProcess.jsp]
 [2018-02-12 13:52:32] <28268> TID -> [dublechi1m01011802121352326855]
 [2018-02-12 13:52:32] <28268> 3001[카드 결제 성공]
 [2018-02-12 13:52:32] <28268> END PYO  Laptime:[1.154sec]
 [2018-02-12 13:52:32] <28268> ===============================================================
 [2018-02-12 13:57:18] <36468> START NicepayLite PYO (V1.2.5B20170601(OS:Linux3.10.0-693.11.6.el7.x86_64,PHP:7.0.0p1))
 [2018-02-12 13:57:18] <36468> TID: dublechi1m01011802121357181413
 [2018-02-12 13:57:18] <36468> Connect to ssl://web.nicepay.co.kr:443
 [2018-02-12 13:57:18] <36468> ssl://web.nicepay.co.kr:443 Server Connect OK
 [2018-02-12 13:57:18] <36468> MSG_TO_SVR::[/lite/payProcess.jsp]
 [2018-02-12 13:57:18] <36468> TID -> [dublechi1m01011802121357181413]
 [2018-02-12 13:57:18] <36468> 1610[TrKey 재사용 거래]
 [2018-02-12 13:57:18] <36468> END PYO  Laptime:[0.076sec]
 [2018-02-12 13:57:18] <36468> ===============================================================
 [2018-02-12 13:57:19] <29917> START NicepayLite PYO (V1.2.5B20170601(OS:Linux3.10.0-693.11.6.el7.x86_64,PHP:7.0.0p1))
 [2018-02-12 13:57:19] <29917> TID: dublechi1m01011802121357195413
 [2018-02-12 13:57:19] <29917> Connect to ssl://web.nicepay.co.kr:443
 [2018-02-12 13:57:19] <29917> ssl://web.nicepay.co.kr:443 Server Connect OK
 [2018-02-12 13:57:19] <29917> MSG_TO_SVR::[/lite/payProcess.jsp]
 [2018-02-12 13:57:19] <29917> TID -> [dublechi1m01011802121357195413]
 [2018-02-12 13:57:19] <29917> 1610[TrKey 재사용 거래]
 [2018-02-12 13:57:19] <29917> END PYO  Laptime:[0.08sec]
 [2018-02-12 13:57:19] <29917> ===============================================================
 [2018-02-12 13:58:30] <37142> START NicepayLite PYO (V1.2.5B20170601(OS:Linux3.10.0-693.11.6.el7.x86_64,PHP:7.0.0p1))
 [2018-02-12 13:58:30] <37142> TID: dublechi1m01011802121358301922
 [2018-02-12 13:58:30] <37142> Connect to ssl://web.nicepay.co.kr:443
 [2018-02-12 13:58:30] <37142> ssl://web.nicepay.co.kr:443 Server Connect OK
 [2018-02-12 13:58:30] <37142> MSG_TO_SVR::[/lite/payProcess.jsp]
 [2018-02-12 13:58:31] <37142> TID -> [dublechi1m01011802121358301922]
 [2018-02-12 13:58:31] <37142> 3001[카드 결제 성공]
 [2018-02-12 13:58:31] <37142> END PYO  Laptime:[1.155sec]
 [2018-02-12 13:58:31] <37142> ===============================================================
 [2018-02-12 14:45:17] <60507> START NicepayLite PYO (V1.2.5B20170601(OS:Linux3.10.0-693.11.6.el7.x86_64,PHP:7.0.0p1))
 [2018-02-12 14:45:17] <60507> TID: dublechi1m01011802121445170777
 [2018-02-12 14:45:17] <60507> Connect to ssl://web.nicepay.co.kr:443
 [2018-02-12 14:45:17] <60507> ssl://web.nicepay.co.kr:443 Server Connect OK
 [2018-02-12 14:45:17] <60507> MSG_TO_SVR::[/lite/payProcess.jsp]
 [2018-02-12 14:45:18] <60507> TID -> [dublechi1m01011802121445170777]
 [2018-02-12 14:45:18] <60507> 3001[카드 결제 성공]
 [2018-02-12 14:45:18] <60507> END PYO  Laptime:[0.994sec]
 [2018-02-12 14:45:18] <60507> ===============================================================
 [2018-02-12 14:47:52] <3659> START NicepayLite PYO (V1.2.5B20170601(OS:Linux3.10.0-693.11.6.el7.x86_64,PHP:7.0.0p1))
 [2018-02-12 14:47:52] <3659> TID: dublechi1m01011802121447524079
 [2018-02-12 14:47:52] <3659> Connect to ssl://web.nicepay.co.kr:443
 [2018-02-12 14:47:52] <3659> ssl://web.nicepay.co.kr:443 Server Connect OK
 [2018-02-12 14:47:52] <3659> MSG_TO_SVR::[/lite/payProcess.jsp]
 [2018-02-12 14:47:52] <3659> TID -> [dublechi1m01011802121447524079]
 [2018-02-12 14:47:52] <3659> 1610[TrKey 재사용 거래]
 [2018-02-12 14:47:52] <3659> END PYO  Laptime:[0.08sec]
 [2018-02-12 14:47:52] <3659> ===============================================================
 [2018-02-12 14:56:53] <19887> START NicepayLite PYO (V1.2.5B20170601(OS:Linux3.10.0-693.11.6.el7.x86_64,PHP:7.0.0p1))
 [2018-02-12 14:56:53] <19887> TID: dublechi1m01011802121456537269
 [2018-02-12 14:56:53] <19887> Connect to ssl://web.nicepay.co.kr:443
 [2018-02-12 14:56:53] <19887> ssl://web.nicepay.co.kr:443 Server Connect OK
 [2018-02-12 14:56:53] <19887> MSG_TO_SVR::[/lite/payProcess.jsp]
 [2018-02-12 14:56:53] <19887> TID -> [dublechi1m01011802121456537269]
 [2018-02-12 14:56:53] <19887> 1610[TrKey 재사용 거래]
 [2018-02-12 14:56:53] <19887> END PYO  Laptime:[0.101sec]
 [2018-02-12 14:56:53] <19887> ===============================================================
 [2018-02-12 14:58:08] <19877> START NicepayLite PYO (V1.2.5B20170601(OS:Linux3.10.0-693.11.6.el7.x86_64,PHP:7.0.0p1))
 [2018-02-12 14:58:08] <19877> TID: dublechi1m01011802121458088077
 [2018-02-12 14:58:08] <19877> Connect to ssl://web.nicepay.co.kr:443
 [2018-02-12 14:58:08] <19877> ssl://web.nicepay.co.kr:443 Server Connect OK
 [2018-02-12 14:58:08] <19877> MSG_TO_SVR::[/lite/payProcess.jsp]
 [2018-02-12 14:58:09] <19877> TID -> [dublechi1m01011802121458088077]
 [2018-02-12 14:58:09] <19877> 1610[TrKey 재사용 거래]
 [2018-02-12 14:58:09] <19877> END PYO  Laptime:[0.121sec]
 [2018-02-12 14:58:09] <19877> ===============================================================
 [2018-02-12 14:58:54] <21299> START NicepayLite PYO (V1.2.5B20170601(OS:Linux3.10.0-693.11.6.el7.x86_64,PHP:7.0.0p1))
 [2018-02-12 14:58:54] <21299> TID: dublechi1m01011802121458545204
 [2018-02-12 14:58:54] <21299> Connect to ssl://web.nicepay.co.kr:443
 [2018-02-12 14:58:54] <21299> ssl://web.nicepay.co.kr:443 Server Connect OK
 [2018-02-12 14:58:54] <21299> MSG_TO_SVR::[/lite/payProcess.jsp]
 [2018-02-12 14:58:54] <21299> TID -> [dublechi1m01011802121458545204]
 [2018-02-12 14:58:54] <21299> 1610[TrKey 재사용 거래]
 [2018-02-12 14:58:54] <21299> END PYO  Laptime:[0.078sec]
 [2018-02-12 14:58:54] <21299> ===============================================================
 [2018-02-12 15:00:49] <21652> START NicepayLite PYO (V1.2.5B20170601(OS:Linux3.10.0-693.11.6.el7.x86_64,PHP:7.0.0p1))
 [2018-02-12 15:00:49] <21652> TID: dublechi1m01011802121500498704
 [2018-02-12 15:00:49] <21652> Connect to ssl://web.nicepay.co.kr:443
 [2018-02-12 15:00:49] <21652> ssl://web.nicepay.co.kr:443 Server Connect OK
 [2018-02-12 15:00:49] <21652> MSG_TO_SVR::[/lite/payProcess.jsp]
 [2018-02-12 15:00:49] <21652> TID -> [dublechi1m01011802121500498704]
 [2018-02-12 15:00:49] <21652> 1610[TrKey 재사용 거래]
 [2018-02-12 15:00:49] <21652> END PYO  Laptime:[0.086sec]
 [2018-02-12 15:00:49] <21652> ===============================================================
 [2018-02-12 15:01:00] <21299> START NicepayLite PYO (V1.2.5B20170601(OS:Linux3.10.0-693.11.6.el7.x86_64,PHP:7.0.0p1))
 [2018-02-12 15:01:00] <21299> TID: dublechi1m01011802121501008608
 [2018-02-12 15:01:00] <21299> Connect to ssl://web.nicepay.co.kr:443
 [2018-02-12 15:01:00] <21299> ssl://web.nicepay.co.kr:443 Server Connect OK
 [2018-02-12 15:01:00] <21299> MSG_TO_SVR::[/lite/payProcess.jsp]
 [2018-02-12 15:01:00] <21299> TID -> [dublechi1m01011802121501008608]
 [2018-02-12 15:01:00] <21299> 1610[TrKey 재사용 거래]
 [2018-02-12 15:01:00] <21299> END PYO  Laptime:[0.087sec]
 [2018-02-12 15:01:00] <21299> ===============================================================
 [2018-02-12 15:01:02] <21266> START NicepayLite PYO (V1.2.5B20170601(OS:Linux3.10.0-693.11.6.el7.x86_64,PHP:7.0.0p1))
 [2018-02-12 15:01:02] <21266> TID: dublechi1m01011802121501022608
 [2018-02-12 15:01:02] <21266> Connect to ssl://web.nicepay.co.kr:443
 [2018-02-12 15:01:02] <21266> ssl://web.nicepay.co.kr:443 Server Connect OK
 [2018-02-12 15:01:02] <21266> MSG_TO_SVR::[/lite/payProcess.jsp]
 [2018-02-12 15:01:02] <21266> TID -> [dublechi1m01011802121501022608]
 [2018-02-12 15:01:02] <21266> 1610[TrKey 재사용 거래]
 [2018-02-12 15:01:02] <21266> END PYO  Laptime:[0.079sec]
 [2018-02-12 15:01:02] <21266> ===============================================================
 [2018-02-12 15:03:34] <30933> START NicepayLite PYO (V1.2.5B20170601(OS:Linux3.10.0-693.11.6.el7.x86_64,PHP:7.0.0p1))
 [2018-02-12 15:03:34] <30933> TID: dublechi1m01011802121503341865
 [2018-02-12 15:03:34] <30933> Connect to ssl://web.nicepay.co.kr:443
 [2018-02-12 15:03:34] <30933> ssl://web.nicepay.co.kr:443 Server Connect OK
 [2018-02-12 15:03:34] <30933> MSG_TO_SVR::[/lite/payProcess.jsp]
 [2018-02-12 15:03:34] <30933> TID -> [dublechi1m01011802121503341865]
 [2018-02-12 15:03:34] <30933> 1610[TrKey 재사용 거래]
 [2018-02-12 15:03:34] <30933> END PYO  Laptime:[0.082sec]
 [2018-02-12 15:03:34] <30933> ===============================================================
 [2018-02-12 15:03:36] <30501> START NicepayLite PYO (V1.2.5B20170601(OS:Linux3.10.0-693.11.6.el7.x86_64,PHP:7.0.0p1))
 [2018-02-12 15:03:36] <30501> TID: dublechi1m01011802121503362765
 [2018-02-12 15:03:36] <30501> Connect to ssl://web.nicepay.co.kr:443
 [2018-02-12 15:03:36] <30501> ssl://web.nicepay.co.kr:443 Server Connect OK
 [2018-02-12 15:03:36] <30501> MSG_TO_SVR::[/lite/payProcess.jsp]
 [2018-02-12 15:03:36] <30501> TID -> [dublechi1m01011802121503362765]
 [2018-02-12 15:03:36] <30501> 1610[TrKey 재사용 거래]
 [2018-02-12 15:03:36] <30501> END PYO  Laptime:[0.075sec]
 [2018-02-12 15:03:36] <30501> ===============================================================
 [2018-02-12 15:04:13] <30052> START NicepayLite PYO (V1.2.5B20170601(OS:Linux3.10.0-693.11.6.el7.x86_64,PHP:7.0.0p1))
 [2018-02-12 15:04:13] <30052> TID: dublechi1m01011802121504135847
 [2018-02-12 15:04:13] <30052> Connect to ssl://web.nicepay.co.kr:443
 [2018-02-12 15:04:13] <30052> ssl://web.nicepay.co.kr:443 Server Connect OK
 [2018-02-12 15:04:13] <30052> MSG_TO_SVR::[/lite/payProcess.jsp]
 [2018-02-12 15:04:13] <30052> TID -> [dublechi1m01011802121504135847]
 [2018-02-12 15:04:13] <30052> 1610[TrKey 재사용 거래]
 [2018-02-12 15:04:13] <30052> END PYO  Laptime:[0.079sec]
 [2018-02-12 15:04:13] <30052> ===============================================================
 [2018-02-12 15:04:36] <30090> START NicepayLite PYO (V1.2.5B20170601(OS:Linux3.10.0-693.11.6.el7.x86_64,PHP:7.0.0p1))
 [2018-02-12 15:04:36] <30090> TID: dublechi1m01011802121504360475
 [2018-02-12 15:04:36] <30090> Connect to ssl://web.nicepay.co.kr:443
 [2018-02-12 15:04:36] <30090> ssl://web.nicepay.co.kr:443 Server Connect OK
 [2018-02-12 15:04:36] <30090> MSG_TO_SVR::[/lite/payProcess.jsp]
 [2018-02-12 15:04:36] <30090> TID -> [dublechi1m01011802121504360475]
 [2018-02-12 15:04:36] <30090> 1610[TrKey 재사용 거래]
 [2018-02-12 15:04:36] <30090> END PYO  Laptime:[0.079sec]
 [2018-02-12 15:04:36] <30090> ===============================================================
 [2018-02-12 15:16:26] <50373> START NicepayLite PYO (V1.2.5B20170601(OS:Linux3.10.0-693.11.6.el7.x86_64,PHP:7.0.0p1))
 [2018-02-12 15:16:26] <50373> TID: dublechi1m01011802121516265851
 [2018-02-12 15:16:26] <50373> Connect to ssl://web.nicepay.co.kr:443
 [2018-02-12 15:16:26] <50373> ssl://web.nicepay.co.kr:443 Server Connect OK
 [2018-02-12 15:16:26] <50373> MSG_TO_SVR::[/lite/payProcess.jsp]
 [2018-02-12 15:16:27] <50373> TID -> [dublechi1m01011802121516265851]
 [2018-02-12 15:16:27] <50373> 3001[카드 결제 성공]
 [2018-02-12 15:16:27] <50373> END PYO  Laptime:[0.945sec]
 [2018-02-12 15:16:27] <50373> ===============================================================
 [2018-02-12 15:16:32] <50360> START NicepayLite PYO (V1.2.5B20170601(OS:Linux3.10.0-693.11.6.el7.x86_64,PHP:7.0.0p1))
 [2018-02-12 15:16:32] <50360> TID: dublechi1m01011802121516326320
 [2018-02-12 15:16:32] <50360> Connect to ssl://web.nicepay.co.kr:443
 [2018-02-12 15:16:32] <50360> ssl://web.nicepay.co.kr:443 Server Connect OK
 [2018-02-12 15:16:32] <50360> MSG_TO_SVR::[/lite/payProcess.jsp]
 [2018-02-12 15:16:32] <50360> TID -> [dublechi1m01011802121516326320]
 [2018-02-12 15:16:32] <50360> 1610[TrKey 재사용 거래]
 [2018-02-12 15:16:32] <50360> END PYO  Laptime:[0.08sec]
 [2018-02-12 15:16:32] <50360> ===============================================================
 [2018-02-12 15:17:34] <49311> START NicepayLite PYO (V1.2.5B20170601(OS:Linux3.10.0-693.11.6.el7.x86_64,PHP:7.0.0p1))
 [2018-02-12 15:17:34] <49311> TID: dublechi1m01011802121517347245
 [2018-02-12 15:17:34] <49311> Connect to ssl://web.nicepay.co.kr:443
 [2018-02-12 15:17:34] <49311> ssl://web.nicepay.co.kr:443 Server Connect OK
 [2018-02-12 15:17:34] <49311> MSG_TO_SVR::[/lite/payProcess.jsp]
 [2018-02-12 15:17:34] <49311> TID -> [dublechi1m01011802121517347245]
 [2018-02-12 15:17:34] <49311> 1610[TrKey 재사용 거래]
 [2018-02-12 15:17:34] <49311> END PYO  Laptime:[0.075sec]
 [2018-02-12 15:17:34] <49311> ===============================================================
 [2018-02-12 15:17:51] <50360> START NicepayLite PYO (V1.2.5B20170601(OS:Linux3.10.0-693.11.6.el7.x86_64,PHP:7.0.0p1))
 [2018-02-12 15:17:51] <50360> TID: dublechi1m01011802121517514689
 [2018-02-12 15:17:51] <50360> Connect to ssl://web.nicepay.co.kr:443
 [2018-02-12 15:17:51] <50360> ssl://web.nicepay.co.kr:443 Server Connect OK
 [2018-02-12 15:17:51] <50360> MSG_TO_SVR::[/lite/payProcess.jsp]
 [2018-02-12 15:17:51] <50360> TID -> [dublechi1m01011802121517514689]
 [2018-02-12 15:17:51] <50360> 1610[TrKey 재사용 거래]
 [2018-02-12 15:17:51] <50360> END PYO  Laptime:[0.073sec]
 [2018-02-12 15:17:51] <50360> ===============================================================
 [2018-02-12 15:18:22] <50372> START NicepayLite PYO (V1.2.5B20170601(OS:Linux3.10.0-693.11.6.el7.x86_64,PHP:7.0.0p1))
 [2018-02-12 15:18:22] <50372> TID: dublechi1m01011802121518221496
 [2018-02-12 15:18:22] <50372> Connect to ssl://web.nicepay.co.kr:443
 [2018-02-12 15:18:22] <50372> ssl://web.nicepay.co.kr:443 Server Connect OK
 [2018-02-12 15:18:22] <50372> MSG_TO_SVR::[/lite/payProcess.jsp]
 [2018-02-12 15:18:22] <50372> TID -> [dublechi1m01011802121518221496]
 [2018-02-12 15:18:22] <50372> 1610[TrKey 재사용 거래]
 [2018-02-12 15:18:22] <50372> END PYO  Laptime:[0.078sec]
 [2018-02-12 15:18:22] <50372> ===============================================================
 [2018-02-12 15:19:15] <58345> START NicepayLite PYO (V1.2.5B20170601(OS:Linux3.10.0-693.11.6.el7.x86_64,PHP:7.0.0p1))
 [2018-02-12 15:19:15] <58345> TID: dublechi1m01011802121519150721
 [2018-02-12 15:19:15] <58345> Connect to ssl://web.nicepay.co.kr:443
 [2018-02-12 15:19:15] <58345> ssl://web.nicepay.co.kr:443 Server Connect OK
 [2018-02-12 15:19:15] <58345> MSG_TO_SVR::[/lite/payProcess.jsp]
 [2018-02-12 15:19:16] <58345> TID -> [dublechi1m01011802121519150721]
 [2018-02-12 15:19:16] <58345> 3001[카드 결제 성공]
 [2018-02-12 15:19:16] <58345> END PYO  Laptime:[1.171sec]
 [2018-02-12 15:19:16] <58345> ===============================================================
 [2018-02-12 15:20:41] <57910> START NicepayLite PYO (V1.2.5B20170601(OS:Linux3.10.0-693.11.6.el7.x86_64,PHP:7.0.0p1))
 [2018-02-12 15:20:41] <57910> TID: dublechi1m01011802121520418529
 [2018-02-12 15:20:41] <57910> Connect to ssl://web.nicepay.co.kr:443
 [2018-02-12 15:20:41] <57910> ssl://web.nicepay.co.kr:443 Server Connect OK
 [2018-02-12 15:20:41] <57910> MSG_TO_SVR::[/lite/payProcess.jsp]
 [2018-02-12 15:20:41] <57910> TID -> [dublechi1m01011802121520418529]
 [2018-02-12 15:20:41] <57910> 1610[TrKey 재사용 거래]
 [2018-02-12 15:20:41] <57910> END PYO  Laptime:[0.085sec]
 [2018-02-12 15:20:41] <57910> ===============================================================
 [2018-02-12 15:21:31] <58539> START NicepayLite PYO (V1.2.5B20170601(OS:Linux3.10.0-693.11.6.el7.x86_64,PHP:7.0.0p1))
 [2018-02-12 15:21:31] <58539> TID: dublechi1m01011802121521311560
 [2018-02-12 15:21:31] <58539> Connect to ssl://web.nicepay.co.kr:443
 [2018-02-12 15:21:31] <58539> ssl://web.nicepay.co.kr:443 Server Connect OK
 [2018-02-12 15:21:31] <58539> MSG_TO_SVR::[/lite/payProcess.jsp]
 [2018-02-12 15:21:31] <58539> TID -> [dublechi1m01011802121521311560]
 [2018-02-12 15:21:31] <58539> 1610[TrKey 재사용 거래]
 [2018-02-12 15:21:31] <58539> END PYO  Laptime:[0.084sec]
 [2018-02-12 15:21:31] <58539> ===============================================================
 [2018-02-12 15:21:50] <57915> START NicepayLite PYO (V1.2.5B20170601(OS:Linux3.10.0-693.11.6.el7.x86_64,PHP:7.0.0p1))
 [2018-02-12 15:21:50] <57915> TID: dublechi1m01011802121521502383
 [2018-02-12 15:21:50] <57915> Connect to ssl://web.nicepay.co.kr:443
 [2018-02-12 15:21:50] <57915> ssl://web.nicepay.co.kr:443 Server Connect OK
 [2018-02-12 15:21:50] <57915> MSG_TO_SVR::[/lite/payProcess.jsp]
 [2018-02-12 15:21:50] <57915> TID -> [dublechi1m01011802121521502383]
 [2018-02-12 15:21:50] <57915> 1610[TrKey 재사용 거래]
 [2018-02-12 15:21:50] <57915> END PYO  Laptime:[0.086sec]
 [2018-02-12 15:21:50] <57915> ===============================================================
 [2018-02-12 15:21:59] <58983> START NicepayLite PYO (V1.2.5B20170601(OS:Linux3.10.0-693.11.6.el7.x86_64,PHP:7.0.0p1))
 [2018-02-12 15:21:59] <58983> TID: dublechi1m01011802121521593573
 [2018-02-12 15:21:59] <58983> Connect to ssl://web.nicepay.co.kr:443
 [2018-02-12 15:21:59] <58983> ssl://web.nicepay.co.kr:443 Server Connect OK
 [2018-02-12 15:21:59] <58983> MSG_TO_SVR::[/lite/payProcess.jsp]
 [2018-02-12 15:21:59] <58983> TID -> [dublechi1m01011802121521593573]
 [2018-02-12 15:21:59] <58983> 1610[TrKey 재사용 거래]
 [2018-02-12 15:21:59] <58983> END PYO  Laptime:[0.09sec]
 [2018-02-12 15:21:59] <58983> ===============================================================
 [2018-02-12 15:22:19] <57915> START NicepayLite PYO (V1.2.5B20170601(OS:Linux3.10.0-693.11.6.el7.x86_64,PHP:7.0.0p1))
 [2018-02-12 15:22:19] <57915> TID: dublechi1m01011802121522192866
 [2018-02-12 15:22:19] <57915> Connect to ssl://web.nicepay.co.kr:443
 [2018-02-12 15:22:19] <57915> ssl://web.nicepay.co.kr:443 Server Connect OK
 [2018-02-12 15:22:19] <57915> MSG_TO_SVR::[/lite/payProcess.jsp]
 [2018-02-12 15:22:19] <57915> TID -> [dublechi1m01011802121522192866]
 [2018-02-12 15:22:19] <57915> 1610[TrKey 재사용 거래]
 [2018-02-12 15:22:19] <57915> END PYO  Laptime:[0.08sec]
 [2018-02-12 15:22:19] <57915> ===============================================================
 [2018-02-12 15:22:22] <65489> START NicepayLite PYO (V1.2.5B20170601(OS:Linux3.10.0-693.11.6.el7.x86_64,PHP:7.0.0p1))
 [2018-02-12 15:22:22] <65489> TID: dublechi1m01011802121522228051
 [2018-02-12 15:22:22] <65489> Connect to ssl://web.nicepay.co.kr:443
 [2018-02-12 15:22:22] <65489> ssl://web.nicepay.co.kr:443 Server Connect OK
 [2018-02-12 15:22:22] <65489> MSG_TO_SVR::[/lite/payProcess.jsp]
 [2018-02-12 15:22:22] <65489> TID -> [dublechi1m01011802121522228051]
 [2018-02-12 15:22:22] <65489> 1610[TrKey 재사용 거래]
 [2018-02-12 15:22:22] <65489> END PYO  Laptime:[0.082sec]
 [2018-02-12 15:22:22] <65489> ===============================================================
 [2018-02-12 15:22:58] <58992> START NicepayLite PYO (V1.2.5B20170601(OS:Linux3.10.0-693.11.6.el7.x86_64,PHP:7.0.0p1))
 [2018-02-12 15:22:58] <58992> TID: dublechi1m01011802121522581968
 [2018-02-12 15:22:58] <58992> Connect to ssl://web.nicepay.co.kr:443
 [2018-02-12 15:22:58] <58992> ssl://web.nicepay.co.kr:443 Server Connect OK
 [2018-02-12 15:22:58] <58992> MSG_TO_SVR::[/lite/payProcess.jsp]
 [2018-02-12 15:22:58] <58992> TID -> [dublechi1m01011802121522581968]
 [2018-02-12 15:22:58] <58992> 1610[TrKey 재사용 거래]
 [2018-02-12 15:22:58] <58992> END PYO  Laptime:[0.085sec]
 [2018-02-12 15:22:58] <58992> ===============================================================
 [2018-02-12 15:24:00] <59307> START NicepayLite PYO (V1.2.5B20170601(OS:Linux3.10.0-693.11.6.el7.x86_64,PHP:7.0.0p1))
 [2018-02-12 15:24:00] <59307> TID: dublechi1m01011802121524008452
 [2018-02-12 15:24:00] <59307> Connect to ssl://web.nicepay.co.kr:443
 [2018-02-12 15:24:00] <59307> ssl://web.nicepay.co.kr:443 Server Connect OK
 [2018-02-12 15:24:00] <59307> MSG_TO_SVR::[/lite/payProcess.jsp]
 [2018-02-12 15:24:00] <59307> TID -> [dublechi1m01011802121524008452]
 [2018-02-12 15:24:00] <59307> 1610[TrKey 재사용 거래]
 [2018-02-12 15:24:00] <59307> END PYO  Laptime:[0.079sec]
 [2018-02-12 15:24:00] <59307> ===============================================================
 [2018-02-12 15:24:31] <2770> START NicepayLite PYO (V1.2.5B20170601(OS:Linux3.10.0-693.11.6.el7.x86_64,PHP:7.0.0p1))
 [2018-02-12 15:24:31] <2770> TID: dublechi1m01011802121524316510
 [2018-02-12 15:24:31] <2770> Connect to ssl://web.nicepay.co.kr:443
 [2018-02-12 15:24:31] <2770> ssl://web.nicepay.co.kr:443 Server Connect OK
 [2018-02-12 15:24:31] <2770> MSG_TO_SVR::[/lite/payProcess.jsp]
 [2018-02-12 15:24:31] <2770> TID -> [dublechi1m01011802121524316510]
 [2018-02-12 15:24:31] <2770> 1610[TrKey 재사용 거래]
 [2018-02-12 15:24:31] <2770> END PYO  Laptime:[0.088sec]
 [2018-02-12 15:24:31] <2770> ===============================================================
 [2018-02-12 15:24:32] <2114> START NicepayLite PYO (V1.2.5B20170601(OS:Linux3.10.0-693.11.6.el7.x86_64,PHP:7.0.0p1))
 [2018-02-12 15:24:32] <2114> TID: dublechi1m01011802121524322410
 [2018-02-12 15:24:32] <2114> Connect to ssl://web.nicepay.co.kr:443
 [2018-02-12 15:24:32] <2114> ssl://web.nicepay.co.kr:443 Server Connect OK
 [2018-02-12 15:24:32] <2114> MSG_TO_SVR::[/lite/payProcess.jsp]
 [2018-02-12 15:24:32] <2114> TID -> [dublechi1m01011802121524322410]
 [2018-02-12 15:24:32] <2114> 1610[TrKey 재사용 거래]
 [2018-02-12 15:24:32] <2114> END PYO  Laptime:[0.081sec]
 [2018-02-12 15:24:32] <2114> ===============================================================
 [2018-02-12 15:34:55] <30455> START NicepayLite PYO (V1.2.5B20170601(OS:Linux3.10.0-693.11.6.el7.x86_64,PHP:7.0.0p1))
 [2018-02-12 15:34:55] <30455> TID: dublechi1m01011802121534559393
 [2018-02-12 15:34:55] <30455> Connect to ssl://web.nicepay.co.kr:443
 [2018-02-12 15:34:55] <30455> ssl://web.nicepay.co.kr:443 Server Connect OK
 [2018-02-12 15:34:55] <30455> MSG_TO_SVR::[/lite/payProcess.jsp]
 [2018-02-12 15:34:56] <30455> TID -> [dublechi1m01011802121534559393]
 [2018-02-12 15:34:56] <30455> 1610[TrKey 재사용 거래]
 [2018-02-12 15:34:56] <30455> END PYO  Laptime:[0.084sec]
 [2018-02-12 15:34:56] <30455> ===============================================================
 [2018-02-12 15:36:20] <29765> START NicepayLite PYO (V1.2.5B20170601(OS:Linux3.10.0-693.11.6.el7.x86_64,PHP:7.0.0p1))
 [2018-02-12 15:36:20] <29765> TID: dublechi1m01011802121536205840
 [2018-02-12 15:36:20] <29765> Connect to ssl://web.nicepay.co.kr:443
 [2018-02-12 15:36:20] <29765> ssl://web.nicepay.co.kr:443 Server Connect OK
 [2018-02-12 15:36:20] <29765> MSG_TO_SVR::[/lite/payProcess.jsp]
 [2018-02-12 15:36:21] <29765> TID -> [dublechi1m01011802121536205840]
 [2018-02-12 15:36:21] <29765> 3001[카드 결제 성공]
 [2018-02-12 15:36:21] <29765> END PYO  Laptime:[1.044sec]
 [2018-02-12 15:36:21] <29765> ===============================================================
 [2018-02-12 15:38:13] <37640> START NicepayLite PYO (V1.2.5B20170601(OS:Linux3.10.0-693.11.6.el7.x86_64,PHP:7.0.0p1))
 [2018-02-12 15:38:13] <37640> TID: dublechi1m01011802121538136011
 [2018-02-12 15:38:13] <37640> Connect to ssl://web.nicepay.co.kr:443
 [2018-02-12 15:38:13] <37640> ssl://web.nicepay.co.kr:443 Server Connect OK
 [2018-02-12 15:38:13] <37640> MSG_TO_SVR::[/lite/payProcess.jsp]
 [2018-02-12 15:38:14] <37640> TID -> [dublechi1m01011802121538136011]
 [2018-02-12 15:38:14] <37640> 3001[카드 결제 성공]
 [2018-02-12 15:38:14] <37640> END PYO  Laptime:[0.906sec]
 [2018-02-12 15:38:14] <37640> ===============================================================
 [2018-02-12 15:38:51] <37695> START NicepayLite PYO (V1.2.5B20170601(OS:Linux3.10.0-693.11.6.el7.x86_64,PHP:7.0.0p1))
 [2018-02-12 15:38:51] <37695> TID: dublechi1m01011802121538511563
 [2018-02-12 15:38:51] <37695> Connect to ssl://web.nicepay.co.kr:443
 [2018-02-12 15:38:51] <37695> ssl://web.nicepay.co.kr:443 Server Connect OK
 [2018-02-12 15:38:51] <37695> MSG_TO_SVR::[/lite/payProcess.jsp]
 [2018-02-12 15:38:51] <37695> TID -> [dublechi1m01011802121538511563]
 [2018-02-12 15:38:51] <37695> 1610[TrKey 재사용 거래]
 [2018-02-12 15:38:51] <37695> END PYO  Laptime:[0.087sec]
 [2018-02-12 15:38:51] <37695> ===============================================================
 [2018-02-12 15:40:28] <38937> START NicepayLite PYO (V1.2.5B20170601(OS:Linux3.10.0-693.11.6.el7.x86_64,PHP:7.0.0p1))
 [2018-02-12 15:40:28] <38937> TID: dublechi1m01011802121540282565
 [2018-02-12 15:40:28] <38937> Connect to ssl://web.nicepay.co.kr:443
 [2018-02-12 15:40:28] <38937> ssl://web.nicepay.co.kr:443 Server Connect OK
 [2018-02-12 15:40:28] <38937> MSG_TO_SVR::[/lite/payProcess.jsp]
 [2018-02-12 15:40:28] <38937> TID -> [dublechi1m01011802121540282565]
 [2018-02-12 15:40:28] <38937> 1610[TrKey 재사용 거래]
 [2018-02-12 15:40:28] <38937> END PYO  Laptime:[0.094sec]
 [2018-02-12 15:40:28] <38937> ===============================================================
 [2018-02-12 16:04:03] <18385> START NicepayLite PYO (V1.2.5B20170601(OS:Linux3.10.0-693.11.6.el7.x86_64,PHP:7.0.0p1))
 [2018-02-12 16:04:03] <18385> TID: dublechi1m01011802121604030891
 [2018-02-12 16:04:03] <18385> Connect to ssl://web.nicepay.co.kr:443
 [2018-02-12 16:04:03] <18385> ssl://web.nicepay.co.kr:443 Server Connect OK
 [2018-02-12 16:04:03] <18385> MSG_TO_SVR::[/lite/payProcess.jsp]
 [2018-02-12 16:04:03] <18385> TID -> [dublechi1m01011802121604030891]
 [2018-02-12 16:04:03] <18385> 1610[TrKey 재사용 거래]
 [2018-02-12 16:04:03] <18385> END PYO  Laptime:[0.115sec]
 [2018-02-12 16:04:03] <18385> ===============================================================
