 [2018-03-13 09:57:20] <21334> START NicepayLite PYO (V1.2.5B20170601(OS:Linux3.10.0-693.11.6.el7.x86_64,PHP:7.0.0p1))
 [2018-03-13 09:57:20] <21334> TID: dublechi1m01011803130957203725
 [2018-03-13 09:57:20] <21334> Connect to ssl://web.nicepay.co.kr:443
 [2018-03-13 09:57:20] <21334> ssl://web.nicepay.co.kr:443 Server Connect OK
 [2018-03-13 09:57:20] <21334> MSG_TO_SVR::[/lite/payProcess.jsp]
 [2018-03-13 09:57:21] <21334> TID -> [dublechi1m01011803130957203725]
 [2018-03-13 09:57:21] <21334> 3001[카드 결제 성공]
 [2018-03-13 09:57:21] <21334> END PYO  Laptime:[1.099sec]
 [2018-03-13 09:57:21] <21334> ===============================================================
 [2018-03-13 10:00:59] <23475> START NicepayLite PYO (V1.2.5B20170601(OS:Linux3.10.0-693.11.6.el7.x86_64,PHP:7.0.0p1))
 [2018-03-13 10:00:59] <23475> TID: dublechi1m01011803131000591922
 [2018-03-13 10:00:59] <23475> Connect to ssl://web.nicepay.co.kr:443
 [2018-03-13 10:00:59] <23475> ssl://web.nicepay.co.kr:443 Server Connect OK
 [2018-03-13 10:00:59] <23475> MSG_TO_SVR::[/lite/payProcess.jsp]
 [2018-03-13 10:01:00] <23475> TID -> [dublechi1m01011803131000591922]
 [2018-03-13 10:01:00] <23475> 3001[카드 결제 성공]
 [2018-03-13 10:01:00] <23475> END PYO  Laptime:[0.883sec]
 [2018-03-13 10:01:00] <23475> ===============================================================
 [2018-03-13 10:44:03] <11692> START NicepayLite PYO (V1.2.5B20170601(OS:Linux3.10.0-693.11.6.el7.x86_64,PHP:7.0.0p1))
 [2018-03-13 10:44:03] <11692> TID: dublechi1m03011803131044036096
 [2018-03-13 10:44:03] <11692> Connect to ssl://web.nicepay.co.kr:443
 [2018-03-13 10:44:03] <11692> ssl://web.nicepay.co.kr:443 Server Connect OK
 [2018-03-13 10:44:03] <11692> MSG_TO_SVR::[/lite/payProcess.jsp]
 [2018-03-13 10:44:03] <11692> TID -> [dublechi1m03011803131044036096]
 [2018-03-13 10:44:03] <11692> 4100[가상계좌 발급 성공]
 [2018-03-13 10:44:03] <11692> END PYO  Laptime:[0.257sec]
 [2018-03-13 10:44:03] <11692> ===============================================================
 [2018-03-13 11:17:45] <31989> START NicepayLite PYO (V1.2.5B20170601(OS:Linux3.10.0-693.11.6.el7.x86_64,PHP:7.0.0p1))
 [2018-03-13 11:17:45] <31989> TID: dublechi1m01011803131117453466
 [2018-03-13 11:17:45] <31989> Connect to ssl://web.nicepay.co.kr:443
 [2018-03-13 11:17:45] <31989> ssl://web.nicepay.co.kr:443 Server Connect OK
 [2018-03-13 11:17:45] <31989> MSG_TO_SVR::[/lite/payProcess.jsp]
 [2018-03-13 11:17:46] <31989> TID -> [dublechi1m01011803131117453466]
 [2018-03-13 11:17:46] <31989> 3001[카드 결제 성공]
 [2018-03-13 11:17:46] <31989> END PYO  Laptime:[0.754sec]
 [2018-03-13 11:17:46] <31989> ===============================================================
 [2018-03-13 11:23:51] <42678> START NicepayLite PYO (V1.2.5B20170601(OS:Linux3.10.0-693.11.6.el7.x86_64,PHP:7.0.0p1))
 [2018-03-13 11:23:51] <42678> TID: dublechi1m01011803131123518951
 [2018-03-13 11:23:51] <42678> Connect to ssl://web.nicepay.co.kr:443
 [2018-03-13 11:23:51] <42678> ssl://web.nicepay.co.kr:443 Server Connect OK
 [2018-03-13 11:23:51] <42678> MSG_TO_SVR::[/lite/payProcess.jsp]
 [2018-03-13 11:23:51] <42678> TID -> [dublechi1m01011803131123518951]
 [2018-03-13 11:23:51] <42678> 1610[TrKey 재사용 거래]
 [2018-03-13 11:23:51] <42678> END PYO  Laptime:[0.124sec]
 [2018-03-13 11:23:51] <42678> ===============================================================
 [2018-03-13 11:25:38] <45616> START NicepayLite PYO (V1.2.5B20170601(OS:Linux3.10.0-693.11.6.el7.x86_64,PHP:7.0.0p1))
 [2018-03-13 11:25:38] <45616> TID: dublechi1m01011803131125389626
 [2018-03-13 11:25:38] <45616> Connect to ssl://web.nicepay.co.kr:443
 [2018-03-13 11:25:38] <45616> ssl://web.nicepay.co.kr:443 Server Connect OK
 [2018-03-13 11:25:38] <45616> MSG_TO_SVR::[/lite/payProcess.jsp]
 [2018-03-13 11:25:39] <45616> TID -> [dublechi1m01011803131125389626]
 [2018-03-13 11:25:39] <45616> 1610[TrKey 재사용 거래]
 [2018-03-13 11:25:39] <45616> END PYO  Laptime:[0.085sec]
 [2018-03-13 11:25:39] <45616> ===============================================================
 [2018-03-13 11:51:37] <52005> START NicepayLite PYO (V1.2.5B20170601(OS:Linux3.10.0-693.11.6.el7.x86_64,PHP:7.0.0p1))
 [2018-03-13 11:51:37] <52005> TID: dublechi1m01011803131151379036
 [2018-03-13 11:51:37] <52005> Connect to ssl://web.nicepay.co.kr:443
 [2018-03-13 11:51:37] <52005> ssl://web.nicepay.co.kr:443 Server Connect OK
 [2018-03-13 11:51:37] <52005> MSG_TO_SVR::[/lite/payProcess.jsp]
 [2018-03-13 11:51:38] <52005> TID -> [dublechi1m01011803131151379036]
 [2018-03-13 11:51:38] <52005> 1610[TrKey 재사용 거래]
 [2018-03-13 11:51:38] <52005> END PYO  Laptime:[0.081sec]
 [2018-03-13 11:51:38] <52005> ===============================================================
 [2018-03-13 12:13:27] <41257> START NicepayLite PYO (V1.2.5B20170601(OS:Linux3.10.0-693.11.6.el7.x86_64,PHP:7.0.0p1))
 [2018-03-13 12:13:27] <41257> TID: dublechi1m01011803131213279524
 [2018-03-13 12:13:27] <41257> Connect to ssl://web.nicepay.co.kr:443
 [2018-03-13 12:13:28] <41257> ssl://web.nicepay.co.kr:443 Server Connect OK
 [2018-03-13 12:13:28] <41257> MSG_TO_SVR::[/lite/payProcess.jsp]
 [2018-03-13 12:13:28] <41257> TID -> [dublechi1m01011803131213279524]
 [2018-03-13 12:13:28] <41257> 1610[TrKey 재사용 거래]
 [2018-03-13 12:13:28] <41257> END PYO  Laptime:[0.109sec]
 [2018-03-13 12:13:28] <41257> ===============================================================
 [2018-03-13 13:59:30] <39770> START NicepayLite PYO (V1.2.5B20170601(OS:Linux3.10.0-693.11.6.el7.x86_64,PHP:7.0.0p1))
 [2018-03-13 13:59:30] <39770> TID: dublechi1m01011803131359306149
 [2018-03-13 13:59:30] <39770> Connect to ssl://web.nicepay.co.kr:443
 [2018-03-13 13:59:30] <39770> ssl://web.nicepay.co.kr:443 Server Connect OK
 [2018-03-13 13:59:30] <39770> MSG_TO_SVR::[/lite/payProcess.jsp]
 [2018-03-13 13:59:31] <39770> TID -> [dublechi1m01011803131359306149]
 [2018-03-13 13:59:31] <39770> 3001[카드 결제 성공]
 [2018-03-13 13:59:31] <39770> END PYO  Laptime:[0.967sec]
 [2018-03-13 13:59:31] <39770> ===============================================================
 [2018-03-13 14:07:20] <5402> START NicepayLite PYO (V1.2.5B20170601(OS:Linux3.10.0-693.11.6.el7.x86_64,PHP:7.0.0p1))
 [2018-03-13 14:07:20] <5402> TID: dublechi1m01011803131407205459
 [2018-03-13 14:07:20] <5402> Connect to ssl://web.nicepay.co.kr:443
 [2018-03-13 14:07:20] <5402> ssl://web.nicepay.co.kr:443 Server Connect OK
 [2018-03-13 14:07:20] <5402> MSG_TO_SVR::[/lite/payProcess.jsp]
 [2018-03-13 14:07:21] <5402> TID -> [dublechi1m01011803131407205459]
 [2018-03-13 14:07:21] <5402> 3001[카드 결제 성공]
 [2018-03-13 14:07:21] <5402> END PYO  Laptime:[0.955sec]
 [2018-03-13 14:07:21] <5402> ===============================================================
 [2018-03-13 14:22:51] <40702> START NicepayLite PYO (V1.2.5B20170601(OS:Linux3.10.0-693.11.6.el7.x86_64,PHP:7.0.0p1))
 [2018-03-13 14:22:51] <40702> TID: dublechi1m01011803131422516521
 [2018-03-13 14:22:51] <40702> Connect to ssl://web.nicepay.co.kr:443
 [2018-03-13 14:22:51] <40702> ssl://web.nicepay.co.kr:443 Server Connect OK
 [2018-03-13 14:22:51] <40702> MSG_TO_SVR::[/lite/payProcess.jsp]
 [2018-03-13 14:22:51] <40702> TID -> [dublechi1m01011803131422516521]
 [2018-03-13 14:22:51] <40702> 1610[TrKey 재사용 거래]
 [2018-03-13 14:22:51] <40702> END PYO  Laptime:[0.084sec]
 [2018-03-13 14:22:51] <40702> ===============================================================
 [2018-03-13 14:22:57] <40713> START NicepayLite PYO (V1.2.5B20170601(OS:Linux3.10.0-693.11.6.el7.x86_64,PHP:7.0.0p1))
 [2018-03-13 14:22:57] <40713> TID: dublechi1m01011803131422577350
 [2018-03-13 14:22:57] <40713> Connect to ssl://web.nicepay.co.kr:443
 [2018-03-13 14:22:57] <40713> ssl://web.nicepay.co.kr:443 Server Connect OK
 [2018-03-13 14:22:57] <40713> MSG_TO_SVR::[/lite/payProcess.jsp]
 [2018-03-13 14:22:57] <40713> TID -> [dublechi1m01011803131422577350]
 [2018-03-13 14:22:57] <40713> 1610[TrKey 재사용 거래]
 [2018-03-13 14:22:57] <40713> END PYO  Laptime:[0.075sec]
 [2018-03-13 14:22:57] <40713> ===============================================================
 [2018-03-13 14:24:13] <41523> START NicepayLite PYO (V1.2.5B20170601(OS:Linux3.10.0-693.11.6.el7.x86_64,PHP:7.0.0p1))
 [2018-03-13 14:24:13] <41523> TID: dublechi1m01011803131424133549
 [2018-03-13 14:24:13] <41523> Connect to ssl://web.nicepay.co.kr:443
 [2018-03-13 14:24:13] <41523> ssl://web.nicepay.co.kr:443 Server Connect OK
 [2018-03-13 14:24:13] <41523> MSG_TO_SVR::[/lite/payProcess.jsp]
 [2018-03-13 14:24:14] <41523> TID -> [dublechi1m01011803131424133549]
 [2018-03-13 14:24:14] <41523> 3001[카드 결제 성공]
 [2018-03-13 14:24:14] <41523> END PYO  Laptime:[1.16sec]
 [2018-03-13 14:24:14] <41523> ===============================================================
 [2018-03-13 14:24:19] <40923> START NicepayLite PYO (V1.2.5B20170601(OS:Linux3.10.0-693.11.6.el7.x86_64,PHP:7.0.0p1))
 [2018-03-13 14:24:19] <40923> TID: dublechi1m01011803131424191379
 [2018-03-13 14:24:19] <40923> Connect to ssl://web.nicepay.co.kr:443
 [2018-03-13 14:24:19] <40923> ssl://web.nicepay.co.kr:443 Server Connect OK
 [2018-03-13 14:24:19] <40923> MSG_TO_SVR::[/lite/payProcess.jsp]
 [2018-03-13 14:24:19] <40923> TID -> [dublechi1m01011803131424191379]
 [2018-03-13 14:24:19] <40923> 1610[TrKey 재사용 거래]
 [2018-03-13 14:24:19] <40923> END PYO  Laptime:[0.088sec]
 [2018-03-13 14:24:19] <40923> ===============================================================
 [2018-03-13 14:25:17] <40713> START NicepayLite PYO (V1.2.5B20170601(OS:Linux3.10.0-693.11.6.el7.x86_64,PHP:7.0.0p1))
 [2018-03-13 14:25:17] <40713> TID: dublechi1m01011803131425172469
 [2018-03-13 14:25:17] <40713> Connect to ssl://web.nicepay.co.kr:443
 [2018-03-13 14:25:17] <40713> ssl://web.nicepay.co.kr:443 Server Connect OK
 [2018-03-13 14:25:17] <40713> MSG_TO_SVR::[/lite/payProcess.jsp]
 [2018-03-13 14:25:17] <40713> TID -> [dublechi1m01011803131425172469]
 [2018-03-13 14:25:17] <40713> 1610[TrKey 재사용 거래]
 [2018-03-13 14:25:17] <40713> END PYO  Laptime:[0.078sec]
 [2018-03-13 14:25:17] <40713> ===============================================================
 [2018-03-13 14:33:59] <8204> START NicepayLite PYO (V1.2.5B20170601(OS:Linux3.10.0-693.11.6.el7.x86_64,PHP:7.0.0p1))
 [2018-03-13 14:33:59] <8204> TID: dublechi1m01011803131433599185
 [2018-03-13 14:33:59] <8204> Connect to ssl://web.nicepay.co.kr:443
 [2018-03-13 14:33:59] <8204> ssl://web.nicepay.co.kr:443 Server Connect OK
 [2018-03-13 14:33:59] <8204> MSG_TO_SVR::[/lite/payProcess.jsp]
 [2018-03-13 14:34:01] <8204> TID -> [dublechi1m01011803131433599185]
 [2018-03-13 14:34:01] <8204> 3001[카드 결제 성공]
 [2018-03-13 14:34:01] <8204> END PYO  Laptime:[1.056sec]
 [2018-03-13 14:34:01] <8204> ===============================================================
 [2018-03-13 14:37:12] <17479> START NicepayLite PYO (V1.2.5B20170601(OS:Linux3.10.0-693.11.6.el7.x86_64,PHP:7.0.0p1))
 [2018-03-13 14:37:12] <17479> TID: dublechi1m01011803131437125084
 [2018-03-13 14:37:12] <17479> Connect to ssl://web.nicepay.co.kr:443
 [2018-03-13 14:37:12] <17479> ssl://web.nicepay.co.kr:443 Server Connect OK
 [2018-03-13 14:37:12] <17479> MSG_TO_SVR::[/lite/payProcess.jsp]
 [2018-03-13 14:37:13] <17479> TID -> [dublechi1m01011803131437125084]
 [2018-03-13 14:37:13] <17479> 3001[카드 결제 성공]
 [2018-03-13 14:37:13] <17479> END PYO  Laptime:[1.036sec]
 [2018-03-13 14:37:13] <17479> ===============================================================
 [2018-03-13 14:39:19] <19208> START NicepayLite PYO (V1.2.5B20170601(OS:Linux3.10.0-693.11.6.el7.x86_64,PHP:7.0.0p1))
 [2018-03-13 14:39:19] <19208> TID: dublechi1m01011803131439190723
 [2018-03-13 14:39:19] <19208> Connect to ssl://web.nicepay.co.kr:443
 [2018-03-13 14:39:19] <19208> ssl://web.nicepay.co.kr:443 Server Connect OK
 [2018-03-13 14:39:19] <19208> MSG_TO_SVR::[/lite/payProcess.jsp]
 [2018-03-13 14:39:19] <19208> TID -> [dublechi1m01011803131439190723]
 [2018-03-13 14:39:19] <19208> 1610[TrKey 재사용 거래]
 [2018-03-13 14:39:19] <19208> END PYO  Laptime:[0.099sec]
 [2018-03-13 14:39:19] <19208> ===============================================================
 [2018-03-13 14:43:53] <30262> START NicepayLite PYO (V1.2.5B20170601(OS:Linux3.10.0-693.11.6.el7.x86_64,PHP:7.0.0p1))
 [2018-03-13 14:43:53] <30262> TID: dublechi1m01011803131443539050
 [2018-03-13 14:43:53] <30262> Connect to ssl://web.nicepay.co.kr:443
 [2018-03-13 14:43:54] <30262> ssl://web.nicepay.co.kr:443 Server Connect OK
 [2018-03-13 14:43:54] <30262> MSG_TO_SVR::[/lite/payProcess.jsp]
 [2018-03-13 14:43:55] <30262> TID -> [dublechi1m01011803131443539050]
 [2018-03-13 14:43:55] <30262> 3001[카드 결제 성공]
 [2018-03-13 14:43:55] <30262> END PYO  Laptime:[1.023sec]
 [2018-03-13 14:43:55] <30262> ===============================================================
 [2018-03-13 14:44:30] <29072> START NicepayLite PYO (V1.2.5B20170601(OS:Linux3.10.0-693.11.6.el7.x86_64,PHP:7.0.0p1))
 [2018-03-13 14:44:30] <29072> TID: dublechi1m01011803131444308471
 [2018-03-13 14:44:30] <29072> Connect to ssl://web.nicepay.co.kr:443
 [2018-03-13 14:44:30] <29072> ssl://web.nicepay.co.kr:443 Server Connect OK
 [2018-03-13 14:44:30] <29072> MSG_TO_SVR::[/lite/payProcess.jsp]
 [2018-03-13 14:44:30] <29072> TID -> [dublechi1m01011803131444308471]
 [2018-03-13 14:44:30] <29072> 1610[TrKey 재사용 거래]
 [2018-03-13 14:44:30] <29072> END PYO  Laptime:[0.086sec]
 [2018-03-13 14:44:30] <29072> ===============================================================
 [2018-03-13 14:56:00] <50908> START NicepayLite PYO (V1.2.5B20170601(OS:Linux3.10.0-693.11.6.el7.x86_64,PHP:7.0.0p1))
 [2018-03-13 14:56:00] <50908> TID: dublechi1m01011803131456007009
 [2018-03-13 14:56:00] <50908> Connect to ssl://web.nicepay.co.kr:443
 [2018-03-13 14:56:00] <50908> ssl://web.nicepay.co.kr:443 Server Connect OK
 [2018-03-13 14:56:00] <50908> MSG_TO_SVR::[/lite/payProcess.jsp]
 [2018-03-13 14:56:01] <50908> TID -> [dublechi1m01011803131456007009]
 [2018-03-13 14:56:01] <50908> 3001[카드 결제 성공]
 [2018-03-13 14:56:01] <50908> END PYO  Laptime:[0.975sec]
 [2018-03-13 14:56:01] <50908> ===============================================================
 [2018-03-13 14:57:09] <59361> START NicepayLite PYO (V1.2.5B20170601(OS:Linux3.10.0-693.11.6.el7.x86_64,PHP:7.0.0p1))
 [2018-03-13 14:57:09] <59361> TID: dublechi1m01011803131457093974
 [2018-03-13 14:57:09] <59361> Connect to ssl://web.nicepay.co.kr:443
 [2018-03-13 14:57:09] <59361> ssl://web.nicepay.co.kr:443 Server Connect OK
 [2018-03-13 14:57:09] <59361> MSG_TO_SVR::[/lite/payProcess.jsp]
 [2018-03-13 14:57:09] <59361> TID -> [dublechi1m01011803131457093974]
 [2018-03-13 14:57:09] <59361> 1610[TrKey 재사용 거래]
 [2018-03-13 14:57:09] <59361> END PYO  Laptime:[0.079sec]
 [2018-03-13 14:57:09] <59361> ===============================================================
 [2018-03-13 15:30:13] <5426> START NicepayLite PYO (V1.2.5B20170601(OS:Linux3.10.0-693.11.6.el7.x86_64,PHP:7.0.0p1))
 [2018-03-13 15:30:13] <5426> TID: dublechi1m01011803131530136347
 [2018-03-13 15:30:13] <5426> Connect to ssl://web.nicepay.co.kr:443
 [2018-03-13 15:30:13] <5426> ssl://web.nicepay.co.kr:443 Server Connect OK
 [2018-03-13 15:30:13] <5426> MSG_TO_SVR::[/lite/payProcess.jsp]
 [2018-03-13 15:30:14] <5426> TID -> [dublechi1m01011803131530136347]
 [2018-03-13 15:30:14] <5426> 3001[카드 결제 성공]
 [2018-03-13 15:30:14] <5426> END PYO  Laptime:[1.038sec]
 [2018-03-13 15:30:14] <5426> ===============================================================
 [2018-03-13 17:50:58] <31753> START NicepayLite PYO (V1.2.5B20170601(OS:Linux3.10.0-693.11.6.el7.x86_64,PHP:7.0.0p1))
 [2018-03-13 17:50:58] <31753> TID: dublechi1m01011803131750585825
 [2018-03-13 17:50:58] <31753> Connect to ssl://web.nicepay.co.kr:443
 [2018-03-13 17:50:58] <31753> ssl://web.nicepay.co.kr:443 Server Connect OK
 [2018-03-13 17:50:58] <31753> MSG_TO_SVR::[/lite/payProcess.jsp]
 [2018-03-13 17:50:58] <31753> TID -> [dublechi1m01011803131750585825]
 [2018-03-13 17:50:58] <31753> 1610[TrKey 재사용 거래]
 [2018-03-13 17:50:58] <31753> END PYO  Laptime:[0.094sec]
 [2018-03-13 17:50:58] <31753> ===============================================================
 [2018-03-13 17:51:00] <32079> START NicepayLite PYO (V1.2.5B20170601(OS:Linux3.10.0-693.11.6.el7.x86_64,PHP:7.0.0p1))
 [2018-03-13 17:51:00] <32079> TID: dublechi1m01011803131751007785
 [2018-03-13 17:51:00] <32079> Connect to ssl://web.nicepay.co.kr:443
 [2018-03-13 17:51:00] <32079> ssl://web.nicepay.co.kr:443 Server Connect OK
 [2018-03-13 17:51:00] <32079> MSG_TO_SVR::[/lite/payProcess.jsp]
 [2018-03-13 17:51:00] <32079> TID -> [dublechi1m01011803131751007785]
 [2018-03-13 17:51:00] <32079> 1610[TrKey 재사용 거래]
 [2018-03-13 17:51:00] <32079> END PYO  Laptime:[0.085sec]
 [2018-03-13 17:51:00] <32079> ===============================================================
