 [2018-02-09 14:08:58] <14271> START NicepayLite PYO (V1.2.5B20170601(OS:Linux3.10.0-693.11.6.el7.x86_64,PHP:7.0.0p1))
 [2018-02-09 14:08:58] <14271> TID IS EMPTY
 [2018-02-09 14:08:58] <14271> Connect to ssl://web.nicepay.co.kr:443
 [2018-02-09 14:08:58] <14271> ssl://web.nicepay.co.kr:443 Server Connect OK
 [2018-02-09 14:08:58] <14271> MSG_TO_SVR::[/lite/payProcess.jsp]
 [2018-02-09 14:08:58] <14271> TID -> [dublechi1m01011802091409002563]
 [2018-02-09 14:08:58] <14271> 3001[카드 결제 성공]
 [2018-02-09 14:08:58] <14271> END PYO  Laptime:[0.917sec]
 [2018-02-09 14:08:58] <14271> ===============================================================
 [2018-02-09 14:54:29] <39106> START NicepayLite PYO (V1.2.5B20170601(OS:Linux3.10.0-693.11.6.el7.x86_64,PHP:7.0.0p1))
 [2018-02-09 14:54:29] <39106> TID IS EMPTY
 [2018-02-09 14:54:29] <39106> Connect to ssl://web.nicepay.co.kr:443
 [2018-02-09 14:54:29] <39106> ssl://web.nicepay.co.kr:443 Server Connect OK
 [2018-02-09 14:54:29] <39106> MSG_TO_SVR::[/lite/payProcess.jsp]
 [2018-02-09 14:54:30] <39106> TID -> [dublechi1m01011802091454317860]
 [2018-02-09 14:54:30] <39106> 3001[카드 결제 성공]
 [2018-02-09 14:54:30] <39106> END PYO  Laptime:[0.921sec]
 [2018-02-09 14:54:30] <39106> ===============================================================
 [2018-02-09 15:04:19] <65385> START NicepayLite PYO (V1.2.5B20170601(OS:Linux3.10.0-693.11.6.el7.x86_64,PHP:7.0.0p1))
 [2018-02-09 15:04:19] <65385> TID IS EMPTY
 [2018-02-09 15:04:19] <65385> Connect to ssl://web.nicepay.co.kr:443
 [2018-02-09 15:04:19] <65385> ssl://web.nicepay.co.kr:443 Server Connect OK
 [2018-02-09 15:04:19] <65385> MSG_TO_SVR::[/lite/payProcess.jsp]
 [2018-02-09 15:04:19] <65385> TID -> [dublechi1m01011802091504221360]
 [2018-02-09 15:04:19] <65385> 1610[TrKey 재사용 거래]
 [2018-02-09 15:04:19] <65385> END PYO  Laptime:[0.077sec]
 [2018-02-09 15:04:19] <65385> ===============================================================
